#-----------------------------------------------------------
# Vivado v2023.2 (64-bit)
# SW Build 4029153 on Fri Oct 13 20:14:34 MDT 2023
# IP Build 4028589 on Sat Oct 14 00:45:43 MDT 2023
# SharedData Build 4025554 on Tue Oct 10 17:18:54 MDT 2023
# Start of session at: Mon May  6 01:17:23 2024
# Process ID: 29368
# Current directory: C:/Vitis_Libraries/quantitative_finance/L1/tests/pca/Principal_Component_Analysis.prj/sol/impl/verilog
# Command line: vivado.exe -mode batch -source run_vivadosyn.tcl
# Log file: C:/Vitis_Libraries/quantitative_finance/L1/tests/pca/Principal_Component_Analysis.prj/sol/impl/verilog/vivado.log
# Journal file: C:/Vitis_Libraries/quantitative_finance/L1/tests/pca/Principal_Component_Analysis.prj/sol/impl/verilog\vivado.jou
# Running On: KratX, OS: Windows, CPU Frequency: 2918 MHz, CPU Physical cores: 10, Host memory: 16858 MB
#-----------------------------------------------------------
source run_vivadosyn.tcl
# source ./settings.tcl
## set top_module dut
## set language verilog
## set family virtexuplus
## set device xcu250
## set package -figd2104
## set speed -2L-e
## set clock ap_clk
## set fsm_ext "off"
## set add_io_buffers false ;
# source -notrace ./extraction.tcl
# set vivado_proj_name project
# set vivado_proj_dir .
# set target_device "${device}${package}${speed}"
# set target_clk_period_ns "3.333"
# set target_clk_freq_hz [expr {floor(1000 / $target_clk_period_ns) * 1000000}]
# set ip_vlnv xilinx.com:hls:dut:1.0
# set ip_repo_path ../ip
# set bd_design_name bd_0
# set bd_inst_name hls_inst
# set bd_props {}
# set has_synth true
# set synth_design_args {-directive sdx_optimization_effort_high}
# set synth_dcp ""
# set synth_props {}
# set has_impl false
# set impl_props {}
# set report_options [dict create]
# dict set report_options report_level 2
# dict set report_options report_max_paths 10
# dict set report_options stdout_hls_reports 1
# dict set report_options stdout_vivado_reports 0
# dict set report_options hls_project Principal_Component_Analysis.prj
# dict set report_options hls_solution sol
# dict set report_options has_synth $has_synth
# dict set report_options has_impl $has_impl
# dict set report_options vivado_reportbasename $top_module
# dict set report_options vivado_reportdir ./report
# dict set report_options hls_impl_dir ..
# dict set report_options hls_reportdir ../report/$language
# dict set report_options target_clk_period $target_clk_period_ns
# dict set report_options target_device $target_device
# dict set report_options language $language
# dict set report_options clock_name $clock
# dict set report_options error_if_impl_timing_fails false
# dict set report_options bindmodules {dut_flow_control_loop_pipe_sequential_init dut_dadddsub_64ns_64ns_64_8_full_dsp_1 dut_dadd_64ns_64ns_64_8_full_dsp_1 dut_ddiv_64ns_64ns_64_31_no_dsp_1 dut_sitodp_32ns_64_5_no_dsp_1 dut_aveImpl_double_15_80_1_2_16_s_values_RAM_2P_LUTRAM_1R1W dut_covCorePart1_double_15_80_1_2_16_s_values2_RAM_2P_LUTRAM_1R1W dut_fifo_w64_d32_A dut_fifo_w32_d2_S dut_start_for_covCorePart2_double_15_2_16_U0 dut_mac_muladd_8s_8s_8ns_8_4_1 dut_mul_8s_5ns_8_1_1 dut_dsub_64ns_64ns_64_6_no_dsp_0 dut_dadd_64ns_64ns_64_6_no_dsp_0 dut_dsqrt_64ns_64ns_64_30_no_dsp_0 dut_sparsemux_17_3_64_1_1 dut_funcDataflow_double_16_1_16_8_Order1_RAM_AUTO_1R1W dut_funcDataflow_double_16_1_16_8_m_c_right1_RAM_AUTO_1R1W dut_Jacobi_svd_double_16_1_16_s_tmpOrder_RAM_T2P_BRAM_1R1W dut_Jacobi_svd_double_16_1_16_s_Order_RAM_T2P_BRAM_1R1W dut_mac_muladd_8s_5ns_5ns_8_4_1 dut_urem_32ns_3ns_2_36_1 dut_sparsemux_7_2_8_1_1 dut_sparsemux_7_2_64_1_1 dut_implement_Pipeline_PCA_Sign_Normalization_Loop_VITIS_LOOP_214_1_signFlip_RAM_bkb dut_dcmp_64ns_64ns_1_2_no_dsp_1 dut_implement_dSortedBuf_RAM_AUTO_1R1W dut_implement_iSortedBuf_RAM_AUTO_1R1W dut_implement_dataA_2D_RAM_T2P_URAM_1R1W dut_implement_eigVals_RAM_AUTO_1R1W dut_implement_eigVecs_RAM_AUTO_1R1W dut_mul_32ns_32ns_64_2_1 dut_dmul_64ns_64ns_64_8_max_dsp_1 dut_mul_32ns_34ns_65_2_1 dut_standarisedData_RAM_AUTO_1R1W dut_pca_m_pcVals_0_RAM_AUTO_1R1W dut_pca_m_pcVecs_RAM_AUTO_1R1W}
# dict set report_options max_module_depth 10
# create_project $vivado_proj_name $vivado_proj_dir -part $target_device -force
INFO: [ProjectBase 1-489] The host OS only allows 260 characters in a normal path. The project is stored in a path with more than 80 characters. If you experience issues with IP, Block Designs, or files not being found, please consider moving the project to a location with a shorter path. Alternately consider using the OS subst command to map part of the path to a drive letter.
Current project path is 'C:/Vitis_Libraries/quantitative_finance/L1/tests/pca/Principal_Component_Analysis.prj/sol/impl/verilog'
create_project: Time (s): cpu = 00:00:02 ; elapsed = 00:00:07 . Memory (MB): peak = 620.637 ; gain = 219.387
# set_property target_language $language [current_project]
# if { ![file exists $ip_repo_path] } {
#   error "Cannot find packaged HLS IP"
# }
# set_property ip_repo_paths [file normalize $ip_repo_path] [current_project]
# update_ip_catalog
INFO: [IP_Flow 19-234] Refreshing IP repositories
INFO: [IP_Flow 19-1700] Loaded user IP repository 'c:/Vitis_Libraries/quantitative_finance/L1/tests/pca/Principal_Component_Analysis.prj/sol/impl/ip'.
INFO: [IP_Flow 19-2313] Loaded Vivado IP repository 'C:/Xilinx/Vivado/2023.2/data/ip'.
# create_bd_design $bd_design_name
Wrote  : <C:\Vitis_Libraries\quantitative_finance\L1\tests\pca\Principal_Component_Analysis.prj\sol\impl\verilog\project.srcs\sources_1\bd\bd_0\bd_0.bd> 
# set cell_inst [create_bd_cell -type ip -vlnv $ip_vlnv $bd_inst_name]
# if { [llength $bd_props] } { 
#   set_property -dict $bd_props $cell_inst 
# }
# make_bd_pins_external $cell_inst
# make_bd_intf_pins_external $cell_inst
# set bd_clk_ports [get_bd_ports -filter {TYPE==clk}]
# if { [llength $bd_clk_ports] && $target_clk_freq_hz ne "" } { 
#   set_property CONFIG.FREQ_HZ $target_clk_freq_hz $bd_clk_ports 
# }
# foreach bd_port [get_bd_intf_ports] {
#   set_property name [regsub {_0$} [get_property name $bd_port] {}] $bd_port
# }
# foreach bd_port [get_bd_ports -filter {INTF!=TRUE}] {
#   set_property name [regsub {_0$} [get_property name $bd_port] {}] $bd_port
# }
# set s_axi_addr_width_min 32
WARNING: [BD 5-233] No interface ports matched 'get_bd_intf_ports -filter {MODE == "Slave" && VLNV =~ "xilinx.com:interface:aximm_rtl:*"}'
# foreach bd_port [get_bd_intf_ports -filter {MODE == "Slave" && VLNV =~ "xilinx.com:interface:aximm_rtl:*"}] {
#   set bd_port_addr_width [get_property CONFIG.ADDR_WIDTH $bd_port]
#   if { $bd_port_addr_width < $s_axi_addr_width_min } {
#     puts "INFO: Updating $bd_port CONFIG.ADDR_WIDTH to $s_axi_addr_width_min"
#     set_property CONFIG.ADDR_WIDTH $s_axi_addr_width_min $bd_port
#   }
# }
# set_msg_config -id {[BD 41-1265]} -severity {CRITICAL WARNING} -new_severity {INFO}
# assign_bd_address
Wrote  : <C:\Vitis_Libraries\quantitative_finance\L1\tests\pca\Principal_Component_Analysis.prj\sol\impl\verilog\project.srcs\sources_1\bd\bd_0\bd_0.bd> 
Verilog Output written to : C:/Vitis_Libraries/quantitative_finance/L1/tests/pca/Principal_Component_Analysis.prj/sol/impl/verilog/project.gen/sources_1/bd/bd_0/synth/bd_0.v
Verilog Output written to : C:/Vitis_Libraries/quantitative_finance/L1/tests/pca/Principal_Component_Analysis.prj/sol/impl/verilog/project.gen/sources_1/bd/bd_0/sim/bd_0.v
Verilog Output written to : C:/Vitis_Libraries/quantitative_finance/L1/tests/pca/Principal_Component_Analysis.prj/sol/impl/verilog/project.gen/sources_1/bd/bd_0/hdl/bd_0_wrapper.v
# set toprtl [make_wrapper -files [get_files ${bd_design_name}.bd] -top]
# add_files -norecurse $toprtl
# set top_inst_name [file root [file tail $toprtl]]
# puts "Using BD top: $top_inst_name"
Using BD top: bd_0_wrapper
# set xdc_files [glob -nocomplain ./*.xdc]
# if { [llength $xdc_files] } {
#     add_files -fileset constrs_1 -norecurse $xdc_files
# }
# launch_runs synth_1 -scripts_only
INFO: [BD 41-1662] The design 'bd_0.bd' is already validated. Therefore parameter propagation will not be re-run.
Verilog Output written to : C:/Vitis_Libraries/quantitative_finance/L1/tests/pca/Principal_Component_Analysis.prj/sol/impl/verilog/project.gen/sources_1/bd/bd_0/synth/bd_0.v
Verilog Output written to : C:/Vitis_Libraries/quantitative_finance/L1/tests/pca/Principal_Component_Analysis.prj/sol/impl/verilog/project.gen/sources_1/bd/bd_0/sim/bd_0.v
Verilog Output written to : C:/Vitis_Libraries/quantitative_finance/L1/tests/pca/Principal_Component_Analysis.prj/sol/impl/verilog/project.gen/sources_1/bd/bd_0/hdl/bd_0_wrapper.v
INFO: [BD 41-1029] Generation completed for the IP Integrator block hls_inst .
Exporting to file C:/Vitis_Libraries/quantitative_finance/L1/tests/pca/Principal_Component_Analysis.prj/sol/impl/verilog/project.gen/sources_1/bd/bd_0/hw_handoff/bd_0.hwh
Generated Hardware Definition File C:/Vitis_Libraries/quantitative_finance/L1/tests/pca/Principal_Component_Analysis.prj/sol/impl/verilog/project.gen/sources_1/bd/bd_0/synth/bd_0.hwdef
INFO: [IP_Flow 19-6924] IPCACHE: Running cache check for IP inst: bd_0_hls_inst_0
WARNING: [Vivado 12-7122] Auto Incremental Compile:: No reference checkpoint was found in run synth_1. Auto-incremental flow will not be run, the standard flow will be run instead.
launch_runs: Time (s): cpu = 00:00:00 ; elapsed = 00:00:05 . Memory (MB): peak = 915.664 ; gain = 0.000
# foreach run [get_runs -filter {IS_SYNTHESIS == 1}] {
#   reset_run [get_runs $run]
# }
# set_property XPM_LIBRARIES {XPM_MEMORY XPM_FIFO} [current_project]
# hls_vivado_reports_setup $report_options
TIMESTAMP: HLS-REPORT: initialize report directories: 2024-05-06 01:17:42 -0400
# if { $has_synth || $has_impl } {
#   # synth properties setting
#   set_property -name {STEPS.SYNTH_DESIGN.ARGS.MORE OPTIONS} -value {-mode out_of_context} -objects [get_runs synth_1]
#   set ip_inst [get_ips -quiet ${bd_design_name}*${bd_inst_name}*]
#   if { ![llength $ip_inst] } {
#       error "Cannot find HLS IP instance: ${bd_design_name}*${bd_inst_name}*"
#   }
#   set synth_run [get_runs -filter {IS_SYNTHESIS == 1} ${ip_inst}*]
#   if { ![llength $synth_run] } {
#       error "Cannot find synth run for HLS IP: ${ip_inst}*"
#   }
# 
#   if { [llength $synth_design_args] } {
#       set_property -name {STEPS.SYNTH_DESIGN.ARGS.MORE OPTIONS} -value $synth_design_args -objects $synth_run
#   }
# 
#   if { [llength $synth_props] } {
#     set_property -dict $synth_props $synth_run
#   }
# 
#   # launch run synth
#   launch_runs synth_1
#   wait_on_run synth_1
#   # synth reports
#   hls_vivado_reports_synth synth_1 $report_options
#   if { $synth_dcp ne "" } {
#     file mkdir [file dirname $synth_dcp]
#     set run_dcp [glob -nocomplain [get_property DIRECTORY $synth_run]/*.dcp]
#     if { [llength $run_dcp] != 1 } { error "Cannot find single dcp file for run $synth_run" }
#     file copy -force $run_dcp $synth_dcp
#   }
# }
INFO: [IP_Flow 19-6924] IPCACHE: Running cache check for IP inst: bd_0_hls_inst_0
WARNING: [Vivado 12-7122] Auto Incremental Compile:: No reference checkpoint was found in run synth_1. Auto-incremental flow will not be run, the standard flow will be run instead.
[Mon May  6 01:17:43 2024] Launched bd_0_hls_inst_0_synth_1...
Run output will be captured here: C:/Vitis_Libraries/quantitative_finance/L1/tests/pca/Principal_Component_Analysis.prj/sol/impl/verilog/project.runs/bd_0_hls_inst_0_synth_1/runme.log
[Mon May  6 01:17:43 2024] Launched synth_1...
Run output will be captured here: C:/Vitis_Libraries/quantitative_finance/L1/tests/pca/Principal_Component_Analysis.prj/sol/impl/verilog/project.runs/synth_1/runme.log
[Mon May  6 01:17:43 2024] Waiting for synth_1 to finish...

*** Running vivado
    with args -log bd_0_wrapper.vds -m64 -product Vivado -mode batch -messageDb vivado.pb -notrace -source bd_0_wrapper.tcl



****** Vivado v2023.2 (64-bit)
  **** SW Build 4029153 on Fri Oct 13 20:14:34 MDT 2023
  **** IP Build 4028589 on Sat Oct 14 00:45:43 MDT 2023
  **** SharedData Build 4025554 on Tue Oct 10 17:18:54 MDT 2023
    ** Copyright 1986-2022 Xilinx, Inc. All Rights Reserved.
    ** Copyright 2022-2023 Advanced Micro Devices, Inc. All Rights Reserved.

source bd_0_wrapper.tcl -notrace
create_project: Time (s): cpu = 00:00:01 ; elapsed = 00:00:06 . Memory (MB): peak = 621.570 ; gain = 220.633
INFO: [IP_Flow 19-234] Refreshing IP repositories
INFO: [IP_Flow 19-1700] Loaded user IP repository 'c:/Vitis_Libraries/quantitative_finance/L1/tests/pca/Principal_Component_Analysis.prj/sol/impl/ip'.
INFO: [IP_Flow 19-2313] Loaded Vivado IP repository 'C:/Xilinx/Vivado/2023.2/data/ip'.
WARNING: [IP_Flow 19-4995] The host OS only allows 260 characters in a normal path. The IP cache path is more than 80 characters. If you experience issues with IP caching, please consider changing the IP cache to a location with a shorter path. Alternately consider using the OS subst command to map part of the path to a drive letter. 
Current IP cache path is c:/Vitis_Libraries/quantitative_finance/L1/tests/pca/Principal_Component_Analysis.prj/sol/impl/verilog/project.cache/ip 
Command: synth_design -top bd_0_wrapper -part xcu250-figd2104-2L-e -mode out_of_context
Starting synth_design
Attempting to get a license for feature 'Synthesis' and/or device 'xcu250'
INFO: [Common 17-349] Got license for feature 'Synthesis' and/or device 'xcu250'
INFO: [Device 21-403] Loading part xcu250-figd2104-2L-e
INFO: [Synth 8-7079] Multithreading enabled for synth_design using a maximum of 2 processes.
INFO: [Synth 8-7078] Launching helper process for spawning children vivado processes
INFO: [Synth 8-7075] Helper process launched with PID 33164
---------------------------------------------------------------------------------
Starting RTL Elaboration : Time (s): cpu = 00:00:01 ; elapsed = 00:00:04 . Memory (MB): peak = 2382.570 ; gain = 432.547
---------------------------------------------------------------------------------
INFO: [Synth 8-6157] synthesizing module 'bd_0_wrapper' [c:/Vitis_Libraries/quantitative_finance/L1/tests/pca/Principal_Component_Analysis.prj/sol/impl/verilog/project.gen/sources_1/bd/bd_0/hdl/bd_0_wrapper.v:13]
INFO: [Synth 8-6157] synthesizing module 'bd_0' [c:/Vitis_Libraries/quantitative_finance/L1/tests/pca/Principal_Component_Analysis.prj/sol/impl/verilog/project.gen/sources_1/bd/bd_0/synth/bd_0.v:13]
INFO: [Synth 8-6157] synthesizing module 'bd_0_hls_inst_0' [C:/Vitis_Libraries/quantitative_finance/L1/tests/pca/Principal_Component_Analysis.prj/sol/impl/verilog/project.runs/synth_1/.Xil/Vivado-3340-KratX/realtime/bd_0_hls_inst_0_stub.v:6]
INFO: [Synth 8-6155] done synthesizing module 'bd_0_hls_inst_0' (0#1) [C:/Vitis_Libraries/quantitative_finance/L1/tests/pca/Principal_Component_Analysis.prj/sol/impl/verilog/project.runs/synth_1/.Xil/Vivado-3340-KratX/realtime/bd_0_hls_inst_0_stub.v:6]
INFO: [Synth 8-6155] done synthesizing module 'bd_0' (0#1) [c:/Vitis_Libraries/quantitative_finance/L1/tests/pca/Principal_Component_Analysis.prj/sol/impl/verilog/project.gen/sources_1/bd/bd_0/synth/bd_0.v:13]
INFO: [Synth 8-6155] done synthesizing module 'bd_0_wrapper' (0#1) [c:/Vitis_Libraries/quantitative_finance/L1/tests/pca/Principal_Component_Analysis.prj/sol/impl/verilog/project.gen/sources_1/bd/bd_0/hdl/bd_0_wrapper.v:13]
---------------------------------------------------------------------------------
Finished RTL Elaboration : Time (s): cpu = 00:00:01 ; elapsed = 00:00:05 . Memory (MB): peak = 2496.930 ; gain = 546.906
---------------------------------------------------------------------------------
---------------------------------------------------------------------------------
Start Handling Custom Attributes
---------------------------------------------------------------------------------
---------------------------------------------------------------------------------
Finished Handling Custom Attributes : Time (s): cpu = 00:00:01 ; elapsed = 00:00:05 . Memory (MB): peak = 2496.930 ; gain = 546.906
---------------------------------------------------------------------------------
---------------------------------------------------------------------------------
Finished RTL Optimization Phase 1 : Time (s): cpu = 00:00:01 ; elapsed = 00:00:05 . Memory (MB): peak = 2496.930 ; gain = 546.906
---------------------------------------------------------------------------------
Netlist sorting complete. Time (s): cpu = 00:00:00 ; elapsed = 00:00:00.011 . Memory (MB): peak = 2496.930 ; gain = 0.000
INFO: [Project 1-570] Preparing netlist for logic optimization

Processing XDC Constraints
Initializing timing engine
Parsing XDC File [c:/Vitis_Libraries/quantitative_finance/L1/tests/pca/Principal_Component_Analysis.prj/sol/impl/verilog/project.gen/sources_1/bd/bd_0/ip/bd_0_hls_inst_0/bd_0_hls_inst_0/bd_0_hls_inst_0_in_context.xdc] for cell 'bd_0_i/hls_inst'
Finished Parsing XDC File [c:/Vitis_Libraries/quantitative_finance/L1/tests/pca/Principal_Component_Analysis.prj/sol/impl/verilog/project.gen/sources_1/bd/bd_0/ip/bd_0_hls_inst_0/bd_0_hls_inst_0/bd_0_hls_inst_0_in_context.xdc] for cell 'bd_0_i/hls_inst'
Parsing XDC File [C:/Vitis_Libraries/quantitative_finance/L1/tests/pca/Principal_Component_Analysis.prj/sol/impl/verilog/dut.xdc]
Finished Parsing XDC File [C:/Vitis_Libraries/quantitative_finance/L1/tests/pca/Principal_Component_Analysis.prj/sol/impl/verilog/dut.xdc]
Parsing XDC File [C:/Vitis_Libraries/quantitative_finance/L1/tests/pca/Principal_Component_Analysis.prj/sol/impl/verilog/project.runs/synth_1/dont_touch.xdc]
Finished Parsing XDC File [C:/Vitis_Libraries/quantitative_finance/L1/tests/pca/Principal_Component_Analysis.prj/sol/impl/verilog/project.runs/synth_1/dont_touch.xdc]
Completed Processing XDC Constraints

Netlist sorting complete. Time (s): cpu = 00:00:00 ; elapsed = 00:00:00 . Memory (MB): peak = 2537.641 ; gain = 0.000
INFO: [Project 1-111] Unisim Transformation Summary:
No Unisim elements were transformed.

The system cannot find the path specified.
Constraint Validation Runtime : Time (s): cpu = 00:00:00 ; elapsed = 00:00:00.024 . Memory (MB): peak = 2538.492 ; gain = 0.852
---------------------------------------------------------------------------------
Finished Constraint Validation : Time (s): cpu = 00:00:02 ; elapsed = 00:00:14 . Memory (MB): peak = 2538.492 ; gain = 588.469
---------------------------------------------------------------------------------
---------------------------------------------------------------------------------
Start Loading Part and Timing Information
---------------------------------------------------------------------------------
Loading part: xcu250-figd2104-2L-e
INFO: [Synth 8-6742] Reading net delay rules and data
---------------------------------------------------------------------------------
Finished Loading Part and Timing Information : Time (s): cpu = 00:00:02 ; elapsed = 00:00:14 . Memory (MB): peak = 2538.492 ; gain = 588.469
---------------------------------------------------------------------------------
---------------------------------------------------------------------------------
Start Applying 'set_property' XDC Constraints
---------------------------------------------------------------------------------
Applied set_property KEEP_HIERARCHY = SOFT for bd_0_i. (constraint file  auto generated constraint).
Applied set_property KEEP_HIERARCHY = SOFT for bd_0_i/hls_inst. (constraint file  auto generated constraint).
---------------------------------------------------------------------------------
Finished applying 'set_property' XDC Constraints : Time (s): cpu = 00:00:02 ; elapsed = 00:00:14 . Memory (MB): peak = 2538.492 ; gain = 588.469
---------------------------------------------------------------------------------
---------------------------------------------------------------------------------
Finished RTL Optimization Phase 2 : Time (s): cpu = 00:00:02 ; elapsed = 00:00:14 . Memory (MB): peak = 2538.492 ; gain = 588.469
---------------------------------------------------------------------------------
---------------------------------------------------------------------------------
Start RTL Component Statistics 
---------------------------------------------------------------------------------
Detailed RTL Component Info : 
---------------------------------------------------------------------------------
Finished RTL Component Statistics 
---------------------------------------------------------------------------------
---------------------------------------------------------------------------------
Start Part Resource Summary
---------------------------------------------------------------------------------
Part Resources:
DSPs: 12288 (col length:96)
BRAMs: 5376 (col length: RAMB18 384 RAMB36 192)
---------------------------------------------------------------------------------
Finished Part Resource Summary
---------------------------------------------------------------------------------
---------------------------------------------------------------------------------
Start Cross Boundary and Area Optimization
---------------------------------------------------------------------------------
WARNING: [Synth 8-7080] Parallel synthesis criteria is not met
---------------------------------------------------------------------------------
Finished Cross Boundary and Area Optimization : Time (s): cpu = 00:00:02 ; elapsed = 00:00:16 . Memory (MB): peak = 2538.492 ; gain = 588.469
---------------------------------------------------------------------------------
---------------------------------------------------------------------------------
Start Applying XDC Timing Constraints
---------------------------------------------------------------------------------
---------------------------------------------------------------------------------
Finished Applying XDC Timing Constraints : Time (s): cpu = 00:00:03 ; elapsed = 00:00:25 . Memory (MB): peak = 2923.102 ; gain = 973.078
---------------------------------------------------------------------------------
---------------------------------------------------------------------------------
Start Timing Optimization
---------------------------------------------------------------------------------
---------------------------------------------------------------------------------
Finished Timing Optimization : Time (s): cpu = 00:00:03 ; elapsed = 00:00:25 . Memory (MB): peak = 2923.887 ; gain = 973.863
---------------------------------------------------------------------------------
---------------------------------------------------------------------------------
Start Technology Mapping
---------------------------------------------------------------------------------
---------------------------------------------------------------------------------
Finished Technology Mapping : Time (s): cpu = 00:00:03 ; elapsed = 00:00:25 . Memory (MB): peak = 2934.297 ; gain = 984.273
---------------------------------------------------------------------------------
---------------------------------------------------------------------------------
Start IO Insertion
---------------------------------------------------------------------------------
---------------------------------------------------------------------------------
Start Flattening Before IO Insertion
---------------------------------------------------------------------------------
---------------------------------------------------------------------------------
Finished Flattening Before IO Insertion
---------------------------------------------------------------------------------
---------------------------------------------------------------------------------
Start Final Netlist Cleanup
---------------------------------------------------------------------------------
---------------------------------------------------------------------------------
Finished Final Netlist Cleanup
---------------------------------------------------------------------------------
---------------------------------------------------------------------------------
Finished IO Insertion : Time (s): cpu = 00:00:04 ; elapsed = 00:00:28 . Memory (MB): peak = 2950.059 ; gain = 1000.035
---------------------------------------------------------------------------------
---------------------------------------------------------------------------------
Start Renaming Generated Instances
---------------------------------------------------------------------------------
---------------------------------------------------------------------------------
Finished Renaming Generated Instances : Time (s): cpu = 00:00:04 ; elapsed = 00:00:28 . Memory (MB): peak = 2950.059 ; gain = 1000.035
---------------------------------------------------------------------------------
---------------------------------------------------------------------------------
Start Rebuilding User Hierarchy
---------------------------------------------------------------------------------
---------------------------------------------------------------------------------
Finished Rebuilding User Hierarchy : Time (s): cpu = 00:00:04 ; elapsed = 00:00:28 . Memory (MB): peak = 2950.059 ; gain = 1000.035
---------------------------------------------------------------------------------
---------------------------------------------------------------------------------
Start Renaming Generated Ports
---------------------------------------------------------------------------------
---------------------------------------------------------------------------------
Finished Renaming Generated Ports : Time (s): cpu = 00:00:04 ; elapsed = 00:00:28 . Memory (MB): peak = 2950.059 ; gain = 1000.035
---------------------------------------------------------------------------------
---------------------------------------------------------------------------------
Start Handling Custom Attributes
---------------------------------------------------------------------------------
---------------------------------------------------------------------------------
Finished Handling Custom Attributes : Time (s): cpu = 00:00:04 ; elapsed = 00:00:28 . Memory (MB): peak = 2950.059 ; gain = 1000.035
---------------------------------------------------------------------------------
---------------------------------------------------------------------------------
Start Renaming Generated Nets
---------------------------------------------------------------------------------
---------------------------------------------------------------------------------
Finished Renaming Generated Nets : Time (s): cpu = 00:00:04 ; elapsed = 00:00:28 . Memory (MB): peak = 2950.059 ; gain = 1000.035
---------------------------------------------------------------------------------
---------------------------------------------------------------------------------
Start Writing Synthesis Report
---------------------------------------------------------------------------------

Report BlackBoxes: 
+------+----------------+----------+
|      |BlackBox name   |Instances |
+------+----------------+----------+
|1     |bd_0_hls_inst_0 |         1|
+------+----------------+----------+

Report Cell Usage: 
+------+--------------+------+
|      |Cell          |Count |
+------+--------------+------+
|1     |bd_0_hls_inst |     1|
+------+--------------+------+
---------------------------------------------------------------------------------
Finished Writing Synthesis Report : Time (s): cpu = 00:00:04 ; elapsed = 00:00:28 . Memory (MB): peak = 2950.059 ; gain = 1000.035
---------------------------------------------------------------------------------
Synthesis finished with 0 errors, 0 critical warnings and 1 warnings.
Synthesis Optimization Runtime : Time (s): cpu = 00:00:03 ; elapsed = 00:00:23 . Memory (MB): peak = 2950.059 ; gain = 958.473
Synthesis Optimization Complete : Time (s): cpu = 00:00:04 ; elapsed = 00:00:28 . Memory (MB): peak = 2950.059 ; gain = 1000.035
INFO: [Project 1-571] Translating synthesized netlist
Netlist sorting complete. Time (s): cpu = 00:00:00 ; elapsed = 00:00:00.008 . Memory (MB): peak = 2950.059 ; gain = 0.000
INFO: [Project 1-570] Preparing netlist for logic optimization
INFO: [Opt 31-138] Pushed 0 inverter(s) to 0 load pin(s).
Netlist sorting complete. Time (s): cpu = 00:00:00 ; elapsed = 00:00:00 . Memory (MB): peak = 3069.133 ; gain = 0.000
INFO: [Project 1-111] Unisim Transformation Summary:
No Unisim elements were transformed.

The system cannot find the path specified.
Synth Design complete | Checksum: 34385180
INFO: [Common 17-83] Releasing license: Synthesis
22 Infos, 2 Warnings, 0 Critical Warnings and 0 Errors encountered.
synth_design completed successfully
synth_design: Time (s): cpu = 00:00:05 ; elapsed = 00:00:38 . Memory (MB): peak = 3069.133 ; gain = 2404.574
INFO: [Common 17-1381] The checkpoint 'C:/Vitis_Libraries/quantitative_finance/L1/tests/pca/Principal_Component_Analysis.prj/sol/impl/verilog/project.runs/synth_1/bd_0_wrapper.dcp' has been generated.
INFO: [runtcl-4] Executing : report_utilization -file bd_0_wrapper_utilization_synth.rpt -pb bd_0_wrapper_utilization_synth.pb
INFO: [Common 17-206] Exiting Vivado at Mon May  6 01:24:36 2024...
[Mon May  6 01:24:41 2024] synth_1 finished
wait_on_runs: Time (s): cpu = 00:00:00 ; elapsed = 00:06:58 . Memory (MB): peak = 915.664 ; gain = 0.000
TIMESTAMP: HLS-REPORT: synthesis open_run: 2024-05-06 01:24:41 -0400
INFO: HLS-REPORT: Opening synthesis design database: open_run synth_1
Design is defaulting to impl run constrset: constrs_1
Design is defaulting to synth run part: xcu250-figd2104-2L-e
INFO: [Device 21-403] Loading part xcu250-figd2104-2L-e
INFO: [Project 1-454] Reading design checkpoint 'c:/Vitis_Libraries/quantitative_finance/L1/tests/pca/Principal_Component_Analysis.prj/sol/impl/verilog/project.gen/sources_1/bd/bd_0/ip/bd_0_hls_inst_0/bd_0_hls_inst_0.dcp' for cell 'bd_0_i/hls_inst'
Netlist sorting complete. Time (s): cpu = 00:00:00 ; elapsed = 00:00:03 . Memory (MB): peak = 2283.461 ; gain = 0.000
INFO: [Netlist 29-17] Analyzing 5345 Unisim elements for replacement
INFO: [Netlist 29-28] Unisim Transformation completed in 0 CPU seconds
INFO: [Project 1-479] Netlist was created with Vivado 2023.2
INFO: [Project 1-570] Preparing netlist for logic optimization
Parsing XDC File [C:/Vitis_Libraries/quantitative_finance/L1/tests/pca/Principal_Component_Analysis.prj/sol/impl/verilog/dut.xdc]
Finished Parsing XDC File [C:/Vitis_Libraries/quantitative_finance/L1/tests/pca/Principal_Component_Analysis.prj/sol/impl/verilog/dut.xdc]
INFO: [Opt 31-138] Pushed 0 inverter(s) to 0 load pin(s).
Netlist sorting complete. Time (s): cpu = 00:00:00 ; elapsed = 00:00:00.048 . Memory (MB): peak = 2620.086 ; gain = 0.000
INFO: [Project 1-111] Unisim Transformation Summary:
  A total of 1311 instances were transformed.
  DSP48E1 => DSP48E2 (DSP_ALU, DSP_A_B_DATA, DSP_C_DATA, DSP_MULTIPLIER, DSP_M_DATA, DSP_OUTPUT, DSP_PREADD, DSP_PREADD_DATA): 24 instances
  DSP48E2 => DSP48E2 (DSP_ALU, DSP_A_B_DATA, DSP_C_DATA, DSP_MULTIPLIER, DSP_M_DATA, DSP_OUTPUT, DSP_PREADD, DSP_PREADD_DATA): 82 instances
  RAM16X1D => RAM32X1D (RAMD32(x2)): 353 instances
  RAM16X1S => RAM32X1S (RAMS32): 832 instances
  RAM32M16 => RAM32M16 (RAMD32(x14), RAMS32(x2)): 20 instances

open_run: Time (s): cpu = 00:00:03 ; elapsed = 00:00:37 . Memory (MB): peak = 2620.086 ; gain = 1704.422
TIMESTAMP: HLS-REPORT: synthesis generate_reports_vivado: 2024-05-06 01:25:18 -0400
INFO: HLS-REPORT: Running report: report_utilization -file ./report/dut_utilization_synth.rpt
INFO: HLS-REPORT: Running report: report_utilization -hierarchical -hierarchical_depth 10 -file ./report/dut_utilization_hierarchical_synth.rpt
INFO: HLS-REPORT: Running report: report_timing_summary -file ./report/dut_timing_synth.rpt
INFO: [Timing 38-35] Done setting XDC timing constraints.
INFO: [Timing 38-91] UpdateTimingParams: Speed grade: -2L, Temperature grade: E, Delay Type: min_max.
INFO: [Timing 38-191] Multithreading enabled for timing update using a maximum of 2 CPUs
WARNING: [Timing 38-242] The property HD.CLK_SRC of clock port "ap_clk" is not set. In out-of-context mode, this prevents timing estimation for clock delay/skew
Resolution: Set the HD.CLK_SRC property of the out-of-context port to the location of the clock buffer instance in the top-level design
report_timing_summary: Time (s): cpu = 00:00:09 ; elapsed = 00:00:42 . Memory (MB): peak = 4828.984 ; gain = 2208.898
INFO: HLS-REPORT: Running report: report_timing -max_paths 10 -file ./report/dut_timing_paths_synth.rpt
INFO: [Timing 38-91] UpdateTimingParams: Speed grade: -2L, Temperature grade: E, Delay Type: max.
INFO: [Timing 38-191] Multithreading enabled for timing update using a maximum of 2 CPUs
INFO: [Timing 38-78] ReportTimingParams: -max_paths 10 -nworst 1 -delay_type max -sort_by slack.
INFO: HLS-REPORT: Running report: report_design_analysis -file ./report/dut_design_analysis_synth.rpt
INFO: [Implflow 30-839]  
INFO: HLS-REPORT: Running report: ::tclapp::xilinx::designutils::report_failfast -detailed_report synth -file ./report/dut_failfast_synth.rpt
 -I- design metrics completed in 4 seconds
 -I- DONT_TOUCH metric completed in 1 seconds
 -I- MARK_DEBUG metric completed in 1 seconds
 -I- utilization metrics completed in 3 seconds
 -I- control set metrics completed in 0 seconds
 -I- methodology check metrics completed in 9 seconds
 -I- average fanout metrics completed in 12 seconds (4 modules)
 -I- Generated file C:/Vitis_Libraries/quantitative_finance/L1/tests/pca/Principal_Component_Analysis.prj/sol/impl/verilog/report/synth.AVGFO.rpt
 -I- non-FD high fanout nets completed in 10 seconds
 -I- path budgeting metrics completed in 9 seconds
#  +-----------------------------------------------------------------------------------------+
#  | Design Summary                                                                          |
#  | design_1                                                                                |
#  | xcu250-figd2104-2L-e                                                                    |
#  +-----------------------------------------------------------+-----------+--------+--------+
#  | Criteria                                                  | Guideline | Actual | Status |
#  +-----------------------------------------------------------+-----------+--------+--------+
#  | LUT                                                       | 70%       | 2.77%  | OK     |
#  | FD                                                        | 50%       | 1.63%  | OK     |
#  | LUTRAM+SRL                                                | 25%       | 0.63%  | OK     |
#  | CARRY8                                                    | 25%       | 1.77%  | OK     |
#  | MUXF7                                                     | 15%       | 0.02%  | OK     |
#  | DSP                                                       | 80%       | 0.86%  | OK     |
#  | RAMB/FIFO                                                 | 80%       | 0.50%  | OK     |
#  | URAM                                                      | 80%       | 0.16%  | OK     |
#  | DSP+RAMB+URAM (Avg)                                       | 70%       | 0.51%  | OK     |
#  | BUFGCE* + BUFGCTRL                                        | 24        | 0      | OK     |
#  | DONT_TOUCH (cells/nets)                                   | 0         | 0      | OK     |
#  | MARK_DEBUG (nets)                                         | 0         | 0      | OK     |
#  | Control Sets                                              | 32400     | 375    | OK     |
#  | Average Fanout for modules > 100k cells                   | 4         | 1.86   | OK     |
#  | Max Average Fanout for modules > 100k cells               | 4         | 1.86   | OK     |
#  | Non-FD high fanout nets > 10k loads                       | 0         | 0      | OK     |
#  +-----------------------------------------------------------+-----------+--------+--------+
#  | TIMING-6 (No common primary clock between related clocks) | 0         | 0      | OK     |
#  | TIMING-7 (No common node between related clocks)          | 0         | 0      | OK     |
#  | TIMING-8 (No common period between related clocks)        | 0         | 0      | OK     |
#  | TIMING-14 (LUT on the clock tree)                         | 0         | 0      | OK     |
#  | TIMING-35 (No common node in paths with the same clock)   | 0         | 0      | OK     |
#  +-----------------------------------------------------------+-----------+--------+--------+
#  | Number of paths above max LUT budgeting (0.300ns)         | 0         | 0      | OK     |
#  | Number of paths above max Net budgeting (0.208ns)         | 0         | 0      | OK     |
#  +-----------------------------------------------------------+-----------+--------+--------+
 -I- Generated file C:/Vitis_Libraries/quantitative_finance/L1/tests/pca/Principal_Component_Analysis.prj/sol/impl/verilog/report/dut_failfast_synth.rpt
 -I- Number of criteria to review: 0
 -I- This report should be run before placing the design and uses conservative guidelines beyond which runtime and timing closure will likely be more challenging
 -I- report_failfast completed in 49 seconds
TIMESTAMP: HLS-REPORT: synthesis gen_data_dict_vivado: 2024-05-06 01:26:55 -0400
TIMESTAMP: HLS-REPORT: synth extract_util_hier: 2024-05-06 01:26:55 -0400
TIMESTAMP: HLS-REPORT: synth get_cell_hier_data: 2024-05-06 01:26:56 -0400
TIMESTAMP: HLS-REPORT: synth get_timing_paths: 2024-05-06 01:26:56 -0400
TIMESTAMP: HLS-REPORT: synth process timing paths: 2024-05-06 01:26:56 -0400
TIMESTAMP: HLS-REPORT: synth get_all_vv_rpt_files: 2024-05-06 01:26:56 -0400
TIMESTAMP: HLS-REPORT: synthesis write_reports_vivado: 2024-05-06 01:26:56 -0400
HLS EXTRACTION: synth area_totals:  0 1728000 3456000 12288 5376 0 1280
HLS EXTRACTION: synth area_current: 0 47912 56291 106 27 0 3259 0 2 2
HLS EXTRACTION: synth resources_dict: AVAIL_LUT 1728000 LUT 47912 AVAIL_FF 3456000 FF 56291 AVAIL_DSP 12288 DSP 106 AVAIL_BRAM 5376 BRAM 27 AVAIL_URAM 1280 URAM 2 LATCH 0 SRL 3259 AVAIL_CLB 0 CLB 0
INFO: HLS-REPORT: generated C:/Vitis_Libraries/quantitative_finance/L1/tests/pca/Principal_Component_Analysis.prj/sol/impl/verilog/report/vivado_syn.xml
INFO: HLS-REPORT: generated C:/Vitis_Libraries/quantitative_finance/L1/tests/pca/Principal_Component_Analysis.prj/sol/impl/report/verilog/dut_export.rpt


Implementation tool: Xilinx Vivado v.2023.2
Project:             Principal_Component_Analysis.prj
Solution:            sol
Device target:       xcu250-figd2104-2L-e
Report date:         Mon May 06 01:26:56 -0400 2024

#=== Post-Synthesis Resource usage ===
SLICE:            0
LUT:          47912
FF:           56291
DSP:            106
BRAM:            27
URAM:             2
LATCH:            0
SRL:           3259
CLB:              0

#=== Final timing ===
CP required:                     3.333
CP achieved post-synthesis:      2.887
Timing met

TIMESTAMP: HLS-REPORT: synthesis end: 2024-05-06 01:26:56 -0400
# if { $has_impl } {
#   # launch run impl
#   if { [llength $impl_props] } {
#     set_property -dict $impl_props [get_runs impl_1]
#   }
#   launch_runs impl_1
#   wait_on_run impl_1
#   # impl reports
#   hls_vivado_reports_impl impl_1 $report_options
# }
# hls_vivado_reports_finalize $report_options
TIMESTAMP: HLS-REPORT: all reports complete: 2024-05-06 01:26:56 -0400
INFO: [Common 17-206] Exiting Vivado at Mon May  6 01:26:56 2024...
