#-----------------------------------------------------------
# Vivado v2023.2 (64-bit)
# SW Build 4029153 on Fri Oct 13 20:14:34 MDT 2023
# IP Build 4028589 on Sat Oct 14 00:45:43 MDT 2023
# SharedData Build 4025554 on Tue Oct 10 17:18:54 MDT 2023
# Start of session at: Wed May  8 02:27:40 2024
# Process ID: 23340
# Current directory: C:/Vitis_Libraries/quantitative_finance/L1/tests/pca/Principal_Component_Analysis.prj/sol/.autopilot/db/ip_tmp
# Command line: vivado.exe -notrace -log vivado.log -mode batch -source run_vivado_gen_ip.tcl
# Log file: C:/Vitis_Libraries/quantitative_finance/L1/tests/pca/Principal_Component_Analysis.prj/sol/.autopilot/db/ip_tmp/vivado.log
# Journal file: C:/Vitis_Libraries/quantitative_finance/L1/tests/pca/Principal_Component_Analysis.prj/sol/.autopilot/db/ip_tmp\vivado.jou
# Running On: KratX, OS: Windows, CPU Frequency: 2918 MHz, CPU Physical cores: 10, Host memory: 16858 MB
#-----------------------------------------------------------
source run_vivado_gen_ip.tcl -notrace
INFO: [ProjectBase 1-489] The host OS only allows 260 characters in a normal path. The project is stored in a path with more than 80 characters. If you experience issues with IP, Block Designs, or files not being found, please consider moving the project to a location with a shorter path. Alternately consider using the OS subst command to map part of the path to a drive letter.
Current project path is 'C:/Vitis_Libraries/quantitative_finance/L1/tests/pca/Principal_Component_Analysis.prj/sol/.autopilot/db/ip_tmp'
create_project: Time (s): cpu = 00:00:01 ; elapsed = 00:00:06 . Memory (MB): peak = 622.016 ; gain = 221.945
INFO: [IP_Flow 19-234] Refreshing IP repositories
INFO: [IP_Flow 19-1704] No user IP repositories specified
INFO: [IP_Flow 19-2313] Loaded Vivado IP repository 'C:/Xilinx/Vivado/2023.2/data/ip'.
WARNING: [IP_Flow 19-4832] The IP name 'dut_dadddsub_64ns_64ns_64_8_full_dsp_1_ip' you have specified is long. The Windows operating system has path length limitations. It is recommended you use shorter names to reduce the likelihood of issues.
INFO: [IP_Flow 19-1686] Generating 'Synthesis' target for IP 'dut_dadddsub_64ns_64ns_64_8_full_dsp_1_ip'...
INFO: [IP_Flow 19-1686] Generating 'Simulation' target for IP 'dut_dadddsub_64ns_64ns_64_8_full_dsp_1_ip'...
WARNING: [IP_Flow 19-4832] The IP name 'dut_dadd_64ns_64ns_64_6_no_dsp_0_ip' you have specified is long. The Windows operating system has path length limitations. It is recommended you use shorter names to reduce the likelihood of issues.
INFO: [IP_Flow 19-1686] Generating 'Synthesis' target for IP 'dut_dadd_64ns_64ns_64_6_no_dsp_0_ip'...
INFO: [IP_Flow 19-1686] Generating 'Simulation' target for IP 'dut_dadd_64ns_64ns_64_6_no_dsp_0_ip'...
WARNING: [IP_Flow 19-4832] The IP name 'dut_dadd_64ns_64ns_64_8_full_dsp_1_ip' you have specified is long. The Windows operating system has path length limitations. It is recommended you use shorter names to reduce the likelihood of issues.
INFO: [IP_Flow 19-1686] Generating 'Synthesis' target for IP 'dut_dadd_64ns_64ns_64_8_full_dsp_1_ip'...
INFO: [IP_Flow 19-1686] Generating 'Simulation' target for IP 'dut_dadd_64ns_64ns_64_8_full_dsp_1_ip'...
WARNING: [IP_Flow 19-4832] The IP name 'dut_dcmp_64ns_64ns_1_2_no_dsp_1_ip' you have specified is long. The Windows operating system has path length limitations. It is recommended you use shorter names to reduce the likelihood of issues.
INFO: [IP_Flow 19-1686] Generating 'Synthesis' target for IP 'dut_dcmp_64ns_64ns_1_2_no_dsp_1_ip'...
INFO: [IP_Flow 19-1686] Generating 'Simulation' target for IP 'dut_dcmp_64ns_64ns_1_2_no_dsp_1_ip'...
WARNING: [IP_Flow 19-4832] The IP name 'dut_ddiv_64ns_64ns_64_31_no_dsp_1_ip' you have specified is long. The Windows operating system has path length limitations. It is recommended you use shorter names to reduce the likelihood of issues.
INFO: [IP_Flow 19-1686] Generating 'Synthesis' target for IP 'dut_ddiv_64ns_64ns_64_31_no_dsp_1_ip'...
INFO: [IP_Flow 19-1686] Generating 'Simulation' target for IP 'dut_ddiv_64ns_64ns_64_31_no_dsp_1_ip'...
WARNING: [IP_Flow 19-4832] The IP name 'dut_dmul_64ns_64ns_64_8_max_dsp_1_ip' you have specified is long. The Windows operating system has path length limitations. It is recommended you use shorter names to reduce the likelihood of issues.
INFO: [IP_Flow 19-1686] Generating 'Synthesis' target for IP 'dut_dmul_64ns_64ns_64_8_max_dsp_1_ip'...
INFO: [IP_Flow 19-1686] Generating 'Simulation' target for IP 'dut_dmul_64ns_64ns_64_8_max_dsp_1_ip'...
WARNING: [IP_Flow 19-4832] The IP name 'dut_dsqrt_64ns_64ns_64_30_no_dsp_0_ip' you have specified is long. The Windows operating system has path length limitations. It is recommended you use shorter names to reduce the likelihood of issues.
INFO: [IP_Flow 19-1686] Generating 'Synthesis' target for IP 'dut_dsqrt_64ns_64ns_64_30_no_dsp_0_ip'...
INFO: [IP_Flow 19-1686] Generating 'Simulation' target for IP 'dut_dsqrt_64ns_64ns_64_30_no_dsp_0_ip'...
WARNING: [IP_Flow 19-4832] The IP name 'dut_dsub_64ns_64ns_64_6_no_dsp_0_ip' you have specified is long. The Windows operating system has path length limitations. It is recommended you use shorter names to reduce the likelihood of issues.
INFO: [IP_Flow 19-1686] Generating 'Synthesis' target for IP 'dut_dsub_64ns_64ns_64_6_no_dsp_0_ip'...
INFO: [IP_Flow 19-1686] Generating 'Simulation' target for IP 'dut_dsub_64ns_64ns_64_6_no_dsp_0_ip'...
WARNING: [IP_Flow 19-4832] The IP name 'dut_sitodp_32ns_64_5_no_dsp_1_ip' you have specified is long. The Windows operating system has path length limitations. It is recommended you use shorter names to reduce the likelihood of issues.
INFO: [IP_Flow 19-1686] Generating 'Synthesis' target for IP 'dut_sitodp_32ns_64_5_no_dsp_1_ip'...
INFO: [IP_Flow 19-1686] Generating 'Simulation' target for IP 'dut_sitodp_32ns_64_5_no_dsp_1_ip'...
INFO: [Common 17-206] Exiting Vivado at Wed May  8 02:27:54 2024...
