

================================================================
== Vitis HLS Report for 'aveImpl_double_15_80_1_2_16_Pipeline_loop_a2'
================================================================
* Date:           Sun May  5 21:30:38 2024

* Version:        2023.2 (Build 4023990 on Oct 11 2023)
* Project:        Principal_Component_Analysis.prj
* Solution:       sol (Vivado IP Flow Target)
* Product family: virtexuplus
* Target device:  xcu250-figd2104-2L-e


================================================================
== Performance Estimates
================================================================
+ Timing: 
    * Summary: 
    +--------+---------+----------+------------+
    |  Clock |  Target | Estimated| Uncertainty|
    +--------+---------+----------+------------+
    |ap_clk  |  3.33 ns|  2.767 ns|     0.90 ns|
    +--------+---------+----------+------------+

+ Latency: 
    * Summary: 
    +---------+---------+----------+----------+-----+-----+---------+
    |  Latency (cycles) |  Latency (absolute) |  Interval | Pipeline|
    |   min   |   max   |    min   |    max   | min | max |   Type  |
    +---------+---------+----------+----------+-----+-----+---------+
    |      171|      171|  0.570 us|  0.570 us|  171|  171|       no|
    +---------+---------+----------+----------+-----+-----+---------+

    + Detail: 
        * Instance: 
        N/A

        * Loop: 
        +-----------+---------+---------+----------+-----------+-----------+------+----------+
        |           |  Latency (cycles) | Iteration|  Initiation Interval  | Trip |          |
        | Loop Name |   min   |   max   |  Latency |  achieved |   target  | Count| Pipelined|
        +-----------+---------+---------+----------+-----------+-----------+------+----------+
        |- loop_a2  |      169|      169|        12|          2|          1|    80|       yes|
        +-----------+---------+---------+----------+-----------+-----------+------+----------+

============================================================
+ Verbose Summary: Synthesis Manager
============================================================
InlineROM: 1
ExposeGlobal: 0
============================================================
+ Verbose Summary: CDFG Model
============================================================
IsTopModel: 0
ResetActiveHigh: 1
IsCombinational: 0
IsDatapathOnly: 0
HasWiredReturn: 1
HasMFsm: 2
HasVarLatency: 1
IsPipeline: 0
IsRtlPipelined: 0
IsInstanceOverlapped: 0
IsDontTouch: 0
HasImplIP: 0
IsGatedGlobalClock: 0

+ Individual pipeline summary: 
  * Pipeline-0: initiation interval (II) = 2, depth = 12


============================================================
+ Verbose Summary: Schedule
============================================================
* Number of FSM states : 12
* Pipeline : 1
  Pipeline-0 : II = 2, D = 12, States = { 1 2 3 4 5 6 7 8 9 10 11 12 }
* Dataflow Pipeline: 0

* FSM state transitions: 
1 --> 2 
2 --> 3 
3 --> 4 
4 --> 5 
5 --> 6 
6 --> 7 
7 --> 8 
8 --> 9 
9 --> 10 
10 --> 11 
11 --> 12 
12 --> 

* FSM state operations: 

State 1 <SV = 0> <Delay = 2.76>
ST_1 : Operation 15 [1/1] (0.00ns)   --->   "%j = alloca i32 1" [C:/Vitis_Libraries/quantitative_finance/L1/tests/pca/../../../L1/include/xf_fintech\covariance.hpp:328]   --->   Operation 15 'alloca' 'j' <Predicate = true> <Delay = 0.00>
ST_1 : Operation 16 [1/1] (0.00ns)   --->   "%specinterface_ln0 = specinterface void @_ssdm_op_SpecInterface, i64 %input_r, void @empty_13, i32 0, i32 0, void @empty_12, i32 4294967295, i32 0, void @empty_12, void @empty_12, void @empty_12, i32 0, i32 0, i32 0, i32 0, void @empty_12, void @empty_12, i32 4294967295, i32 0"   --->   Operation 16 'specinterface' 'specinterface_ln0' <Predicate = true> <Delay = 0.00>
ST_1 : Operation 17 [1/1] (0.00ns)   --->   "%value_1_read = read i64 @_ssdm_op_Read.ap_auto.double, i64 %value_1"   --->   Operation 17 'read' 'value_1_read' <Predicate = true> <Delay = 0.00>
ST_1 : Operation 18 [1/1] (0.00ns)   --->   "%cmp33_1_read = read i1 @_ssdm_op_Read.ap_auto.i1, i1 %cmp33_1"   --->   Operation 18 'read' 'cmp33_1_read' <Predicate = true> <Delay = 0.00>
ST_1 : Operation 19 [1/1] (0.00ns)   --->   "%value_read = read i64 @_ssdm_op_Read.ap_auto.double, i64 %value_r"   --->   Operation 19 'read' 'value_read' <Predicate = true> <Delay = 0.00>
ST_1 : Operation 20 [1/1] (0.00ns)   --->   "%add_ln300_1_read = read i11 @_ssdm_op_Read.ap_auto.i11, i11 %add_ln300_1"   --->   Operation 20 'read' 'add_ln300_1_read' <Predicate = true> <Delay = 0.00>
ST_1 : Operation 21 [1/1] (0.00ns)   --->   "%add_ln300_read = read i11 @_ssdm_op_Read.ap_auto.i11, i11 %add_ln300"   --->   Operation 21 'read' 'add_ln300_read' <Predicate = true> <Delay = 0.00>
ST_1 : Operation 22 [1/1] (0.00ns)   --->   "%cols_read = read i32 @_ssdm_op_Read.ap_auto.i32, i32 %cols"   --->   Operation 22 'read' 'cols_read' <Predicate = true> <Delay = 0.00>
ST_1 : Operation 23 [1/1] (0.38ns)   --->   "%store_ln328 = store i31 0, i31 %j" [C:/Vitis_Libraries/quantitative_finance/L1/tests/pca/../../../L1/include/xf_fintech\covariance.hpp:328]   --->   Operation 23 'store' 'store_ln328' <Predicate = true> <Delay = 0.38>
ST_1 : Operation 24 [1/1] (0.00ns)   --->   "%br_ln0 = br void %VITIS_LOOP_331_8"   --->   Operation 24 'br' 'br_ln0' <Predicate = true> <Delay = 0.00>
ST_1 : Operation 25 [1/1] (0.00ns)   --->   "%j_3 = load i31 %j" [C:/Vitis_Libraries/quantitative_finance/L1/tests/pca/../../../L1/include/xf_fintech\covariance.hpp:334]   --->   Operation 25 'load' 'j_3' <Predicate = true> <Delay = 0.00>
ST_1 : Operation 26 [1/1] (0.00ns)   --->   "%zext_ln328 = zext i31 %j_3" [C:/Vitis_Libraries/quantitative_finance/L1/tests/pca/../../../L1/include/xf_fintech\covariance.hpp:328]   --->   Operation 26 'zext' 'zext_ln328' <Predicate = true> <Delay = 0.00>
ST_1 : Operation 27 [1/1] (0.88ns)   --->   "%icmp_ln328 = icmp_slt  i32 %zext_ln328, i32 %cols_read" [C:/Vitis_Libraries/quantitative_finance/L1/tests/pca/../../../L1/include/xf_fintech\covariance.hpp:328]   --->   Operation 27 'icmp' 'icmp_ln328' <Predicate = true> <Delay = 0.88> <CoreInst = "Cmp">   --->   Core 9 'Cmp' <Latency = 0> <II = 1> <Delay = 0.88> <FuncUnit> <Opcode : 'icmp'> <InPorts = 2> <OutPorts = 1>
ST_1 : Operation 28 [1/1] (0.87ns)   --->   "%add_ln328 = add i31 %j_3, i31 1" [C:/Vitis_Libraries/quantitative_finance/L1/tests/pca/../../../L1/include/xf_fintech\covariance.hpp:328]   --->   Operation 28 'add' 'add_ln328' <Predicate = true> <Delay = 0.87> <CoreInst = "Adder">   --->   Core 1 'Adder' <Latency = 0> <II = 1> <Delay = 0.87> <FuncUnit> <Opcode : 'add' 'sub'> <InPorts = 2> <OutPorts = 1>
ST_1 : Operation 29 [1/1] (0.00ns)   --->   "%br_ln328 = br i1 %icmp_ln328, void %for.inc164.loopexit.exitStub, void %VITIS_LOOP_331_8.split" [C:/Vitis_Libraries/quantitative_finance/L1/tests/pca/../../../L1/include/xf_fintech\covariance.hpp:328]   --->   Operation 29 'br' 'br_ln328' <Predicate = true> <Delay = 0.00>
ST_1 : Operation 30 [1/1] (0.00ns)   --->   "%trunc_ln334 = trunc i31 %j_3" [C:/Vitis_Libraries/quantitative_finance/L1/tests/pca/../../../L1/include/xf_fintech\covariance.hpp:334]   --->   Operation 30 'trunc' 'trunc_ln334' <Predicate = (icmp_ln328)> <Delay = 0.00>
ST_1 : Operation 31 [1/1] (0.73ns)   --->   "%add_ln334 = add i11 %add_ln300_read, i11 %trunc_ln334" [C:/Vitis_Libraries/quantitative_finance/L1/tests/pca/../../../L1/include/xf_fintech\covariance.hpp:334]   --->   Operation 31 'add' 'add_ln334' <Predicate = (icmp_ln328)> <Delay = 0.73> <CoreInst = "Adder">   --->   Core 1 'Adder' <Latency = 0> <II = 1> <Delay = 0.73> <FuncUnit> <Opcode : 'add' 'sub'> <InPorts = 2> <OutPorts = 1>
ST_1 : Operation 32 [1/1] (0.00ns)   --->   "%zext_ln334 = zext i11 %add_ln334" [C:/Vitis_Libraries/quantitative_finance/L1/tests/pca/../../../L1/include/xf_fintech\covariance.hpp:334]   --->   Operation 32 'zext' 'zext_ln334' <Predicate = (icmp_ln328)> <Delay = 0.00>
ST_1 : Operation 33 [1/1] (0.00ns)   --->   "%input_r_addr = getelementptr i64 %input_r, i64 0, i64 %zext_ln334" [C:/Vitis_Libraries/quantitative_finance/L1/tests/pca/../../../L1/include/xf_fintech\covariance.hpp:334]   --->   Operation 33 'getelementptr' 'input_r_addr' <Predicate = (icmp_ln328)> <Delay = 0.00>
ST_1 : Operation 34 [1/1] (0.73ns)   --->   "%add_ln334_1 = add i11 %add_ln300_1_read, i11 %trunc_ln334" [C:/Vitis_Libraries/quantitative_finance/L1/tests/pca/../../../L1/include/xf_fintech\covariance.hpp:334]   --->   Operation 34 'add' 'add_ln334_1' <Predicate = (icmp_ln328)> <Delay = 0.73> <CoreInst = "Adder">   --->   Core 1 'Adder' <Latency = 0> <II = 1> <Delay = 0.73> <FuncUnit> <Opcode : 'add' 'sub'> <InPorts = 2> <OutPorts = 1>
ST_1 : Operation 35 [1/1] (0.00ns)   --->   "%zext_ln334_1 = zext i11 %add_ln334_1" [C:/Vitis_Libraries/quantitative_finance/L1/tests/pca/../../../L1/include/xf_fintech\covariance.hpp:334]   --->   Operation 35 'zext' 'zext_ln334_1' <Predicate = (icmp_ln328)> <Delay = 0.00>
ST_1 : Operation 36 [1/1] (0.00ns)   --->   "%input_r_addr_3 = getelementptr i64 %input_r, i64 0, i64 %zext_ln334_1" [C:/Vitis_Libraries/quantitative_finance/L1/tests/pca/../../../L1/include/xf_fintech\covariance.hpp:334]   --->   Operation 36 'getelementptr' 'input_r_addr_3' <Predicate = (icmp_ln328)> <Delay = 0.00>
ST_1 : Operation 37 [2/2] (1.64ns)   --->   "%input_r_load = load i11 %input_r_addr" [C:/Vitis_Libraries/quantitative_finance/L1/tests/pca/../../../L1/include/xf_fintech\covariance.hpp:334]   --->   Operation 37 'load' 'input_r_load' <Predicate = (icmp_ln328)> <Delay = 1.64> <CoreInst = "RAM">   --->   Core 83 'RAM' <Latency = 1> <II = 1> <Delay = 1.64> <Storage> <Opcode : 'load' 'store'> <Ports = 2> <Width = 64> <Depth = 1200> <RAM>
ST_1 : Operation 38 [1/1] (0.00ns)   --->   "%br_ln334 = br i1 %cmp33_1_read, void %for.inc158, void %if.then140.1" [C:/Vitis_Libraries/quantitative_finance/L1/tests/pca/../../../L1/include/xf_fintech\covariance.hpp:334]   --->   Operation 38 'br' 'br_ln334' <Predicate = (icmp_ln328)> <Delay = 0.00>
ST_1 : Operation 39 [2/2] (1.64ns)   --->   "%input_r_load_3 = load i11 %input_r_addr_3" [C:/Vitis_Libraries/quantitative_finance/L1/tests/pca/../../../L1/include/xf_fintech\covariance.hpp:334]   --->   Operation 39 'load' 'input_r_load_3' <Predicate = (icmp_ln328 & cmp33_1_read)> <Delay = 1.64> <CoreInst = "RAM">   --->   Core 83 'RAM' <Latency = 1> <II = 1> <Delay = 1.64> <Storage> <Opcode : 'load' 'store'> <Ports = 2> <Width = 64> <Depth = 1200> <RAM>
ST_1 : Operation 40 [1/1] (0.38ns)   --->   "%store_ln328 = store i31 %add_ln328, i31 %j" [C:/Vitis_Libraries/quantitative_finance/L1/tests/pca/../../../L1/include/xf_fintech\covariance.hpp:328]   --->   Operation 40 'store' 'store_ln328' <Predicate = (icmp_ln328)> <Delay = 0.38>
ST_1 : Operation 41 [1/1] (0.00ns)   --->   "%br_ln328 = br void %VITIS_LOOP_331_8" [C:/Vitis_Libraries/quantitative_finance/L1/tests/pca/../../../L1/include/xf_fintech\covariance.hpp:328]   --->   Operation 41 'br' 'br_ln328' <Predicate = (icmp_ln328)> <Delay = 0.00>

State 2 <SV = 1> <Delay = 1.64>
ST_2 : Operation 42 [1/2] (1.64ns)   --->   "%input_r_load = load i11 %input_r_addr" [C:/Vitis_Libraries/quantitative_finance/L1/tests/pca/../../../L1/include/xf_fintech\covariance.hpp:334]   --->   Operation 42 'load' 'input_r_load' <Predicate = (icmp_ln328)> <Delay = 1.64> <CoreInst = "RAM">   --->   Core 83 'RAM' <Latency = 1> <II = 1> <Delay = 1.64> <Storage> <Opcode : 'load' 'store'> <Ports = 2> <Width = 64> <Depth = 1200> <RAM>
ST_2 : Operation 43 [1/2] (1.64ns)   --->   "%input_r_load_3 = load i11 %input_r_addr_3" [C:/Vitis_Libraries/quantitative_finance/L1/tests/pca/../../../L1/include/xf_fintech\covariance.hpp:334]   --->   Operation 43 'load' 'input_r_load_3' <Predicate = (icmp_ln328 & cmp33_1_read)> <Delay = 1.64> <CoreInst = "RAM">   --->   Core 83 'RAM' <Latency = 1> <II = 1> <Delay = 1.64> <Storage> <Opcode : 'load' 'store'> <Ports = 2> <Width = 64> <Depth = 1200> <RAM>

State 3 <SV = 2> <Delay = 1.90>
ST_3 : Operation 44 [1/1] (0.00ns)   --->   "%bitcast_ln334 = bitcast i64 %input_r_load" [C:/Vitis_Libraries/quantitative_finance/L1/tests/pca/../../../L1/include/xf_fintech\covariance.hpp:334]   --->   Operation 44 'bitcast' 'bitcast_ln334' <Predicate = true> <Delay = 0.00>
ST_3 : Operation 45 [8/8] (1.90ns)   --->   "%sub = dsub i64 %bitcast_ln334, i64 %value_read" [C:/Vitis_Libraries/quantitative_finance/L1/tests/pca/../../../L1/include/xf_fintech\covariance.hpp:334]   --->   Operation 45 'dsub' 'sub' <Predicate = true> <Delay = 1.90> <CoreInst = "DAddSub_fulldsp">   --->   Core 37 'DAddSub_fulldsp' <Latency = 7> <II = 1> <Delay = 1.90> <FuncUnit> <Opcode : 'dadd' 'dsub'> <InPorts = 2> <OutPorts = 1>

State 4 <SV = 3> <Delay = 1.90>
ST_4 : Operation 46 [7/8] (1.90ns)   --->   "%sub = dsub i64 %bitcast_ln334, i64 %value_read" [C:/Vitis_Libraries/quantitative_finance/L1/tests/pca/../../../L1/include/xf_fintech\covariance.hpp:334]   --->   Operation 46 'dsub' 'sub' <Predicate = true> <Delay = 1.90> <CoreInst = "DAddSub_fulldsp">   --->   Core 37 'DAddSub_fulldsp' <Latency = 7> <II = 1> <Delay = 1.90> <FuncUnit> <Opcode : 'dadd' 'dsub'> <InPorts = 2> <OutPorts = 1>
ST_4 : Operation 47 [1/1] (0.00ns)   --->   "%bitcast_ln334_2 = bitcast i64 %input_r_load_3" [C:/Vitis_Libraries/quantitative_finance/L1/tests/pca/../../../L1/include/xf_fintech\covariance.hpp:334]   --->   Operation 47 'bitcast' 'bitcast_ln334_2' <Predicate = (cmp33_1_read)> <Delay = 0.00>
ST_4 : Operation 48 [8/8] (1.90ns)   --->   "%sub151_1 = dsub i64 %bitcast_ln334_2, i64 %value_1_read" [C:/Vitis_Libraries/quantitative_finance/L1/tests/pca/../../../L1/include/xf_fintech\covariance.hpp:334]   --->   Operation 48 'dsub' 'sub151_1' <Predicate = (cmp33_1_read)> <Delay = 1.90> <CoreInst = "DAddSub_fulldsp">   --->   Core 37 'DAddSub_fulldsp' <Latency = 7> <II = 1> <Delay = 1.90> <FuncUnit> <Opcode : 'dadd' 'dsub'> <InPorts = 2> <OutPorts = 1>

State 5 <SV = 4> <Delay = 1.90>
ST_5 : Operation 49 [6/8] (1.90ns)   --->   "%sub = dsub i64 %bitcast_ln334, i64 %value_read" [C:/Vitis_Libraries/quantitative_finance/L1/tests/pca/../../../L1/include/xf_fintech\covariance.hpp:334]   --->   Operation 49 'dsub' 'sub' <Predicate = true> <Delay = 1.90> <CoreInst = "DAddSub_fulldsp">   --->   Core 37 'DAddSub_fulldsp' <Latency = 7> <II = 1> <Delay = 1.90> <FuncUnit> <Opcode : 'dadd' 'dsub'> <InPorts = 2> <OutPorts = 1>
ST_5 : Operation 50 [7/8] (1.90ns)   --->   "%sub151_1 = dsub i64 %bitcast_ln334_2, i64 %value_1_read" [C:/Vitis_Libraries/quantitative_finance/L1/tests/pca/../../../L1/include/xf_fintech\covariance.hpp:334]   --->   Operation 50 'dsub' 'sub151_1' <Predicate = (cmp33_1_read)> <Delay = 1.90> <CoreInst = "DAddSub_fulldsp">   --->   Core 37 'DAddSub_fulldsp' <Latency = 7> <II = 1> <Delay = 1.90> <FuncUnit> <Opcode : 'dadd' 'dsub'> <InPorts = 2> <OutPorts = 1>

State 6 <SV = 5> <Delay = 1.90>
ST_6 : Operation 51 [5/8] (1.90ns)   --->   "%sub = dsub i64 %bitcast_ln334, i64 %value_read" [C:/Vitis_Libraries/quantitative_finance/L1/tests/pca/../../../L1/include/xf_fintech\covariance.hpp:334]   --->   Operation 51 'dsub' 'sub' <Predicate = true> <Delay = 1.90> <CoreInst = "DAddSub_fulldsp">   --->   Core 37 'DAddSub_fulldsp' <Latency = 7> <II = 1> <Delay = 1.90> <FuncUnit> <Opcode : 'dadd' 'dsub'> <InPorts = 2> <OutPorts = 1>
ST_6 : Operation 52 [6/8] (1.90ns)   --->   "%sub151_1 = dsub i64 %bitcast_ln334_2, i64 %value_1_read" [C:/Vitis_Libraries/quantitative_finance/L1/tests/pca/../../../L1/include/xf_fintech\covariance.hpp:334]   --->   Operation 52 'dsub' 'sub151_1' <Predicate = (cmp33_1_read)> <Delay = 1.90> <CoreInst = "DAddSub_fulldsp">   --->   Core 37 'DAddSub_fulldsp' <Latency = 7> <II = 1> <Delay = 1.90> <FuncUnit> <Opcode : 'dadd' 'dsub'> <InPorts = 2> <OutPorts = 1>

State 7 <SV = 6> <Delay = 1.90>
ST_7 : Operation 53 [4/8] (1.90ns)   --->   "%sub = dsub i64 %bitcast_ln334, i64 %value_read" [C:/Vitis_Libraries/quantitative_finance/L1/tests/pca/../../../L1/include/xf_fintech\covariance.hpp:334]   --->   Operation 53 'dsub' 'sub' <Predicate = true> <Delay = 1.90> <CoreInst = "DAddSub_fulldsp">   --->   Core 37 'DAddSub_fulldsp' <Latency = 7> <II = 1> <Delay = 1.90> <FuncUnit> <Opcode : 'dadd' 'dsub'> <InPorts = 2> <OutPorts = 1>
ST_7 : Operation 54 [5/8] (1.90ns)   --->   "%sub151_1 = dsub i64 %bitcast_ln334_2, i64 %value_1_read" [C:/Vitis_Libraries/quantitative_finance/L1/tests/pca/../../../L1/include/xf_fintech\covariance.hpp:334]   --->   Operation 54 'dsub' 'sub151_1' <Predicate = (cmp33_1_read)> <Delay = 1.90> <CoreInst = "DAddSub_fulldsp">   --->   Core 37 'DAddSub_fulldsp' <Latency = 7> <II = 1> <Delay = 1.90> <FuncUnit> <Opcode : 'dadd' 'dsub'> <InPorts = 2> <OutPorts = 1>

State 8 <SV = 7> <Delay = 1.90>
ST_8 : Operation 55 [3/8] (1.90ns)   --->   "%sub = dsub i64 %bitcast_ln334, i64 %value_read" [C:/Vitis_Libraries/quantitative_finance/L1/tests/pca/../../../L1/include/xf_fintech\covariance.hpp:334]   --->   Operation 55 'dsub' 'sub' <Predicate = true> <Delay = 1.90> <CoreInst = "DAddSub_fulldsp">   --->   Core 37 'DAddSub_fulldsp' <Latency = 7> <II = 1> <Delay = 1.90> <FuncUnit> <Opcode : 'dadd' 'dsub'> <InPorts = 2> <OutPorts = 1>
ST_8 : Operation 56 [4/8] (1.90ns)   --->   "%sub151_1 = dsub i64 %bitcast_ln334_2, i64 %value_1_read" [C:/Vitis_Libraries/quantitative_finance/L1/tests/pca/../../../L1/include/xf_fintech\covariance.hpp:334]   --->   Operation 56 'dsub' 'sub151_1' <Predicate = (cmp33_1_read)> <Delay = 1.90> <CoreInst = "DAddSub_fulldsp">   --->   Core 37 'DAddSub_fulldsp' <Latency = 7> <II = 1> <Delay = 1.90> <FuncUnit> <Opcode : 'dadd' 'dsub'> <InPorts = 2> <OutPorts = 1>

State 9 <SV = 8> <Delay = 1.90>
ST_9 : Operation 57 [2/8] (1.90ns)   --->   "%sub = dsub i64 %bitcast_ln334, i64 %value_read" [C:/Vitis_Libraries/quantitative_finance/L1/tests/pca/../../../L1/include/xf_fintech\covariance.hpp:334]   --->   Operation 57 'dsub' 'sub' <Predicate = true> <Delay = 1.90> <CoreInst = "DAddSub_fulldsp">   --->   Core 37 'DAddSub_fulldsp' <Latency = 7> <II = 1> <Delay = 1.90> <FuncUnit> <Opcode : 'dadd' 'dsub'> <InPorts = 2> <OutPorts = 1>
ST_9 : Operation 58 [3/8] (1.90ns)   --->   "%sub151_1 = dsub i64 %bitcast_ln334_2, i64 %value_1_read" [C:/Vitis_Libraries/quantitative_finance/L1/tests/pca/../../../L1/include/xf_fintech\covariance.hpp:334]   --->   Operation 58 'dsub' 'sub151_1' <Predicate = (cmp33_1_read)> <Delay = 1.90> <CoreInst = "DAddSub_fulldsp">   --->   Core 37 'DAddSub_fulldsp' <Latency = 7> <II = 1> <Delay = 1.90> <FuncUnit> <Opcode : 'dadd' 'dsub'> <InPorts = 2> <OutPorts = 1>

State 10 <SV = 9> <Delay = 1.90>
ST_10 : Operation 59 [1/8] (1.90ns)   --->   "%sub = dsub i64 %bitcast_ln334, i64 %value_read" [C:/Vitis_Libraries/quantitative_finance/L1/tests/pca/../../../L1/include/xf_fintech\covariance.hpp:334]   --->   Operation 59 'dsub' 'sub' <Predicate = true> <Delay = 1.90> <CoreInst = "DAddSub_fulldsp">   --->   Core 37 'DAddSub_fulldsp' <Latency = 7> <II = 1> <Delay = 1.90> <FuncUnit> <Opcode : 'dadd' 'dsub'> <InPorts = 2> <OutPorts = 1>
ST_10 : Operation 60 [2/8] (1.90ns)   --->   "%sub151_1 = dsub i64 %bitcast_ln334_2, i64 %value_1_read" [C:/Vitis_Libraries/quantitative_finance/L1/tests/pca/../../../L1/include/xf_fintech\covariance.hpp:334]   --->   Operation 60 'dsub' 'sub151_1' <Predicate = (cmp33_1_read)> <Delay = 1.90> <CoreInst = "DAddSub_fulldsp">   --->   Core 37 'DAddSub_fulldsp' <Latency = 7> <II = 1> <Delay = 1.90> <FuncUnit> <Opcode : 'dadd' 'dsub'> <InPorts = 2> <OutPorts = 1>
ST_10 : Operation 70 [1/1] (0.00ns)   --->   "%ret_ln0 = ret"   --->   Operation 70 'ret' 'ret_ln0' <Predicate = (!icmp_ln328)> <Delay = 0.00>

State 11 <SV = 10> <Delay = 1.90>
ST_11 : Operation 61 [1/8] (1.90ns)   --->   "%sub151_1 = dsub i64 %bitcast_ln334_2, i64 %value_1_read" [C:/Vitis_Libraries/quantitative_finance/L1/tests/pca/../../../L1/include/xf_fintech\covariance.hpp:334]   --->   Operation 61 'dsub' 'sub151_1' <Predicate = (cmp33_1_read)> <Delay = 1.90> <CoreInst = "DAddSub_fulldsp">   --->   Core 37 'DAddSub_fulldsp' <Latency = 7> <II = 1> <Delay = 1.90> <FuncUnit> <Opcode : 'dadd' 'dsub'> <InPorts = 2> <OutPorts = 1>

State 12 <SV = 11> <Delay = 1.64>
ST_12 : Operation 62 [1/1] (0.00ns)   --->   "%specpipeline_ln329 = specpipeline void @_ssdm_op_SpecPipeline, i32 4294967295, i32 0, i32 0, i32 0, void @empty_12" [C:/Vitis_Libraries/quantitative_finance/L1/tests/pca/../../../L1/include/xf_fintech\covariance.hpp:329]   --->   Operation 62 'specpipeline' 'specpipeline_ln329' <Predicate = true> <Delay = 0.00>
ST_12 : Operation 63 [1/1] (0.00ns)   --->   "%speclooptripcount_ln330 = speclooptripcount void @_ssdm_op_SpecLoopTripCount, i64 80, i64 80, i64 80" [C:/Vitis_Libraries/quantitative_finance/L1/tests/pca/../../../L1/include/xf_fintech\covariance.hpp:330]   --->   Operation 63 'speclooptripcount' 'speclooptripcount_ln330' <Predicate = true> <Delay = 0.00>
ST_12 : Operation 64 [1/1] (0.00ns)   --->   "%specloopname_ln328 = specloopname void @_ssdm_op_SpecLoopName, void @empty_32" [C:/Vitis_Libraries/quantitative_finance/L1/tests/pca/../../../L1/include/xf_fintech\covariance.hpp:328]   --->   Operation 64 'specloopname' 'specloopname_ln328' <Predicate = true> <Delay = 0.00>
ST_12 : Operation 65 [1/1] (0.00ns)   --->   "%bitcast_ln334_1 = bitcast i64 %sub" [C:/Vitis_Libraries/quantitative_finance/L1/tests/pca/../../../L1/include/xf_fintech\covariance.hpp:334]   --->   Operation 65 'bitcast' 'bitcast_ln334_1' <Predicate = true> <Delay = 0.00>
ST_12 : Operation 66 [1/1] (1.64ns)   --->   "%store_ln334 = store i64 %bitcast_ln334_1, i11 %input_r_addr" [C:/Vitis_Libraries/quantitative_finance/L1/tests/pca/../../../L1/include/xf_fintech\covariance.hpp:334]   --->   Operation 66 'store' 'store_ln334' <Predicate = true> <Delay = 1.64> <CoreInst = "RAM">   --->   Core 83 'RAM' <Latency = 1> <II = 1> <Delay = 1.64> <Storage> <Opcode : 'load' 'store'> <Ports = 2> <Width = 64> <Depth = 1200> <RAM>
ST_12 : Operation 67 [1/1] (0.00ns)   --->   "%bitcast_ln334_3 = bitcast i64 %sub151_1" [C:/Vitis_Libraries/quantitative_finance/L1/tests/pca/../../../L1/include/xf_fintech\covariance.hpp:334]   --->   Operation 67 'bitcast' 'bitcast_ln334_3' <Predicate = (cmp33_1_read)> <Delay = 0.00>
ST_12 : Operation 68 [1/1] (1.64ns)   --->   "%store_ln334 = store i64 %bitcast_ln334_3, i11 %input_r_addr_3" [C:/Vitis_Libraries/quantitative_finance/L1/tests/pca/../../../L1/include/xf_fintech\covariance.hpp:334]   --->   Operation 68 'store' 'store_ln334' <Predicate = (cmp33_1_read)> <Delay = 1.64> <CoreInst = "RAM">   --->   Core 83 'RAM' <Latency = 1> <II = 1> <Delay = 1.64> <Storage> <Opcode : 'load' 'store'> <Ports = 2> <Width = 64> <Depth = 1200> <RAM>
ST_12 : Operation 69 [1/1] (0.00ns)   --->   "%br_ln334 = br void %for.inc158" [C:/Vitis_Libraries/quantitative_finance/L1/tests/pca/../../../L1/include/xf_fintech\covariance.hpp:334]   --->   Operation 69 'br' 'br_ln334' <Predicate = (cmp33_1_read)> <Delay = 0.00>


============================================================
+ Verbose Summary: Timing violations
============================================================
Target clock period: 3.333ns, clock uncertainty: 0.900ns.

 <State 1>: 2.767ns
The critical path consists of the following:
	'store' operation 0 bit ('store_ln328', C:/Vitis_Libraries/quantitative_finance/L1/tests/pca/../../../L1/include/xf_fintech\covariance.hpp:328) of constant 0 on local variable 'j', C:/Vitis_Libraries/quantitative_finance/L1/tests/pca/../../../L1/include/xf_fintech\covariance.hpp:328 [16]  (0.387 ns)
	'load' operation 31 bit ('j', C:/Vitis_Libraries/quantitative_finance/L1/tests/pca/../../../L1/include/xf_fintech\covariance.hpp:334) on local variable 'j', C:/Vitis_Libraries/quantitative_finance/L1/tests/pca/../../../L1/include/xf_fintech\covariance.hpp:328 [19]  (0.000 ns)
	'add' operation 11 bit ('add_ln334_1', C:/Vitis_Libraries/quantitative_finance/L1/tests/pca/../../../L1/include/xf_fintech\covariance.hpp:334) [29]  (0.735 ns)
	'getelementptr' operation 11 bit ('input_r_addr_3', C:/Vitis_Libraries/quantitative_finance/L1/tests/pca/../../../L1/include/xf_fintech\covariance.hpp:334) [31]  (0.000 ns)
	'load' operation 64 bit ('input_r_load_3', C:/Vitis_Libraries/quantitative_finance/L1/tests/pca/../../../L1/include/xf_fintech\covariance.hpp:334) on array 'input_r' [42]  (1.645 ns)

 <State 2>: 1.645ns
The critical path consists of the following:
	'load' operation 64 bit ('input_r_load_3', C:/Vitis_Libraries/quantitative_finance/L1/tests/pca/../../../L1/include/xf_fintech\covariance.hpp:334) on array 'input_r' [42]  (1.645 ns)

 <State 3>: 1.905ns
The critical path consists of the following:
	'dsub' operation 64 bit ('sub', C:/Vitis_Libraries/quantitative_finance/L1/tests/pca/../../../L1/include/xf_fintech\covariance.hpp:334) [37]  (1.905 ns)

 <State 4>: 1.905ns
The critical path consists of the following:
	'dsub' operation 64 bit ('sub151_1', C:/Vitis_Libraries/quantitative_finance/L1/tests/pca/../../../L1/include/xf_fintech\covariance.hpp:334) [44]  (1.905 ns)

 <State 5>: 1.905ns
The critical path consists of the following:
	'dsub' operation 64 bit ('sub151_1', C:/Vitis_Libraries/quantitative_finance/L1/tests/pca/../../../L1/include/xf_fintech\covariance.hpp:334) [44]  (1.905 ns)

 <State 6>: 1.905ns
The critical path consists of the following:
	'dsub' operation 64 bit ('sub151_1', C:/Vitis_Libraries/quantitative_finance/L1/tests/pca/../../../L1/include/xf_fintech\covariance.hpp:334) [44]  (1.905 ns)

 <State 7>: 1.905ns
The critical path consists of the following:
	'dsub' operation 64 bit ('sub151_1', C:/Vitis_Libraries/quantitative_finance/L1/tests/pca/../../../L1/include/xf_fintech\covariance.hpp:334) [44]  (1.905 ns)

 <State 8>: 1.905ns
The critical path consists of the following:
	'dsub' operation 64 bit ('sub151_1', C:/Vitis_Libraries/quantitative_finance/L1/tests/pca/../../../L1/include/xf_fintech\covariance.hpp:334) [44]  (1.905 ns)

 <State 9>: 1.905ns
The critical path consists of the following:
	'dsub' operation 64 bit ('sub151_1', C:/Vitis_Libraries/quantitative_finance/L1/tests/pca/../../../L1/include/xf_fintech\covariance.hpp:334) [44]  (1.905 ns)

 <State 10>: 1.905ns
The critical path consists of the following:
	'dsub' operation 64 bit ('sub151_1', C:/Vitis_Libraries/quantitative_finance/L1/tests/pca/../../../L1/include/xf_fintech\covariance.hpp:334) [44]  (1.905 ns)

 <State 11>: 1.905ns
The critical path consists of the following:
	'dsub' operation 64 bit ('sub151_1', C:/Vitis_Libraries/quantitative_finance/L1/tests/pca/../../../L1/include/xf_fintech\covariance.hpp:334) [44]  (1.905 ns)

 <State 12>: 1.645ns
The critical path consists of the following:
	'store' operation 0 bit ('store_ln334', C:/Vitis_Libraries/quantitative_finance/L1/tests/pca/../../../L1/include/xf_fintech\covariance.hpp:334) of variable 'bitcast_ln334_3', C:/Vitis_Libraries/quantitative_finance/L1/tests/pca/../../../L1/include/xf_fintech\covariance.hpp:334 on array 'input_r' [46]  (1.645 ns)


============================================================
+ Verbose Summary: Binding
============================================================
N/A
* FSMD analyzer results:
  - Output states:
 - Input state : 
  - Chain level:
	State 1
	State 2
	State 3
	State 4
	State 5
	State 6
	State 7
	State 8
	State 9
	State 10
	State 11
	State 12


============================================================
+ Verbose Summary: Datapath Resource usage 
============================================================
N/A
