

================================================================
== Vitis HLS Report for 'dut'
================================================================
* Date:           Sun May  5 21:30:51 2024

* Version:        2023.2 (Build 4023990 on Oct 11 2023)
* Project:        Principal_Component_Analysis.prj
* Solution:       sol (Vivado IP Flow Target)
* Product family: virtexuplus
* Target device:  xcu250-figd2104-2L-e


================================================================
== Performance Estimates
================================================================
+ Timing: 
    * Summary: 
    +--------+---------+----------+------------+
    |  Clock |  Target | Estimated| Uncertainty|
    +--------+---------+----------+------------+
    |ap_clk  |  3.33 ns|  3.237 ns|     0.90 ns|
    +--------+---------+----------+------------+

+ Latency: 
    * Summary: 
    +---------+---------+----------+----------+-----+-----+---------+
    |  Latency (cycles) |  Latency (absolute) |  Interval | Pipeline|
    |   min   |   max   |    min   |    max   | min | max |   Type  |
    +---------+---------+----------+----------+-----+-----+---------+
    |        ?|        ?|         ?|         ?|    ?|    ?|       no|
    +---------+---------+----------+----------+-----+-----+---------+

    + Detail: 
        * Instance: 
        N/A

        * Loop: 
        N/A

============================================================
+ Verbose Summary: Synthesis Manager
============================================================
InlineROM: 1
ExposeGlobal: 0
============================================================
+ Verbose Summary: CDFG Model
============================================================
IsTopModel: 1
ResetActiveHigh: 1
IsCombinational: 0
IsDatapathOnly: 0
HasWiredReturn: 1
HasMFsm: 0
HasVarLatency: 1
IsPipeline: 0
IsRtlPipelined: 0
IsInstanceOverlapped: 0
IsDontTouch: 0
HasImplIP: 0
IsGatedGlobalClock: 0


============================================================
+ Verbose Summary: Schedule
============================================================
* Number of FSM states : 46
* Pipeline : 0
* Dataflow Pipeline: 0

* FSM state transitions: 
1 --> 2 
2 --> 3 
3 --> 4 
4 --> 5 
5 --> 6 
6 --> 7 
7 --> 8 
8 --> 9 
9 --> 10 
10 --> 11 
11 --> 12 
12 --> 13 
13 --> 14 
14 --> 15 
15 --> 16 
16 --> 17 
17 --> 18 
18 --> 19 
19 --> 20 
20 --> 21 
21 --> 22 
22 --> 23 
23 --> 24 
24 --> 25 
25 --> 26 
26 --> 27 
27 --> 28 
28 --> 29 
29 --> 30 
30 --> 31 
31 --> 32 
32 --> 33 
33 --> 34 
34 --> 35 
35 --> 36 
36 --> 37 
37 --> 38 
38 --> 39 
39 --> 40 
40 --> 41 
41 --> 42 44 
42 --> 43 
43 --> 44 
44 --> 45 
45 --> 46 
46 --> 

* FSM state operations: 

State 1 <SV = 0> <Delay = 2.21>
ST_1 : Operation 47 [1/1] (0.00ns)   --->   "%cols_read = read i32 @_ssdm_op_Read.ap_auto.i32, i32 %cols" [dut.cpp:31]   --->   Operation 47 'read' 'cols_read' <Predicate = true> <Delay = 0.00>
ST_1 : Operation 48 [1/1] (0.00ns)   --->   "%rows_read = read i32 @_ssdm_op_Read.ap_auto.i32, i32 %rows" [dut.cpp:31]   --->   Operation 48 'read' 'rows_read' <Predicate = true> <Delay = 0.00>
ST_1 : Operation 49 [1/1] (0.00ns)   --->   "%trunc_ln31 = trunc i32 %rows_read" [dut.cpp:31]   --->   Operation 49 'trunc' 'trunc_ln31' <Predicate = true> <Delay = 0.00>
ST_1 : Operation 50 [1/1] (0.00ns)   --->   "%standarisedData = alloca i64 1" [./pca.hpp:268->dut.cpp:40]   --->   Operation 50 'alloca' 'standarisedData' <Predicate = true> <Delay = 0.00>
ST_1 : Operation 51 [1/1] (0.00ns)   --->   "%covMatrix = alloca i64 1" [./pca.hpp:273->dut.cpp:40]   --->   Operation 51 'alloca' 'covMatrix' <Predicate = true> <Delay = 0.00>
ST_1 : Operation 52 [1/1] (0.00ns)   --->   "%pca_m_pcVals_0 = alloca i64 1" [dut.cpp:40]   --->   Operation 52 'alloca' 'pca_m_pcVals_0' <Predicate = true> <Delay = 0.00> <CoreInst = "RAM">   --->   Core 83 'RAM' <Latency = 1> <II = 1> <Delay = 0.71> <Storage> <Opcode : 'load' 'store'> <Ports = 2> <Width = 64> <Depth = 3> <RAM>
ST_1 : Operation 53 [1/1] (0.00ns)   --->   "%pca_m_pcVals_1 = alloca i64 1" [dut.cpp:40]   --->   Operation 53 'alloca' 'pca_m_pcVals_1' <Predicate = true> <Delay = 0.00> <CoreInst = "RAM">   --->   Core 83 'RAM' <Latency = 1> <II = 1> <Delay = 0.71> <Storage> <Opcode : 'load' 'store'> <Ports = 2> <Width = 64> <Depth = 3> <RAM>
ST_1 : Operation 54 [1/1] (0.00ns)   --->   "%pca_m_pcVecs = alloca i64 1" [dut.cpp:40]   --->   Operation 54 'alloca' 'pca_m_pcVecs' <Predicate = true> <Delay = 0.00>
ST_1 : Operation 55 [1/1] (0.00ns)   --->   "%pca_m_pcVecs_3 = alloca i64 1" [dut.cpp:40]   --->   Operation 55 'alloca' 'pca_m_pcVecs_3' <Predicate = true> <Delay = 0.00>
ST_1 : Operation 56 [1/1] (0.00ns)   --->   "%pca_m_pcVecs_4 = alloca i64 1" [dut.cpp:40]   --->   Operation 56 'alloca' 'pca_m_pcVecs_4' <Predicate = true> <Delay = 0.00>
ST_1 : Operation 57 [2/2] (2.21ns)   --->   "%call_ln363 = call void @aveImpl<double, 15, 80, 1, 2, 16>, i32 %rows_read, i32 %cols_read, i64 %input_r" [C:/Vitis_Libraries/quantitative_finance/L1/tests/pca/../../../L1/include/xf_fintech\covariance.hpp:363->./pca.hpp:276->dut.cpp:40]   --->   Operation 57 'call' 'call_ln363' <Predicate = true> <Delay = 2.21> <CoreType = "Generic">   --->   Core 0 '' <Latency = 0> <II = 1> <Delay = 1.00> <Generic> <Opcode : >

State 2 <SV = 1> <Delay = 0.00>
ST_2 : Operation 58 [1/2] (0.00ns)   --->   "%call_ln363 = call void @aveImpl<double, 15, 80, 1, 2, 16>, i32 %rows_read, i32 %cols_read, i64 %input_r" [C:/Vitis_Libraries/quantitative_finance/L1/tests/pca/../../../L1/include/xf_fintech\covariance.hpp:363->./pca.hpp:276->dut.cpp:40]   --->   Operation 58 'call' 'call_ln363' <Predicate = true> <Delay = 0.00> <CoreType = "Generic">   --->   Core 0 '' <Latency = 0> <II = 1> <Delay = 1.00> <Generic> <Opcode : >

State 3 <SV = 2> <Delay = 2.29>
ST_3 : Operation 59 [2/2] (1.21ns)   --->   "%call_ln364 = call void @covCoreWrapper<double, 15, 80, 1, 2, 16>, i32 %rows_read, i32 %cols_read, i64 %input_r, i64 %covMatrix" [C:/Vitis_Libraries/quantitative_finance/L1/tests/pca/../../../L1/include/xf_fintech\covariance.hpp:364->./pca.hpp:276->dut.cpp:40]   --->   Operation 59 'call' 'call_ln364' <Predicate = true> <Delay = 1.21> <CoreType = "Generic">   --->   Core 0 '' <Latency = 0> <II = 1> <Delay = 1.00> <Generic> <Opcode : >
ST_3 : Operation 60 [1/1] (0.00ns)   --->   "%zext_ln31 = zext i32 %rows_read" [dut.cpp:31]   --->   Operation 60 'zext' 'zext_ln31' <Predicate = true> <Delay = 0.00>
ST_3 : Operation 61 [2/2] (2.29ns)   --->   "%mul_ln31 = mul i64 %zext_ln31, i64 %zext_ln31" [dut.cpp:31]   --->   Operation 61 'mul' 'mul_ln31' <Predicate = true> <Delay = 2.29> <CoreInst = "Multiplier">   --->   Core 3 'Multiplier' <Latency = 1> <II = 1> <Delay = 2.29> <FuncUnit> <Opcode : 'mul'> <InPorts = 2> <OutPorts = 1>

State 4 <SV = 3> <Delay = 2.29>
ST_4 : Operation 62 [1/2] (0.00ns)   --->   "%call_ln364 = call void @covCoreWrapper<double, 15, 80, 1, 2, 16>, i32 %rows_read, i32 %cols_read, i64 %input_r, i64 %covMatrix" [C:/Vitis_Libraries/quantitative_finance/L1/tests/pca/../../../L1/include/xf_fintech\covariance.hpp:364->./pca.hpp:276->dut.cpp:40]   --->   Operation 62 'call' 'call_ln364' <Predicate = true> <Delay = 0.00> <CoreType = "Generic">   --->   Core 0 '' <Latency = 0> <II = 1> <Delay = 1.00> <Generic> <Opcode : >
ST_4 : Operation 63 [1/2] (2.29ns)   --->   "%mul_ln31 = mul i64 %zext_ln31, i64 %zext_ln31" [dut.cpp:31]   --->   Operation 63 'mul' 'mul_ln31' <Predicate = true> <Delay = 2.29> <CoreInst = "Multiplier">   --->   Core 3 'Multiplier' <Latency = 1> <II = 1> <Delay = 2.29> <FuncUnit> <Opcode : 'mul'> <InPorts = 2> <OutPorts = 1>

State 5 <SV = 4> <Delay = 0.00>
ST_5 : Operation 64 [2/2] (0.00ns)   --->   "%call_ln31 = call void @dut_Pipeline_VITIS_LOOP_277_1_VITIS_LOOP_278_2, i64 %mul_ln31, i32 %rows_read, i8 %trunc_ln31, i64 %covMatrix, i64 %standarisedData" [dut.cpp:31]   --->   Operation 64 'call' 'call_ln31' <Predicate = true> <Delay = 0.00> <CoreType = "Generic">   --->   Core 0 '' <Latency = 0> <II = 1> <Delay = 1.00> <Generic> <Opcode : >

State 6 <SV = 5> <Delay = 0.00>
ST_6 : Operation 65 [1/2] (0.00ns)   --->   "%call_ln31 = call void @dut_Pipeline_VITIS_LOOP_277_1_VITIS_LOOP_278_2, i64 %mul_ln31, i32 %rows_read, i8 %trunc_ln31, i64 %covMatrix, i64 %standarisedData" [dut.cpp:31]   --->   Operation 65 'call' 'call_ln31' <Predicate = true> <Delay = 0.00> <CoreType = "Generic">   --->   Core 0 '' <Latency = 0> <II = 1> <Delay = 1.00> <Generic> <Opcode : >

State 7 <SV = 6> <Delay = 1.00>
ST_7 : Operation 66 [2/2] (1.00ns)   --->   "%call_ln298 = call void @implement, i64 %pca_m_pcVals_0, i64 %pca_m_pcVals_1, i64 %pca_m_pcVecs, i64 %pca_m_pcVecs_3, i64 %pca_m_pcVecs_4, i32 %rows_read, i64 %standarisedData" [./pca.hpp:298->dut.cpp:40]   --->   Operation 66 'call' 'call_ln298' <Predicate = true> <Delay = 1.00> <CoreType = "Generic">   --->   Core 0 '' <Latency = 0> <II = 1> <Delay = 1.00> <Generic> <Opcode : >

State 8 <SV = 7> <Delay = 0.00>
ST_8 : Operation 67 [1/2] (0.00ns)   --->   "%call_ln298 = call void @implement, i64 %pca_m_pcVals_0, i64 %pca_m_pcVals_1, i64 %pca_m_pcVecs, i64 %pca_m_pcVecs_3, i64 %pca_m_pcVecs_4, i32 %rows_read, i64 %standarisedData" [./pca.hpp:298->dut.cpp:40]   --->   Operation 67 'call' 'call_ln298' <Predicate = true> <Delay = 0.00> <CoreType = "Generic">   --->   Core 0 '' <Latency = 0> <II = 1> <Delay = 1.00> <Generic> <Opcode : >

State 9 <SV = 8> <Delay = 0.71>
ST_9 : Operation 68 [1/1] (0.00ns)   --->   "%pca_m_pcVals_1_addr = getelementptr i64 %pca_m_pcVals_1, i64 0, i64 0" [./pca.hpp:343->dut.cpp:41]   --->   Operation 68 'getelementptr' 'pca_m_pcVals_1_addr' <Predicate = true> <Delay = 0.00>
ST_9 : Operation 69 [2/2] (0.71ns)   --->   "%pca_m_pcVals_1_load = load i2 %pca_m_pcVals_1_addr" [./pca.hpp:343->dut.cpp:41]   --->   Operation 69 'load' 'pca_m_pcVals_1_load' <Predicate = true> <Delay = 0.71> <CoreInst = "RAM">   --->   Core 83 'RAM' <Latency = 1> <II = 1> <Delay = 0.71> <Storage> <Opcode : 'load' 'store'> <Ports = 2> <Width = 64> <Depth = 3> <RAM>

State 10 <SV = 9> <Delay = 0.71>
ST_10 : Operation 70 [1/2] (0.71ns)   --->   "%pca_m_pcVals_1_load = load i2 %pca_m_pcVals_1_addr" [./pca.hpp:343->dut.cpp:41]   --->   Operation 70 'load' 'pca_m_pcVals_1_load' <Predicate = true> <Delay = 0.71> <CoreInst = "RAM">   --->   Core 83 'RAM' <Latency = 1> <II = 1> <Delay = 0.71> <Storage> <Opcode : 'load' 'store'> <Ports = 2> <Width = 64> <Depth = 3> <RAM>
ST_10 : Operation 71 [1/1] (0.00ns)   --->   "%pca_m_pcVals_1_addr_1 = getelementptr i64 %pca_m_pcVals_1, i64 0, i64 1" [./pca.hpp:343->dut.cpp:41]   --->   Operation 71 'getelementptr' 'pca_m_pcVals_1_addr_1' <Predicate = true> <Delay = 0.00>
ST_10 : Operation 72 [2/2] (0.71ns)   --->   "%pca_m_pcVals_1_load_1 = load i2 %pca_m_pcVals_1_addr_1" [./pca.hpp:343->dut.cpp:41]   --->   Operation 72 'load' 'pca_m_pcVals_1_load_1' <Predicate = true> <Delay = 0.71> <CoreInst = "RAM">   --->   Core 83 'RAM' <Latency = 1> <II = 1> <Delay = 0.71> <Storage> <Opcode : 'load' 'store'> <Ports = 2> <Width = 64> <Depth = 3> <RAM>
ST_10 : Operation 73 [1/1] (0.00ns)   --->   "%pca_m_pcVals_1_addr_2 = getelementptr i64 %pca_m_pcVals_1, i64 0, i64 2" [./pca.hpp:343->dut.cpp:41]   --->   Operation 73 'getelementptr' 'pca_m_pcVals_1_addr_2' <Predicate = true> <Delay = 0.00>
ST_10 : Operation 74 [2/2] (0.71ns)   --->   "%pca_m_pcVals_1_load_2 = load i2 %pca_m_pcVals_1_addr_2" [./pca.hpp:343->dut.cpp:41]   --->   Operation 74 'load' 'pca_m_pcVals_1_load_2' <Predicate = true> <Delay = 0.71> <CoreInst = "RAM">   --->   Core 83 'RAM' <Latency = 1> <II = 1> <Delay = 0.71> <Storage> <Opcode : 'load' 'store'> <Ports = 2> <Width = 64> <Depth = 3> <RAM>

State 11 <SV = 10> <Delay = 0.71>
ST_11 : Operation 75 [1/2] (0.71ns)   --->   "%pca_m_pcVals_1_load_1 = load i2 %pca_m_pcVals_1_addr_1" [./pca.hpp:343->dut.cpp:41]   --->   Operation 75 'load' 'pca_m_pcVals_1_load_1' <Predicate = true> <Delay = 0.71> <CoreInst = "RAM">   --->   Core 83 'RAM' <Latency = 1> <II = 1> <Delay = 0.71> <Storage> <Opcode : 'load' 'store'> <Ports = 2> <Width = 64> <Depth = 3> <RAM>
ST_11 : Operation 76 [1/2] (0.71ns)   --->   "%pca_m_pcVals_1_load_2 = load i2 %pca_m_pcVals_1_addr_2" [./pca.hpp:343->dut.cpp:41]   --->   Operation 76 'load' 'pca_m_pcVals_1_load_2' <Predicate = true> <Delay = 0.71> <CoreInst = "RAM">   --->   Core 83 'RAM' <Latency = 1> <II = 1> <Delay = 0.71> <Storage> <Opcode : 'load' 'store'> <Ports = 2> <Width = 64> <Depth = 3> <RAM>

State 12 <SV = 11> <Delay = 2.05>
ST_12 : Operation 77 [30/30] (2.05ns)   --->   "%sqrtVals = dsqrt i64 @llvm.sqrt.f64, i64 %pca_m_pcVals_1_load" [C:\scratch\2023.2\hls_product\689\2023.2\src\shared\hls\clib\hlsmath\src\c++\sqrtdouble.cpp:8->./pca.hpp:343->dut.cpp:41]   --->   Operation 77 'dsqrt' 'sqrtVals' <Predicate = true> <Delay = 2.05> <CoreInst = "DSqrt">   --->   Core 52 'DSqrt' <Latency = 29> <II = 1> <Delay = 2.05> <FuncUnit> <Opcode : 'dsqrt'> <InPorts = 1> <OutPorts = 1>
ST_12 : Operation 78 [30/30] (2.05ns)   --->   "%sqrtVals_1 = dsqrt i64 @llvm.sqrt.f64, i64 %pca_m_pcVals_1_load_1" [C:\scratch\2023.2\hls_product\689\2023.2\src\shared\hls\clib\hlsmath\src\c++\sqrtdouble.cpp:8->./pca.hpp:343->dut.cpp:41]   --->   Operation 78 'dsqrt' 'sqrtVals_1' <Predicate = true> <Delay = 2.05> <CoreInst = "DSqrt">   --->   Core 52 'DSqrt' <Latency = 29> <II = 1> <Delay = 2.05> <FuncUnit> <Opcode : 'dsqrt'> <InPorts = 1> <OutPorts = 1>
ST_12 : Operation 79 [30/30] (2.05ns)   --->   "%sqrtVals_2 = dsqrt i64 @llvm.sqrt.f64, i64 %pca_m_pcVals_1_load_2" [C:\scratch\2023.2\hls_product\689\2023.2\src\shared\hls\clib\hlsmath\src\c++\sqrtdouble.cpp:8->./pca.hpp:343->dut.cpp:41]   --->   Operation 79 'dsqrt' 'sqrtVals_2' <Predicate = true> <Delay = 2.05> <CoreInst = "DSqrt">   --->   Core 52 'DSqrt' <Latency = 29> <II = 1> <Delay = 2.05> <FuncUnit> <Opcode : 'dsqrt'> <InPorts = 1> <OutPorts = 1>

State 13 <SV = 12> <Delay = 2.05>
ST_13 : Operation 80 [29/30] (2.05ns)   --->   "%sqrtVals = dsqrt i64 @llvm.sqrt.f64, i64 %pca_m_pcVals_1_load" [C:\scratch\2023.2\hls_product\689\2023.2\src\shared\hls\clib\hlsmath\src\c++\sqrtdouble.cpp:8->./pca.hpp:343->dut.cpp:41]   --->   Operation 80 'dsqrt' 'sqrtVals' <Predicate = true> <Delay = 2.05> <CoreInst = "DSqrt">   --->   Core 52 'DSqrt' <Latency = 29> <II = 1> <Delay = 2.05> <FuncUnit> <Opcode : 'dsqrt'> <InPorts = 1> <OutPorts = 1>
ST_13 : Operation 81 [29/30] (2.05ns)   --->   "%sqrtVals_1 = dsqrt i64 @llvm.sqrt.f64, i64 %pca_m_pcVals_1_load_1" [C:\scratch\2023.2\hls_product\689\2023.2\src\shared\hls\clib\hlsmath\src\c++\sqrtdouble.cpp:8->./pca.hpp:343->dut.cpp:41]   --->   Operation 81 'dsqrt' 'sqrtVals_1' <Predicate = true> <Delay = 2.05> <CoreInst = "DSqrt">   --->   Core 52 'DSqrt' <Latency = 29> <II = 1> <Delay = 2.05> <FuncUnit> <Opcode : 'dsqrt'> <InPorts = 1> <OutPorts = 1>
ST_13 : Operation 82 [29/30] (2.05ns)   --->   "%sqrtVals_2 = dsqrt i64 @llvm.sqrt.f64, i64 %pca_m_pcVals_1_load_2" [C:\scratch\2023.2\hls_product\689\2023.2\src\shared\hls\clib\hlsmath\src\c++\sqrtdouble.cpp:8->./pca.hpp:343->dut.cpp:41]   --->   Operation 82 'dsqrt' 'sqrtVals_2' <Predicate = true> <Delay = 2.05> <CoreInst = "DSqrt">   --->   Core 52 'DSqrt' <Latency = 29> <II = 1> <Delay = 2.05> <FuncUnit> <Opcode : 'dsqrt'> <InPorts = 1> <OutPorts = 1>

State 14 <SV = 13> <Delay = 2.05>
ST_14 : Operation 83 [28/30] (2.05ns)   --->   "%sqrtVals = dsqrt i64 @llvm.sqrt.f64, i64 %pca_m_pcVals_1_load" [C:\scratch\2023.2\hls_product\689\2023.2\src\shared\hls\clib\hlsmath\src\c++\sqrtdouble.cpp:8->./pca.hpp:343->dut.cpp:41]   --->   Operation 83 'dsqrt' 'sqrtVals' <Predicate = true> <Delay = 2.05> <CoreInst = "DSqrt">   --->   Core 52 'DSqrt' <Latency = 29> <II = 1> <Delay = 2.05> <FuncUnit> <Opcode : 'dsqrt'> <InPorts = 1> <OutPorts = 1>
ST_14 : Operation 84 [28/30] (2.05ns)   --->   "%sqrtVals_1 = dsqrt i64 @llvm.sqrt.f64, i64 %pca_m_pcVals_1_load_1" [C:\scratch\2023.2\hls_product\689\2023.2\src\shared\hls\clib\hlsmath\src\c++\sqrtdouble.cpp:8->./pca.hpp:343->dut.cpp:41]   --->   Operation 84 'dsqrt' 'sqrtVals_1' <Predicate = true> <Delay = 2.05> <CoreInst = "DSqrt">   --->   Core 52 'DSqrt' <Latency = 29> <II = 1> <Delay = 2.05> <FuncUnit> <Opcode : 'dsqrt'> <InPorts = 1> <OutPorts = 1>
ST_14 : Operation 85 [28/30] (2.05ns)   --->   "%sqrtVals_2 = dsqrt i64 @llvm.sqrt.f64, i64 %pca_m_pcVals_1_load_2" [C:\scratch\2023.2\hls_product\689\2023.2\src\shared\hls\clib\hlsmath\src\c++\sqrtdouble.cpp:8->./pca.hpp:343->dut.cpp:41]   --->   Operation 85 'dsqrt' 'sqrtVals_2' <Predicate = true> <Delay = 2.05> <CoreInst = "DSqrt">   --->   Core 52 'DSqrt' <Latency = 29> <II = 1> <Delay = 2.05> <FuncUnit> <Opcode : 'dsqrt'> <InPorts = 1> <OutPorts = 1>

State 15 <SV = 14> <Delay = 2.05>
ST_15 : Operation 86 [27/30] (2.05ns)   --->   "%sqrtVals = dsqrt i64 @llvm.sqrt.f64, i64 %pca_m_pcVals_1_load" [C:\scratch\2023.2\hls_product\689\2023.2\src\shared\hls\clib\hlsmath\src\c++\sqrtdouble.cpp:8->./pca.hpp:343->dut.cpp:41]   --->   Operation 86 'dsqrt' 'sqrtVals' <Predicate = true> <Delay = 2.05> <CoreInst = "DSqrt">   --->   Core 52 'DSqrt' <Latency = 29> <II = 1> <Delay = 2.05> <FuncUnit> <Opcode : 'dsqrt'> <InPorts = 1> <OutPorts = 1>
ST_15 : Operation 87 [27/30] (2.05ns)   --->   "%sqrtVals_1 = dsqrt i64 @llvm.sqrt.f64, i64 %pca_m_pcVals_1_load_1" [C:\scratch\2023.2\hls_product\689\2023.2\src\shared\hls\clib\hlsmath\src\c++\sqrtdouble.cpp:8->./pca.hpp:343->dut.cpp:41]   --->   Operation 87 'dsqrt' 'sqrtVals_1' <Predicate = true> <Delay = 2.05> <CoreInst = "DSqrt">   --->   Core 52 'DSqrt' <Latency = 29> <II = 1> <Delay = 2.05> <FuncUnit> <Opcode : 'dsqrt'> <InPorts = 1> <OutPorts = 1>
ST_15 : Operation 88 [27/30] (2.05ns)   --->   "%sqrtVals_2 = dsqrt i64 @llvm.sqrt.f64, i64 %pca_m_pcVals_1_load_2" [C:\scratch\2023.2\hls_product\689\2023.2\src\shared\hls\clib\hlsmath\src\c++\sqrtdouble.cpp:8->./pca.hpp:343->dut.cpp:41]   --->   Operation 88 'dsqrt' 'sqrtVals_2' <Predicate = true> <Delay = 2.05> <CoreInst = "DSqrt">   --->   Core 52 'DSqrt' <Latency = 29> <II = 1> <Delay = 2.05> <FuncUnit> <Opcode : 'dsqrt'> <InPorts = 1> <OutPorts = 1>

State 16 <SV = 15> <Delay = 2.05>
ST_16 : Operation 89 [26/30] (2.05ns)   --->   "%sqrtVals = dsqrt i64 @llvm.sqrt.f64, i64 %pca_m_pcVals_1_load" [C:\scratch\2023.2\hls_product\689\2023.2\src\shared\hls\clib\hlsmath\src\c++\sqrtdouble.cpp:8->./pca.hpp:343->dut.cpp:41]   --->   Operation 89 'dsqrt' 'sqrtVals' <Predicate = true> <Delay = 2.05> <CoreInst = "DSqrt">   --->   Core 52 'DSqrt' <Latency = 29> <II = 1> <Delay = 2.05> <FuncUnit> <Opcode : 'dsqrt'> <InPorts = 1> <OutPorts = 1>
ST_16 : Operation 90 [26/30] (2.05ns)   --->   "%sqrtVals_1 = dsqrt i64 @llvm.sqrt.f64, i64 %pca_m_pcVals_1_load_1" [C:\scratch\2023.2\hls_product\689\2023.2\src\shared\hls\clib\hlsmath\src\c++\sqrtdouble.cpp:8->./pca.hpp:343->dut.cpp:41]   --->   Operation 90 'dsqrt' 'sqrtVals_1' <Predicate = true> <Delay = 2.05> <CoreInst = "DSqrt">   --->   Core 52 'DSqrt' <Latency = 29> <II = 1> <Delay = 2.05> <FuncUnit> <Opcode : 'dsqrt'> <InPorts = 1> <OutPorts = 1>
ST_16 : Operation 91 [26/30] (2.05ns)   --->   "%sqrtVals_2 = dsqrt i64 @llvm.sqrt.f64, i64 %pca_m_pcVals_1_load_2" [C:\scratch\2023.2\hls_product\689\2023.2\src\shared\hls\clib\hlsmath\src\c++\sqrtdouble.cpp:8->./pca.hpp:343->dut.cpp:41]   --->   Operation 91 'dsqrt' 'sqrtVals_2' <Predicate = true> <Delay = 2.05> <CoreInst = "DSqrt">   --->   Core 52 'DSqrt' <Latency = 29> <II = 1> <Delay = 2.05> <FuncUnit> <Opcode : 'dsqrt'> <InPorts = 1> <OutPorts = 1>

State 17 <SV = 16> <Delay = 2.05>
ST_17 : Operation 92 [25/30] (2.05ns)   --->   "%sqrtVals = dsqrt i64 @llvm.sqrt.f64, i64 %pca_m_pcVals_1_load" [C:\scratch\2023.2\hls_product\689\2023.2\src\shared\hls\clib\hlsmath\src\c++\sqrtdouble.cpp:8->./pca.hpp:343->dut.cpp:41]   --->   Operation 92 'dsqrt' 'sqrtVals' <Predicate = true> <Delay = 2.05> <CoreInst = "DSqrt">   --->   Core 52 'DSqrt' <Latency = 29> <II = 1> <Delay = 2.05> <FuncUnit> <Opcode : 'dsqrt'> <InPorts = 1> <OutPorts = 1>
ST_17 : Operation 93 [25/30] (2.05ns)   --->   "%sqrtVals_1 = dsqrt i64 @llvm.sqrt.f64, i64 %pca_m_pcVals_1_load_1" [C:\scratch\2023.2\hls_product\689\2023.2\src\shared\hls\clib\hlsmath\src\c++\sqrtdouble.cpp:8->./pca.hpp:343->dut.cpp:41]   --->   Operation 93 'dsqrt' 'sqrtVals_1' <Predicate = true> <Delay = 2.05> <CoreInst = "DSqrt">   --->   Core 52 'DSqrt' <Latency = 29> <II = 1> <Delay = 2.05> <FuncUnit> <Opcode : 'dsqrt'> <InPorts = 1> <OutPorts = 1>
ST_17 : Operation 94 [25/30] (2.05ns)   --->   "%sqrtVals_2 = dsqrt i64 @llvm.sqrt.f64, i64 %pca_m_pcVals_1_load_2" [C:\scratch\2023.2\hls_product\689\2023.2\src\shared\hls\clib\hlsmath\src\c++\sqrtdouble.cpp:8->./pca.hpp:343->dut.cpp:41]   --->   Operation 94 'dsqrt' 'sqrtVals_2' <Predicate = true> <Delay = 2.05> <CoreInst = "DSqrt">   --->   Core 52 'DSqrt' <Latency = 29> <II = 1> <Delay = 2.05> <FuncUnit> <Opcode : 'dsqrt'> <InPorts = 1> <OutPorts = 1>

State 18 <SV = 17> <Delay = 2.05>
ST_18 : Operation 95 [24/30] (2.05ns)   --->   "%sqrtVals = dsqrt i64 @llvm.sqrt.f64, i64 %pca_m_pcVals_1_load" [C:\scratch\2023.2\hls_product\689\2023.2\src\shared\hls\clib\hlsmath\src\c++\sqrtdouble.cpp:8->./pca.hpp:343->dut.cpp:41]   --->   Operation 95 'dsqrt' 'sqrtVals' <Predicate = true> <Delay = 2.05> <CoreInst = "DSqrt">   --->   Core 52 'DSqrt' <Latency = 29> <II = 1> <Delay = 2.05> <FuncUnit> <Opcode : 'dsqrt'> <InPorts = 1> <OutPorts = 1>
ST_18 : Operation 96 [24/30] (2.05ns)   --->   "%sqrtVals_1 = dsqrt i64 @llvm.sqrt.f64, i64 %pca_m_pcVals_1_load_1" [C:\scratch\2023.2\hls_product\689\2023.2\src\shared\hls\clib\hlsmath\src\c++\sqrtdouble.cpp:8->./pca.hpp:343->dut.cpp:41]   --->   Operation 96 'dsqrt' 'sqrtVals_1' <Predicate = true> <Delay = 2.05> <CoreInst = "DSqrt">   --->   Core 52 'DSqrt' <Latency = 29> <II = 1> <Delay = 2.05> <FuncUnit> <Opcode : 'dsqrt'> <InPorts = 1> <OutPorts = 1>
ST_18 : Operation 97 [24/30] (2.05ns)   --->   "%sqrtVals_2 = dsqrt i64 @llvm.sqrt.f64, i64 %pca_m_pcVals_1_load_2" [C:\scratch\2023.2\hls_product\689\2023.2\src\shared\hls\clib\hlsmath\src\c++\sqrtdouble.cpp:8->./pca.hpp:343->dut.cpp:41]   --->   Operation 97 'dsqrt' 'sqrtVals_2' <Predicate = true> <Delay = 2.05> <CoreInst = "DSqrt">   --->   Core 52 'DSqrt' <Latency = 29> <II = 1> <Delay = 2.05> <FuncUnit> <Opcode : 'dsqrt'> <InPorts = 1> <OutPorts = 1>

State 19 <SV = 18> <Delay = 2.05>
ST_19 : Operation 98 [23/30] (2.05ns)   --->   "%sqrtVals = dsqrt i64 @llvm.sqrt.f64, i64 %pca_m_pcVals_1_load" [C:\scratch\2023.2\hls_product\689\2023.2\src\shared\hls\clib\hlsmath\src\c++\sqrtdouble.cpp:8->./pca.hpp:343->dut.cpp:41]   --->   Operation 98 'dsqrt' 'sqrtVals' <Predicate = true> <Delay = 2.05> <CoreInst = "DSqrt">   --->   Core 52 'DSqrt' <Latency = 29> <II = 1> <Delay = 2.05> <FuncUnit> <Opcode : 'dsqrt'> <InPorts = 1> <OutPorts = 1>
ST_19 : Operation 99 [23/30] (2.05ns)   --->   "%sqrtVals_1 = dsqrt i64 @llvm.sqrt.f64, i64 %pca_m_pcVals_1_load_1" [C:\scratch\2023.2\hls_product\689\2023.2\src\shared\hls\clib\hlsmath\src\c++\sqrtdouble.cpp:8->./pca.hpp:343->dut.cpp:41]   --->   Operation 99 'dsqrt' 'sqrtVals_1' <Predicate = true> <Delay = 2.05> <CoreInst = "DSqrt">   --->   Core 52 'DSqrt' <Latency = 29> <II = 1> <Delay = 2.05> <FuncUnit> <Opcode : 'dsqrt'> <InPorts = 1> <OutPorts = 1>
ST_19 : Operation 100 [23/30] (2.05ns)   --->   "%sqrtVals_2 = dsqrt i64 @llvm.sqrt.f64, i64 %pca_m_pcVals_1_load_2" [C:\scratch\2023.2\hls_product\689\2023.2\src\shared\hls\clib\hlsmath\src\c++\sqrtdouble.cpp:8->./pca.hpp:343->dut.cpp:41]   --->   Operation 100 'dsqrt' 'sqrtVals_2' <Predicate = true> <Delay = 2.05> <CoreInst = "DSqrt">   --->   Core 52 'DSqrt' <Latency = 29> <II = 1> <Delay = 2.05> <FuncUnit> <Opcode : 'dsqrt'> <InPorts = 1> <OutPorts = 1>

State 20 <SV = 19> <Delay = 2.05>
ST_20 : Operation 101 [22/30] (2.05ns)   --->   "%sqrtVals = dsqrt i64 @llvm.sqrt.f64, i64 %pca_m_pcVals_1_load" [C:\scratch\2023.2\hls_product\689\2023.2\src\shared\hls\clib\hlsmath\src\c++\sqrtdouble.cpp:8->./pca.hpp:343->dut.cpp:41]   --->   Operation 101 'dsqrt' 'sqrtVals' <Predicate = true> <Delay = 2.05> <CoreInst = "DSqrt">   --->   Core 52 'DSqrt' <Latency = 29> <II = 1> <Delay = 2.05> <FuncUnit> <Opcode : 'dsqrt'> <InPorts = 1> <OutPorts = 1>
ST_20 : Operation 102 [22/30] (2.05ns)   --->   "%sqrtVals_1 = dsqrt i64 @llvm.sqrt.f64, i64 %pca_m_pcVals_1_load_1" [C:\scratch\2023.2\hls_product\689\2023.2\src\shared\hls\clib\hlsmath\src\c++\sqrtdouble.cpp:8->./pca.hpp:343->dut.cpp:41]   --->   Operation 102 'dsqrt' 'sqrtVals_1' <Predicate = true> <Delay = 2.05> <CoreInst = "DSqrt">   --->   Core 52 'DSqrt' <Latency = 29> <II = 1> <Delay = 2.05> <FuncUnit> <Opcode : 'dsqrt'> <InPorts = 1> <OutPorts = 1>
ST_20 : Operation 103 [22/30] (2.05ns)   --->   "%sqrtVals_2 = dsqrt i64 @llvm.sqrt.f64, i64 %pca_m_pcVals_1_load_2" [C:\scratch\2023.2\hls_product\689\2023.2\src\shared\hls\clib\hlsmath\src\c++\sqrtdouble.cpp:8->./pca.hpp:343->dut.cpp:41]   --->   Operation 103 'dsqrt' 'sqrtVals_2' <Predicate = true> <Delay = 2.05> <CoreInst = "DSqrt">   --->   Core 52 'DSqrt' <Latency = 29> <II = 1> <Delay = 2.05> <FuncUnit> <Opcode : 'dsqrt'> <InPorts = 1> <OutPorts = 1>

State 21 <SV = 20> <Delay = 2.05>
ST_21 : Operation 104 [21/30] (2.05ns)   --->   "%sqrtVals = dsqrt i64 @llvm.sqrt.f64, i64 %pca_m_pcVals_1_load" [C:\scratch\2023.2\hls_product\689\2023.2\src\shared\hls\clib\hlsmath\src\c++\sqrtdouble.cpp:8->./pca.hpp:343->dut.cpp:41]   --->   Operation 104 'dsqrt' 'sqrtVals' <Predicate = true> <Delay = 2.05> <CoreInst = "DSqrt">   --->   Core 52 'DSqrt' <Latency = 29> <II = 1> <Delay = 2.05> <FuncUnit> <Opcode : 'dsqrt'> <InPorts = 1> <OutPorts = 1>
ST_21 : Operation 105 [21/30] (2.05ns)   --->   "%sqrtVals_1 = dsqrt i64 @llvm.sqrt.f64, i64 %pca_m_pcVals_1_load_1" [C:\scratch\2023.2\hls_product\689\2023.2\src\shared\hls\clib\hlsmath\src\c++\sqrtdouble.cpp:8->./pca.hpp:343->dut.cpp:41]   --->   Operation 105 'dsqrt' 'sqrtVals_1' <Predicate = true> <Delay = 2.05> <CoreInst = "DSqrt">   --->   Core 52 'DSqrt' <Latency = 29> <II = 1> <Delay = 2.05> <FuncUnit> <Opcode : 'dsqrt'> <InPorts = 1> <OutPorts = 1>
ST_21 : Operation 106 [21/30] (2.05ns)   --->   "%sqrtVals_2 = dsqrt i64 @llvm.sqrt.f64, i64 %pca_m_pcVals_1_load_2" [C:\scratch\2023.2\hls_product\689\2023.2\src\shared\hls\clib\hlsmath\src\c++\sqrtdouble.cpp:8->./pca.hpp:343->dut.cpp:41]   --->   Operation 106 'dsqrt' 'sqrtVals_2' <Predicate = true> <Delay = 2.05> <CoreInst = "DSqrt">   --->   Core 52 'DSqrt' <Latency = 29> <II = 1> <Delay = 2.05> <FuncUnit> <Opcode : 'dsqrt'> <InPorts = 1> <OutPorts = 1>

State 22 <SV = 21> <Delay = 2.05>
ST_22 : Operation 107 [20/30] (2.05ns)   --->   "%sqrtVals = dsqrt i64 @llvm.sqrt.f64, i64 %pca_m_pcVals_1_load" [C:\scratch\2023.2\hls_product\689\2023.2\src\shared\hls\clib\hlsmath\src\c++\sqrtdouble.cpp:8->./pca.hpp:343->dut.cpp:41]   --->   Operation 107 'dsqrt' 'sqrtVals' <Predicate = true> <Delay = 2.05> <CoreInst = "DSqrt">   --->   Core 52 'DSqrt' <Latency = 29> <II = 1> <Delay = 2.05> <FuncUnit> <Opcode : 'dsqrt'> <InPorts = 1> <OutPorts = 1>
ST_22 : Operation 108 [20/30] (2.05ns)   --->   "%sqrtVals_1 = dsqrt i64 @llvm.sqrt.f64, i64 %pca_m_pcVals_1_load_1" [C:\scratch\2023.2\hls_product\689\2023.2\src\shared\hls\clib\hlsmath\src\c++\sqrtdouble.cpp:8->./pca.hpp:343->dut.cpp:41]   --->   Operation 108 'dsqrt' 'sqrtVals_1' <Predicate = true> <Delay = 2.05> <CoreInst = "DSqrt">   --->   Core 52 'DSqrt' <Latency = 29> <II = 1> <Delay = 2.05> <FuncUnit> <Opcode : 'dsqrt'> <InPorts = 1> <OutPorts = 1>
ST_22 : Operation 109 [20/30] (2.05ns)   --->   "%sqrtVals_2 = dsqrt i64 @llvm.sqrt.f64, i64 %pca_m_pcVals_1_load_2" [C:\scratch\2023.2\hls_product\689\2023.2\src\shared\hls\clib\hlsmath\src\c++\sqrtdouble.cpp:8->./pca.hpp:343->dut.cpp:41]   --->   Operation 109 'dsqrt' 'sqrtVals_2' <Predicate = true> <Delay = 2.05> <CoreInst = "DSqrt">   --->   Core 52 'DSqrt' <Latency = 29> <II = 1> <Delay = 2.05> <FuncUnit> <Opcode : 'dsqrt'> <InPorts = 1> <OutPorts = 1>

State 23 <SV = 22> <Delay = 2.05>
ST_23 : Operation 110 [19/30] (2.05ns)   --->   "%sqrtVals = dsqrt i64 @llvm.sqrt.f64, i64 %pca_m_pcVals_1_load" [C:\scratch\2023.2\hls_product\689\2023.2\src\shared\hls\clib\hlsmath\src\c++\sqrtdouble.cpp:8->./pca.hpp:343->dut.cpp:41]   --->   Operation 110 'dsqrt' 'sqrtVals' <Predicate = true> <Delay = 2.05> <CoreInst = "DSqrt">   --->   Core 52 'DSqrt' <Latency = 29> <II = 1> <Delay = 2.05> <FuncUnit> <Opcode : 'dsqrt'> <InPorts = 1> <OutPorts = 1>
ST_23 : Operation 111 [19/30] (2.05ns)   --->   "%sqrtVals_1 = dsqrt i64 @llvm.sqrt.f64, i64 %pca_m_pcVals_1_load_1" [C:\scratch\2023.2\hls_product\689\2023.2\src\shared\hls\clib\hlsmath\src\c++\sqrtdouble.cpp:8->./pca.hpp:343->dut.cpp:41]   --->   Operation 111 'dsqrt' 'sqrtVals_1' <Predicate = true> <Delay = 2.05> <CoreInst = "DSqrt">   --->   Core 52 'DSqrt' <Latency = 29> <II = 1> <Delay = 2.05> <FuncUnit> <Opcode : 'dsqrt'> <InPorts = 1> <OutPorts = 1>
ST_23 : Operation 112 [19/30] (2.05ns)   --->   "%sqrtVals_2 = dsqrt i64 @llvm.sqrt.f64, i64 %pca_m_pcVals_1_load_2" [C:\scratch\2023.2\hls_product\689\2023.2\src\shared\hls\clib\hlsmath\src\c++\sqrtdouble.cpp:8->./pca.hpp:343->dut.cpp:41]   --->   Operation 112 'dsqrt' 'sqrtVals_2' <Predicate = true> <Delay = 2.05> <CoreInst = "DSqrt">   --->   Core 52 'DSqrt' <Latency = 29> <II = 1> <Delay = 2.05> <FuncUnit> <Opcode : 'dsqrt'> <InPorts = 1> <OutPorts = 1>

State 24 <SV = 23> <Delay = 2.05>
ST_24 : Operation 113 [18/30] (2.05ns)   --->   "%sqrtVals = dsqrt i64 @llvm.sqrt.f64, i64 %pca_m_pcVals_1_load" [C:\scratch\2023.2\hls_product\689\2023.2\src\shared\hls\clib\hlsmath\src\c++\sqrtdouble.cpp:8->./pca.hpp:343->dut.cpp:41]   --->   Operation 113 'dsqrt' 'sqrtVals' <Predicate = true> <Delay = 2.05> <CoreInst = "DSqrt">   --->   Core 52 'DSqrt' <Latency = 29> <II = 1> <Delay = 2.05> <FuncUnit> <Opcode : 'dsqrt'> <InPorts = 1> <OutPorts = 1>
ST_24 : Operation 114 [18/30] (2.05ns)   --->   "%sqrtVals_1 = dsqrt i64 @llvm.sqrt.f64, i64 %pca_m_pcVals_1_load_1" [C:\scratch\2023.2\hls_product\689\2023.2\src\shared\hls\clib\hlsmath\src\c++\sqrtdouble.cpp:8->./pca.hpp:343->dut.cpp:41]   --->   Operation 114 'dsqrt' 'sqrtVals_1' <Predicate = true> <Delay = 2.05> <CoreInst = "DSqrt">   --->   Core 52 'DSqrt' <Latency = 29> <II = 1> <Delay = 2.05> <FuncUnit> <Opcode : 'dsqrt'> <InPorts = 1> <OutPorts = 1>
ST_24 : Operation 115 [18/30] (2.05ns)   --->   "%sqrtVals_2 = dsqrt i64 @llvm.sqrt.f64, i64 %pca_m_pcVals_1_load_2" [C:\scratch\2023.2\hls_product\689\2023.2\src\shared\hls\clib\hlsmath\src\c++\sqrtdouble.cpp:8->./pca.hpp:343->dut.cpp:41]   --->   Operation 115 'dsqrt' 'sqrtVals_2' <Predicate = true> <Delay = 2.05> <CoreInst = "DSqrt">   --->   Core 52 'DSqrt' <Latency = 29> <II = 1> <Delay = 2.05> <FuncUnit> <Opcode : 'dsqrt'> <InPorts = 1> <OutPorts = 1>

State 25 <SV = 24> <Delay = 2.05>
ST_25 : Operation 116 [17/30] (2.05ns)   --->   "%sqrtVals = dsqrt i64 @llvm.sqrt.f64, i64 %pca_m_pcVals_1_load" [C:\scratch\2023.2\hls_product\689\2023.2\src\shared\hls\clib\hlsmath\src\c++\sqrtdouble.cpp:8->./pca.hpp:343->dut.cpp:41]   --->   Operation 116 'dsqrt' 'sqrtVals' <Predicate = true> <Delay = 2.05> <CoreInst = "DSqrt">   --->   Core 52 'DSqrt' <Latency = 29> <II = 1> <Delay = 2.05> <FuncUnit> <Opcode : 'dsqrt'> <InPorts = 1> <OutPorts = 1>
ST_25 : Operation 117 [17/30] (2.05ns)   --->   "%sqrtVals_1 = dsqrt i64 @llvm.sqrt.f64, i64 %pca_m_pcVals_1_load_1" [C:\scratch\2023.2\hls_product\689\2023.2\src\shared\hls\clib\hlsmath\src\c++\sqrtdouble.cpp:8->./pca.hpp:343->dut.cpp:41]   --->   Operation 117 'dsqrt' 'sqrtVals_1' <Predicate = true> <Delay = 2.05> <CoreInst = "DSqrt">   --->   Core 52 'DSqrt' <Latency = 29> <II = 1> <Delay = 2.05> <FuncUnit> <Opcode : 'dsqrt'> <InPorts = 1> <OutPorts = 1>
ST_25 : Operation 118 [17/30] (2.05ns)   --->   "%sqrtVals_2 = dsqrt i64 @llvm.sqrt.f64, i64 %pca_m_pcVals_1_load_2" [C:\scratch\2023.2\hls_product\689\2023.2\src\shared\hls\clib\hlsmath\src\c++\sqrtdouble.cpp:8->./pca.hpp:343->dut.cpp:41]   --->   Operation 118 'dsqrt' 'sqrtVals_2' <Predicate = true> <Delay = 2.05> <CoreInst = "DSqrt">   --->   Core 52 'DSqrt' <Latency = 29> <II = 1> <Delay = 2.05> <FuncUnit> <Opcode : 'dsqrt'> <InPorts = 1> <OutPorts = 1>

State 26 <SV = 25> <Delay = 2.05>
ST_26 : Operation 119 [16/30] (2.05ns)   --->   "%sqrtVals = dsqrt i64 @llvm.sqrt.f64, i64 %pca_m_pcVals_1_load" [C:\scratch\2023.2\hls_product\689\2023.2\src\shared\hls\clib\hlsmath\src\c++\sqrtdouble.cpp:8->./pca.hpp:343->dut.cpp:41]   --->   Operation 119 'dsqrt' 'sqrtVals' <Predicate = true> <Delay = 2.05> <CoreInst = "DSqrt">   --->   Core 52 'DSqrt' <Latency = 29> <II = 1> <Delay = 2.05> <FuncUnit> <Opcode : 'dsqrt'> <InPorts = 1> <OutPorts = 1>
ST_26 : Operation 120 [16/30] (2.05ns)   --->   "%sqrtVals_1 = dsqrt i64 @llvm.sqrt.f64, i64 %pca_m_pcVals_1_load_1" [C:\scratch\2023.2\hls_product\689\2023.2\src\shared\hls\clib\hlsmath\src\c++\sqrtdouble.cpp:8->./pca.hpp:343->dut.cpp:41]   --->   Operation 120 'dsqrt' 'sqrtVals_1' <Predicate = true> <Delay = 2.05> <CoreInst = "DSqrt">   --->   Core 52 'DSqrt' <Latency = 29> <II = 1> <Delay = 2.05> <FuncUnit> <Opcode : 'dsqrt'> <InPorts = 1> <OutPorts = 1>
ST_26 : Operation 121 [16/30] (2.05ns)   --->   "%sqrtVals_2 = dsqrt i64 @llvm.sqrt.f64, i64 %pca_m_pcVals_1_load_2" [C:\scratch\2023.2\hls_product\689\2023.2\src\shared\hls\clib\hlsmath\src\c++\sqrtdouble.cpp:8->./pca.hpp:343->dut.cpp:41]   --->   Operation 121 'dsqrt' 'sqrtVals_2' <Predicate = true> <Delay = 2.05> <CoreInst = "DSqrt">   --->   Core 52 'DSqrt' <Latency = 29> <II = 1> <Delay = 2.05> <FuncUnit> <Opcode : 'dsqrt'> <InPorts = 1> <OutPorts = 1>

State 27 <SV = 26> <Delay = 2.05>
ST_27 : Operation 122 [15/30] (2.05ns)   --->   "%sqrtVals = dsqrt i64 @llvm.sqrt.f64, i64 %pca_m_pcVals_1_load" [C:\scratch\2023.2\hls_product\689\2023.2\src\shared\hls\clib\hlsmath\src\c++\sqrtdouble.cpp:8->./pca.hpp:343->dut.cpp:41]   --->   Operation 122 'dsqrt' 'sqrtVals' <Predicate = true> <Delay = 2.05> <CoreInst = "DSqrt">   --->   Core 52 'DSqrt' <Latency = 29> <II = 1> <Delay = 2.05> <FuncUnit> <Opcode : 'dsqrt'> <InPorts = 1> <OutPorts = 1>
ST_27 : Operation 123 [15/30] (2.05ns)   --->   "%sqrtVals_1 = dsqrt i64 @llvm.sqrt.f64, i64 %pca_m_pcVals_1_load_1" [C:\scratch\2023.2\hls_product\689\2023.2\src\shared\hls\clib\hlsmath\src\c++\sqrtdouble.cpp:8->./pca.hpp:343->dut.cpp:41]   --->   Operation 123 'dsqrt' 'sqrtVals_1' <Predicate = true> <Delay = 2.05> <CoreInst = "DSqrt">   --->   Core 52 'DSqrt' <Latency = 29> <II = 1> <Delay = 2.05> <FuncUnit> <Opcode : 'dsqrt'> <InPorts = 1> <OutPorts = 1>
ST_27 : Operation 124 [15/30] (2.05ns)   --->   "%sqrtVals_2 = dsqrt i64 @llvm.sqrt.f64, i64 %pca_m_pcVals_1_load_2" [C:\scratch\2023.2\hls_product\689\2023.2\src\shared\hls\clib\hlsmath\src\c++\sqrtdouble.cpp:8->./pca.hpp:343->dut.cpp:41]   --->   Operation 124 'dsqrt' 'sqrtVals_2' <Predicate = true> <Delay = 2.05> <CoreInst = "DSqrt">   --->   Core 52 'DSqrt' <Latency = 29> <II = 1> <Delay = 2.05> <FuncUnit> <Opcode : 'dsqrt'> <InPorts = 1> <OutPorts = 1>

State 28 <SV = 27> <Delay = 2.05>
ST_28 : Operation 125 [14/30] (2.05ns)   --->   "%sqrtVals = dsqrt i64 @llvm.sqrt.f64, i64 %pca_m_pcVals_1_load" [C:\scratch\2023.2\hls_product\689\2023.2\src\shared\hls\clib\hlsmath\src\c++\sqrtdouble.cpp:8->./pca.hpp:343->dut.cpp:41]   --->   Operation 125 'dsqrt' 'sqrtVals' <Predicate = true> <Delay = 2.05> <CoreInst = "DSqrt">   --->   Core 52 'DSqrt' <Latency = 29> <II = 1> <Delay = 2.05> <FuncUnit> <Opcode : 'dsqrt'> <InPorts = 1> <OutPorts = 1>
ST_28 : Operation 126 [14/30] (2.05ns)   --->   "%sqrtVals_1 = dsqrt i64 @llvm.sqrt.f64, i64 %pca_m_pcVals_1_load_1" [C:\scratch\2023.2\hls_product\689\2023.2\src\shared\hls\clib\hlsmath\src\c++\sqrtdouble.cpp:8->./pca.hpp:343->dut.cpp:41]   --->   Operation 126 'dsqrt' 'sqrtVals_1' <Predicate = true> <Delay = 2.05> <CoreInst = "DSqrt">   --->   Core 52 'DSqrt' <Latency = 29> <II = 1> <Delay = 2.05> <FuncUnit> <Opcode : 'dsqrt'> <InPorts = 1> <OutPorts = 1>
ST_28 : Operation 127 [14/30] (2.05ns)   --->   "%sqrtVals_2 = dsqrt i64 @llvm.sqrt.f64, i64 %pca_m_pcVals_1_load_2" [C:\scratch\2023.2\hls_product\689\2023.2\src\shared\hls\clib\hlsmath\src\c++\sqrtdouble.cpp:8->./pca.hpp:343->dut.cpp:41]   --->   Operation 127 'dsqrt' 'sqrtVals_2' <Predicate = true> <Delay = 2.05> <CoreInst = "DSqrt">   --->   Core 52 'DSqrt' <Latency = 29> <II = 1> <Delay = 2.05> <FuncUnit> <Opcode : 'dsqrt'> <InPorts = 1> <OutPorts = 1>

State 29 <SV = 28> <Delay = 2.05>
ST_29 : Operation 128 [13/30] (2.05ns)   --->   "%sqrtVals = dsqrt i64 @llvm.sqrt.f64, i64 %pca_m_pcVals_1_load" [C:\scratch\2023.2\hls_product\689\2023.2\src\shared\hls\clib\hlsmath\src\c++\sqrtdouble.cpp:8->./pca.hpp:343->dut.cpp:41]   --->   Operation 128 'dsqrt' 'sqrtVals' <Predicate = true> <Delay = 2.05> <CoreInst = "DSqrt">   --->   Core 52 'DSqrt' <Latency = 29> <II = 1> <Delay = 2.05> <FuncUnit> <Opcode : 'dsqrt'> <InPorts = 1> <OutPorts = 1>
ST_29 : Operation 129 [13/30] (2.05ns)   --->   "%sqrtVals_1 = dsqrt i64 @llvm.sqrt.f64, i64 %pca_m_pcVals_1_load_1" [C:\scratch\2023.2\hls_product\689\2023.2\src\shared\hls\clib\hlsmath\src\c++\sqrtdouble.cpp:8->./pca.hpp:343->dut.cpp:41]   --->   Operation 129 'dsqrt' 'sqrtVals_1' <Predicate = true> <Delay = 2.05> <CoreInst = "DSqrt">   --->   Core 52 'DSqrt' <Latency = 29> <II = 1> <Delay = 2.05> <FuncUnit> <Opcode : 'dsqrt'> <InPorts = 1> <OutPorts = 1>
ST_29 : Operation 130 [13/30] (2.05ns)   --->   "%sqrtVals_2 = dsqrt i64 @llvm.sqrt.f64, i64 %pca_m_pcVals_1_load_2" [C:\scratch\2023.2\hls_product\689\2023.2\src\shared\hls\clib\hlsmath\src\c++\sqrtdouble.cpp:8->./pca.hpp:343->dut.cpp:41]   --->   Operation 130 'dsqrt' 'sqrtVals_2' <Predicate = true> <Delay = 2.05> <CoreInst = "DSqrt">   --->   Core 52 'DSqrt' <Latency = 29> <II = 1> <Delay = 2.05> <FuncUnit> <Opcode : 'dsqrt'> <InPorts = 1> <OutPorts = 1>

State 30 <SV = 29> <Delay = 2.05>
ST_30 : Operation 131 [12/30] (2.05ns)   --->   "%sqrtVals = dsqrt i64 @llvm.sqrt.f64, i64 %pca_m_pcVals_1_load" [C:\scratch\2023.2\hls_product\689\2023.2\src\shared\hls\clib\hlsmath\src\c++\sqrtdouble.cpp:8->./pca.hpp:343->dut.cpp:41]   --->   Operation 131 'dsqrt' 'sqrtVals' <Predicate = true> <Delay = 2.05> <CoreInst = "DSqrt">   --->   Core 52 'DSqrt' <Latency = 29> <II = 1> <Delay = 2.05> <FuncUnit> <Opcode : 'dsqrt'> <InPorts = 1> <OutPorts = 1>
ST_30 : Operation 132 [12/30] (2.05ns)   --->   "%sqrtVals_1 = dsqrt i64 @llvm.sqrt.f64, i64 %pca_m_pcVals_1_load_1" [C:\scratch\2023.2\hls_product\689\2023.2\src\shared\hls\clib\hlsmath\src\c++\sqrtdouble.cpp:8->./pca.hpp:343->dut.cpp:41]   --->   Operation 132 'dsqrt' 'sqrtVals_1' <Predicate = true> <Delay = 2.05> <CoreInst = "DSqrt">   --->   Core 52 'DSqrt' <Latency = 29> <II = 1> <Delay = 2.05> <FuncUnit> <Opcode : 'dsqrt'> <InPorts = 1> <OutPorts = 1>
ST_30 : Operation 133 [12/30] (2.05ns)   --->   "%sqrtVals_2 = dsqrt i64 @llvm.sqrt.f64, i64 %pca_m_pcVals_1_load_2" [C:\scratch\2023.2\hls_product\689\2023.2\src\shared\hls\clib\hlsmath\src\c++\sqrtdouble.cpp:8->./pca.hpp:343->dut.cpp:41]   --->   Operation 133 'dsqrt' 'sqrtVals_2' <Predicate = true> <Delay = 2.05> <CoreInst = "DSqrt">   --->   Core 52 'DSqrt' <Latency = 29> <II = 1> <Delay = 2.05> <FuncUnit> <Opcode : 'dsqrt'> <InPorts = 1> <OutPorts = 1>

State 31 <SV = 30> <Delay = 2.05>
ST_31 : Operation 134 [11/30] (2.05ns)   --->   "%sqrtVals = dsqrt i64 @llvm.sqrt.f64, i64 %pca_m_pcVals_1_load" [C:\scratch\2023.2\hls_product\689\2023.2\src\shared\hls\clib\hlsmath\src\c++\sqrtdouble.cpp:8->./pca.hpp:343->dut.cpp:41]   --->   Operation 134 'dsqrt' 'sqrtVals' <Predicate = true> <Delay = 2.05> <CoreInst = "DSqrt">   --->   Core 52 'DSqrt' <Latency = 29> <II = 1> <Delay = 2.05> <FuncUnit> <Opcode : 'dsqrt'> <InPorts = 1> <OutPorts = 1>
ST_31 : Operation 135 [11/30] (2.05ns)   --->   "%sqrtVals_1 = dsqrt i64 @llvm.sqrt.f64, i64 %pca_m_pcVals_1_load_1" [C:\scratch\2023.2\hls_product\689\2023.2\src\shared\hls\clib\hlsmath\src\c++\sqrtdouble.cpp:8->./pca.hpp:343->dut.cpp:41]   --->   Operation 135 'dsqrt' 'sqrtVals_1' <Predicate = true> <Delay = 2.05> <CoreInst = "DSqrt">   --->   Core 52 'DSqrt' <Latency = 29> <II = 1> <Delay = 2.05> <FuncUnit> <Opcode : 'dsqrt'> <InPorts = 1> <OutPorts = 1>
ST_31 : Operation 136 [11/30] (2.05ns)   --->   "%sqrtVals_2 = dsqrt i64 @llvm.sqrt.f64, i64 %pca_m_pcVals_1_load_2" [C:\scratch\2023.2\hls_product\689\2023.2\src\shared\hls\clib\hlsmath\src\c++\sqrtdouble.cpp:8->./pca.hpp:343->dut.cpp:41]   --->   Operation 136 'dsqrt' 'sqrtVals_2' <Predicate = true> <Delay = 2.05> <CoreInst = "DSqrt">   --->   Core 52 'DSqrt' <Latency = 29> <II = 1> <Delay = 2.05> <FuncUnit> <Opcode : 'dsqrt'> <InPorts = 1> <OutPorts = 1>

State 32 <SV = 31> <Delay = 2.05>
ST_32 : Operation 137 [10/30] (2.05ns)   --->   "%sqrtVals = dsqrt i64 @llvm.sqrt.f64, i64 %pca_m_pcVals_1_load" [C:\scratch\2023.2\hls_product\689\2023.2\src\shared\hls\clib\hlsmath\src\c++\sqrtdouble.cpp:8->./pca.hpp:343->dut.cpp:41]   --->   Operation 137 'dsqrt' 'sqrtVals' <Predicate = true> <Delay = 2.05> <CoreInst = "DSqrt">   --->   Core 52 'DSqrt' <Latency = 29> <II = 1> <Delay = 2.05> <FuncUnit> <Opcode : 'dsqrt'> <InPorts = 1> <OutPorts = 1>
ST_32 : Operation 138 [10/30] (2.05ns)   --->   "%sqrtVals_1 = dsqrt i64 @llvm.sqrt.f64, i64 %pca_m_pcVals_1_load_1" [C:\scratch\2023.2\hls_product\689\2023.2\src\shared\hls\clib\hlsmath\src\c++\sqrtdouble.cpp:8->./pca.hpp:343->dut.cpp:41]   --->   Operation 138 'dsqrt' 'sqrtVals_1' <Predicate = true> <Delay = 2.05> <CoreInst = "DSqrt">   --->   Core 52 'DSqrt' <Latency = 29> <II = 1> <Delay = 2.05> <FuncUnit> <Opcode : 'dsqrt'> <InPorts = 1> <OutPorts = 1>
ST_32 : Operation 139 [10/30] (2.05ns)   --->   "%sqrtVals_2 = dsqrt i64 @llvm.sqrt.f64, i64 %pca_m_pcVals_1_load_2" [C:\scratch\2023.2\hls_product\689\2023.2\src\shared\hls\clib\hlsmath\src\c++\sqrtdouble.cpp:8->./pca.hpp:343->dut.cpp:41]   --->   Operation 139 'dsqrt' 'sqrtVals_2' <Predicate = true> <Delay = 2.05> <CoreInst = "DSqrt">   --->   Core 52 'DSqrt' <Latency = 29> <II = 1> <Delay = 2.05> <FuncUnit> <Opcode : 'dsqrt'> <InPorts = 1> <OutPorts = 1>

State 33 <SV = 32> <Delay = 2.05>
ST_33 : Operation 140 [9/30] (2.05ns)   --->   "%sqrtVals = dsqrt i64 @llvm.sqrt.f64, i64 %pca_m_pcVals_1_load" [C:\scratch\2023.2\hls_product\689\2023.2\src\shared\hls\clib\hlsmath\src\c++\sqrtdouble.cpp:8->./pca.hpp:343->dut.cpp:41]   --->   Operation 140 'dsqrt' 'sqrtVals' <Predicate = true> <Delay = 2.05> <CoreInst = "DSqrt">   --->   Core 52 'DSqrt' <Latency = 29> <II = 1> <Delay = 2.05> <FuncUnit> <Opcode : 'dsqrt'> <InPorts = 1> <OutPorts = 1>
ST_33 : Operation 141 [9/30] (2.05ns)   --->   "%sqrtVals_1 = dsqrt i64 @llvm.sqrt.f64, i64 %pca_m_pcVals_1_load_1" [C:\scratch\2023.2\hls_product\689\2023.2\src\shared\hls\clib\hlsmath\src\c++\sqrtdouble.cpp:8->./pca.hpp:343->dut.cpp:41]   --->   Operation 141 'dsqrt' 'sqrtVals_1' <Predicate = true> <Delay = 2.05> <CoreInst = "DSqrt">   --->   Core 52 'DSqrt' <Latency = 29> <II = 1> <Delay = 2.05> <FuncUnit> <Opcode : 'dsqrt'> <InPorts = 1> <OutPorts = 1>
ST_33 : Operation 142 [9/30] (2.05ns)   --->   "%sqrtVals_2 = dsqrt i64 @llvm.sqrt.f64, i64 %pca_m_pcVals_1_load_2" [C:\scratch\2023.2\hls_product\689\2023.2\src\shared\hls\clib\hlsmath\src\c++\sqrtdouble.cpp:8->./pca.hpp:343->dut.cpp:41]   --->   Operation 142 'dsqrt' 'sqrtVals_2' <Predicate = true> <Delay = 2.05> <CoreInst = "DSqrt">   --->   Core 52 'DSqrt' <Latency = 29> <II = 1> <Delay = 2.05> <FuncUnit> <Opcode : 'dsqrt'> <InPorts = 1> <OutPorts = 1>

State 34 <SV = 33> <Delay = 2.05>
ST_34 : Operation 143 [8/30] (2.05ns)   --->   "%sqrtVals = dsqrt i64 @llvm.sqrt.f64, i64 %pca_m_pcVals_1_load" [C:\scratch\2023.2\hls_product\689\2023.2\src\shared\hls\clib\hlsmath\src\c++\sqrtdouble.cpp:8->./pca.hpp:343->dut.cpp:41]   --->   Operation 143 'dsqrt' 'sqrtVals' <Predicate = true> <Delay = 2.05> <CoreInst = "DSqrt">   --->   Core 52 'DSqrt' <Latency = 29> <II = 1> <Delay = 2.05> <FuncUnit> <Opcode : 'dsqrt'> <InPorts = 1> <OutPorts = 1>
ST_34 : Operation 144 [8/30] (2.05ns)   --->   "%sqrtVals_1 = dsqrt i64 @llvm.sqrt.f64, i64 %pca_m_pcVals_1_load_1" [C:\scratch\2023.2\hls_product\689\2023.2\src\shared\hls\clib\hlsmath\src\c++\sqrtdouble.cpp:8->./pca.hpp:343->dut.cpp:41]   --->   Operation 144 'dsqrt' 'sqrtVals_1' <Predicate = true> <Delay = 2.05> <CoreInst = "DSqrt">   --->   Core 52 'DSqrt' <Latency = 29> <II = 1> <Delay = 2.05> <FuncUnit> <Opcode : 'dsqrt'> <InPorts = 1> <OutPorts = 1>
ST_34 : Operation 145 [8/30] (2.05ns)   --->   "%sqrtVals_2 = dsqrt i64 @llvm.sqrt.f64, i64 %pca_m_pcVals_1_load_2" [C:\scratch\2023.2\hls_product\689\2023.2\src\shared\hls\clib\hlsmath\src\c++\sqrtdouble.cpp:8->./pca.hpp:343->dut.cpp:41]   --->   Operation 145 'dsqrt' 'sqrtVals_2' <Predicate = true> <Delay = 2.05> <CoreInst = "DSqrt">   --->   Core 52 'DSqrt' <Latency = 29> <II = 1> <Delay = 2.05> <FuncUnit> <Opcode : 'dsqrt'> <InPorts = 1> <OutPorts = 1>

State 35 <SV = 34> <Delay = 2.05>
ST_35 : Operation 146 [7/30] (2.05ns)   --->   "%sqrtVals = dsqrt i64 @llvm.sqrt.f64, i64 %pca_m_pcVals_1_load" [C:\scratch\2023.2\hls_product\689\2023.2\src\shared\hls\clib\hlsmath\src\c++\sqrtdouble.cpp:8->./pca.hpp:343->dut.cpp:41]   --->   Operation 146 'dsqrt' 'sqrtVals' <Predicate = true> <Delay = 2.05> <CoreInst = "DSqrt">   --->   Core 52 'DSqrt' <Latency = 29> <II = 1> <Delay = 2.05> <FuncUnit> <Opcode : 'dsqrt'> <InPorts = 1> <OutPorts = 1>
ST_35 : Operation 147 [7/30] (2.05ns)   --->   "%sqrtVals_1 = dsqrt i64 @llvm.sqrt.f64, i64 %pca_m_pcVals_1_load_1" [C:\scratch\2023.2\hls_product\689\2023.2\src\shared\hls\clib\hlsmath\src\c++\sqrtdouble.cpp:8->./pca.hpp:343->dut.cpp:41]   --->   Operation 147 'dsqrt' 'sqrtVals_1' <Predicate = true> <Delay = 2.05> <CoreInst = "DSqrt">   --->   Core 52 'DSqrt' <Latency = 29> <II = 1> <Delay = 2.05> <FuncUnit> <Opcode : 'dsqrt'> <InPorts = 1> <OutPorts = 1>
ST_35 : Operation 148 [7/30] (2.05ns)   --->   "%sqrtVals_2 = dsqrt i64 @llvm.sqrt.f64, i64 %pca_m_pcVals_1_load_2" [C:\scratch\2023.2\hls_product\689\2023.2\src\shared\hls\clib\hlsmath\src\c++\sqrtdouble.cpp:8->./pca.hpp:343->dut.cpp:41]   --->   Operation 148 'dsqrt' 'sqrtVals_2' <Predicate = true> <Delay = 2.05> <CoreInst = "DSqrt">   --->   Core 52 'DSqrt' <Latency = 29> <II = 1> <Delay = 2.05> <FuncUnit> <Opcode : 'dsqrt'> <InPorts = 1> <OutPorts = 1>

State 36 <SV = 35> <Delay = 2.05>
ST_36 : Operation 149 [6/30] (2.05ns)   --->   "%sqrtVals = dsqrt i64 @llvm.sqrt.f64, i64 %pca_m_pcVals_1_load" [C:\scratch\2023.2\hls_product\689\2023.2\src\shared\hls\clib\hlsmath\src\c++\sqrtdouble.cpp:8->./pca.hpp:343->dut.cpp:41]   --->   Operation 149 'dsqrt' 'sqrtVals' <Predicate = true> <Delay = 2.05> <CoreInst = "DSqrt">   --->   Core 52 'DSqrt' <Latency = 29> <II = 1> <Delay = 2.05> <FuncUnit> <Opcode : 'dsqrt'> <InPorts = 1> <OutPorts = 1>
ST_36 : Operation 150 [6/30] (2.05ns)   --->   "%sqrtVals_1 = dsqrt i64 @llvm.sqrt.f64, i64 %pca_m_pcVals_1_load_1" [C:\scratch\2023.2\hls_product\689\2023.2\src\shared\hls\clib\hlsmath\src\c++\sqrtdouble.cpp:8->./pca.hpp:343->dut.cpp:41]   --->   Operation 150 'dsqrt' 'sqrtVals_1' <Predicate = true> <Delay = 2.05> <CoreInst = "DSqrt">   --->   Core 52 'DSqrt' <Latency = 29> <II = 1> <Delay = 2.05> <FuncUnit> <Opcode : 'dsqrt'> <InPorts = 1> <OutPorts = 1>
ST_36 : Operation 151 [6/30] (2.05ns)   --->   "%sqrtVals_2 = dsqrt i64 @llvm.sqrt.f64, i64 %pca_m_pcVals_1_load_2" [C:\scratch\2023.2\hls_product\689\2023.2\src\shared\hls\clib\hlsmath\src\c++\sqrtdouble.cpp:8->./pca.hpp:343->dut.cpp:41]   --->   Operation 151 'dsqrt' 'sqrtVals_2' <Predicate = true> <Delay = 2.05> <CoreInst = "DSqrt">   --->   Core 52 'DSqrt' <Latency = 29> <II = 1> <Delay = 2.05> <FuncUnit> <Opcode : 'dsqrt'> <InPorts = 1> <OutPorts = 1>

State 37 <SV = 36> <Delay = 2.05>
ST_37 : Operation 152 [5/30] (2.05ns)   --->   "%sqrtVals = dsqrt i64 @llvm.sqrt.f64, i64 %pca_m_pcVals_1_load" [C:\scratch\2023.2\hls_product\689\2023.2\src\shared\hls\clib\hlsmath\src\c++\sqrtdouble.cpp:8->./pca.hpp:343->dut.cpp:41]   --->   Operation 152 'dsqrt' 'sqrtVals' <Predicate = true> <Delay = 2.05> <CoreInst = "DSqrt">   --->   Core 52 'DSqrt' <Latency = 29> <II = 1> <Delay = 2.05> <FuncUnit> <Opcode : 'dsqrt'> <InPorts = 1> <OutPorts = 1>
ST_37 : Operation 153 [5/30] (2.05ns)   --->   "%sqrtVals_1 = dsqrt i64 @llvm.sqrt.f64, i64 %pca_m_pcVals_1_load_1" [C:\scratch\2023.2\hls_product\689\2023.2\src\shared\hls\clib\hlsmath\src\c++\sqrtdouble.cpp:8->./pca.hpp:343->dut.cpp:41]   --->   Operation 153 'dsqrt' 'sqrtVals_1' <Predicate = true> <Delay = 2.05> <CoreInst = "DSqrt">   --->   Core 52 'DSqrt' <Latency = 29> <II = 1> <Delay = 2.05> <FuncUnit> <Opcode : 'dsqrt'> <InPorts = 1> <OutPorts = 1>
ST_37 : Operation 154 [5/30] (2.05ns)   --->   "%sqrtVals_2 = dsqrt i64 @llvm.sqrt.f64, i64 %pca_m_pcVals_1_load_2" [C:\scratch\2023.2\hls_product\689\2023.2\src\shared\hls\clib\hlsmath\src\c++\sqrtdouble.cpp:8->./pca.hpp:343->dut.cpp:41]   --->   Operation 154 'dsqrt' 'sqrtVals_2' <Predicate = true> <Delay = 2.05> <CoreInst = "DSqrt">   --->   Core 52 'DSqrt' <Latency = 29> <II = 1> <Delay = 2.05> <FuncUnit> <Opcode : 'dsqrt'> <InPorts = 1> <OutPorts = 1>

State 38 <SV = 37> <Delay = 2.05>
ST_38 : Operation 155 [4/30] (2.05ns)   --->   "%sqrtVals = dsqrt i64 @llvm.sqrt.f64, i64 %pca_m_pcVals_1_load" [C:\scratch\2023.2\hls_product\689\2023.2\src\shared\hls\clib\hlsmath\src\c++\sqrtdouble.cpp:8->./pca.hpp:343->dut.cpp:41]   --->   Operation 155 'dsqrt' 'sqrtVals' <Predicate = true> <Delay = 2.05> <CoreInst = "DSqrt">   --->   Core 52 'DSqrt' <Latency = 29> <II = 1> <Delay = 2.05> <FuncUnit> <Opcode : 'dsqrt'> <InPorts = 1> <OutPorts = 1>
ST_38 : Operation 156 [4/30] (2.05ns)   --->   "%sqrtVals_1 = dsqrt i64 @llvm.sqrt.f64, i64 %pca_m_pcVals_1_load_1" [C:\scratch\2023.2\hls_product\689\2023.2\src\shared\hls\clib\hlsmath\src\c++\sqrtdouble.cpp:8->./pca.hpp:343->dut.cpp:41]   --->   Operation 156 'dsqrt' 'sqrtVals_1' <Predicate = true> <Delay = 2.05> <CoreInst = "DSqrt">   --->   Core 52 'DSqrt' <Latency = 29> <II = 1> <Delay = 2.05> <FuncUnit> <Opcode : 'dsqrt'> <InPorts = 1> <OutPorts = 1>
ST_38 : Operation 157 [4/30] (2.05ns)   --->   "%sqrtVals_2 = dsqrt i64 @llvm.sqrt.f64, i64 %pca_m_pcVals_1_load_2" [C:\scratch\2023.2\hls_product\689\2023.2\src\shared\hls\clib\hlsmath\src\c++\sqrtdouble.cpp:8->./pca.hpp:343->dut.cpp:41]   --->   Operation 157 'dsqrt' 'sqrtVals_2' <Predicate = true> <Delay = 2.05> <CoreInst = "DSqrt">   --->   Core 52 'DSqrt' <Latency = 29> <II = 1> <Delay = 2.05> <FuncUnit> <Opcode : 'dsqrt'> <InPorts = 1> <OutPorts = 1>

State 39 <SV = 38> <Delay = 2.05>
ST_39 : Operation 158 [3/30] (2.05ns)   --->   "%sqrtVals = dsqrt i64 @llvm.sqrt.f64, i64 %pca_m_pcVals_1_load" [C:\scratch\2023.2\hls_product\689\2023.2\src\shared\hls\clib\hlsmath\src\c++\sqrtdouble.cpp:8->./pca.hpp:343->dut.cpp:41]   --->   Operation 158 'dsqrt' 'sqrtVals' <Predicate = true> <Delay = 2.05> <CoreInst = "DSqrt">   --->   Core 52 'DSqrt' <Latency = 29> <II = 1> <Delay = 2.05> <FuncUnit> <Opcode : 'dsqrt'> <InPorts = 1> <OutPorts = 1>
ST_39 : Operation 159 [3/30] (2.05ns)   --->   "%sqrtVals_1 = dsqrt i64 @llvm.sqrt.f64, i64 %pca_m_pcVals_1_load_1" [C:\scratch\2023.2\hls_product\689\2023.2\src\shared\hls\clib\hlsmath\src\c++\sqrtdouble.cpp:8->./pca.hpp:343->dut.cpp:41]   --->   Operation 159 'dsqrt' 'sqrtVals_1' <Predicate = true> <Delay = 2.05> <CoreInst = "DSqrt">   --->   Core 52 'DSqrt' <Latency = 29> <II = 1> <Delay = 2.05> <FuncUnit> <Opcode : 'dsqrt'> <InPorts = 1> <OutPorts = 1>
ST_39 : Operation 160 [3/30] (2.05ns)   --->   "%sqrtVals_2 = dsqrt i64 @llvm.sqrt.f64, i64 %pca_m_pcVals_1_load_2" [C:\scratch\2023.2\hls_product\689\2023.2\src\shared\hls\clib\hlsmath\src\c++\sqrtdouble.cpp:8->./pca.hpp:343->dut.cpp:41]   --->   Operation 160 'dsqrt' 'sqrtVals_2' <Predicate = true> <Delay = 2.05> <CoreInst = "DSqrt">   --->   Core 52 'DSqrt' <Latency = 29> <II = 1> <Delay = 2.05> <FuncUnit> <Opcode : 'dsqrt'> <InPorts = 1> <OutPorts = 1>

State 40 <SV = 39> <Delay = 2.05>
ST_40 : Operation 161 [2/30] (2.05ns)   --->   "%sqrtVals = dsqrt i64 @llvm.sqrt.f64, i64 %pca_m_pcVals_1_load" [C:\scratch\2023.2\hls_product\689\2023.2\src\shared\hls\clib\hlsmath\src\c++\sqrtdouble.cpp:8->./pca.hpp:343->dut.cpp:41]   --->   Operation 161 'dsqrt' 'sqrtVals' <Predicate = true> <Delay = 2.05> <CoreInst = "DSqrt">   --->   Core 52 'DSqrt' <Latency = 29> <II = 1> <Delay = 2.05> <FuncUnit> <Opcode : 'dsqrt'> <InPorts = 1> <OutPorts = 1>
ST_40 : Operation 162 [2/30] (2.05ns)   --->   "%sqrtVals_1 = dsqrt i64 @llvm.sqrt.f64, i64 %pca_m_pcVals_1_load_1" [C:\scratch\2023.2\hls_product\689\2023.2\src\shared\hls\clib\hlsmath\src\c++\sqrtdouble.cpp:8->./pca.hpp:343->dut.cpp:41]   --->   Operation 162 'dsqrt' 'sqrtVals_1' <Predicate = true> <Delay = 2.05> <CoreInst = "DSqrt">   --->   Core 52 'DSqrt' <Latency = 29> <II = 1> <Delay = 2.05> <FuncUnit> <Opcode : 'dsqrt'> <InPorts = 1> <OutPorts = 1>
ST_40 : Operation 163 [2/30] (2.05ns)   --->   "%sqrtVals_2 = dsqrt i64 @llvm.sqrt.f64, i64 %pca_m_pcVals_1_load_2" [C:\scratch\2023.2\hls_product\689\2023.2\src\shared\hls\clib\hlsmath\src\c++\sqrtdouble.cpp:8->./pca.hpp:343->dut.cpp:41]   --->   Operation 163 'dsqrt' 'sqrtVals_2' <Predicate = true> <Delay = 2.05> <CoreInst = "DSqrt">   --->   Core 52 'DSqrt' <Latency = 29> <II = 1> <Delay = 2.05> <FuncUnit> <Opcode : 'dsqrt'> <InPorts = 1> <OutPorts = 1>

State 41 <SV = 40> <Delay = 2.05>
ST_41 : Operation 164 [1/1] (0.00ns)   --->   "%spectopmodule_ln31 = spectopmodule void @_ssdm_op_SpecTopModule, void @empty_23" [dut.cpp:31]   --->   Operation 164 'spectopmodule' 'spectopmodule_ln31' <Predicate = true> <Delay = 0.00>
ST_41 : Operation 165 [1/1] (0.00ns)   --->   "%specbitsmap_ln0 = specbitsmap void @_ssdm_op_SpecBitsMap, i32 %rows"   --->   Operation 165 'specbitsmap' 'specbitsmap_ln0' <Predicate = true> <Delay = 0.00>
ST_41 : Operation 166 [1/1] (0.00ns)   --->   "%specinterface_ln0 = specinterface void @_ssdm_op_SpecInterface, i32 %rows, void @empty_11, i32 0, i32 0, void @empty_12, i32 0, i32 0, void @empty_12, void @empty_12, void @empty_12, i32 0, i32 0, i32 0, i32 0, void @empty_12, void @empty_12, i32 4294967295, i32 0"   --->   Operation 166 'specinterface' 'specinterface_ln0' <Predicate = true> <Delay = 0.00>
ST_41 : Operation 167 [1/1] (0.00ns)   --->   "%specbitsmap_ln0 = specbitsmap void @_ssdm_op_SpecBitsMap, i32 %cols"   --->   Operation 167 'specbitsmap' 'specbitsmap_ln0' <Predicate = true> <Delay = 0.00>
ST_41 : Operation 168 [1/1] (0.00ns)   --->   "%specinterface_ln0 = specinterface void @_ssdm_op_SpecInterface, i32 %cols, void @empty_11, i32 0, i32 0, void @empty_12, i32 0, i32 0, void @empty_12, void @empty_12, void @empty_12, i32 0, i32 0, i32 0, i32 0, void @empty_12, void @empty_12, i32 4294967295, i32 0"   --->   Operation 168 'specinterface' 'specinterface_ln0' <Predicate = true> <Delay = 0.00>
ST_41 : Operation 169 [1/1] (0.00ns)   --->   "%specinterface_ln0 = specinterface void @_ssdm_op_SpecInterface, i64 %input_r, void @empty_13, i32 0, i32 0, void @empty_12, i32 4294967295, i32 0, void @empty_12, void @empty_12, void @empty_12, i32 0, i32 0, i32 0, i32 0, void @empty_12, void @empty_12, i32 4294967295, i32 0"   --->   Operation 169 'specinterface' 'specinterface_ln0' <Predicate = true> <Delay = 0.00>
ST_41 : Operation 170 [1/1] (0.00ns)   --->   "%specbitsmap_ln0 = specbitsmap void @_ssdm_op_SpecBitsMap, i64 %input_r"   --->   Operation 170 'specbitsmap' 'specbitsmap_ln0' <Predicate = true> <Delay = 0.00>
ST_41 : Operation 171 [1/1] (0.00ns)   --->   "%specinterface_ln0 = specinterface void @_ssdm_op_SpecInterface, i64 %outputComponents_0, void @empty_13, i32 0, i32 0, void @empty_12, i32 4294967295, i32 0, void @empty_12, void @empty_12, void @empty_12, i32 0, i32 0, i32 0, i32 0, void @empty_12, void @empty_12, i32 4294967295, i32 0"   --->   Operation 171 'specinterface' 'specinterface_ln0' <Predicate = true> <Delay = 0.00>
ST_41 : Operation 172 [1/1] (0.00ns)   --->   "%specbitsmap_ln0 = specbitsmap void @_ssdm_op_SpecBitsMap, i64 %outputComponents_0"   --->   Operation 172 'specbitsmap' 'specbitsmap_ln0' <Predicate = true> <Delay = 0.00>
ST_41 : Operation 173 [1/1] (0.00ns)   --->   "%specinterface_ln0 = specinterface void @_ssdm_op_SpecInterface, i64 %outputComponents_1, void @empty_13, i32 0, i32 0, void @empty_12, i32 4294967295, i32 0, void @empty_12, void @empty_12, void @empty_12, i32 0, i32 0, i32 0, i32 0, void @empty_12, void @empty_12, i32 4294967295, i32 0"   --->   Operation 173 'specinterface' 'specinterface_ln0' <Predicate = true> <Delay = 0.00>
ST_41 : Operation 174 [1/1] (0.00ns)   --->   "%specbitsmap_ln0 = specbitsmap void @_ssdm_op_SpecBitsMap, i64 %outputComponents_1"   --->   Operation 174 'specbitsmap' 'specbitsmap_ln0' <Predicate = true> <Delay = 0.00>
ST_41 : Operation 175 [1/1] (0.00ns)   --->   "%specinterface_ln0 = specinterface void @_ssdm_op_SpecInterface, i64 %outputComponents_2, void @empty_13, i32 0, i32 0, void @empty_12, i32 4294967295, i32 0, void @empty_12, void @empty_12, void @empty_12, i32 0, i32 0, i32 0, i32 0, void @empty_12, void @empty_12, i32 4294967295, i32 0"   --->   Operation 175 'specinterface' 'specinterface_ln0' <Predicate = true> <Delay = 0.00>
ST_41 : Operation 176 [1/1] (0.00ns)   --->   "%specbitsmap_ln0 = specbitsmap void @_ssdm_op_SpecBitsMap, i64 %outputComponents_2"   --->   Operation 176 'specbitsmap' 'specbitsmap_ln0' <Predicate = true> <Delay = 0.00>
ST_41 : Operation 177 [1/1] (0.00ns)   --->   "%specbitsmap_ln0 = specbitsmap void @_ssdm_op_SpecBitsMap, i64 %outputExplainedVariance_0"   --->   Operation 177 'specbitsmap' 'specbitsmap_ln0' <Predicate = true> <Delay = 0.00>
ST_41 : Operation 178 [1/1] (0.00ns)   --->   "%specinterface_ln0 = specinterface void @_ssdm_op_SpecInterface, i64 %outputExplainedVariance_0, void @empty_11, i32 0, i32 0, void @empty_12, i32 0, i32 0, void @empty_12, void @empty_12, void @empty_12, i32 0, i32 0, i32 0, i32 0, void @empty_12, void @empty_12, i32 4294967295, i32 0"   --->   Operation 178 'specinterface' 'specinterface_ln0' <Predicate = true> <Delay = 0.00>
ST_41 : Operation 179 [1/1] (0.00ns)   --->   "%specbitsmap_ln0 = specbitsmap void @_ssdm_op_SpecBitsMap, i64 %outputExplainedVariance_1"   --->   Operation 179 'specbitsmap' 'specbitsmap_ln0' <Predicate = true> <Delay = 0.00>
ST_41 : Operation 180 [1/1] (0.00ns)   --->   "%specinterface_ln0 = specinterface void @_ssdm_op_SpecInterface, i64 %outputExplainedVariance_1, void @empty_11, i32 0, i32 0, void @empty_12, i32 0, i32 0, void @empty_12, void @empty_12, void @empty_12, i32 0, i32 0, i32 0, i32 0, void @empty_12, void @empty_12, i32 4294967295, i32 0"   --->   Operation 180 'specinterface' 'specinterface_ln0' <Predicate = true> <Delay = 0.00>
ST_41 : Operation 181 [1/1] (0.00ns)   --->   "%specbitsmap_ln0 = specbitsmap void @_ssdm_op_SpecBitsMap, i64 %outputExplainedVariance_2"   --->   Operation 181 'specbitsmap' 'specbitsmap_ln0' <Predicate = true> <Delay = 0.00>
ST_41 : Operation 182 [1/1] (0.00ns)   --->   "%specinterface_ln0 = specinterface void @_ssdm_op_SpecInterface, i64 %outputExplainedVariance_2, void @empty_11, i32 0, i32 0, void @empty_12, i32 0, i32 0, void @empty_12, void @empty_12, void @empty_12, i32 0, i32 0, i32 0, i32 0, void @empty_12, void @empty_12, i32 4294967295, i32 0"   --->   Operation 182 'specinterface' 'specinterface_ln0' <Predicate = true> <Delay = 0.00>
ST_41 : Operation 183 [1/1] (0.00ns)   --->   "%specinterface_ln0 = specinterface void @_ssdm_op_SpecInterface, i64 %outputLoadings_0, void @empty_13, i32 0, i32 0, void @empty_12, i32 4294967295, i32 0, void @empty_12, void @empty_12, void @empty_12, i32 0, i32 0, i32 0, i32 0, void @empty_12, void @empty_12, i32 4294967295, i32 0"   --->   Operation 183 'specinterface' 'specinterface_ln0' <Predicate = true> <Delay = 0.00>
ST_41 : Operation 184 [1/1] (0.00ns)   --->   "%specbitsmap_ln0 = specbitsmap void @_ssdm_op_SpecBitsMap, i64 %outputLoadings_0"   --->   Operation 184 'specbitsmap' 'specbitsmap_ln0' <Predicate = true> <Delay = 0.00>
ST_41 : Operation 185 [1/1] (0.00ns)   --->   "%specinterface_ln0 = specinterface void @_ssdm_op_SpecInterface, i64 %outputLoadings_1, void @empty_13, i32 0, i32 0, void @empty_12, i32 4294967295, i32 0, void @empty_12, void @empty_12, void @empty_12, i32 0, i32 0, i32 0, i32 0, void @empty_12, void @empty_12, i32 4294967295, i32 0"   --->   Operation 185 'specinterface' 'specinterface_ln0' <Predicate = true> <Delay = 0.00>
ST_41 : Operation 186 [1/1] (0.00ns)   --->   "%specbitsmap_ln0 = specbitsmap void @_ssdm_op_SpecBitsMap, i64 %outputLoadings_1"   --->   Operation 186 'specbitsmap' 'specbitsmap_ln0' <Predicate = true> <Delay = 0.00>
ST_41 : Operation 187 [1/1] (0.00ns)   --->   "%specinterface_ln0 = specinterface void @_ssdm_op_SpecInterface, i64 %outputLoadings_2, void @empty_13, i32 0, i32 0, void @empty_12, i32 4294967295, i32 0, void @empty_12, void @empty_12, void @empty_12, i32 0, i32 0, i32 0, i32 0, void @empty_12, void @empty_12, i32 4294967295, i32 0"   --->   Operation 187 'specinterface' 'specinterface_ln0' <Predicate = true> <Delay = 0.00>
ST_41 : Operation 188 [1/1] (0.00ns)   --->   "%specbitsmap_ln0 = specbitsmap void @_ssdm_op_SpecBitsMap, i64 %outputLoadings_2"   --->   Operation 188 'specbitsmap' 'specbitsmap_ln0' <Predicate = true> <Delay = 0.00>
ST_41 : Operation 189 [1/1] (0.88ns)   --->   "%icmp_ln277 = icmp_eq  i32 %rows_read, i32 0" [./pca.hpp:277->dut.cpp:40]   --->   Operation 189 'icmp' 'icmp_ln277' <Predicate = true> <Delay = 0.88> <CoreInst = "Cmp">   --->   Core 9 'Cmp' <Latency = 0> <II = 1> <Delay = 0.88> <FuncUnit> <Opcode : 'icmp'> <InPorts = 2> <OutPorts = 1>
ST_41 : Operation 190 [1/30] (2.05ns)   --->   "%sqrtVals = dsqrt i64 @llvm.sqrt.f64, i64 %pca_m_pcVals_1_load" [C:\scratch\2023.2\hls_product\689\2023.2\src\shared\hls\clib\hlsmath\src\c++\sqrtdouble.cpp:8->./pca.hpp:343->dut.cpp:41]   --->   Operation 190 'dsqrt' 'sqrtVals' <Predicate = true> <Delay = 2.05> <CoreInst = "DSqrt">   --->   Core 52 'DSqrt' <Latency = 29> <II = 1> <Delay = 2.05> <FuncUnit> <Opcode : 'dsqrt'> <InPorts = 1> <OutPorts = 1>
ST_41 : Operation 191 [1/30] (2.05ns)   --->   "%sqrtVals_1 = dsqrt i64 @llvm.sqrt.f64, i64 %pca_m_pcVals_1_load_1" [C:\scratch\2023.2\hls_product\689\2023.2\src\shared\hls\clib\hlsmath\src\c++\sqrtdouble.cpp:8->./pca.hpp:343->dut.cpp:41]   --->   Operation 191 'dsqrt' 'sqrtVals_1' <Predicate = true> <Delay = 2.05> <CoreInst = "DSqrt">   --->   Core 52 'DSqrt' <Latency = 29> <II = 1> <Delay = 2.05> <FuncUnit> <Opcode : 'dsqrt'> <InPorts = 1> <OutPorts = 1>
ST_41 : Operation 192 [1/30] (2.05ns)   --->   "%sqrtVals_2 = dsqrt i64 @llvm.sqrt.f64, i64 %pca_m_pcVals_1_load_2" [C:\scratch\2023.2\hls_product\689\2023.2\src\shared\hls\clib\hlsmath\src\c++\sqrtdouble.cpp:8->./pca.hpp:343->dut.cpp:41]   --->   Operation 192 'dsqrt' 'sqrtVals_2' <Predicate = true> <Delay = 2.05> <CoreInst = "DSqrt">   --->   Core 52 'DSqrt' <Latency = 29> <II = 1> <Delay = 2.05> <FuncUnit> <Opcode : 'dsqrt'> <InPorts = 1> <OutPorts = 1>
ST_41 : Operation 193 [1/1] (0.00ns)   --->   "%br_ln350 = br i1 %icmp_ln277, void %VITIS_LOOP_351_3.i.preheader, void %for.body.i5" [./pca.hpp:350->dut.cpp:41]   --->   Operation 193 'br' 'br_ln350' <Predicate = true> <Delay = 0.00>
ST_41 : Operation 194 [1/1] (0.00ns)   --->   "%zext_ln350 = zext i32 %rows_read" [./pca.hpp:350->dut.cpp:41]   --->   Operation 194 'zext' 'zext_ln350' <Predicate = (!icmp_ln277)> <Delay = 0.00>
ST_41 : Operation 195 [1/1] (0.00ns)   --->   "%p_shl3 = bitconcatenate i34 @_ssdm_op_BitConcatenate.i34.i32.i2, i32 %rows_read, i2 0" [./pca.hpp:350->dut.cpp:41]   --->   Operation 195 'bitconcatenate' 'p_shl3' <Predicate = (!icmp_ln277)> <Delay = 0.00>
ST_41 : Operation 196 [1/1] (0.90ns)   --->   "%sub_ln350 = sub i34 %p_shl3, i34 %zext_ln350" [./pca.hpp:350->dut.cpp:41]   --->   Operation 196 'sub' 'sub_ln350' <Predicate = (!icmp_ln277)> <Delay = 0.90> <CoreInst = "Adder">   --->   Core 1 'Adder' <Latency = 0> <II = 1> <Delay = 0.90> <FuncUnit> <Opcode : 'add' 'sub'> <InPorts = 2> <OutPorts = 1>
ST_41 : Operation 197 [2/2] (0.00ns)   --->   "%call_ln350 = call void @dut_Pipeline_VITIS_LOOP_350_2_VITIS_LOOP_351_3, i34 %sub_ln350, i64 %outputLoadings_2, i64 %outputLoadings_0, i64 %outputLoadings_1, i64 %sqrtVals, i64 %sqrtVals_1, i64 %sqrtVals_2, i64 %pca_m_pcVecs, i64 %pca_m_pcVecs_3, i64 %pca_m_pcVecs_4" [./pca.hpp:350->dut.cpp:41]   --->   Operation 197 'call' 'call_ln350' <Predicate = (!icmp_ln277)> <Delay = 0.00> <CoreType = "Generic">   --->   Core 0 '' <Latency = 0> <II = 1> <Delay = 1.00> <Generic> <Opcode : >

State 42 <SV = 41> <Delay = 0.00>
ST_42 : Operation 198 [1/2] (0.00ns)   --->   "%call_ln350 = call void @dut_Pipeline_VITIS_LOOP_350_2_VITIS_LOOP_351_3, i34 %sub_ln350, i64 %outputLoadings_2, i64 %outputLoadings_0, i64 %outputLoadings_1, i64 %sqrtVals, i64 %sqrtVals_1, i64 %sqrtVals_2, i64 %pca_m_pcVecs, i64 %pca_m_pcVecs_3, i64 %pca_m_pcVecs_4" [./pca.hpp:350->dut.cpp:41]   --->   Operation 198 'call' 'call_ln350' <Predicate = true> <Delay = 0.00> <CoreType = "Generic">   --->   Core 0 '' <Latency = 0> <II = 1> <Delay = 1.00> <Generic> <Opcode : >

State 43 <SV = 42> <Delay = 1.26>
ST_43 : Operation 199 [2/2] (1.26ns)   --->   "%call_ln31 = call void @dut_Pipeline_VITIS_LOOP_321_1, i32 %rows_read, i64 %outputComponents_2, i64 %outputComponents_1, i64 %outputComponents_0, i64 %pca_m_pcVecs, i64 %pca_m_pcVecs_3, i64 %pca_m_pcVecs_4" [dut.cpp:31]   --->   Operation 199 'call' 'call_ln31' <Predicate = true> <Delay = 1.26> <CoreType = "Generic">   --->   Core 0 '' <Latency = 0> <II = 1> <Delay = 1.00> <Generic> <Opcode : >

State 44 <SV = 43> <Delay = 0.71>
ST_44 : Operation 200 [1/2] (0.00ns)   --->   "%call_ln31 = call void @dut_Pipeline_VITIS_LOOP_321_1, i32 %rows_read, i64 %outputComponents_2, i64 %outputComponents_1, i64 %outputComponents_0, i64 %pca_m_pcVecs, i64 %pca_m_pcVecs_3, i64 %pca_m_pcVecs_4" [dut.cpp:31]   --->   Operation 200 'call' 'call_ln31' <Predicate = (!icmp_ln277)> <Delay = 0.00> <CoreType = "Generic">   --->   Core 0 '' <Latency = 0> <II = 1> <Delay = 1.00> <Generic> <Opcode : >
ST_44 : Operation 201 [1/1] (0.00ns)   --->   "%br_ln0 = br void %for.body.i5"   --->   Operation 201 'br' 'br_ln0' <Predicate = (!icmp_ln277)> <Delay = 0.00>
ST_44 : Operation 202 [1/1] (0.00ns)   --->   "%pca_m_pcVals_0_addr = getelementptr i64 %pca_m_pcVals_0, i64 0, i64 0" [./pca.hpp:310->dut.cpp:43]   --->   Operation 202 'getelementptr' 'pca_m_pcVals_0_addr' <Predicate = true> <Delay = 0.00>
ST_44 : Operation 203 [2/2] (0.71ns)   --->   "%pca_m_pcVals_0_load = load i2 %pca_m_pcVals_0_addr" [./pca.hpp:310->dut.cpp:43]   --->   Operation 203 'load' 'pca_m_pcVals_0_load' <Predicate = true> <Delay = 0.71> <CoreInst = "RAM">   --->   Core 83 'RAM' <Latency = 1> <II = 1> <Delay = 0.71> <Storage> <Opcode : 'load' 'store'> <Ports = 2> <Width = 64> <Depth = 3> <RAM>

State 45 <SV = 44> <Delay = 0.71>
ST_45 : Operation 204 [1/2] (0.71ns)   --->   "%pca_m_pcVals_0_load = load i2 %pca_m_pcVals_0_addr" [./pca.hpp:310->dut.cpp:43]   --->   Operation 204 'load' 'pca_m_pcVals_0_load' <Predicate = true> <Delay = 0.71> <CoreInst = "RAM">   --->   Core 83 'RAM' <Latency = 1> <II = 1> <Delay = 0.71> <Storage> <Opcode : 'load' 'store'> <Ports = 2> <Width = 64> <Depth = 3> <RAM>
ST_45 : Operation 205 [1/1] (0.00ns)   --->   "%pca_m_pcVals_0_addr_1 = getelementptr i64 %pca_m_pcVals_0, i64 0, i64 1" [./pca.hpp:310->dut.cpp:43]   --->   Operation 205 'getelementptr' 'pca_m_pcVals_0_addr_1' <Predicate = true> <Delay = 0.00>
ST_45 : Operation 206 [2/2] (0.71ns)   --->   "%pca_m_pcVals_0_load_1 = load i2 %pca_m_pcVals_0_addr_1" [./pca.hpp:310->dut.cpp:43]   --->   Operation 206 'load' 'pca_m_pcVals_0_load_1' <Predicate = true> <Delay = 0.71> <CoreInst = "RAM">   --->   Core 83 'RAM' <Latency = 1> <II = 1> <Delay = 0.71> <Storage> <Opcode : 'load' 'store'> <Ports = 2> <Width = 64> <Depth = 3> <RAM>
ST_45 : Operation 207 [1/1] (0.00ns)   --->   "%pca_m_pcVals_0_addr_2 = getelementptr i64 %pca_m_pcVals_0, i64 0, i64 2" [./pca.hpp:310->dut.cpp:43]   --->   Operation 207 'getelementptr' 'pca_m_pcVals_0_addr_2' <Predicate = true> <Delay = 0.00>
ST_45 : Operation 208 [2/2] (0.71ns)   --->   "%pca_m_pcVals_0_load_2 = load i2 %pca_m_pcVals_0_addr_2" [./pca.hpp:310->dut.cpp:43]   --->   Operation 208 'load' 'pca_m_pcVals_0_load_2' <Predicate = true> <Delay = 0.71> <CoreInst = "RAM">   --->   Core 83 'RAM' <Latency = 1> <II = 1> <Delay = 0.71> <Storage> <Opcode : 'load' 'store'> <Ports = 2> <Width = 64> <Depth = 3> <RAM>
ST_45 : Operation 209 [1/1] (0.00ns)   --->   "%bitcast_ln310 = bitcast i64 %pca_m_pcVals_0_load" [./pca.hpp:310->dut.cpp:43]   --->   Operation 209 'bitcast' 'bitcast_ln310' <Predicate = true> <Delay = 0.00>
ST_45 : Operation 210 [1/1] (0.00ns)   --->   "%write_ln310 = write void @_ssdm_op_Write.ap_auto.i64P0A, i64 %outputExplainedVariance_0, i64 %bitcast_ln310" [./pca.hpp:310->dut.cpp:43]   --->   Operation 210 'write' 'write_ln310' <Predicate = true> <Delay = 0.00>

State 46 <SV = 45> <Delay = 0.71>
ST_46 : Operation 211 [1/2] (0.71ns)   --->   "%pca_m_pcVals_0_load_1 = load i2 %pca_m_pcVals_0_addr_1" [./pca.hpp:310->dut.cpp:43]   --->   Operation 211 'load' 'pca_m_pcVals_0_load_1' <Predicate = true> <Delay = 0.71> <CoreInst = "RAM">   --->   Core 83 'RAM' <Latency = 1> <II = 1> <Delay = 0.71> <Storage> <Opcode : 'load' 'store'> <Ports = 2> <Width = 64> <Depth = 3> <RAM>
ST_46 : Operation 212 [1/2] (0.71ns)   --->   "%pca_m_pcVals_0_load_2 = load i2 %pca_m_pcVals_0_addr_2" [./pca.hpp:310->dut.cpp:43]   --->   Operation 212 'load' 'pca_m_pcVals_0_load_2' <Predicate = true> <Delay = 0.71> <CoreInst = "RAM">   --->   Core 83 'RAM' <Latency = 1> <II = 1> <Delay = 0.71> <Storage> <Opcode : 'load' 'store'> <Ports = 2> <Width = 64> <Depth = 3> <RAM>
ST_46 : Operation 213 [1/1] (0.00ns)   --->   "%bitcast_ln310_1 = bitcast i64 %pca_m_pcVals_0_load_1" [./pca.hpp:310->dut.cpp:43]   --->   Operation 213 'bitcast' 'bitcast_ln310_1' <Predicate = true> <Delay = 0.00>
ST_46 : Operation 214 [1/1] (0.00ns)   --->   "%write_ln310 = write void @_ssdm_op_Write.ap_auto.i64P0A, i64 %outputExplainedVariance_1, i64 %bitcast_ln310_1" [./pca.hpp:310->dut.cpp:43]   --->   Operation 214 'write' 'write_ln310' <Predicate = true> <Delay = 0.00>
ST_46 : Operation 215 [1/1] (0.00ns)   --->   "%bitcast_ln310_2 = bitcast i64 %pca_m_pcVals_0_load_2" [./pca.hpp:310->dut.cpp:43]   --->   Operation 215 'bitcast' 'bitcast_ln310_2' <Predicate = true> <Delay = 0.00>
ST_46 : Operation 216 [1/1] (0.00ns)   --->   "%write_ln310 = write void @_ssdm_op_Write.ap_auto.i64P0A, i64 %outputExplainedVariance_2, i64 %bitcast_ln310_2" [./pca.hpp:310->dut.cpp:43]   --->   Operation 216 'write' 'write_ln310' <Predicate = true> <Delay = 0.00>
ST_46 : Operation 217 [1/1] (0.00ns)   --->   "%ret_ln44 = ret" [dut.cpp:44]   --->   Operation 217 'ret' 'ret_ln44' <Predicate = true> <Delay = 0.00>


============================================================
+ Verbose Summary: Timing violations
============================================================
Target clock period: 3.333ns, clock uncertainty: 0.900ns.

 <State 1>: 2.217ns
The critical path consists of the following:
	wire read operation ('cols_read', dut.cpp:31) on port 'cols' (dut.cpp:31) [13]  (0.000 ns)
	'call' operation 0 bit ('call_ln363', C:/Vitis_Libraries/quantitative_finance/L1/tests/pca/../../../L1/include/xf_fintech\covariance.hpp:363->./pca.hpp:276->dut.cpp:40) to 'aveImpl<double, 15, 80, 1, 2, 16>' [48]  (2.217 ns)

 <State 2>: 0.000ns
The critical path consists of the following:

 <State 3>: 2.291ns
The critical path consists of the following:
	'mul' operation 64 bit ('mul_ln31', dut.cpp:31) [52]  (2.291 ns)

 <State 4>: 2.291ns
The critical path consists of the following:
	'mul' operation 64 bit ('mul_ln31', dut.cpp:31) [52]  (2.291 ns)

 <State 5>: 0.000ns
The critical path consists of the following:

 <State 6>: 0.000ns
The critical path consists of the following:

 <State 7>: 1.002ns
The critical path consists of the following:
	'call' operation 0 bit ('call_ln298', ./pca.hpp:298->dut.cpp:40) to 'implement' [54]  (1.002 ns)

 <State 8>: 0.000ns
The critical path consists of the following:

 <State 9>: 0.714ns
The critical path consists of the following:
	'getelementptr' operation 2 bit ('pca_m_pcVals_1_addr', ./pca.hpp:343->dut.cpp:41) [55]  (0.000 ns)
	'load' operation 64 bit ('x', ./pca.hpp:343->dut.cpp:41) on array 'pca.m_pcVals[1]', dut.cpp:40 [56]  (0.714 ns)

 <State 10>: 0.714ns
The critical path consists of the following:
	'load' operation 64 bit ('x', ./pca.hpp:343->dut.cpp:41) on array 'pca.m_pcVals[1]', dut.cpp:40 [56]  (0.714 ns)

 <State 11>: 0.714ns
The critical path consists of the following:
	'load' operation 64 bit ('x', ./pca.hpp:343->dut.cpp:41) on array 'pca.m_pcVals[1]', dut.cpp:40 [59]  (0.714 ns)

 <State 12>: 2.053ns
The critical path consists of the following:
	'dsqrt' operation 64 bit ('sqrtVals', C:\scratch\2023.2\hls_product\689\2023.2\src\shared\hls\clib\hlsmath\src\c++\sqrtdouble.cpp:8->./pca.hpp:343->dut.cpp:41) [57]  (2.053 ns)

 <State 13>: 2.053ns
The critical path consists of the following:
	'dsqrt' operation 64 bit ('sqrtVals', C:\scratch\2023.2\hls_product\689\2023.2\src\shared\hls\clib\hlsmath\src\c++\sqrtdouble.cpp:8->./pca.hpp:343->dut.cpp:41) [57]  (2.053 ns)

 <State 14>: 2.053ns
The critical path consists of the following:
	'dsqrt' operation 64 bit ('sqrtVals', C:\scratch\2023.2\hls_product\689\2023.2\src\shared\hls\clib\hlsmath\src\c++\sqrtdouble.cpp:8->./pca.hpp:343->dut.cpp:41) [57]  (2.053 ns)

 <State 15>: 2.053ns
The critical path consists of the following:
	'dsqrt' operation 64 bit ('sqrtVals', C:\scratch\2023.2\hls_product\689\2023.2\src\shared\hls\clib\hlsmath\src\c++\sqrtdouble.cpp:8->./pca.hpp:343->dut.cpp:41) [57]  (2.053 ns)

 <State 16>: 2.053ns
The critical path consists of the following:
	'dsqrt' operation 64 bit ('sqrtVals', C:\scratch\2023.2\hls_product\689\2023.2\src\shared\hls\clib\hlsmath\src\c++\sqrtdouble.cpp:8->./pca.hpp:343->dut.cpp:41) [57]  (2.053 ns)

 <State 17>: 2.053ns
The critical path consists of the following:
	'dsqrt' operation 64 bit ('sqrtVals', C:\scratch\2023.2\hls_product\689\2023.2\src\shared\hls\clib\hlsmath\src\c++\sqrtdouble.cpp:8->./pca.hpp:343->dut.cpp:41) [57]  (2.053 ns)

 <State 18>: 2.053ns
The critical path consists of the following:
	'dsqrt' operation 64 bit ('sqrtVals', C:\scratch\2023.2\hls_product\689\2023.2\src\shared\hls\clib\hlsmath\src\c++\sqrtdouble.cpp:8->./pca.hpp:343->dut.cpp:41) [57]  (2.053 ns)

 <State 19>: 2.053ns
The critical path consists of the following:
	'dsqrt' operation 64 bit ('sqrtVals', C:\scratch\2023.2\hls_product\689\2023.2\src\shared\hls\clib\hlsmath\src\c++\sqrtdouble.cpp:8->./pca.hpp:343->dut.cpp:41) [57]  (2.053 ns)

 <State 20>: 2.053ns
The critical path consists of the following:
	'dsqrt' operation 64 bit ('sqrtVals', C:\scratch\2023.2\hls_product\689\2023.2\src\shared\hls\clib\hlsmath\src\c++\sqrtdouble.cpp:8->./pca.hpp:343->dut.cpp:41) [57]  (2.053 ns)

 <State 21>: 2.053ns
The critical path consists of the following:
	'dsqrt' operation 64 bit ('sqrtVals', C:\scratch\2023.2\hls_product\689\2023.2\src\shared\hls\clib\hlsmath\src\c++\sqrtdouble.cpp:8->./pca.hpp:343->dut.cpp:41) [57]  (2.053 ns)

 <State 22>: 2.053ns
The critical path consists of the following:
	'dsqrt' operation 64 bit ('sqrtVals', C:\scratch\2023.2\hls_product\689\2023.2\src\shared\hls\clib\hlsmath\src\c++\sqrtdouble.cpp:8->./pca.hpp:343->dut.cpp:41) [57]  (2.053 ns)

 <State 23>: 2.053ns
The critical path consists of the following:
	'dsqrt' operation 64 bit ('sqrtVals', C:\scratch\2023.2\hls_product\689\2023.2\src\shared\hls\clib\hlsmath\src\c++\sqrtdouble.cpp:8->./pca.hpp:343->dut.cpp:41) [57]  (2.053 ns)

 <State 24>: 2.053ns
The critical path consists of the following:
	'dsqrt' operation 64 bit ('sqrtVals', C:\scratch\2023.2\hls_product\689\2023.2\src\shared\hls\clib\hlsmath\src\c++\sqrtdouble.cpp:8->./pca.hpp:343->dut.cpp:41) [57]  (2.053 ns)

 <State 25>: 2.053ns
The critical path consists of the following:
	'dsqrt' operation 64 bit ('sqrtVals', C:\scratch\2023.2\hls_product\689\2023.2\src\shared\hls\clib\hlsmath\src\c++\sqrtdouble.cpp:8->./pca.hpp:343->dut.cpp:41) [57]  (2.053 ns)

 <State 26>: 2.053ns
The critical path consists of the following:
	'dsqrt' operation 64 bit ('sqrtVals', C:\scratch\2023.2\hls_product\689\2023.2\src\shared\hls\clib\hlsmath\src\c++\sqrtdouble.cpp:8->./pca.hpp:343->dut.cpp:41) [57]  (2.053 ns)

 <State 27>: 2.053ns
The critical path consists of the following:
	'dsqrt' operation 64 bit ('sqrtVals', C:\scratch\2023.2\hls_product\689\2023.2\src\shared\hls\clib\hlsmath\src\c++\sqrtdouble.cpp:8->./pca.hpp:343->dut.cpp:41) [57]  (2.053 ns)

 <State 28>: 2.053ns
The critical path consists of the following:
	'dsqrt' operation 64 bit ('sqrtVals', C:\scratch\2023.2\hls_product\689\2023.2\src\shared\hls\clib\hlsmath\src\c++\sqrtdouble.cpp:8->./pca.hpp:343->dut.cpp:41) [57]  (2.053 ns)

 <State 29>: 2.053ns
The critical path consists of the following:
	'dsqrt' operation 64 bit ('sqrtVals', C:\scratch\2023.2\hls_product\689\2023.2\src\shared\hls\clib\hlsmath\src\c++\sqrtdouble.cpp:8->./pca.hpp:343->dut.cpp:41) [57]  (2.053 ns)

 <State 30>: 2.053ns
The critical path consists of the following:
	'dsqrt' operation 64 bit ('sqrtVals', C:\scratch\2023.2\hls_product\689\2023.2\src\shared\hls\clib\hlsmath\src\c++\sqrtdouble.cpp:8->./pca.hpp:343->dut.cpp:41) [57]  (2.053 ns)

 <State 31>: 2.053ns
The critical path consists of the following:
	'dsqrt' operation 64 bit ('sqrtVals', C:\scratch\2023.2\hls_product\689\2023.2\src\shared\hls\clib\hlsmath\src\c++\sqrtdouble.cpp:8->./pca.hpp:343->dut.cpp:41) [57]  (2.053 ns)

 <State 32>: 2.053ns
The critical path consists of the following:
	'dsqrt' operation 64 bit ('sqrtVals', C:\scratch\2023.2\hls_product\689\2023.2\src\shared\hls\clib\hlsmath\src\c++\sqrtdouble.cpp:8->./pca.hpp:343->dut.cpp:41) [57]  (2.053 ns)

 <State 33>: 2.053ns
The critical path consists of the following:
	'dsqrt' operation 64 bit ('sqrtVals', C:\scratch\2023.2\hls_product\689\2023.2\src\shared\hls\clib\hlsmath\src\c++\sqrtdouble.cpp:8->./pca.hpp:343->dut.cpp:41) [57]  (2.053 ns)

 <State 34>: 2.053ns
The critical path consists of the following:
	'dsqrt' operation 64 bit ('sqrtVals', C:\scratch\2023.2\hls_product\689\2023.2\src\shared\hls\clib\hlsmath\src\c++\sqrtdouble.cpp:8->./pca.hpp:343->dut.cpp:41) [57]  (2.053 ns)

 <State 35>: 2.053ns
The critical path consists of the following:
	'dsqrt' operation 64 bit ('sqrtVals', C:\scratch\2023.2\hls_product\689\2023.2\src\shared\hls\clib\hlsmath\src\c++\sqrtdouble.cpp:8->./pca.hpp:343->dut.cpp:41) [57]  (2.053 ns)

 <State 36>: 2.053ns
The critical path consists of the following:
	'dsqrt' operation 64 bit ('sqrtVals', C:\scratch\2023.2\hls_product\689\2023.2\src\shared\hls\clib\hlsmath\src\c++\sqrtdouble.cpp:8->./pca.hpp:343->dut.cpp:41) [57]  (2.053 ns)

 <State 37>: 2.053ns
The critical path consists of the following:
	'dsqrt' operation 64 bit ('sqrtVals', C:\scratch\2023.2\hls_product\689\2023.2\src\shared\hls\clib\hlsmath\src\c++\sqrtdouble.cpp:8->./pca.hpp:343->dut.cpp:41) [57]  (2.053 ns)

 <State 38>: 2.053ns
The critical path consists of the following:
	'dsqrt' operation 64 bit ('sqrtVals', C:\scratch\2023.2\hls_product\689\2023.2\src\shared\hls\clib\hlsmath\src\c++\sqrtdouble.cpp:8->./pca.hpp:343->dut.cpp:41) [57]  (2.053 ns)

 <State 39>: 2.053ns
The critical path consists of the following:
	'dsqrt' operation 64 bit ('sqrtVals', C:\scratch\2023.2\hls_product\689\2023.2\src\shared\hls\clib\hlsmath\src\c++\sqrtdouble.cpp:8->./pca.hpp:343->dut.cpp:41) [57]  (2.053 ns)

 <State 40>: 2.053ns
The critical path consists of the following:
	'dsqrt' operation 64 bit ('sqrtVals', C:\scratch\2023.2\hls_product\689\2023.2\src\shared\hls\clib\hlsmath\src\c++\sqrtdouble.cpp:8->./pca.hpp:343->dut.cpp:41) [57]  (2.053 ns)

 <State 41>: 2.053ns
The critical path consists of the following:
	'dsqrt' operation 64 bit ('sqrtVals', C:\scratch\2023.2\hls_product\689\2023.2\src\shared\hls\clib\hlsmath\src\c++\sqrtdouble.cpp:8->./pca.hpp:343->dut.cpp:41) [57]  (2.053 ns)
	'call' operation 0 bit ('call_ln350', ./pca.hpp:350->dut.cpp:41) to 'dut_Pipeline_VITIS_LOOP_350_2_VITIS_LOOP_351_3' [69]  (0.000 ns)

 <State 42>: 0.000ns
The critical path consists of the following:

 <State 43>: 1.267ns
The critical path consists of the following:
	'call' operation 0 bit ('call_ln31', dut.cpp:31) to 'dut_Pipeline_VITIS_LOOP_321_1' [70]  (1.267 ns)

 <State 44>: 0.714ns
The critical path consists of the following:
	'getelementptr' operation 2 bit ('pca_m_pcVals_0_addr', ./pca.hpp:310->dut.cpp:43) [73]  (0.000 ns)
	'load' operation 64 bit ('pca_m_pcVals_0_load', ./pca.hpp:310->dut.cpp:43) on array 'pca.m_pcVals[0]', dut.cpp:40 [74]  (0.714 ns)

 <State 45>: 0.714ns
The critical path consists of the following:
	'load' operation 64 bit ('pca_m_pcVals_0_load', ./pca.hpp:310->dut.cpp:43) on array 'pca.m_pcVals[0]', dut.cpp:40 [74]  (0.714 ns)

 <State 46>: 0.714ns
The critical path consists of the following:
	'load' operation 64 bit ('pca_m_pcVals_0_load_1', ./pca.hpp:310->dut.cpp:43) on array 'pca.m_pcVals[0]', dut.cpp:40 [76]  (0.714 ns)


============================================================
+ Verbose Summary: Binding
============================================================
N/A
* FSMD analyzer results:
  - Output states:
 - Input state : 
  - Chain level:
	State 1
	State 2
	State 3
	State 4
	State 5
	State 6
	State 7
	State 8
	State 9
	State 10
	State 11
	State 12
	State 13
	State 14
	State 15
	State 16
	State 17
	State 18
	State 19
	State 20
	State 21
	State 22
	State 23
	State 24
	State 25
	State 26
	State 27
	State 28
	State 29
	State 30
	State 31
	State 32
	State 33
	State 34
	State 35
	State 36
	State 37
	State 38
	State 39
	State 40
	State 41
	State 42
	State 43
	State 44
	State 45
	State 46


============================================================
+ Verbose Summary: Datapath Resource usage 
============================================================
N/A
