

================================================================
== Vitis HLS Report for 'Jacobi_svd_double_16_1_16_Pipeline_Loop_precal'
================================================================
* Date:           Sun May  5 21:30:42 2024

* Version:        2023.2 (Build 4023990 on Oct 11 2023)
* Project:        Principal_Component_Analysis.prj
* Solution:       sol (Vivado IP Flow Target)
* Product family: virtexuplus
* Target device:  xcu250-figd2104-2L-e


================================================================
== Performance Estimates
================================================================
+ Timing: 
    * Summary: 
    +--------+---------+----------+------------+
    |  Clock |  Target | Estimated| Uncertainty|
    +--------+---------+----------+------------+
    |ap_clk  |  3.33 ns|  1.583 ns|     0.90 ns|
    +--------+---------+----------+------------+

+ Latency: 
    * Summary: 
    +---------+---------+-----------+-----------+-----+-----+---------+
    |  Latency (cycles) |   Latency (absolute)  |  Interval | Pipeline|
    |   min   |   max   |    min    |    max    | min | max |   Type  |
    +---------+---------+-----------+-----------+-----+-----+---------+
    |       11|       11|  36.663 ns|  36.663 ns|   11|   11|       no|
    +---------+---------+-----------+-----------+-----+-----+---------+

    + Detail: 
        * Instance: 
        N/A

        * Loop: 
        +---------------+---------+---------+----------+-----------+-----------+------+----------+
        |               |  Latency (cycles) | Iteration|  Initiation Interval  | Trip |          |
        |   Loop Name   |   min   |   max   |  Latency |  achieved |   target  | Count| Pipelined|
        +---------------+---------+---------+----------+-----------+-----------+------+----------+
        |- Loop_precal  |        9|        9|         3|          1|          1|     8|       yes|
        +---------------+---------+---------+----------+-----------+-----------+------+----------+

============================================================
+ Verbose Summary: Synthesis Manager
============================================================
InlineROM: 1
ExposeGlobal: 0
============================================================
+ Verbose Summary: CDFG Model
============================================================
IsTopModel: 0
ResetActiveHigh: 1
IsCombinational: 0
IsDatapathOnly: 0
HasWiredReturn: 1
HasMFsm: 2
HasVarLatency: 1
IsPipeline: 0
IsRtlPipelined: 0
IsInstanceOverlapped: 0
IsDontTouch: 0
HasImplIP: 0
IsGatedGlobalClock: 0

+ Individual pipeline summary: 
  * Pipeline-0: initiation interval (II) = 1, depth = 3


============================================================
+ Verbose Summary: Schedule
============================================================
* Number of FSM states : 3
* Pipeline : 1
  Pipeline-0 : II = 1, D = 3, States = { 1 2 3 }
* Dataflow Pipeline: 0

* FSM state transitions: 
1 --> 2 
2 --> 3 
3 --> 

* FSM state operations: 

State 1 <SV = 0> <Delay = 1.58>
ST_1 : Operation 6 [1/1] (0.00ns)   --->   "%j = alloca i32 1" [C:/Vitis_Libraries/quantitative_finance/L1/tests/pca/../../../../solver/L2/include/hw/MatrixDecomposition/gesvdj.hpp:151->C:/Vitis_Libraries/quantitative_finance/L1/tests/pca/../../../../solver/L2/include/hw/MatrixDecomposition/gesvdj.hpp:966]   --->   Operation 6 'alloca' 'j' <Predicate = true> <Delay = 0.00>
ST_1 : Operation 7 [1/1] (0.00ns)   --->   "%specmemcore_ln0 = specmemcore void @_ssdm_op_SpecMemCore, i32 %tmpOrder, i64 666, i64 30, i64 18446744073709551615"   --->   Operation 7 'specmemcore' 'specmemcore_ln0' <Predicate = true> <Delay = 0.00>
ST_1 : Operation 8 [1/1] (0.00ns)   --->   "%specmemcore_ln0 = specmemcore void @_ssdm_op_SpecMemCore, i32 %Order, i64 666, i64 30, i64 18446744073709551615"   --->   Operation 8 'specmemcore' 'specmemcore_ln0' <Predicate = true> <Delay = 0.00>
ST_1 : Operation 9 [1/1] (0.00ns)   --->   "%lshr_ln_read = read i31 @_ssdm_op_Read.ap_auto.i31, i31 %lshr_ln"   --->   Operation 9 'read' 'lshr_ln_read' <Predicate = true> <Delay = 0.00>
ST_1 : Operation 10 [1/1] (0.00ns)   --->   "%i_2_read = read i4 @_ssdm_op_Read.ap_auto.i4, i4 %i_2"   --->   Operation 10 'read' 'i_2_read' <Predicate = true> <Delay = 0.00>
ST_1 : Operation 11 [1/1] (0.38ns)   --->   "%store_ln151 = store i4 0, i4 %j" [C:/Vitis_Libraries/quantitative_finance/L1/tests/pca/../../../../solver/L2/include/hw/MatrixDecomposition/gesvdj.hpp:151->C:/Vitis_Libraries/quantitative_finance/L1/tests/pca/../../../../solver/L2/include/hw/MatrixDecomposition/gesvdj.hpp:966]   --->   Operation 11 'store' 'store_ln151' <Predicate = true> <Delay = 0.38>
ST_1 : Operation 12 [1/1] (0.00ns)   --->   "%br_ln0 = br void %for.body11.i"   --->   Operation 12 'br' 'br_ln0' <Predicate = true> <Delay = 0.00>
ST_1 : Operation 13 [1/1] (0.00ns)   --->   "%j_5 = load i4 %j" [C:/Vitis_Libraries/quantitative_finance/L1/tests/pca/../../../../solver/L2/include/hw/MatrixDecomposition/gesvdj.hpp:154->C:/Vitis_Libraries/quantitative_finance/L1/tests/pca/../../../../solver/L2/include/hw/MatrixDecomposition/gesvdj.hpp:966]   --->   Operation 13 'load' 'j_5' <Predicate = true> <Delay = 0.00>
ST_1 : Operation 14 [1/1] (0.70ns)   --->   "%icmp_ln151 = icmp_eq  i4 %j_5, i4 8" [C:/Vitis_Libraries/quantitative_finance/L1/tests/pca/../../../../solver/L2/include/hw/MatrixDecomposition/gesvdj.hpp:151->C:/Vitis_Libraries/quantitative_finance/L1/tests/pca/../../../../solver/L2/include/hw/MatrixDecomposition/gesvdj.hpp:966]   --->   Operation 14 'icmp' 'icmp_ln151' <Predicate = true> <Delay = 0.70> <CoreInst = "Cmp">   --->   Core 9 'Cmp' <Latency = 0> <II = 1> <Delay = 0.70> <FuncUnit> <Opcode : 'icmp'> <InPorts = 2> <OutPorts = 1>
ST_1 : Operation 15 [1/1] (0.70ns)   --->   "%add_ln151 = add i4 %j_5, i4 1" [C:/Vitis_Libraries/quantitative_finance/L1/tests/pca/../../../../solver/L2/include/hw/MatrixDecomposition/gesvdj.hpp:151->C:/Vitis_Libraries/quantitative_finance/L1/tests/pca/../../../../solver/L2/include/hw/MatrixDecomposition/gesvdj.hpp:966]   --->   Operation 15 'add' 'add_ln151' <Predicate = true> <Delay = 0.70> <CoreInst = "Adder">   --->   Core 1 'Adder' <Latency = 0> <II = 1> <Delay = 0.70> <FuncUnit> <Opcode : 'add' 'sub'> <InPorts = 2> <OutPorts = 1>
ST_1 : Operation 16 [1/1] (0.00ns)   --->   "%br_ln151 = br i1 %icmp_ln151, void %for.body11.i.split_ifconv, void %Loop_cal.i.exitStub" [C:/Vitis_Libraries/quantitative_finance/L1/tests/pca/../../../../solver/L2/include/hw/MatrixDecomposition/gesvdj.hpp:151->C:/Vitis_Libraries/quantitative_finance/L1/tests/pca/../../../../solver/L2/include/hw/MatrixDecomposition/gesvdj.hpp:966]   --->   Operation 16 'br' 'br_ln151' <Predicate = true> <Delay = 0.00>
ST_1 : Operation 17 [1/1] (0.00ns)   --->   "%zext_ln151 = zext i4 %j_5" [C:/Vitis_Libraries/quantitative_finance/L1/tests/pca/../../../../solver/L2/include/hw/MatrixDecomposition/gesvdj.hpp:151->C:/Vitis_Libraries/quantitative_finance/L1/tests/pca/../../../../solver/L2/include/hw/MatrixDecomposition/gesvdj.hpp:966]   --->   Operation 17 'zext' 'zext_ln151' <Predicate = (!icmp_ln151)> <Delay = 0.00>
ST_1 : Operation 18 [1/1] (0.00ns)   --->   "%trunc_ln154 = trunc i4 %j_5" [C:/Vitis_Libraries/quantitative_finance/L1/tests/pca/../../../../solver/L2/include/hw/MatrixDecomposition/gesvdj.hpp:154->C:/Vitis_Libraries/quantitative_finance/L1/tests/pca/../../../../solver/L2/include/hw/MatrixDecomposition/gesvdj.hpp:966]   --->   Operation 18 'trunc' 'trunc_ln154' <Predicate = (!icmp_ln151)> <Delay = 0.00>
ST_1 : Operation 19 [1/1] (0.00ns)   --->   "%shl_ln154 = shl i4 %j_5, i4 1" [C:/Vitis_Libraries/quantitative_finance/L1/tests/pca/../../../../solver/L2/include/hw/MatrixDecomposition/gesvdj.hpp:154->C:/Vitis_Libraries/quantitative_finance/L1/tests/pca/../../../../solver/L2/include/hw/MatrixDecomposition/gesvdj.hpp:966]   --->   Operation 19 'shl' 'shl_ln154' <Predicate = (!icmp_ln151)> <Delay = 0.00>
ST_1 : Operation 20 [1/1] (0.00ns)   --->   "%zext_ln155 = zext i4 %shl_ln154" [C:/Vitis_Libraries/quantitative_finance/L1/tests/pca/../../../../solver/L2/include/hw/MatrixDecomposition/gesvdj.hpp:155->C:/Vitis_Libraries/quantitative_finance/L1/tests/pca/../../../../solver/L2/include/hw/MatrixDecomposition/gesvdj.hpp:966]   --->   Operation 20 'zext' 'zext_ln155' <Predicate = (!icmp_ln151)> <Delay = 0.00>
ST_1 : Operation 21 [1/1] (0.00ns)   --->   "%or_ln155 = or i4 %shl_ln154, i4 1" [C:/Vitis_Libraries/quantitative_finance/L1/tests/pca/../../../../solver/L2/include/hw/MatrixDecomposition/gesvdj.hpp:155->C:/Vitis_Libraries/quantitative_finance/L1/tests/pca/../../../../solver/L2/include/hw/MatrixDecomposition/gesvdj.hpp:966]   --->   Operation 21 'or' 'or_ln155' <Predicate = (!icmp_ln151)> <Delay = 0.00>
ST_1 : Operation 22 [1/1] (0.00ns)   --->   "%zext_ln156 = zext i4 %or_ln155" [C:/Vitis_Libraries/quantitative_finance/L1/tests/pca/../../../../solver/L2/include/hw/MatrixDecomposition/gesvdj.hpp:156->C:/Vitis_Libraries/quantitative_finance/L1/tests/pca/../../../../solver/L2/include/hw/MatrixDecomposition/gesvdj.hpp:966]   --->   Operation 22 'zext' 'zext_ln156' <Predicate = (!icmp_ln151)> <Delay = 0.00>
ST_1 : Operation 23 [1/1] (0.87ns)   --->   "%icmp_ln156 = icmp_slt  i31 %zext_ln151, i31 %lshr_ln_read" [C:/Vitis_Libraries/quantitative_finance/L1/tests/pca/../../../../solver/L2/include/hw/MatrixDecomposition/gesvdj.hpp:156->C:/Vitis_Libraries/quantitative_finance/L1/tests/pca/../../../../solver/L2/include/hw/MatrixDecomposition/gesvdj.hpp:966]   --->   Operation 23 'icmp' 'icmp_ln156' <Predicate = (!icmp_ln151)> <Delay = 0.87> <CoreInst = "Cmp">   --->   Core 9 'Cmp' <Latency = 0> <II = 1> <Delay = 0.87> <FuncUnit> <Opcode : 'icmp'> <InPorts = 2> <OutPorts = 1>
ST_1 : Operation 24 [1/1] (0.00ns)   --->   "%tmpOrder_addr = getelementptr i32 %tmpOrder, i64 0, i64 %zext_ln155" [C:/Vitis_Libraries/quantitative_finance/L1/tests/pca/../../../../solver/L2/include/hw/MatrixDecomposition/gesvdj.hpp:159->C:/Vitis_Libraries/quantitative_finance/L1/tests/pca/../../../../solver/L2/include/hw/MatrixDecomposition/gesvdj.hpp:966]   --->   Operation 24 'getelementptr' 'tmpOrder_addr' <Predicate = (!icmp_ln151)> <Delay = 0.00>
ST_1 : Operation 25 [2/2] (1.19ns)   --->   "%tmp1 = load i4 %tmpOrder_addr" [C:/Vitis_Libraries/quantitative_finance/L1/tests/pca/../../../../solver/L2/include/hw/MatrixDecomposition/gesvdj.hpp:159->C:/Vitis_Libraries/quantitative_finance/L1/tests/pca/../../../../solver/L2/include/hw/MatrixDecomposition/gesvdj.hpp:966]   --->   Operation 25 'load' 'tmp1' <Predicate = (!icmp_ln151)> <Delay = 1.19> <CoreInst = "RAM_T2P_BRAM">   --->   Core 99 'RAM_T2P_BRAM' <Latency = 1> <II = 1> <Delay = 1.19> <Storage> <Opcode : 'load' 'store'> <Ports = 2> <Width = 32> <Depth = 16> <RAM>
ST_1 : Operation 26 [1/1] (0.00ns)   --->   "%tmpOrder_addr_1 = getelementptr i32 %tmpOrder, i64 0, i64 %zext_ln156" [C:/Vitis_Libraries/quantitative_finance/L1/tests/pca/../../../../solver/L2/include/hw/MatrixDecomposition/gesvdj.hpp:160->C:/Vitis_Libraries/quantitative_finance/L1/tests/pca/../../../../solver/L2/include/hw/MatrixDecomposition/gesvdj.hpp:966]   --->   Operation 26 'getelementptr' 'tmpOrder_addr_1' <Predicate = (!icmp_ln151)> <Delay = 0.00>
ST_1 : Operation 27 [2/2] (1.19ns)   --->   "%tmp2 = load i4 %tmpOrder_addr_1" [C:/Vitis_Libraries/quantitative_finance/L1/tests/pca/../../../../solver/L2/include/hw/MatrixDecomposition/gesvdj.hpp:160->C:/Vitis_Libraries/quantitative_finance/L1/tests/pca/../../../../solver/L2/include/hw/MatrixDecomposition/gesvdj.hpp:966]   --->   Operation 27 'load' 'tmp2' <Predicate = (!icmp_ln151)> <Delay = 1.19> <CoreInst = "RAM_T2P_BRAM">   --->   Core 99 'RAM_T2P_BRAM' <Latency = 1> <II = 1> <Delay = 1.19> <Storage> <Opcode : 'load' 'store'> <Ports = 2> <Width = 32> <Depth = 16> <RAM>
ST_1 : Operation 28 [1/1] (0.38ns)   --->   "%store_ln151 = store i4 %add_ln151, i4 %j" [C:/Vitis_Libraries/quantitative_finance/L1/tests/pca/../../../../solver/L2/include/hw/MatrixDecomposition/gesvdj.hpp:151->C:/Vitis_Libraries/quantitative_finance/L1/tests/pca/../../../../solver/L2/include/hw/MatrixDecomposition/gesvdj.hpp:966]   --->   Operation 28 'store' 'store_ln151' <Predicate = (!icmp_ln151)> <Delay = 0.38>

State 2 <SV = 1> <Delay = 1.42>
ST_2 : Operation 29 [1/2] (1.19ns)   --->   "%tmp1 = load i4 %tmpOrder_addr" [C:/Vitis_Libraries/quantitative_finance/L1/tests/pca/../../../../solver/L2/include/hw/MatrixDecomposition/gesvdj.hpp:159->C:/Vitis_Libraries/quantitative_finance/L1/tests/pca/../../../../solver/L2/include/hw/MatrixDecomposition/gesvdj.hpp:966]   --->   Operation 29 'load' 'tmp1' <Predicate = true> <Delay = 1.19> <CoreInst = "RAM_T2P_BRAM">   --->   Core 99 'RAM_T2P_BRAM' <Latency = 1> <II = 1> <Delay = 1.19> <Storage> <Opcode : 'load' 'store'> <Ports = 2> <Width = 32> <Depth = 16> <RAM>
ST_2 : Operation 30 [1/2] (1.19ns)   --->   "%tmp2 = load i4 %tmpOrder_addr_1" [C:/Vitis_Libraries/quantitative_finance/L1/tests/pca/../../../../solver/L2/include/hw/MatrixDecomposition/gesvdj.hpp:160->C:/Vitis_Libraries/quantitative_finance/L1/tests/pca/../../../../solver/L2/include/hw/MatrixDecomposition/gesvdj.hpp:966]   --->   Operation 30 'load' 'tmp2' <Predicate = true> <Delay = 1.19> <CoreInst = "RAM_T2P_BRAM">   --->   Core 99 'RAM_T2P_BRAM' <Latency = 1> <II = 1> <Delay = 1.19> <Storage> <Opcode : 'load' 'store'> <Ports = 2> <Width = 32> <Depth = 16> <RAM>
ST_2 : Operation 31 [1/1] (0.22ns)   --->   "%select_ln156 = select i1 %icmp_ln156, i32 %tmp1, i32 16" [C:/Vitis_Libraries/quantitative_finance/L1/tests/pca/../../../../solver/L2/include/hw/MatrixDecomposition/gesvdj.hpp:156->C:/Vitis_Libraries/quantitative_finance/L1/tests/pca/../../../../solver/L2/include/hw/MatrixDecomposition/gesvdj.hpp:966]   --->   Operation 31 'select' 'select_ln156' <Predicate = true> <Delay = 0.22> <CoreInst = "Sel">   --->   Core 73 'Sel' <Latency = 0> <II = 1> <Delay = 0.22> <FuncUnit> <Opcode : 'select'> <InPorts = 3> <OutPorts = 1>
ST_2 : Operation 32 [1/1] (0.22ns)   --->   "%select_ln156_1 = select i1 %icmp_ln156, i32 %tmp2, i32 16" [C:/Vitis_Libraries/quantitative_finance/L1/tests/pca/../../../../solver/L2/include/hw/MatrixDecomposition/gesvdj.hpp:156->C:/Vitis_Libraries/quantitative_finance/L1/tests/pca/../../../../solver/L2/include/hw/MatrixDecomposition/gesvdj.hpp:966]   --->   Operation 32 'select' 'select_ln156_1' <Predicate = true> <Delay = 0.22> <CoreInst = "Sel">   --->   Core 73 'Sel' <Latency = 0> <II = 1> <Delay = 0.22> <FuncUnit> <Opcode : 'select'> <InPorts = 3> <OutPorts = 1>
ST_2 : Operation 45 [1/1] (0.00ns)   --->   "%ret_ln0 = ret"   --->   Operation 45 'ret' 'ret_ln0' <Predicate = (icmp_ln151)> <Delay = 0.00>

State 3 <SV = 2> <Delay = 1.19>
ST_3 : Operation 33 [1/1] (0.00ns)   --->   "%specpipeline_ln153 = specpipeline void @_ssdm_op_SpecPipeline, i32 1, i32 0, i32 0, i32 0, void @empty_12" [C:/Vitis_Libraries/quantitative_finance/L1/tests/pca/../../../../solver/L2/include/hw/MatrixDecomposition/gesvdj.hpp:153->C:/Vitis_Libraries/quantitative_finance/L1/tests/pca/../../../../solver/L2/include/hw/MatrixDecomposition/gesvdj.hpp:966]   --->   Operation 33 'specpipeline' 'specpipeline_ln153' <Predicate = true> <Delay = 0.00>
ST_3 : Operation 34 [1/1] (0.00ns)   --->   "%speclooptripcount_ln151 = speclooptripcount void @_ssdm_op_SpecLoopTripCount, i64 8, i64 8, i64 8" [C:/Vitis_Libraries/quantitative_finance/L1/tests/pca/../../../../solver/L2/include/hw/MatrixDecomposition/gesvdj.hpp:151->C:/Vitis_Libraries/quantitative_finance/L1/tests/pca/../../../../solver/L2/include/hw/MatrixDecomposition/gesvdj.hpp:966]   --->   Operation 34 'speclooptripcount' 'speclooptripcount_ln151' <Predicate = true> <Delay = 0.00>
ST_3 : Operation 35 [1/1] (0.00ns)   --->   "%specloopname_ln151 = specloopname void @_ssdm_op_SpecLoopName, void @empty_20" [C:/Vitis_Libraries/quantitative_finance/L1/tests/pca/../../../../solver/L2/include/hw/MatrixDecomposition/gesvdj.hpp:151->C:/Vitis_Libraries/quantitative_finance/L1/tests/pca/../../../../solver/L2/include/hw/MatrixDecomposition/gesvdj.hpp:966]   --->   Operation 35 'specloopname' 'specloopname_ln151' <Predicate = true> <Delay = 0.00>
ST_3 : Operation 36 [1/1] (0.00ns)   --->   "%tmp_s = bitconcatenate i8 @_ssdm_op_BitConcatenate.i8.i4.i3.i1, i4 %i_2_read, i3 %trunc_ln154, i1 0" [C:/Vitis_Libraries/quantitative_finance/L1/tests/pca/../../../../solver/L2/include/hw/MatrixDecomposition/gesvdj.hpp:161->C:/Vitis_Libraries/quantitative_finance/L1/tests/pca/../../../../solver/L2/include/hw/MatrixDecomposition/gesvdj.hpp:966]   --->   Operation 36 'bitconcatenate' 'tmp_s' <Predicate = true> <Delay = 0.00>
ST_3 : Operation 37 [1/1] (0.00ns)   --->   "%zext_ln161 = zext i8 %tmp_s" [C:/Vitis_Libraries/quantitative_finance/L1/tests/pca/../../../../solver/L2/include/hw/MatrixDecomposition/gesvdj.hpp:161->C:/Vitis_Libraries/quantitative_finance/L1/tests/pca/../../../../solver/L2/include/hw/MatrixDecomposition/gesvdj.hpp:966]   --->   Operation 37 'zext' 'zext_ln161' <Predicate = true> <Delay = 0.00>
ST_3 : Operation 38 [1/1] (0.00ns)   --->   "%Order_addr = getelementptr i32 %Order, i64 0, i64 %zext_ln161" [C:/Vitis_Libraries/quantitative_finance/L1/tests/pca/../../../../solver/L2/include/hw/MatrixDecomposition/gesvdj.hpp:161->C:/Vitis_Libraries/quantitative_finance/L1/tests/pca/../../../../solver/L2/include/hw/MatrixDecomposition/gesvdj.hpp:966]   --->   Operation 38 'getelementptr' 'Order_addr' <Predicate = true> <Delay = 0.00>
ST_3 : Operation 39 [1/1] (0.00ns)   --->   "%tmp_28 = bitconcatenate i8 @_ssdm_op_BitConcatenate.i8.i4.i4, i4 %i_2_read, i4 %or_ln155" [C:/Vitis_Libraries/quantitative_finance/L1/tests/pca/../../../../solver/L2/include/hw/MatrixDecomposition/gesvdj.hpp:162->C:/Vitis_Libraries/quantitative_finance/L1/tests/pca/../../../../solver/L2/include/hw/MatrixDecomposition/gesvdj.hpp:966]   --->   Operation 39 'bitconcatenate' 'tmp_28' <Predicate = true> <Delay = 0.00>
ST_3 : Operation 40 [1/1] (0.00ns)   --->   "%zext_ln162 = zext i8 %tmp_28" [C:/Vitis_Libraries/quantitative_finance/L1/tests/pca/../../../../solver/L2/include/hw/MatrixDecomposition/gesvdj.hpp:162->C:/Vitis_Libraries/quantitative_finance/L1/tests/pca/../../../../solver/L2/include/hw/MatrixDecomposition/gesvdj.hpp:966]   --->   Operation 40 'zext' 'zext_ln162' <Predicate = true> <Delay = 0.00>
ST_3 : Operation 41 [1/1] (0.00ns)   --->   "%Order_addr_3 = getelementptr i32 %Order, i64 0, i64 %zext_ln162" [C:/Vitis_Libraries/quantitative_finance/L1/tests/pca/../../../../solver/L2/include/hw/MatrixDecomposition/gesvdj.hpp:162->C:/Vitis_Libraries/quantitative_finance/L1/tests/pca/../../../../solver/L2/include/hw/MatrixDecomposition/gesvdj.hpp:966]   --->   Operation 41 'getelementptr' 'Order_addr_3' <Predicate = true> <Delay = 0.00>
ST_3 : Operation 42 [1/1] (1.19ns)   --->   "%store_ln164 = store i32 %select_ln156, i8 %Order_addr" [C:/Vitis_Libraries/quantitative_finance/L1/tests/pca/../../../../solver/L2/include/hw/MatrixDecomposition/gesvdj.hpp:164->C:/Vitis_Libraries/quantitative_finance/L1/tests/pca/../../../../solver/L2/include/hw/MatrixDecomposition/gesvdj.hpp:966]   --->   Operation 42 'store' 'store_ln164' <Predicate = true> <Delay = 1.19> <CoreInst = "RAM_T2P_BRAM">   --->   Core 99 'RAM_T2P_BRAM' <Latency = 1> <II = 1> <Delay = 1.19> <Storage> <Opcode : 'load' 'store'> <Ports = 2> <Width = 32> <Depth = 256> <RAM>
ST_3 : Operation 43 [1/1] (1.19ns)   --->   "%store_ln162 = store i32 %select_ln156_1, i8 %Order_addr_3" [C:/Vitis_Libraries/quantitative_finance/L1/tests/pca/../../../../solver/L2/include/hw/MatrixDecomposition/gesvdj.hpp:162->C:/Vitis_Libraries/quantitative_finance/L1/tests/pca/../../../../solver/L2/include/hw/MatrixDecomposition/gesvdj.hpp:966]   --->   Operation 43 'store' 'store_ln162' <Predicate = true> <Delay = 1.19> <CoreInst = "RAM_T2P_BRAM">   --->   Core 99 'RAM_T2P_BRAM' <Latency = 1> <II = 1> <Delay = 1.19> <Storage> <Opcode : 'load' 'store'> <Ports = 2> <Width = 32> <Depth = 256> <RAM>
ST_3 : Operation 44 [1/1] (0.00ns)   --->   "%br_ln151 = br void %for.body11.i" [C:/Vitis_Libraries/quantitative_finance/L1/tests/pca/../../../../solver/L2/include/hw/MatrixDecomposition/gesvdj.hpp:151->C:/Vitis_Libraries/quantitative_finance/L1/tests/pca/../../../../solver/L2/include/hw/MatrixDecomposition/gesvdj.hpp:966]   --->   Operation 44 'br' 'br_ln151' <Predicate = true> <Delay = 0.00>


============================================================
+ Verbose Summary: Timing violations
============================================================
Target clock period: 3.333ns, clock uncertainty: 0.900ns.

 <State 1>: 1.583ns
The critical path consists of the following:
	'store' operation 0 bit ('store_ln151', C:/Vitis_Libraries/quantitative_finance/L1/tests/pca/../../../../solver/L2/include/hw/MatrixDecomposition/gesvdj.hpp:151->C:/Vitis_Libraries/quantitative_finance/L1/tests/pca/../../../../solver/L2/include/hw/MatrixDecomposition/gesvdj.hpp:966) of constant 0 on local variable 'j', C:/Vitis_Libraries/quantitative_finance/L1/tests/pca/../../../../solver/L2/include/hw/MatrixDecomposition/gesvdj.hpp:151->C:/Vitis_Libraries/quantitative_finance/L1/tests/pca/../../../../solver/L2/include/hw/MatrixDecomposition/gesvdj.hpp:966 [10]  (0.387 ns)
	'load' operation 4 bit ('j', C:/Vitis_Libraries/quantitative_finance/L1/tests/pca/../../../../solver/L2/include/hw/MatrixDecomposition/gesvdj.hpp:154->C:/Vitis_Libraries/quantitative_finance/L1/tests/pca/../../../../solver/L2/include/hw/MatrixDecomposition/gesvdj.hpp:966) on local variable 'j', C:/Vitis_Libraries/quantitative_finance/L1/tests/pca/../../../../solver/L2/include/hw/MatrixDecomposition/gesvdj.hpp:151->C:/Vitis_Libraries/quantitative_finance/L1/tests/pca/../../../../solver/L2/include/hw/MatrixDecomposition/gesvdj.hpp:966 [13]  (0.000 ns)
	'shl' operation 4 bit ('shl_ln154', C:/Vitis_Libraries/quantitative_finance/L1/tests/pca/../../../../solver/L2/include/hw/MatrixDecomposition/gesvdj.hpp:154->C:/Vitis_Libraries/quantitative_finance/L1/tests/pca/../../../../solver/L2/include/hw/MatrixDecomposition/gesvdj.hpp:966) [23]  (0.000 ns)
	'getelementptr' operation 4 bit ('tmpOrder_addr', C:/Vitis_Libraries/quantitative_finance/L1/tests/pca/../../../../solver/L2/include/hw/MatrixDecomposition/gesvdj.hpp:159->C:/Vitis_Libraries/quantitative_finance/L1/tests/pca/../../../../solver/L2/include/hw/MatrixDecomposition/gesvdj.hpp:966) [34]  (0.000 ns)
	'load' operation 32 bit ('tmp1', C:/Vitis_Libraries/quantitative_finance/L1/tests/pca/../../../../solver/L2/include/hw/MatrixDecomposition/gesvdj.hpp:159->C:/Vitis_Libraries/quantitative_finance/L1/tests/pca/../../../../solver/L2/include/hw/MatrixDecomposition/gesvdj.hpp:966) on array 'tmpOrder' [35]  (1.196 ns)

 <State 2>: 1.423ns
The critical path consists of the following:
	'load' operation 32 bit ('tmp1', C:/Vitis_Libraries/quantitative_finance/L1/tests/pca/../../../../solver/L2/include/hw/MatrixDecomposition/gesvdj.hpp:159->C:/Vitis_Libraries/quantitative_finance/L1/tests/pca/../../../../solver/L2/include/hw/MatrixDecomposition/gesvdj.hpp:966) on array 'tmpOrder' [35]  (1.196 ns)
	'select' operation 32 bit ('select_ln156', C:/Vitis_Libraries/quantitative_finance/L1/tests/pca/../../../../solver/L2/include/hw/MatrixDecomposition/gesvdj.hpp:156->C:/Vitis_Libraries/quantitative_finance/L1/tests/pca/../../../../solver/L2/include/hw/MatrixDecomposition/gesvdj.hpp:966) [38]  (0.227 ns)

 <State 3>: 1.196ns
The critical path consists of the following:
	'getelementptr' operation 8 bit ('Order_addr', C:/Vitis_Libraries/quantitative_finance/L1/tests/pca/../../../../solver/L2/include/hw/MatrixDecomposition/gesvdj.hpp:161->C:/Vitis_Libraries/quantitative_finance/L1/tests/pca/../../../../solver/L2/include/hw/MatrixDecomposition/gesvdj.hpp:966) [27]  (0.000 ns)
	'store' operation 0 bit ('store_ln164', C:/Vitis_Libraries/quantitative_finance/L1/tests/pca/../../../../solver/L2/include/hw/MatrixDecomposition/gesvdj.hpp:164->C:/Vitis_Libraries/quantitative_finance/L1/tests/pca/../../../../solver/L2/include/hw/MatrixDecomposition/gesvdj.hpp:966) of variable 'select_ln156', C:/Vitis_Libraries/quantitative_finance/L1/tests/pca/../../../../solver/L2/include/hw/MatrixDecomposition/gesvdj.hpp:156->C:/Vitis_Libraries/quantitative_finance/L1/tests/pca/../../../../solver/L2/include/hw/MatrixDecomposition/gesvdj.hpp:966 on array 'Order' [40]  (1.196 ns)


============================================================
+ Verbose Summary: Binding
============================================================
N/A
* FSMD analyzer results:
  - Output states:
 - Input state : 
  - Chain level:
	State 1
	State 2
	State 3


============================================================
+ Verbose Summary: Datapath Resource usage 
============================================================
N/A
