

================================================================
== Vitis HLS Report for 'Jacobi_svd_double_16_1_16_Pipeline_Loop_cal'
================================================================
* Date:           Sun May  5 21:30:42 2024

* Version:        2023.2 (Build 4023990 on Oct 11 2023)
* Project:        Principal_Component_Analysis.prj
* Solution:       sol (Vivado IP Flow Target)
* Product family: virtexuplus
* Target device:  xcu250-figd2104-2L-e


================================================================
== Performance Estimates
================================================================
+ Timing: 
    * Summary: 
    +--------+---------+----------+------------+
    |  Clock |  Target | Estimated| Uncertainty|
    +--------+---------+----------+------------+
    |ap_clk  |  3.33 ns|  2.457 ns|     0.90 ns|
    +--------+---------+----------+------------+

+ Latency: 
    * Summary: 
    +---------+---------+----------+----------+-----+-----+---------+
    |  Latency (cycles) |  Latency (absolute) |  Interval | Pipeline|
    |   min   |   max   |    min   |    max   | min | max |   Type  |
    +---------+---------+----------+----------+-----+-----+---------+
    |      512|      512|  1.706 us|  1.706 us|  512|  512|       no|
    +---------+---------+----------+----------+-----+-----+---------+

    + Detail: 
        * Instance: 
        N/A

        * Loop: 
        +------------+---------+---------+----------+-----------+-----------+------+----------+
        |            |  Latency (cycles) | Iteration|  Initiation Interval  | Trip |          |
        |  Loop Name |   min   |   max   |  Latency |  achieved |   target  | Count| Pipelined|
        +------------+---------+---------+----------+-----------+-----------+------+----------+
        |- Loop_cal  |      510|      510|         2|          1|          1|   510|       yes|
        +------------+---------+---------+----------+-----------+-----------+------+----------+

============================================================
+ Verbose Summary: Synthesis Manager
============================================================
InlineROM: 1
ExposeGlobal: 0
============================================================
+ Verbose Summary: CDFG Model
============================================================
IsTopModel: 0
ResetActiveHigh: 1
IsCombinational: 0
IsDatapathOnly: 0
HasWiredReturn: 1
HasMFsm: 2
HasVarLatency: 1
IsPipeline: 0
IsRtlPipelined: 0
IsInstanceOverlapped: 0
IsDontTouch: 0
HasImplIP: 0
IsGatedGlobalClock: 0

+ Individual pipeline summary: 
  * Pipeline-0: initiation interval (II) = 1, depth = 2


============================================================
+ Verbose Summary: Schedule
============================================================
* Number of FSM states : 2
* Pipeline : 1
  Pipeline-0 : II = 1, D = 2, States = { 1 2 }
* Dataflow Pipeline: 0

* FSM state transitions: 
1 --> 2 
2 --> 

* FSM state operations: 

State 1 <SV = 0> <Delay = 2.45>
ST_1 : Operation 5 [1/1] (0.00ns)   --->   "%tmp3_1 = alloca i32 1" [C:/Vitis_Libraries/quantitative_finance/L1/tests/pca/../../../../solver/L2/include/hw/MatrixDecomposition/gesvdj.hpp:170->C:/Vitis_Libraries/quantitative_finance/L1/tests/pca/../../../../solver/L2/include/hw/MatrixDecomposition/gesvdj.hpp:966]   --->   Operation 5 'alloca' 'tmp3_1' <Predicate = true> <Delay = 0.00>
ST_1 : Operation 6 [1/1] (0.00ns)   --->   "%j_1 = alloca i32 1" [C:/Vitis_Libraries/quantitative_finance/L1/tests/pca/../../../../solver/L2/include/hw/MatrixDecomposition/gesvdj.hpp:172->C:/Vitis_Libraries/quantitative_finance/L1/tests/pca/../../../../solver/L2/include/hw/MatrixDecomposition/gesvdj.hpp:966]   --->   Operation 6 'alloca' 'j_1' <Predicate = true> <Delay = 0.00>
ST_1 : Operation 7 [1/1] (0.00ns)   --->   "%specmemcore_ln0 = specmemcore void @_ssdm_op_SpecMemCore, i32 %tmpOrder, i64 666, i64 30, i64 18446744073709551615"   --->   Operation 7 'specmemcore' 'specmemcore_ln0' <Predicate = true> <Delay = 0.00>
ST_1 : Operation 8 [1/1] (0.00ns)   --->   "%sub44_i_read = read i32 @_ssdm_op_Read.ap_auto.i32, i32 %sub44_i"   --->   Operation 8 'read' 'sub44_i_read' <Predicate = true> <Delay = 0.00>
ST_1 : Operation 9 [1/1] (0.00ns)   --->   "%tmp3_read = read i32 @_ssdm_op_Read.ap_auto.i32, i32 %tmp3"   --->   Operation 9 'read' 'tmp3_read' <Predicate = true> <Delay = 0.00>
ST_1 : Operation 10 [1/1] (0.38ns)   --->   "%store_ln172 = store i31 1, i31 %j_1" [C:/Vitis_Libraries/quantitative_finance/L1/tests/pca/../../../../solver/L2/include/hw/MatrixDecomposition/gesvdj.hpp:172->C:/Vitis_Libraries/quantitative_finance/L1/tests/pca/../../../../solver/L2/include/hw/MatrixDecomposition/gesvdj.hpp:966]   --->   Operation 10 'store' 'store_ln172' <Predicate = true> <Delay = 0.38>
ST_1 : Operation 11 [1/1] (0.38ns)   --->   "%store_ln170 = store i32 %tmp3_read, i32 %tmp3_1" [C:/Vitis_Libraries/quantitative_finance/L1/tests/pca/../../../../solver/L2/include/hw/MatrixDecomposition/gesvdj.hpp:170->C:/Vitis_Libraries/quantitative_finance/L1/tests/pca/../../../../solver/L2/include/hw/MatrixDecomposition/gesvdj.hpp:966]   --->   Operation 11 'store' 'store_ln170' <Predicate = true> <Delay = 0.38>
ST_1 : Operation 12 [1/1] (0.00ns)   --->   "%br_ln0 = br void %for.inc54.i"   --->   Operation 12 'br' 'br_ln0' <Predicate = true> <Delay = 0.00>
ST_1 : Operation 13 [1/1] (0.00ns)   --->   "%j = load i31 %j_1" [C:/Vitis_Libraries/quantitative_finance/L1/tests/pca/../../../../solver/L2/include/hw/MatrixDecomposition/gesvdj.hpp:175->C:/Vitis_Libraries/quantitative_finance/L1/tests/pca/../../../../solver/L2/include/hw/MatrixDecomposition/gesvdj.hpp:966]   --->   Operation 13 'load' 'j' <Predicate = true> <Delay = 0.00>
ST_1 : Operation 14 [1/1] (0.00ns)   --->   "%zext_ln172 = zext i31 %j" [C:/Vitis_Libraries/quantitative_finance/L1/tests/pca/../../../../solver/L2/include/hw/MatrixDecomposition/gesvdj.hpp:172->C:/Vitis_Libraries/quantitative_finance/L1/tests/pca/../../../../solver/L2/include/hw/MatrixDecomposition/gesvdj.hpp:966]   --->   Operation 14 'zext' 'zext_ln172' <Predicate = true> <Delay = 0.00>
ST_1 : Operation 15 [1/1] (0.88ns)   --->   "%icmp_ln172 = icmp_slt  i32 %zext_ln172, i32 %sub44_i_read" [C:/Vitis_Libraries/quantitative_finance/L1/tests/pca/../../../../solver/L2/include/hw/MatrixDecomposition/gesvdj.hpp:172->C:/Vitis_Libraries/quantitative_finance/L1/tests/pca/../../../../solver/L2/include/hw/MatrixDecomposition/gesvdj.hpp:966]   --->   Operation 15 'icmp' 'icmp_ln172' <Predicate = true> <Delay = 0.88> <CoreInst = "Cmp">   --->   Core 9 'Cmp' <Latency = 0> <II = 1> <Delay = 0.88> <FuncUnit> <Opcode : 'icmp'> <InPorts = 2> <OutPorts = 1>
ST_1 : Operation 16 [1/1] (0.00ns)   --->   "%br_ln172 = br i1 %icmp_ln172, void %for.inc58.i.loopexit.exitStub, void %for.inc54.i.split" [C:/Vitis_Libraries/quantitative_finance/L1/tests/pca/../../../../solver/L2/include/hw/MatrixDecomposition/gesvdj.hpp:172->C:/Vitis_Libraries/quantitative_finance/L1/tests/pca/../../../../solver/L2/include/hw/MatrixDecomposition/gesvdj.hpp:966]   --->   Operation 16 'br' 'br_ln172' <Predicate = true> <Delay = 0.00>
ST_1 : Operation 17 [1/1] (0.87ns)   --->   "%add_ln175 = add i31 %j, i31 2" [C:/Vitis_Libraries/quantitative_finance/L1/tests/pca/../../../../solver/L2/include/hw/MatrixDecomposition/gesvdj.hpp:175->C:/Vitis_Libraries/quantitative_finance/L1/tests/pca/../../../../solver/L2/include/hw/MatrixDecomposition/gesvdj.hpp:966]   --->   Operation 17 'add' 'add_ln175' <Predicate = (icmp_ln172)> <Delay = 0.87> <CoreInst = "Adder">   --->   Core 1 'Adder' <Latency = 0> <II = 1> <Delay = 0.87> <FuncUnit> <Opcode : 'add' 'sub'> <InPorts = 2> <OutPorts = 1>
ST_1 : Operation 18 [1/1] (0.00ns)   --->   "%zext_ln175 = zext i31 %add_ln175" [C:/Vitis_Libraries/quantitative_finance/L1/tests/pca/../../../../solver/L2/include/hw/MatrixDecomposition/gesvdj.hpp:175->C:/Vitis_Libraries/quantitative_finance/L1/tests/pca/../../../../solver/L2/include/hw/MatrixDecomposition/gesvdj.hpp:966]   --->   Operation 18 'zext' 'zext_ln175' <Predicate = (icmp_ln172)> <Delay = 0.00>
ST_1 : Operation 19 [1/1] (0.00ns)   --->   "%tmpOrder_addr = getelementptr i32 %tmpOrder, i64 0, i64 %zext_ln175" [C:/Vitis_Libraries/quantitative_finance/L1/tests/pca/../../../../solver/L2/include/hw/MatrixDecomposition/gesvdj.hpp:175->C:/Vitis_Libraries/quantitative_finance/L1/tests/pca/../../../../solver/L2/include/hw/MatrixDecomposition/gesvdj.hpp:966]   --->   Operation 19 'getelementptr' 'tmpOrder_addr' <Predicate = (icmp_ln172)> <Delay = 0.00>
ST_1 : Operation 20 [2/2] (1.19ns)   --->   "%tmp4 = load i4 %tmpOrder_addr" [C:/Vitis_Libraries/quantitative_finance/L1/tests/pca/../../../../solver/L2/include/hw/MatrixDecomposition/gesvdj.hpp:175->C:/Vitis_Libraries/quantitative_finance/L1/tests/pca/../../../../solver/L2/include/hw/MatrixDecomposition/gesvdj.hpp:966]   --->   Operation 20 'load' 'tmp4' <Predicate = (icmp_ln172)> <Delay = 1.19> <CoreInst = "RAM_T2P_BRAM">   --->   Core 99 'RAM_T2P_BRAM' <Latency = 1> <II = 1> <Delay = 1.19> <Storage> <Opcode : 'load' 'store'> <Ports = 2> <Width = 32> <Depth = 16> <RAM>
ST_1 : Operation 21 [1/1] (0.38ns)   --->   "%store_ln172 = store i31 %add_ln175, i31 %j_1" [C:/Vitis_Libraries/quantitative_finance/L1/tests/pca/../../../../solver/L2/include/hw/MatrixDecomposition/gesvdj.hpp:172->C:/Vitis_Libraries/quantitative_finance/L1/tests/pca/../../../../solver/L2/include/hw/MatrixDecomposition/gesvdj.hpp:966]   --->   Operation 21 'store' 'store_ln172' <Predicate = (icmp_ln172)> <Delay = 0.38>
ST_1 : Operation 30 [1/1] (0.00ns)   --->   "%tmp3_1_load = load i32 %tmp3_1"   --->   Operation 30 'load' 'tmp3_1_load' <Predicate = (!icmp_ln172)> <Delay = 0.00>
ST_1 : Operation 31 [1/1] (0.00ns)   --->   "%write_ln0 = write void @_ssdm_op_Write.ap_auto.i32P0A, i32 %tmp3_1_out, i32 %tmp3_1_load"   --->   Operation 31 'write' 'write_ln0' <Predicate = (!icmp_ln172)> <Delay = 0.00>
ST_1 : Operation 32 [1/1] (0.00ns)   --->   "%ret_ln0 = ret"   --->   Operation 32 'ret' 'ret_ln0' <Predicate = (!icmp_ln172)> <Delay = 0.00>

State 2 <SV = 1> <Delay = 1.58>
ST_2 : Operation 22 [1/1] (0.00ns)   --->   "%tmp3_1_load_1 = load i32 %tmp3_1" [C:/Vitis_Libraries/quantitative_finance/L1/tests/pca/../../../../solver/L2/include/hw/MatrixDecomposition/gesvdj.hpp:176->C:/Vitis_Libraries/quantitative_finance/L1/tests/pca/../../../../solver/L2/include/hw/MatrixDecomposition/gesvdj.hpp:966]   --->   Operation 22 'load' 'tmp3_1_load_1' <Predicate = true> <Delay = 0.00>
ST_2 : Operation 23 [1/1] (0.00ns)   --->   "%specpipeline_ln174 = specpipeline void @_ssdm_op_SpecPipeline, i32 1, i32 0, i32 0, i32 0, void @empty_12" [C:/Vitis_Libraries/quantitative_finance/L1/tests/pca/../../../../solver/L2/include/hw/MatrixDecomposition/gesvdj.hpp:174->C:/Vitis_Libraries/quantitative_finance/L1/tests/pca/../../../../solver/L2/include/hw/MatrixDecomposition/gesvdj.hpp:966]   --->   Operation 23 'specpipeline' 'specpipeline_ln174' <Predicate = true> <Delay = 0.00>
ST_2 : Operation 24 [1/1] (0.00ns)   --->   "%speclooptripcount_ln173 = speclooptripcount void @_ssdm_op_SpecLoopTripCount, i64 510, i64 510, i64 510" [C:/Vitis_Libraries/quantitative_finance/L1/tests/pca/../../../../solver/L2/include/hw/MatrixDecomposition/gesvdj.hpp:173->C:/Vitis_Libraries/quantitative_finance/L1/tests/pca/../../../../solver/L2/include/hw/MatrixDecomposition/gesvdj.hpp:966]   --->   Operation 24 'speclooptripcount' 'speclooptripcount_ln173' <Predicate = true> <Delay = 0.00>
ST_2 : Operation 25 [1/1] (0.00ns)   --->   "%specloopname_ln172 = specloopname void @_ssdm_op_SpecLoopName, void @empty_19" [C:/Vitis_Libraries/quantitative_finance/L1/tests/pca/../../../../solver/L2/include/hw/MatrixDecomposition/gesvdj.hpp:172->C:/Vitis_Libraries/quantitative_finance/L1/tests/pca/../../../../solver/L2/include/hw/MatrixDecomposition/gesvdj.hpp:966]   --->   Operation 25 'specloopname' 'specloopname_ln172' <Predicate = true> <Delay = 0.00>
ST_2 : Operation 26 [1/2] (1.19ns)   --->   "%tmp4 = load i4 %tmpOrder_addr" [C:/Vitis_Libraries/quantitative_finance/L1/tests/pca/../../../../solver/L2/include/hw/MatrixDecomposition/gesvdj.hpp:175->C:/Vitis_Libraries/quantitative_finance/L1/tests/pca/../../../../solver/L2/include/hw/MatrixDecomposition/gesvdj.hpp:966]   --->   Operation 26 'load' 'tmp4' <Predicate = true> <Delay = 1.19> <CoreInst = "RAM_T2P_BRAM">   --->   Core 99 'RAM_T2P_BRAM' <Latency = 1> <II = 1> <Delay = 1.19> <Storage> <Opcode : 'load' 'store'> <Ports = 2> <Width = 32> <Depth = 16> <RAM>
ST_2 : Operation 27 [1/1] (1.19ns)   --->   "%store_ln176 = store i32 %tmp3_1_load_1, i4 %tmpOrder_addr" [C:/Vitis_Libraries/quantitative_finance/L1/tests/pca/../../../../solver/L2/include/hw/MatrixDecomposition/gesvdj.hpp:176->C:/Vitis_Libraries/quantitative_finance/L1/tests/pca/../../../../solver/L2/include/hw/MatrixDecomposition/gesvdj.hpp:966]   --->   Operation 27 'store' 'store_ln176' <Predicate = true> <Delay = 1.19> <CoreInst = "RAM_T2P_BRAM">   --->   Core 99 'RAM_T2P_BRAM' <Latency = 1> <II = 1> <Delay = 1.19> <Storage> <Opcode : 'load' 'store'> <Ports = 2> <Width = 32> <Depth = 16> <RAM>
ST_2 : Operation 28 [1/1] (0.38ns)   --->   "%store_ln170 = store i32 %tmp4, i32 %tmp3_1" [C:/Vitis_Libraries/quantitative_finance/L1/tests/pca/../../../../solver/L2/include/hw/MatrixDecomposition/gesvdj.hpp:170->C:/Vitis_Libraries/quantitative_finance/L1/tests/pca/../../../../solver/L2/include/hw/MatrixDecomposition/gesvdj.hpp:966]   --->   Operation 28 'store' 'store_ln170' <Predicate = true> <Delay = 0.38>
ST_2 : Operation 29 [1/1] (0.00ns)   --->   "%br_ln172 = br void %for.inc54.i" [C:/Vitis_Libraries/quantitative_finance/L1/tests/pca/../../../../solver/L2/include/hw/MatrixDecomposition/gesvdj.hpp:172->C:/Vitis_Libraries/quantitative_finance/L1/tests/pca/../../../../solver/L2/include/hw/MatrixDecomposition/gesvdj.hpp:966]   --->   Operation 29 'br' 'br_ln172' <Predicate = true> <Delay = 0.00>


============================================================
+ Verbose Summary: Timing violations
============================================================
Target clock period: 3.333ns, clock uncertainty: 0.900ns.

 <State 1>: 2.457ns
The critical path consists of the following:
	'store' operation 0 bit ('store_ln172', C:/Vitis_Libraries/quantitative_finance/L1/tests/pca/../../../../solver/L2/include/hw/MatrixDecomposition/gesvdj.hpp:172->C:/Vitis_Libraries/quantitative_finance/L1/tests/pca/../../../../solver/L2/include/hw/MatrixDecomposition/gesvdj.hpp:966) of constant 1 on local variable 'j', C:/Vitis_Libraries/quantitative_finance/L1/tests/pca/../../../../solver/L2/include/hw/MatrixDecomposition/gesvdj.hpp:172->C:/Vitis_Libraries/quantitative_finance/L1/tests/pca/../../../../solver/L2/include/hw/MatrixDecomposition/gesvdj.hpp:966 [10]  (0.387 ns)
	'load' operation 31 bit ('j', C:/Vitis_Libraries/quantitative_finance/L1/tests/pca/../../../../solver/L2/include/hw/MatrixDecomposition/gesvdj.hpp:175->C:/Vitis_Libraries/quantitative_finance/L1/tests/pca/../../../../solver/L2/include/hw/MatrixDecomposition/gesvdj.hpp:966) on local variable 'j', C:/Vitis_Libraries/quantitative_finance/L1/tests/pca/../../../../solver/L2/include/hw/MatrixDecomposition/gesvdj.hpp:172->C:/Vitis_Libraries/quantitative_finance/L1/tests/pca/../../../../solver/L2/include/hw/MatrixDecomposition/gesvdj.hpp:966 [14]  (0.000 ns)
	'add' operation 31 bit ('add_ln175', C:/Vitis_Libraries/quantitative_finance/L1/tests/pca/../../../../solver/L2/include/hw/MatrixDecomposition/gesvdj.hpp:175->C:/Vitis_Libraries/quantitative_finance/L1/tests/pca/../../../../solver/L2/include/hw/MatrixDecomposition/gesvdj.hpp:966) [23]  (0.874 ns)
	'getelementptr' operation 4 bit ('tmpOrder_addr', C:/Vitis_Libraries/quantitative_finance/L1/tests/pca/../../../../solver/L2/include/hw/MatrixDecomposition/gesvdj.hpp:175->C:/Vitis_Libraries/quantitative_finance/L1/tests/pca/../../../../solver/L2/include/hw/MatrixDecomposition/gesvdj.hpp:966) [25]  (0.000 ns)
	'load' operation 32 bit ('tmp4', C:/Vitis_Libraries/quantitative_finance/L1/tests/pca/../../../../solver/L2/include/hw/MatrixDecomposition/gesvdj.hpp:175->C:/Vitis_Libraries/quantitative_finance/L1/tests/pca/../../../../solver/L2/include/hw/MatrixDecomposition/gesvdj.hpp:966) on array 'tmpOrder' [26]  (1.196 ns)

 <State 2>: 1.583ns
The critical path consists of the following:
	'load' operation 32 bit ('tmp4', C:/Vitis_Libraries/quantitative_finance/L1/tests/pca/../../../../solver/L2/include/hw/MatrixDecomposition/gesvdj.hpp:175->C:/Vitis_Libraries/quantitative_finance/L1/tests/pca/../../../../solver/L2/include/hw/MatrixDecomposition/gesvdj.hpp:966) on array 'tmpOrder' [26]  (1.196 ns)
	'store' operation 0 bit ('store_ln170', C:/Vitis_Libraries/quantitative_finance/L1/tests/pca/../../../../solver/L2/include/hw/MatrixDecomposition/gesvdj.hpp:170->C:/Vitis_Libraries/quantitative_finance/L1/tests/pca/../../../../solver/L2/include/hw/MatrixDecomposition/gesvdj.hpp:966) of variable 'tmp4', C:/Vitis_Libraries/quantitative_finance/L1/tests/pca/../../../../solver/L2/include/hw/MatrixDecomposition/gesvdj.hpp:175->C:/Vitis_Libraries/quantitative_finance/L1/tests/pca/../../../../solver/L2/include/hw/MatrixDecomposition/gesvdj.hpp:966 on local variable 'tmp3', C:/Vitis_Libraries/quantitative_finance/L1/tests/pca/../../../../solver/L2/include/hw/MatrixDecomposition/gesvdj.hpp:170->C:/Vitis_Libraries/quantitative_finance/L1/tests/pca/../../../../solver/L2/include/hw/MatrixDecomposition/gesvdj.hpp:966 [29]  (0.387 ns)


============================================================
+ Verbose Summary: Binding
============================================================
N/A
* FSMD analyzer results:
  - Output states:
 - Input state : 
  - Chain level:
	State 1
	State 2


============================================================
+ Verbose Summary: Datapath Resource usage 
============================================================
N/A
