

================================================================
== Vitis HLS Report for 'Jacobi_svd_double_16_1_16_s'
================================================================
* Date:           Sun May  5 21:30:45 2024

* Version:        2023.2 (Build 4023990 on Oct 11 2023)
* Project:        Principal_Component_Analysis.prj
* Solution:       sol (Vivado IP Flow Target)
* Product family: virtexuplus
* Target device:  xcu250-figd2104-2L-e


================================================================
== Performance Estimates
================================================================
+ Timing: 
    * Summary: 
    +--------+---------+----------+------------+
    |  Clock |  Target | Estimated| Uncertainty|
    +--------+---------+----------+------------+
    |ap_clk  |  3.33 ns|  2.541 ns|     0.90 ns|
    +--------+---------+----------+------------+

+ Latency: 
    * Summary: 
    +---------+---------+-----------+----------+-------+--------+---------+
    |  Latency (cycles) |  Latency (absolute)  |    Interval    | Pipeline|
    |   min   |   max   |    min    |    max   |  min  |   max  |   Type  |
    +---------+---------+-----------+----------+-------+--------+---------+
    |    13670|   414744|  45.562 us|  1.382 ms|  13670|  414744|       no|
    +---------+---------+-----------+----------+-------+--------+---------+

    + Detail: 
        * Instance: 
        N/A

        * Loop: 
        +--------------------+---------+---------+-------------+-----------+-----------+------+----------+
        |                    |  Latency (cycles) |  Iteration  |  Initiation Interval  | Trip |          |
        |      Loop Name     |   min   |   max   |   Latency   |  achieved |   target  | Count| Pipelined|
        +--------------------+---------+---------+-------------+-----------+-----------+------+----------+
        |- Loop_even         |     9709|   272363|     19 ~ 533|          -|          -|   511|        no|
        |- While_Loop        |     3443|   141863|  287 ~ 11822|          -|          -|    12|        no|
        | + Loop_innerWhile  |      285|    11820|     19 ~ 788|          -|          -|    15|        no|
        +--------------------+---------+---------+-------------+-----------+-----------+------+----------+

============================================================
+ Verbose Summary: Synthesis Manager
============================================================
InlineROM: 1
ExposeGlobal: 0
============================================================
+ Verbose Summary: CDFG Model
============================================================
IsTopModel: 0
ResetActiveHigh: 1
IsCombinational: 0
IsDatapathOnly: 0
HasWiredReturn: 1
HasMFsm: 0
HasVarLatency: 1
IsPipeline: 0
IsRtlPipelined: 0
IsInstanceOverlapped: 0
IsDontTouch: 0
HasImplIP: 0
IsGatedGlobalClock: 0


============================================================
+ Verbose Summary: Schedule
============================================================
* Number of FSM states : 21
* Pipeline : 0
* Dataflow Pipeline: 0

* FSM state transitions: 
1 --> 2 
2 --> 3 
3 --> 4 
4 --> 5 14 
5 --> 6 
6 --> 7 
7 --> 8 
8 --> 9 
9 --> 10 
10 --> 11 13 
11 --> 12 
12 --> 13 
13 --> 4 
14 --> 15 
15 --> 16 14 
16 --> 17 
17 --> 18 21 
18 --> 19 
19 --> 20 
20 --> 21 
21 --> 15 

* FSM state operations: 

State 1 <SV = 0> <Delay = 1.98>
ST_1 : Operation 22 [1/1] (0.00ns)   --->   "%i_2 = alloca i32 1" [C:/Vitis_Libraries/quantitative_finance/L1/tests/pca/../../../../solver/L2/include/hw/MatrixDecomposition/gesvdj.hpp:148->C:/Vitis_Libraries/quantitative_finance/L1/tests/pca/../../../../solver/L2/include/hw/MatrixDecomposition/gesvdj.hpp:966]   --->   Operation 22 'alloca' 'i_2' <Predicate = true> <Delay = 0.00>
ST_1 : Operation 23 [1/1] (0.00ns)   --->   "%lda_read = read i32 @_ssdm_op_Read.ap_auto.i32, i32 %lda"   --->   Operation 23 'read' 'lda_read' <Predicate = true> <Delay = 0.00>
ST_1 : Operation 24 [1/1] (0.00ns)   --->   "%m_c_right_263_loc = alloca i64 1"   --->   Operation 24 'alloca' 'm_c_right_263_loc' <Predicate = true> <Delay = 0.00>
ST_1 : Operation 25 [1/1] (0.00ns)   --->   "%m_c_right_1_2_loc = alloca i64 1"   --->   Operation 25 'alloca' 'm_c_right_1_2_loc' <Predicate = true> <Delay = 0.00>
ST_1 : Operation 26 [1/1] (0.00ns)   --->   "%m_c_right_2_2_loc = alloca i64 1"   --->   Operation 26 'alloca' 'm_c_right_2_2_loc' <Predicate = true> <Delay = 0.00>
ST_1 : Operation 27 [1/1] (0.00ns)   --->   "%m_c_right_3_2_loc = alloca i64 1"   --->   Operation 27 'alloca' 'm_c_right_3_2_loc' <Predicate = true> <Delay = 0.00>
ST_1 : Operation 28 [1/1] (0.00ns)   --->   "%m_c_right_4_2_loc = alloca i64 1"   --->   Operation 28 'alloca' 'm_c_right_4_2_loc' <Predicate = true> <Delay = 0.00>
ST_1 : Operation 29 [1/1] (0.00ns)   --->   "%m_c_right_5_2_loc = alloca i64 1"   --->   Operation 29 'alloca' 'm_c_right_5_2_loc' <Predicate = true> <Delay = 0.00>
ST_1 : Operation 30 [1/1] (0.00ns)   --->   "%m_c_right_6_2_loc = alloca i64 1"   --->   Operation 30 'alloca' 'm_c_right_6_2_loc' <Predicate = true> <Delay = 0.00>
ST_1 : Operation 31 [1/1] (0.00ns)   --->   "%m_c_right_7_2_loc = alloca i64 1"   --->   Operation 31 'alloca' 'm_c_right_7_2_loc' <Predicate = true> <Delay = 0.00>
ST_1 : Operation 32 [1/1] (0.00ns)   --->   "%m_s_right_276_loc = alloca i64 1"   --->   Operation 32 'alloca' 'm_s_right_276_loc' <Predicate = true> <Delay = 0.00>
ST_1 : Operation 33 [1/1] (0.00ns)   --->   "%m_s_right_1_2_loc = alloca i64 1"   --->   Operation 33 'alloca' 'm_s_right_1_2_loc' <Predicate = true> <Delay = 0.00>
ST_1 : Operation 34 [1/1] (0.00ns)   --->   "%m_s_right_2_2_loc = alloca i64 1"   --->   Operation 34 'alloca' 'm_s_right_2_2_loc' <Predicate = true> <Delay = 0.00>
ST_1 : Operation 35 [1/1] (0.00ns)   --->   "%m_s_right_3_2_loc = alloca i64 1"   --->   Operation 35 'alloca' 'm_s_right_3_2_loc' <Predicate = true> <Delay = 0.00>
ST_1 : Operation 36 [1/1] (0.00ns)   --->   "%m_s_right_4_2_loc = alloca i64 1"   --->   Operation 36 'alloca' 'm_s_right_4_2_loc' <Predicate = true> <Delay = 0.00>
ST_1 : Operation 37 [1/1] (0.00ns)   --->   "%m_s_right_5_2_loc = alloca i64 1"   --->   Operation 37 'alloca' 'm_s_right_5_2_loc' <Predicate = true> <Delay = 0.00>
ST_1 : Operation 38 [1/1] (0.00ns)   --->   "%m_s_right_6_2_loc = alloca i64 1"   --->   Operation 38 'alloca' 'm_s_right_6_2_loc' <Predicate = true> <Delay = 0.00>
ST_1 : Operation 39 [1/1] (0.00ns)   --->   "%m_s_right_7_2_loc = alloca i64 1"   --->   Operation 39 'alloca' 'm_s_right_7_2_loc' <Predicate = true> <Delay = 0.00>
ST_1 : Operation 40 [1/1] (0.00ns)   --->   "%flag_loc = alloca i64 1"   --->   Operation 40 'alloca' 'flag_loc' <Predicate = true> <Delay = 0.00>
ST_1 : Operation 41 [1/1] (0.00ns)   --->   "%tmp3_1_loc = alloca i64 1"   --->   Operation 41 'alloca' 'tmp3_1_loc' <Predicate = true> <Delay = 0.00>
ST_1 : Operation 42 [1/1] (0.00ns)   --->   "%empty = trunc i32 %lda_read"   --->   Operation 42 'trunc' 'empty' <Predicate = true> <Delay = 0.00>
ST_1 : Operation 43 [1/1] (0.00ns)   --->   "%tmpOrder = alloca i64 1" [C:/Vitis_Libraries/quantitative_finance/L1/tests/pca/../../../../solver/L2/include/hw/MatrixDecomposition/gesvdj.hpp:134->C:/Vitis_Libraries/quantitative_finance/L1/tests/pca/../../../../solver/L2/include/hw/MatrixDecomposition/gesvdj.hpp:966]   --->   Operation 43 'alloca' 'tmpOrder' <Predicate = true> <Delay = 0.00> <CoreInst = "RAM_T2P_BRAM">   --->   Core 99 'RAM_T2P_BRAM' <Latency = 1> <II = 1> <Delay = 1.19> <Storage> <Opcode : 'load' 'store'> <Ports = 2> <Width = 32> <Depth = 16> <RAM>
ST_1 : Operation 44 [1/1] (0.00ns)   --->   "%Order = alloca i64 1" [C:/Vitis_Libraries/quantitative_finance/L1/tests/pca/../../../../solver/L2/include/hw/MatrixDecomposition/gesvdj.hpp:956]   --->   Operation 44 'alloca' 'Order' <Predicate = true> <Delay = 0.00> <CoreInst = "RAM_T2P_BRAM">   --->   Core 99 'RAM_T2P_BRAM' <Latency = 1> <II = 1> <Delay = 1.19> <Storage> <Opcode : 'load' 'store'> <Ports = 2> <Width = 32> <Depth = 256> <RAM>
ST_1 : Operation 45 [1/1] (0.88ns)   --->   "%rank = add i32 %lda_read, i32 1" [C:/Vitis_Libraries/quantitative_finance/L1/tests/pca/../../../../solver/L2/include/hw/MatrixDecomposition/gesvdj.hpp:962]   --->   Operation 45 'add' 'rank' <Predicate = true> <Delay = 0.88> <CoreInst = "Adder">   --->   Core 1 'Adder' <Latency = 0> <II = 1> <Delay = 0.88> <FuncUnit> <Opcode : 'add' 'sub'> <InPorts = 2> <OutPorts = 1>
ST_1 : Operation 46 [1/1] (0.22ns)   --->   "%rank_1 = select i1 %empty, i32 %rank, i32 %lda_read" [C:/Vitis_Libraries/quantitative_finance/L1/tests/pca/../../../../solver/L2/include/hw/MatrixDecomposition/gesvdj.hpp:961]   --->   Operation 46 'select' 'rank_1' <Predicate = true> <Delay = 0.22> <CoreInst = "Sel">   --->   Core 73 'Sel' <Latency = 0> <II = 1> <Delay = 0.22> <FuncUnit> <Opcode : 'select'> <InPorts = 3> <OutPorts = 1>
ST_1 : Operation 47 [1/1] (0.88ns)   --->   "%dim_1 = add i32 %rank_1, i32 4294967295" [C:/Vitis_Libraries/quantitative_finance/L1/tests/pca/../../../../solver/L2/include/hw/MatrixDecomposition/gesvdj.hpp:138->C:/Vitis_Libraries/quantitative_finance/L1/tests/pca/../../../../solver/L2/include/hw/MatrixDecomposition/gesvdj.hpp:966]   --->   Operation 47 'add' 'dim_1' <Predicate = true> <Delay = 0.88> <CoreInst = "Adder">   --->   Core 1 'Adder' <Latency = 0> <II = 1> <Delay = 0.88> <FuncUnit> <Opcode : 'add' 'sub'> <InPorts = 2> <OutPorts = 1>
ST_1 : Operation 48 [1/1] (0.00ns)   --->   "%lshr_ln = partselect i31 @_ssdm_op_PartSelect.i31.i32.i32.i32, i32 %rank_1, i32 1, i32 31" [C:/Vitis_Libraries/quantitative_finance/L1/tests/pca/../../../../solver/L2/include/hw/MatrixDecomposition/gesvdj.hpp:140->C:/Vitis_Libraries/quantitative_finance/L1/tests/pca/../../../../solver/L2/include/hw/MatrixDecomposition/gesvdj.hpp:966]   --->   Operation 48 'partselect' 'lshr_ln' <Predicate = true> <Delay = 0.00>
ST_1 : Operation 49 [1/1] (0.38ns)   --->   "%store_ln148 = store i31 0, i31 %i_2" [C:/Vitis_Libraries/quantitative_finance/L1/tests/pca/../../../../solver/L2/include/hw/MatrixDecomposition/gesvdj.hpp:148->C:/Vitis_Libraries/quantitative_finance/L1/tests/pca/../../../../solver/L2/include/hw/MatrixDecomposition/gesvdj.hpp:966]   --->   Operation 49 'store' 'store_ln148' <Predicate = true> <Delay = 0.38>

State 2 <SV = 1> <Delay = 2.07>
ST_2 : Operation 50 [2/2] (2.07ns)   --->   "%call_ln961 = call void @Jacobi_svd<double, 16, 1, 16>_Pipeline_VITIS_LOOP_142_1, i32 %rank_1, i32 %dim_1, i32 %tmpOrder" [C:/Vitis_Libraries/quantitative_finance/L1/tests/pca/../../../../solver/L2/include/hw/MatrixDecomposition/gesvdj.hpp:961]   --->   Operation 50 'call' 'call_ln961' <Predicate = true> <Delay = 2.07> <CoreType = "Generic">   --->   Core 0 '' <Latency = 0> <II = 1> <Delay = 1.00> <Generic> <Opcode : >

State 3 <SV = 2> <Delay = 1.75>
ST_3 : Operation 51 [1/1] (0.00ns)   --->   "%specmemcore_ln0 = specmemcore void @_ssdm_op_SpecMemCore, i64 %dataA, i64 666, i64 31, i64 18446744073709551615"   --->   Operation 51 'specmemcore' 'specmemcore_ln0' <Predicate = true> <Delay = 0.00>
ST_3 : Operation 52 [1/1] (0.00ns)   --->   "%specmemcore_ln0 = specmemcore void @_ssdm_op_SpecMemCore, i64 %dataU_out, i64 666, i64 31, i64 18446744073709551615"   --->   Operation 52 'specmemcore' 'specmemcore_ln0' <Predicate = true> <Delay = 0.00>
ST_3 : Operation 53 [1/1] (0.00ns)   --->   "%specmemcore_ln957 = specmemcore void @_ssdm_op_SpecMemCore, i32 %Order, i64 666, i64 30, i64 18446744073709551615" [C:/Vitis_Libraries/quantitative_finance/L1/tests/pca/../../../../solver/L2/include/hw/MatrixDecomposition/gesvdj.hpp:957]   --->   Operation 53 'specmemcore' 'specmemcore_ln957' <Predicate = true> <Delay = 0.00>
ST_3 : Operation 54 [1/1] (0.00ns)   --->   "%specmemcore_ln137 = specmemcore void @_ssdm_op_SpecMemCore, i32 %tmpOrder, i64 666, i64 30, i64 18446744073709551615" [C:/Vitis_Libraries/quantitative_finance/L1/tests/pca/../../../../solver/L2/include/hw/MatrixDecomposition/gesvdj.hpp:137->C:/Vitis_Libraries/quantitative_finance/L1/tests/pca/../../../../solver/L2/include/hw/MatrixDecomposition/gesvdj.hpp:966]   --->   Operation 54 'specmemcore' 'specmemcore_ln137' <Predicate = true> <Delay = 0.00>
ST_3 : Operation 55 [1/1] (0.00ns)   --->   "%zext_ln140 = zext i31 %lshr_ln" [C:/Vitis_Libraries/quantitative_finance/L1/tests/pca/../../../../solver/L2/include/hw/MatrixDecomposition/gesvdj.hpp:140->C:/Vitis_Libraries/quantitative_finance/L1/tests/pca/../../../../solver/L2/include/hw/MatrixDecomposition/gesvdj.hpp:966]   --->   Operation 55 'zext' 'zext_ln140' <Predicate = true> <Delay = 0.00>
ST_3 : Operation 56 [1/2] (0.00ns)   --->   "%call_ln961 = call void @Jacobi_svd<double, 16, 1, 16>_Pipeline_VITIS_LOOP_142_1, i32 %rank_1, i32 %dim_1, i32 %tmpOrder" [C:/Vitis_Libraries/quantitative_finance/L1/tests/pca/../../../../solver/L2/include/hw/MatrixDecomposition/gesvdj.hpp:961]   --->   Operation 56 'call' 'call_ln961' <Predicate = true> <Delay = 0.00> <CoreType = "Generic">   --->   Core 0 '' <Latency = 0> <II = 1> <Delay = 1.00> <Generic> <Opcode : >
ST_3 : Operation 57 [1/1] (0.00ns)   --->   "%tmpOrder_addr_1 = getelementptr i32 %tmpOrder, i64 0, i64 1"   --->   Operation 57 'getelementptr' 'tmpOrder_addr_1' <Predicate = true> <Delay = 0.00>
ST_3 : Operation 58 [1/1] (0.88ns)   --->   "%sub44_i = add i32 %rank_1, i32 4294967294" [C:/Vitis_Libraries/quantitative_finance/L1/tests/pca/../../../../solver/L2/include/hw/MatrixDecomposition/gesvdj.hpp:961]   --->   Operation 58 'add' 'sub44_i' <Predicate = true> <Delay = 0.88> <CoreInst = "Adder">   --->   Core 1 'Adder' <Latency = 0> <II = 1> <Delay = 0.88> <FuncUnit> <Opcode : 'add' 'sub'> <InPorts = 2> <OutPorts = 1>
ST_3 : Operation 59 [1/1] (0.00ns)   --->   "%tmp = partselect i31 @_ssdm_op_PartSelect.i31.i32.i32.i32, i32 %sub44_i, i32 1, i32 31" [C:/Vitis_Libraries/quantitative_finance/L1/tests/pca/../../../../solver/L2/include/hw/MatrixDecomposition/gesvdj.hpp:961]   --->   Operation 59 'partselect' 'tmp' <Predicate = true> <Delay = 0.00>
ST_3 : Operation 60 [1/1] (0.87ns)   --->   "%icmp = icmp_sgt  i31 %tmp, i31 0" [C:/Vitis_Libraries/quantitative_finance/L1/tests/pca/../../../../solver/L2/include/hw/MatrixDecomposition/gesvdj.hpp:961]   --->   Operation 60 'icmp' 'icmp' <Predicate = true> <Delay = 0.87> <CoreInst = "Cmp">   --->   Core 9 'Cmp' <Latency = 0> <II = 1> <Delay = 0.87> <FuncUnit> <Opcode : 'icmp'> <InPorts = 2> <OutPorts = 1>
ST_3 : Operation 61 [1/1] (0.00ns)   --->   "%br_ln148 = br void %Loop_precal.i" [C:/Vitis_Libraries/quantitative_finance/L1/tests/pca/../../../../solver/L2/include/hw/MatrixDecomposition/gesvdj.hpp:148->C:/Vitis_Libraries/quantitative_finance/L1/tests/pca/../../../../solver/L2/include/hw/MatrixDecomposition/gesvdj.hpp:966]   --->   Operation 61 'br' 'br_ln148' <Predicate = true> <Delay = 0.00>

State 4 <SV = 3> <Delay = 1.98>
ST_4 : Operation 62 [1/1] (0.00ns)   --->   "%i = load i31 %i_2" [C:/Vitis_Libraries/quantitative_finance/L1/tests/pca/../../../../solver/L2/include/hw/MatrixDecomposition/gesvdj.hpp:148->C:/Vitis_Libraries/quantitative_finance/L1/tests/pca/../../../../solver/L2/include/hw/MatrixDecomposition/gesvdj.hpp:966]   --->   Operation 62 'load' 'i' <Predicate = true> <Delay = 0.00>
ST_4 : Operation 63 [1/1] (0.00ns)   --->   "%trunc_ln148 = trunc i31 %i" [C:/Vitis_Libraries/quantitative_finance/L1/tests/pca/../../../../solver/L2/include/hw/MatrixDecomposition/gesvdj.hpp:148->C:/Vitis_Libraries/quantitative_finance/L1/tests/pca/../../../../solver/L2/include/hw/MatrixDecomposition/gesvdj.hpp:966]   --->   Operation 63 'trunc' 'trunc_ln148' <Predicate = true> <Delay = 0.00>
ST_4 : Operation 64 [1/1] (0.00ns)   --->   "%zext_ln148 = zext i31 %i" [C:/Vitis_Libraries/quantitative_finance/L1/tests/pca/../../../../solver/L2/include/hw/MatrixDecomposition/gesvdj.hpp:148->C:/Vitis_Libraries/quantitative_finance/L1/tests/pca/../../../../solver/L2/include/hw/MatrixDecomposition/gesvdj.hpp:966]   --->   Operation 64 'zext' 'zext_ln148' <Predicate = true> <Delay = 0.00>
ST_4 : Operation 65 [1/1] (0.88ns)   --->   "%icmp_ln148 = icmp_slt  i32 %zext_ln148, i32 %dim_1" [C:/Vitis_Libraries/quantitative_finance/L1/tests/pca/../../../../solver/L2/include/hw/MatrixDecomposition/gesvdj.hpp:148->C:/Vitis_Libraries/quantitative_finance/L1/tests/pca/../../../../solver/L2/include/hw/MatrixDecomposition/gesvdj.hpp:966]   --->   Operation 65 'icmp' 'icmp_ln148' <Predicate = true> <Delay = 0.88> <CoreInst = "Cmp">   --->   Core 9 'Cmp' <Latency = 0> <II = 1> <Delay = 0.88> <FuncUnit> <Opcode : 'icmp'> <InPorts = 2> <OutPorts = 1>
ST_4 : Operation 66 [1/1] (0.87ns)   --->   "%add_ln148 = add i31 %i, i31 1" [C:/Vitis_Libraries/quantitative_finance/L1/tests/pca/../../../../solver/L2/include/hw/MatrixDecomposition/gesvdj.hpp:148->C:/Vitis_Libraries/quantitative_finance/L1/tests/pca/../../../../solver/L2/include/hw/MatrixDecomposition/gesvdj.hpp:966]   --->   Operation 66 'add' 'add_ln148' <Predicate = true> <Delay = 0.87> <CoreInst = "Adder">   --->   Core 1 'Adder' <Latency = 0> <II = 1> <Delay = 0.87> <FuncUnit> <Opcode : 'add' 'sub'> <InPorts = 2> <OutPorts = 1>
ST_4 : Operation 67 [1/1] (0.00ns)   --->   "%br_ln148 = br i1 %icmp_ln148, void %_ZN2xf6solver8internal11GenBlockMatILi16ELb0EEEviPAT__i.exit.loopexit, void %Loop_precal.i.split" [C:/Vitis_Libraries/quantitative_finance/L1/tests/pca/../../../../solver/L2/include/hw/MatrixDecomposition/gesvdj.hpp:148->C:/Vitis_Libraries/quantitative_finance/L1/tests/pca/../../../../solver/L2/include/hw/MatrixDecomposition/gesvdj.hpp:966]   --->   Operation 67 'br' 'br_ln148' <Predicate = true> <Delay = 0.00>
ST_4 : Operation 68 [2/2] (0.87ns)   --->   "%call_ln148 = call void @Jacobi_svd<double, 16, 1, 16>_Pipeline_Loop_precal, i4 %trunc_ln148, i32 %Order, i31 %lshr_ln, i32 %tmpOrder" [C:/Vitis_Libraries/quantitative_finance/L1/tests/pca/../../../../solver/L2/include/hw/MatrixDecomposition/gesvdj.hpp:148->C:/Vitis_Libraries/quantitative_finance/L1/tests/pca/../../../../solver/L2/include/hw/MatrixDecomposition/gesvdj.hpp:966]   --->   Operation 68 'call' 'call_ln148' <Predicate = (icmp_ln148)> <Delay = 0.87> <CoreType = "Generic">   --->   Core 0 '' <Latency = 0> <II = 1> <Delay = 1.00> <Generic> <Opcode : >
ST_4 : Operation 69 [1/1] (0.00ns)   --->   "%tmp_s = partselect i3 @_ssdm_op_PartSelect.i3.i31.i32.i32, i31 %i, i32 1, i32 3" [C:/Vitis_Libraries/quantitative_finance/L1/tests/pca/../../../../solver/L2/include/hw/MatrixDecomposition/gesvdj.hpp:168->C:/Vitis_Libraries/quantitative_finance/L1/tests/pca/../../../../solver/L2/include/hw/MatrixDecomposition/gesvdj.hpp:966]   --->   Operation 69 'partselect' 'tmp_s' <Predicate = (icmp_ln148)> <Delay = 0.00>
ST_4 : Operation 70 [1/1] (0.00ns)   --->   "%m_c_right_061 = alloca i32 1"   --->   Operation 70 'alloca' 'm_c_right_061' <Predicate = (!icmp_ln148)> <Delay = 0.00>
ST_4 : Operation 71 [1/1] (0.00ns)   --->   "%m_c_right_1_067 = alloca i32 1"   --->   Operation 71 'alloca' 'm_c_right_1_067' <Predicate = (!icmp_ln148)> <Delay = 0.00>
ST_4 : Operation 72 [1/1] (0.00ns)   --->   "%m_c_right_2_068 = alloca i32 1"   --->   Operation 72 'alloca' 'm_c_right_2_068' <Predicate = (!icmp_ln148)> <Delay = 0.00>
ST_4 : Operation 73 [1/1] (0.00ns)   --->   "%m_c_right_3_069 = alloca i32 1"   --->   Operation 73 'alloca' 'm_c_right_3_069' <Predicate = (!icmp_ln148)> <Delay = 0.00>
ST_4 : Operation 74 [1/1] (0.00ns)   --->   "%m_c_right_4_070 = alloca i32 1"   --->   Operation 74 'alloca' 'm_c_right_4_070' <Predicate = (!icmp_ln148)> <Delay = 0.00>
ST_4 : Operation 75 [1/1] (0.00ns)   --->   "%m_c_right_5_071 = alloca i32 1"   --->   Operation 75 'alloca' 'm_c_right_5_071' <Predicate = (!icmp_ln148)> <Delay = 0.00>
ST_4 : Operation 76 [1/1] (0.00ns)   --->   "%m_c_right_6_072 = alloca i32 1"   --->   Operation 76 'alloca' 'm_c_right_6_072' <Predicate = (!icmp_ln148)> <Delay = 0.00>
ST_4 : Operation 77 [1/1] (0.00ns)   --->   "%m_c_right_7_073 = alloca i32 1"   --->   Operation 77 'alloca' 'm_c_right_7_073' <Predicate = (!icmp_ln148)> <Delay = 0.00>
ST_4 : Operation 78 [1/1] (0.00ns)   --->   "%m_s_right_074 = alloca i32 1"   --->   Operation 78 'alloca' 'm_s_right_074' <Predicate = (!icmp_ln148)> <Delay = 0.00>
ST_4 : Operation 79 [1/1] (0.00ns)   --->   "%m_s_right_1_080 = alloca i32 1"   --->   Operation 79 'alloca' 'm_s_right_1_080' <Predicate = (!icmp_ln148)> <Delay = 0.00>
ST_4 : Operation 80 [1/1] (0.00ns)   --->   "%m_s_right_2_081 = alloca i32 1"   --->   Operation 80 'alloca' 'm_s_right_2_081' <Predicate = (!icmp_ln148)> <Delay = 0.00>
ST_4 : Operation 81 [1/1] (0.00ns)   --->   "%m_s_right_3_082 = alloca i32 1"   --->   Operation 81 'alloca' 'm_s_right_3_082' <Predicate = (!icmp_ln148)> <Delay = 0.00>
ST_4 : Operation 82 [1/1] (0.00ns)   --->   "%m_s_right_4_083 = alloca i32 1"   --->   Operation 82 'alloca' 'm_s_right_4_083' <Predicate = (!icmp_ln148)> <Delay = 0.00>
ST_4 : Operation 83 [1/1] (0.00ns)   --->   "%m_s_right_5_084 = alloca i32 1"   --->   Operation 83 'alloca' 'm_s_right_5_084' <Predicate = (!icmp_ln148)> <Delay = 0.00>
ST_4 : Operation 84 [1/1] (0.00ns)   --->   "%m_s_right_6_085 = alloca i32 1"   --->   Operation 84 'alloca' 'm_s_right_6_085' <Predicate = (!icmp_ln148)> <Delay = 0.00>
ST_4 : Operation 85 [1/1] (0.00ns)   --->   "%m_s_right_7_086 = alloca i32 1"   --->   Operation 85 'alloca' 'm_s_right_7_086' <Predicate = (!icmp_ln148)> <Delay = 0.00>
ST_4 : Operation 86 [1/1] (0.00ns)   --->   "%tmp_13 = bitselect i1 @_ssdm_op_BitSelect.i1.i32.i32, i32 %rank_1, i32 31" [C:/Vitis_Libraries/quantitative_finance/L1/tests/pca/../../../../solver/L2/include/hw/MatrixDecomposition/gesvdj.hpp:961]   --->   Operation 86 'bitselect' 'tmp_13' <Predicate = (!icmp_ln148)> <Delay = 0.00>
ST_4 : Operation 87 [1/1] (0.88ns)   --->   "%p_neg = sub i32 0, i32 %rank_1" [C:/Vitis_Libraries/quantitative_finance/L1/tests/pca/../../../../solver/L2/include/hw/MatrixDecomposition/gesvdj.hpp:961]   --->   Operation 87 'sub' 'p_neg' <Predicate = (!icmp_ln148)> <Delay = 0.88> <CoreInst = "Adder">   --->   Core 1 'Adder' <Latency = 0> <II = 1> <Delay = 0.88> <FuncUnit> <Opcode : 'add' 'sub'> <InPorts = 2> <OutPorts = 1>
ST_4 : Operation 88 [1/1] (0.00ns)   --->   "%p_lshr = partselect i31 @_ssdm_op_PartSelect.i31.i32.i32.i32, i32 %p_neg, i32 1, i32 31" [C:/Vitis_Libraries/quantitative_finance/L1/tests/pca/../../../../solver/L2/include/hw/MatrixDecomposition/gesvdj.hpp:961]   --->   Operation 88 'partselect' 'p_lshr' <Predicate = (!icmp_ln148)> <Delay = 0.00>
ST_4 : Operation 89 [1/1] (0.00ns)   --->   "%p_lshr_cast = zext i31 %p_lshr" [C:/Vitis_Libraries/quantitative_finance/L1/tests/pca/../../../../solver/L2/include/hw/MatrixDecomposition/gesvdj.hpp:961]   --->   Operation 89 'zext' 'p_lshr_cast' <Predicate = (!icmp_ln148)> <Delay = 0.00>
ST_4 : Operation 90 [1/1] (0.87ns)   --->   "%p_neg_t = sub i32 0, i32 %p_lshr_cast" [C:/Vitis_Libraries/quantitative_finance/L1/tests/pca/../../../../solver/L2/include/hw/MatrixDecomposition/gesvdj.hpp:961]   --->   Operation 90 'sub' 'p_neg_t' <Predicate = (!icmp_ln148)> <Delay = 0.87> <CoreInst = "Adder">   --->   Core 1 'Adder' <Latency = 0> <II = 1> <Delay = 0.87> <FuncUnit> <Opcode : 'add' 'sub'> <InPorts = 2> <OutPorts = 1>
ST_4 : Operation 91 [1/1] (0.22ns)   --->   "%div = select i1 %tmp_13, i32 %p_neg_t, i32 %zext_ln140" [C:/Vitis_Libraries/quantitative_finance/L1/tests/pca/../../../../solver/L2/include/hw/MatrixDecomposition/gesvdj.hpp:961]   --->   Operation 91 'select' 'div' <Predicate = (!icmp_ln148)> <Delay = 0.22> <CoreInst = "Sel">   --->   Core 73 'Sel' <Latency = 0> <II = 1> <Delay = 0.22> <FuncUnit> <Opcode : 'select'> <InPorts = 3> <OutPorts = 1>
ST_4 : Operation 92 [1/1] (0.00ns)   --->   "%br_ln0 = br void %Loop_innerWhile"   --->   Operation 92 'br' 'br_ln0' <Predicate = (!icmp_ln148)> <Delay = 0.00>

State 5 <SV = 4> <Delay = 0.00>
ST_5 : Operation 93 [1/2] (0.00ns)   --->   "%call_ln148 = call void @Jacobi_svd<double, 16, 1, 16>_Pipeline_Loop_precal, i4 %trunc_ln148, i32 %Order, i31 %lshr_ln, i32 %tmpOrder" [C:/Vitis_Libraries/quantitative_finance/L1/tests/pca/../../../../solver/L2/include/hw/MatrixDecomposition/gesvdj.hpp:148->C:/Vitis_Libraries/quantitative_finance/L1/tests/pca/../../../../solver/L2/include/hw/MatrixDecomposition/gesvdj.hpp:966]   --->   Operation 93 'call' 'call_ln148' <Predicate = true> <Delay = 0.00> <CoreType = "Generic">   --->   Core 0 '' <Latency = 0> <II = 1> <Delay = 1.00> <Generic> <Opcode : >

State 6 <SV = 5> <Delay = 1.19>
ST_6 : Operation 94 [1/1] (0.00ns)   --->   "%or_ln169 = or i4 %trunc_ln148, i4 1" [C:/Vitis_Libraries/quantitative_finance/L1/tests/pca/../../../../solver/L2/include/hw/MatrixDecomposition/gesvdj.hpp:169->C:/Vitis_Libraries/quantitative_finance/L1/tests/pca/../../../../solver/L2/include/hw/MatrixDecomposition/gesvdj.hpp:966]   --->   Operation 94 'or' 'or_ln169' <Predicate = true> <Delay = 0.00>
ST_6 : Operation 95 [1/1] (0.00ns)   --->   "%zext_ln169_1 = zext i4 %or_ln169" [C:/Vitis_Libraries/quantitative_finance/L1/tests/pca/../../../../solver/L2/include/hw/MatrixDecomposition/gesvdj.hpp:169->C:/Vitis_Libraries/quantitative_finance/L1/tests/pca/../../../../solver/L2/include/hw/MatrixDecomposition/gesvdj.hpp:966]   --->   Operation 95 'zext' 'zext_ln169_1' <Predicate = true> <Delay = 0.00>
ST_6 : Operation 96 [1/1] (0.00ns)   --->   "%tmpOrder_addr_2 = getelementptr i32 %tmpOrder, i64 0, i64 %zext_ln169_1" [C:/Vitis_Libraries/quantitative_finance/L1/tests/pca/../../../../solver/L2/include/hw/MatrixDecomposition/gesvdj.hpp:169->C:/Vitis_Libraries/quantitative_finance/L1/tests/pca/../../../../solver/L2/include/hw/MatrixDecomposition/gesvdj.hpp:966]   --->   Operation 96 'getelementptr' 'tmpOrder_addr_2' <Predicate = true> <Delay = 0.00>
ST_6 : Operation 97 [2/2] (1.19ns)   --->   "%tmpOrder_load = load i4 %tmpOrder_addr_2" [C:/Vitis_Libraries/quantitative_finance/L1/tests/pca/../../../../solver/L2/include/hw/MatrixDecomposition/gesvdj.hpp:120->C:/Vitis_Libraries/quantitative_finance/L1/tests/pca/../../../../solver/L2/include/hw/MatrixDecomposition/gesvdj.hpp:169->C:/Vitis_Libraries/quantitative_finance/L1/tests/pca/../../../../solver/L2/include/hw/MatrixDecomposition/gesvdj.hpp:966]   --->   Operation 97 'load' 'tmpOrder_load' <Predicate = true> <Delay = 1.19> <CoreInst = "RAM_T2P_BRAM">   --->   Core 99 'RAM_T2P_BRAM' <Latency = 1> <II = 1> <Delay = 1.19> <Storage> <Opcode : 'load' 'store'> <Ports = 2> <Width = 32> <Depth = 16> <RAM>

State 7 <SV = 6> <Delay = 2.39>
ST_7 : Operation 98 [1/1] (0.00ns)   --->   "%exchangeNm = bitconcatenate i4 @_ssdm_op_BitConcatenate.i4.i3.i1, i3 %tmp_s, i1 0" [C:/Vitis_Libraries/quantitative_finance/L1/tests/pca/../../../../solver/L2/include/hw/MatrixDecomposition/gesvdj.hpp:168->C:/Vitis_Libraries/quantitative_finance/L1/tests/pca/../../../../solver/L2/include/hw/MatrixDecomposition/gesvdj.hpp:966]   --->   Operation 98 'bitconcatenate' 'exchangeNm' <Predicate = true> <Delay = 0.00>
ST_7 : Operation 99 [1/1] (0.00ns)   --->   "%zext_ln169 = zext i4 %exchangeNm" [C:/Vitis_Libraries/quantitative_finance/L1/tests/pca/../../../../solver/L2/include/hw/MatrixDecomposition/gesvdj.hpp:169->C:/Vitis_Libraries/quantitative_finance/L1/tests/pca/../../../../solver/L2/include/hw/MatrixDecomposition/gesvdj.hpp:966]   --->   Operation 99 'zext' 'zext_ln169' <Predicate = true> <Delay = 0.00>
ST_7 : Operation 100 [1/1] (0.00ns)   --->   "%tmpOrder_addr = getelementptr i32 %tmpOrder, i64 0, i64 %zext_ln169" [C:/Vitis_Libraries/quantitative_finance/L1/tests/pca/../../../../solver/L2/include/hw/MatrixDecomposition/gesvdj.hpp:169->C:/Vitis_Libraries/quantitative_finance/L1/tests/pca/../../../../solver/L2/include/hw/MatrixDecomposition/gesvdj.hpp:966]   --->   Operation 100 'getelementptr' 'tmpOrder_addr' <Predicate = true> <Delay = 0.00>
ST_7 : Operation 101 [2/2] (1.19ns)   --->   "%c = load i4 %tmpOrder_addr" [C:/Vitis_Libraries/quantitative_finance/L1/tests/pca/../../../../solver/L2/include/hw/MatrixDecomposition/gesvdj.hpp:119->C:/Vitis_Libraries/quantitative_finance/L1/tests/pca/../../../../solver/L2/include/hw/MatrixDecomposition/gesvdj.hpp:169->C:/Vitis_Libraries/quantitative_finance/L1/tests/pca/../../../../solver/L2/include/hw/MatrixDecomposition/gesvdj.hpp:966]   --->   Operation 101 'load' 'c' <Predicate = true> <Delay = 1.19> <CoreInst = "RAM_T2P_BRAM">   --->   Core 99 'RAM_T2P_BRAM' <Latency = 1> <II = 1> <Delay = 1.19> <Storage> <Opcode : 'load' 'store'> <Ports = 2> <Width = 32> <Depth = 16> <RAM>
ST_7 : Operation 102 [1/2] (1.19ns)   --->   "%tmpOrder_load = load i4 %tmpOrder_addr_2" [C:/Vitis_Libraries/quantitative_finance/L1/tests/pca/../../../../solver/L2/include/hw/MatrixDecomposition/gesvdj.hpp:120->C:/Vitis_Libraries/quantitative_finance/L1/tests/pca/../../../../solver/L2/include/hw/MatrixDecomposition/gesvdj.hpp:169->C:/Vitis_Libraries/quantitative_finance/L1/tests/pca/../../../../solver/L2/include/hw/MatrixDecomposition/gesvdj.hpp:966]   --->   Operation 102 'load' 'tmpOrder_load' <Predicate = true> <Delay = 1.19> <CoreInst = "RAM_T2P_BRAM">   --->   Core 99 'RAM_T2P_BRAM' <Latency = 1> <II = 1> <Delay = 1.19> <Storage> <Opcode : 'load' 'store'> <Ports = 2> <Width = 32> <Depth = 16> <RAM>
ST_7 : Operation 103 [1/1] (1.19ns)   --->   "%store_ln120 = store i32 %tmpOrder_load, i4 %tmpOrder_addr" [C:/Vitis_Libraries/quantitative_finance/L1/tests/pca/../../../../solver/L2/include/hw/MatrixDecomposition/gesvdj.hpp:120->C:/Vitis_Libraries/quantitative_finance/L1/tests/pca/../../../../solver/L2/include/hw/MatrixDecomposition/gesvdj.hpp:169->C:/Vitis_Libraries/quantitative_finance/L1/tests/pca/../../../../solver/L2/include/hw/MatrixDecomposition/gesvdj.hpp:966]   --->   Operation 103 'store' 'store_ln120' <Predicate = true> <Delay = 1.19> <CoreInst = "RAM_T2P_BRAM">   --->   Core 99 'RAM_T2P_BRAM' <Latency = 1> <II = 1> <Delay = 1.19> <Storage> <Opcode : 'load' 'store'> <Ports = 2> <Width = 32> <Depth = 16> <RAM>

State 8 <SV = 7> <Delay = 2.39>
ST_8 : Operation 104 [1/2] (1.19ns)   --->   "%c = load i4 %tmpOrder_addr" [C:/Vitis_Libraries/quantitative_finance/L1/tests/pca/../../../../solver/L2/include/hw/MatrixDecomposition/gesvdj.hpp:119->C:/Vitis_Libraries/quantitative_finance/L1/tests/pca/../../../../solver/L2/include/hw/MatrixDecomposition/gesvdj.hpp:169->C:/Vitis_Libraries/quantitative_finance/L1/tests/pca/../../../../solver/L2/include/hw/MatrixDecomposition/gesvdj.hpp:966]   --->   Operation 104 'load' 'c' <Predicate = true> <Delay = 1.19> <CoreInst = "RAM_T2P_BRAM">   --->   Core 99 'RAM_T2P_BRAM' <Latency = 1> <II = 1> <Delay = 1.19> <Storage> <Opcode : 'load' 'store'> <Ports = 2> <Width = 32> <Depth = 16> <RAM>
ST_8 : Operation 105 [1/1] (1.19ns)   --->   "%store_ln121 = store i32 %c, i4 %tmpOrder_addr_2" [C:/Vitis_Libraries/quantitative_finance/L1/tests/pca/../../../../solver/L2/include/hw/MatrixDecomposition/gesvdj.hpp:121->C:/Vitis_Libraries/quantitative_finance/L1/tests/pca/../../../../solver/L2/include/hw/MatrixDecomposition/gesvdj.hpp:169->C:/Vitis_Libraries/quantitative_finance/L1/tests/pca/../../../../solver/L2/include/hw/MatrixDecomposition/gesvdj.hpp:966]   --->   Operation 105 'store' 'store_ln121' <Predicate = true> <Delay = 1.19> <CoreInst = "RAM_T2P_BRAM">   --->   Core 99 'RAM_T2P_BRAM' <Latency = 1> <II = 1> <Delay = 1.19> <Storage> <Opcode : 'load' 'store'> <Ports = 2> <Width = 32> <Depth = 16> <RAM>

State 9 <SV = 8> <Delay = 1.19>
ST_9 : Operation 106 [2/2] (1.19ns)   --->   "%tmp3 = load i4 %tmpOrder_addr_1" [C:/Vitis_Libraries/quantitative_finance/L1/tests/pca/../../../../solver/L2/include/hw/MatrixDecomposition/gesvdj.hpp:170->C:/Vitis_Libraries/quantitative_finance/L1/tests/pca/../../../../solver/L2/include/hw/MatrixDecomposition/gesvdj.hpp:966]   --->   Operation 106 'load' 'tmp3' <Predicate = true> <Delay = 1.19> <CoreInst = "RAM_T2P_BRAM">   --->   Core 99 'RAM_T2P_BRAM' <Latency = 1> <II = 1> <Delay = 1.19> <Storage> <Opcode : 'load' 'store'> <Ports = 2> <Width = 32> <Depth = 16> <RAM>

State 10 <SV = 9> <Delay = 1.58>
ST_10 : Operation 107 [1/1] (0.00ns)   --->   "%speclooptripcount_ln149 = speclooptripcount void @_ssdm_op_SpecLoopTripCount, i64 511, i64 511, i64 511" [C:/Vitis_Libraries/quantitative_finance/L1/tests/pca/../../../../solver/L2/include/hw/MatrixDecomposition/gesvdj.hpp:149->C:/Vitis_Libraries/quantitative_finance/L1/tests/pca/../../../../solver/L2/include/hw/MatrixDecomposition/gesvdj.hpp:966]   --->   Operation 107 'speclooptripcount' 'speclooptripcount_ln149' <Predicate = true> <Delay = 0.00>
ST_10 : Operation 108 [1/1] (0.00ns)   --->   "%specloopname_ln148 = specloopname void @_ssdm_op_SpecLoopName, void @empty_21" [C:/Vitis_Libraries/quantitative_finance/L1/tests/pca/../../../../solver/L2/include/hw/MatrixDecomposition/gesvdj.hpp:148->C:/Vitis_Libraries/quantitative_finance/L1/tests/pca/../../../../solver/L2/include/hw/MatrixDecomposition/gesvdj.hpp:966]   --->   Operation 108 'specloopname' 'specloopname_ln148' <Predicate = true> <Delay = 0.00>
ST_10 : Operation 109 [1/2] (1.19ns)   --->   "%tmp3 = load i4 %tmpOrder_addr_1" [C:/Vitis_Libraries/quantitative_finance/L1/tests/pca/../../../../solver/L2/include/hw/MatrixDecomposition/gesvdj.hpp:170->C:/Vitis_Libraries/quantitative_finance/L1/tests/pca/../../../../solver/L2/include/hw/MatrixDecomposition/gesvdj.hpp:966]   --->   Operation 109 'load' 'tmp3' <Predicate = true> <Delay = 1.19> <CoreInst = "RAM_T2P_BRAM">   --->   Core 99 'RAM_T2P_BRAM' <Latency = 1> <II = 1> <Delay = 1.19> <Storage> <Opcode : 'load' 'store'> <Ports = 2> <Width = 32> <Depth = 16> <RAM>
ST_10 : Operation 110 [1/1] (0.38ns)   --->   "%br_ln172 = br i1 %icmp, void %for.inc58.i, void %for.inc54.i.preheader" [C:/Vitis_Libraries/quantitative_finance/L1/tests/pca/../../../../solver/L2/include/hw/MatrixDecomposition/gesvdj.hpp:172->C:/Vitis_Libraries/quantitative_finance/L1/tests/pca/../../../../solver/L2/include/hw/MatrixDecomposition/gesvdj.hpp:966]   --->   Operation 110 'br' 'br_ln172' <Predicate = true> <Delay = 0.38>

State 11 <SV = 10> <Delay = 1.26>
ST_11 : Operation 111 [2/2] (1.26ns)   --->   "%call_ln170 = call void @Jacobi_svd<double, 16, 1, 16>_Pipeline_Loop_cal, i32 %tmp3, i32 %sub44_i, i32 %tmpOrder, i32 %tmp3_1_loc" [C:/Vitis_Libraries/quantitative_finance/L1/tests/pca/../../../../solver/L2/include/hw/MatrixDecomposition/gesvdj.hpp:170->C:/Vitis_Libraries/quantitative_finance/L1/tests/pca/../../../../solver/L2/include/hw/MatrixDecomposition/gesvdj.hpp:966]   --->   Operation 111 'call' 'call_ln170' <Predicate = true> <Delay = 1.26> <CoreType = "Generic">   --->   Core 0 '' <Latency = 0> <II = 1> <Delay = 1.00> <Generic> <Opcode : >

State 12 <SV = 11> <Delay = 1.26>
ST_12 : Operation 112 [1/2] (1.26ns)   --->   "%call_ln170 = call void @Jacobi_svd<double, 16, 1, 16>_Pipeline_Loop_cal, i32 %tmp3, i32 %sub44_i, i32 %tmpOrder, i32 %tmp3_1_loc" [C:/Vitis_Libraries/quantitative_finance/L1/tests/pca/../../../../solver/L2/include/hw/MatrixDecomposition/gesvdj.hpp:170->C:/Vitis_Libraries/quantitative_finance/L1/tests/pca/../../../../solver/L2/include/hw/MatrixDecomposition/gesvdj.hpp:966]   --->   Operation 112 'call' 'call_ln170' <Predicate = true> <Delay = 1.26> <CoreType = "Generic">   --->   Core 0 '' <Latency = 0> <II = 1> <Delay = 1.00> <Generic> <Opcode : >

State 13 <SV = 12> <Delay = 1.58>
ST_13 : Operation 113 [1/1] (0.00ns)   --->   "%tmp3_1_loc_load = load i32 %tmp3_1_loc"   --->   Operation 113 'load' 'tmp3_1_loc_load' <Predicate = (icmp)> <Delay = 0.00>
ST_13 : Operation 114 [1/1] (0.38ns)   --->   "%br_ln0 = br void %for.inc58.i"   --->   Operation 114 'br' 'br_ln0' <Predicate = (icmp)> <Delay = 0.38>
ST_13 : Operation 115 [1/1] (0.00ns)   --->   "%tmp3_0_lcssa_i = phi i32 %tmp3_1_loc_load, void %for.inc54.i.preheader, i32 %tmp3, void %Loop_precal.i.split"   --->   Operation 115 'phi' 'tmp3_0_lcssa_i' <Predicate = true> <Delay = 0.00>
ST_13 : Operation 116 [1/1] (1.19ns)   --->   "%store_ln179 = store i32 %tmp3_0_lcssa_i, i4 %tmpOrder_addr_1" [C:/Vitis_Libraries/quantitative_finance/L1/tests/pca/../../../../solver/L2/include/hw/MatrixDecomposition/gesvdj.hpp:179->C:/Vitis_Libraries/quantitative_finance/L1/tests/pca/../../../../solver/L2/include/hw/MatrixDecomposition/gesvdj.hpp:966]   --->   Operation 116 'store' 'store_ln179' <Predicate = true> <Delay = 1.19> <CoreInst = "RAM_T2P_BRAM">   --->   Core 99 'RAM_T2P_BRAM' <Latency = 1> <II = 1> <Delay = 1.19> <Storage> <Opcode : 'load' 'store'> <Ports = 2> <Width = 32> <Depth = 16> <RAM>
ST_13 : Operation 117 [1/1] (0.38ns)   --->   "%store_ln148 = store i31 %add_ln148, i31 %i_2" [C:/Vitis_Libraries/quantitative_finance/L1/tests/pca/../../../../solver/L2/include/hw/MatrixDecomposition/gesvdj.hpp:148->C:/Vitis_Libraries/quantitative_finance/L1/tests/pca/../../../../solver/L2/include/hw/MatrixDecomposition/gesvdj.hpp:966]   --->   Operation 117 'store' 'store_ln148' <Predicate = true> <Delay = 0.38>
ST_13 : Operation 118 [1/1] (0.00ns)   --->   "%br_ln148 = br void %Loop_precal.i" [C:/Vitis_Libraries/quantitative_finance/L1/tests/pca/../../../../solver/L2/include/hw/MatrixDecomposition/gesvdj.hpp:148->C:/Vitis_Libraries/quantitative_finance/L1/tests/pca/../../../../solver/L2/include/hw/MatrixDecomposition/gesvdj.hpp:966]   --->   Operation 118 'br' 'br_ln148' <Predicate = true> <Delay = 0.00>

State 14 <SV = 4> <Delay = 0.38>
ST_14 : Operation 119 [1/1] (0.00ns)   --->   "%speclooptripcount_ln992 = speclooptripcount void @_ssdm_op_SpecLoopTripCount, i64 12, i64 12, i64 12" [C:/Vitis_Libraries/quantitative_finance/L1/tests/pca/../../../../solver/L2/include/hw/MatrixDecomposition/gesvdj.hpp:992]   --->   Operation 119 'speclooptripcount' 'speclooptripcount_ln992' <Predicate = true> <Delay = 0.00>
ST_14 : Operation 120 [1/1] (0.00ns)   --->   "%specloopname_ln991 = specloopname void @_ssdm_op_SpecLoopName, void @empty_18" [C:/Vitis_Libraries/quantitative_finance/L1/tests/pca/../../../../solver/L2/include/hw/MatrixDecomposition/gesvdj.hpp:991]   --->   Operation 120 'specloopname' 'specloopname_ln991' <Predicate = true> <Delay = 0.00>
ST_14 : Operation 121 [1/1] (0.38ns)   --->   "%br_ln1002 = br void %VITIS_LOOP_1005_1" [C:/Vitis_Libraries/quantitative_finance/L1/tests/pca/../../../../solver/L2/include/hw/MatrixDecomposition/gesvdj.hpp:1002]   --->   Operation 121 'br' 'br_ln1002' <Predicate = true> <Delay = 0.38>

State 15 <SV = 5> <Delay = 2.07>
ST_15 : Operation 122 [1/1] (0.00ns)   --->   "%i_3 = phi i4 0, void %Loop_innerWhile, i4 %add_ln1002, void %for.inc107" [C:/Vitis_Libraries/quantitative_finance/L1/tests/pca/../../../../solver/L2/include/hw/MatrixDecomposition/gesvdj.hpp:1002]   --->   Operation 122 'phi' 'i_3' <Predicate = true> <Delay = 0.00>
ST_15 : Operation 123 [1/1] (0.00ns)   --->   "%finished = phi i1 1, void %Loop_innerWhile, i1 %finished_1, void %for.inc107"   --->   Operation 123 'phi' 'finished' <Predicate = true> <Delay = 0.00>
ST_15 : Operation 124 [1/1] (0.70ns)   --->   "%icmp_ln1002 = icmp_eq  i4 %i_3, i4 15" [C:/Vitis_Libraries/quantitative_finance/L1/tests/pca/../../../../solver/L2/include/hw/MatrixDecomposition/gesvdj.hpp:1002]   --->   Operation 124 'icmp' 'icmp_ln1002' <Predicate = true> <Delay = 0.70> <CoreInst = "Cmp">   --->   Core 9 'Cmp' <Latency = 0> <II = 1> <Delay = 0.70> <FuncUnit> <Opcode : 'icmp'> <InPorts = 2> <OutPorts = 1>
ST_15 : Operation 125 [1/1] (0.70ns)   --->   "%add_ln1002 = add i4 %i_3, i4 1" [C:/Vitis_Libraries/quantitative_finance/L1/tests/pca/../../../../solver/L2/include/hw/MatrixDecomposition/gesvdj.hpp:1002]   --->   Operation 125 'add' 'add_ln1002' <Predicate = true> <Delay = 0.70> <CoreInst = "Adder">   --->   Core 1 'Adder' <Latency = 0> <II = 1> <Delay = 0.70> <FuncUnit> <Opcode : 'add' 'sub'> <InPorts = 2> <OutPorts = 1>
ST_15 : Operation 126 [1/1] (0.00ns)   --->   "%br_ln1002 = br i1 %icmp_ln1002, void %VITIS_LOOP_1005_1.split, void %for.end109" [C:/Vitis_Libraries/quantitative_finance/L1/tests/pca/../../../../solver/L2/include/hw/MatrixDecomposition/gesvdj.hpp:1002]   --->   Operation 126 'br' 'br_ln1002' <Predicate = true> <Delay = 0.00>
ST_15 : Operation 127 [1/1] (0.00ns)   --->   "%zext_ln1002 = zext i4 %i_3" [C:/Vitis_Libraries/quantitative_finance/L1/tests/pca/../../../../solver/L2/include/hw/MatrixDecomposition/gesvdj.hpp:1002]   --->   Operation 127 'zext' 'zext_ln1002' <Predicate = (!icmp_ln1002)> <Delay = 0.00>
ST_15 : Operation 128 [1/1] (0.88ns)   --->   "%cmp5 = icmp_slt  i32 %zext_ln1002, i32 %dim_1" [C:/Vitis_Libraries/quantitative_finance/L1/tests/pca/../../../../solver/L2/include/hw/MatrixDecomposition/gesvdj.hpp:1002]   --->   Operation 128 'icmp' 'cmp5' <Predicate = (!icmp_ln1002)> <Delay = 0.88> <CoreInst = "Cmp">   --->   Core 9 'Cmp' <Latency = 0> <II = 1> <Delay = 0.88> <FuncUnit> <Opcode : 'icmp'> <InPorts = 2> <OutPorts = 1>
ST_15 : Operation 129 [2/2] (1.19ns)   --->   "%call_ln961 = call void @Jacobi_svd<double, 16, 1, 16>_Pipeline_VITIS_LOOP_1005_1, i32 %div, i1 %cmp5, i4 %i_3, i32 %Order, i64 %dataA, i32 %flag_loc" [C:/Vitis_Libraries/quantitative_finance/L1/tests/pca/../../../../solver/L2/include/hw/MatrixDecomposition/gesvdj.hpp:961]   --->   Operation 129 'call' 'call_ln961' <Predicate = (!icmp_ln1002)> <Delay = 1.19> <CoreType = "Generic">   --->   Core 0 '' <Latency = 0> <II = 1> <Delay = 1.00> <Generic> <Opcode : >
ST_15 : Operation 130 [1/1] (0.00ns)   --->   "%br_ln991 = br i1 %finished, void %Loop_innerWhile, void %while.end" [C:/Vitis_Libraries/quantitative_finance/L1/tests/pca/../../../../solver/L2/include/hw/MatrixDecomposition/gesvdj.hpp:991]   --->   Operation 130 'br' 'br_ln991' <Predicate = (icmp_ln1002)> <Delay = 0.00>
ST_15 : Operation 131 [1/1] (0.00ns)   --->   "%ret_ln1066 = ret" [C:/Vitis_Libraries/quantitative_finance/L1/tests/pca/../../../../solver/L2/include/hw/MatrixDecomposition/gesvdj.hpp:1066]   --->   Operation 131 'ret' 'ret_ln1066' <Predicate = (icmp_ln1002 & finished)> <Delay = 0.00>

State 16 <SV = 6> <Delay = 0.00>
ST_16 : Operation 132 [1/2] (0.00ns)   --->   "%call_ln961 = call void @Jacobi_svd<double, 16, 1, 16>_Pipeline_VITIS_LOOP_1005_1, i32 %div, i1 %cmp5, i4 %i_3, i32 %Order, i64 %dataA, i32 %flag_loc" [C:/Vitis_Libraries/quantitative_finance/L1/tests/pca/../../../../solver/L2/include/hw/MatrixDecomposition/gesvdj.hpp:961]   --->   Operation 132 'call' 'call_ln961' <Predicate = true> <Delay = 0.00> <CoreType = "Generic">   --->   Core 0 '' <Latency = 0> <II = 1> <Delay = 1.00> <Generic> <Opcode : >

State 17 <SV = 7> <Delay = 2.07>
ST_17 : Operation 133 [1/1] (0.00ns)   --->   "%speclooptripcount_ln1002 = speclooptripcount void @_ssdm_op_SpecLoopTripCount, i64 15, i64 15, i64 15" [C:/Vitis_Libraries/quantitative_finance/L1/tests/pca/../../../../solver/L2/include/hw/MatrixDecomposition/gesvdj.hpp:1002]   --->   Operation 133 'speclooptripcount' 'speclooptripcount_ln1002' <Predicate = true> <Delay = 0.00>
ST_17 : Operation 134 [1/1] (0.00ns)   --->   "%specloopname_ln1002 = specloopname void @_ssdm_op_SpecLoopName, void @empty_17" [C:/Vitis_Libraries/quantitative_finance/L1/tests/pca/../../../../solver/L2/include/hw/MatrixDecomposition/gesvdj.hpp:1002]   --->   Operation 134 'specloopname' 'specloopname_ln1002' <Predicate = true> <Delay = 0.00>
ST_17 : Operation 135 [1/1] (0.00ns)   --->   "%flag_loc_load = load i32 %flag_loc"   --->   Operation 135 'load' 'flag_loc_load' <Predicate = true> <Delay = 0.00>
ST_17 : Operation 136 [1/1] (0.88ns)   --->   "%icmp_ln1028 = icmp_eq  i32 %flag_loc_load, i32 0" [C:/Vitis_Libraries/quantitative_finance/L1/tests/pca/../../../../solver/L2/include/hw/MatrixDecomposition/gesvdj.hpp:1028]   --->   Operation 136 'icmp' 'icmp_ln1028' <Predicate = true> <Delay = 0.88> <CoreInst = "Cmp">   --->   Core 9 'Cmp' <Latency = 0> <II = 1> <Delay = 0.88> <FuncUnit> <Opcode : 'icmp'> <InPorts = 2> <OutPorts = 1>
ST_17 : Operation 137 [1/1] (0.38ns)   --->   "%br_ln1028 = br i1 %icmp_ln1028, void %for.body38.preheader, void %for.inc107" [C:/Vitis_Libraries/quantitative_finance/L1/tests/pca/../../../../solver/L2/include/hw/MatrixDecomposition/gesvdj.hpp:1028]   --->   Operation 137 'br' 'br_ln1028' <Predicate = true> <Delay = 0.38>
ST_17 : Operation 138 [1/1] (0.00ns)   --->   "%m_c_right_061_load = load i64 %m_c_right_061"   --->   Operation 138 'load' 'm_c_right_061_load' <Predicate = (!icmp_ln1028)> <Delay = 0.00>
ST_17 : Operation 139 [1/1] (0.00ns)   --->   "%m_c_right_1_067_load = load i64 %m_c_right_1_067"   --->   Operation 139 'load' 'm_c_right_1_067_load' <Predicate = (!icmp_ln1028)> <Delay = 0.00>
ST_17 : Operation 140 [1/1] (0.00ns)   --->   "%m_c_right_2_068_load = load i64 %m_c_right_2_068"   --->   Operation 140 'load' 'm_c_right_2_068_load' <Predicate = (!icmp_ln1028)> <Delay = 0.00>
ST_17 : Operation 141 [1/1] (0.00ns)   --->   "%m_c_right_3_069_load = load i64 %m_c_right_3_069"   --->   Operation 141 'load' 'm_c_right_3_069_load' <Predicate = (!icmp_ln1028)> <Delay = 0.00>
ST_17 : Operation 142 [1/1] (0.00ns)   --->   "%m_c_right_4_070_load = load i64 %m_c_right_4_070"   --->   Operation 142 'load' 'm_c_right_4_070_load' <Predicate = (!icmp_ln1028)> <Delay = 0.00>
ST_17 : Operation 143 [1/1] (0.00ns)   --->   "%m_c_right_5_071_load = load i64 %m_c_right_5_071"   --->   Operation 143 'load' 'm_c_right_5_071_load' <Predicate = (!icmp_ln1028)> <Delay = 0.00>
ST_17 : Operation 144 [1/1] (0.00ns)   --->   "%m_c_right_6_072_load = load i64 %m_c_right_6_072"   --->   Operation 144 'load' 'm_c_right_6_072_load' <Predicate = (!icmp_ln1028)> <Delay = 0.00>
ST_17 : Operation 145 [1/1] (0.00ns)   --->   "%m_c_right_7_073_load = load i64 %m_c_right_7_073"   --->   Operation 145 'load' 'm_c_right_7_073_load' <Predicate = (!icmp_ln1028)> <Delay = 0.00>
ST_17 : Operation 146 [1/1] (0.00ns)   --->   "%m_s_right_074_load = load i64 %m_s_right_074"   --->   Operation 146 'load' 'm_s_right_074_load' <Predicate = (!icmp_ln1028)> <Delay = 0.00>
ST_17 : Operation 147 [1/1] (0.00ns)   --->   "%m_s_right_1_080_load = load i64 %m_s_right_1_080"   --->   Operation 147 'load' 'm_s_right_1_080_load' <Predicate = (!icmp_ln1028)> <Delay = 0.00>
ST_17 : Operation 148 [1/1] (0.00ns)   --->   "%m_s_right_2_081_load = load i64 %m_s_right_2_081"   --->   Operation 148 'load' 'm_s_right_2_081_load' <Predicate = (!icmp_ln1028)> <Delay = 0.00>
ST_17 : Operation 149 [1/1] (0.00ns)   --->   "%m_s_right_3_082_load = load i64 %m_s_right_3_082"   --->   Operation 149 'load' 'm_s_right_3_082_load' <Predicate = (!icmp_ln1028)> <Delay = 0.00>
ST_17 : Operation 150 [1/1] (0.00ns)   --->   "%m_s_right_4_083_load = load i64 %m_s_right_4_083"   --->   Operation 150 'load' 'm_s_right_4_083_load' <Predicate = (!icmp_ln1028)> <Delay = 0.00>
ST_17 : Operation 151 [1/1] (0.00ns)   --->   "%m_s_right_5_084_load = load i64 %m_s_right_5_084"   --->   Operation 151 'load' 'm_s_right_5_084_load' <Predicate = (!icmp_ln1028)> <Delay = 0.00>
ST_17 : Operation 152 [1/1] (0.00ns)   --->   "%m_s_right_6_085_load = load i64 %m_s_right_6_085"   --->   Operation 152 'load' 'm_s_right_6_085_load' <Predicate = (!icmp_ln1028)> <Delay = 0.00>
ST_17 : Operation 153 [1/1] (0.00ns)   --->   "%m_s_right_7_086_load = load i64 %m_s_right_7_086"   --->   Operation 153 'load' 'm_s_right_7_086_load' <Predicate = (!icmp_ln1028)> <Delay = 0.00>
ST_17 : Operation 154 [2/2] (1.19ns)   --->   "%call_ln961 = call void @Jacobi_svd<double, 16, 1, 16>_Pipeline_Loop_jacobi2x2, i64 %m_s_right_7_086_load, i64 %m_s_right_6_085_load, i64 %m_s_right_5_084_load, i64 %m_s_right_4_083_load, i64 %m_s_right_3_082_load, i64 %m_s_right_2_081_load, i64 %m_s_right_1_080_load, i64 %m_s_right_074_load, i64 %m_c_right_7_073_load, i64 %m_c_right_6_072_load, i64 %m_c_right_5_071_load, i64 %m_c_right_4_070_load, i64 %m_c_right_3_069_load, i64 %m_c_right_2_068_load, i64 %m_c_right_1_067_load, i64 %m_c_right_061_load, i32 %div, i4 %i_3, i32 %Order, i64 %dataA, i64 %m_s_right_7_2_loc, i64 %m_s_right_6_2_loc, i64 %m_s_right_5_2_loc, i64 %m_s_right_4_2_loc, i64 %m_s_right_3_2_loc, i64 %m_s_right_2_2_loc, i64 %m_s_right_1_2_loc, i64 %m_s_right_276_loc, i64 %m_c_right_7_2_loc, i64 %m_c_right_6_2_loc, i64 %m_c_right_5_2_loc, i64 %m_c_right_4_2_loc, i64 %m_c_right_3_2_loc, i64 %m_c_right_2_2_loc, i64 %m_c_right_1_2_loc, i64 %m_c_right_263_loc" [C:/Vitis_Libraries/quantitative_finance/L1/tests/pca/../../../../solver/L2/include/hw/MatrixDecomposition/gesvdj.hpp:961]   --->   Operation 154 'call' 'call_ln961' <Predicate = (!icmp_ln1028)> <Delay = 1.19> <CoreType = "Generic">   --->   Core 0 '' <Latency = 0> <II = 1> <Delay = 1.00> <Generic> <Opcode : >

State 18 <SV = 8> <Delay = 0.00>
ST_18 : Operation 155 [1/2] (0.00ns)   --->   "%call_ln961 = call void @Jacobi_svd<double, 16, 1, 16>_Pipeline_Loop_jacobi2x2, i64 %m_s_right_7_086_load, i64 %m_s_right_6_085_load, i64 %m_s_right_5_084_load, i64 %m_s_right_4_083_load, i64 %m_s_right_3_082_load, i64 %m_s_right_2_081_load, i64 %m_s_right_1_080_load, i64 %m_s_right_074_load, i64 %m_c_right_7_073_load, i64 %m_c_right_6_072_load, i64 %m_c_right_5_071_load, i64 %m_c_right_4_070_load, i64 %m_c_right_3_069_load, i64 %m_c_right_2_068_load, i64 %m_c_right_1_067_load, i64 %m_c_right_061_load, i32 %div, i4 %i_3, i32 %Order, i64 %dataA, i64 %m_s_right_7_2_loc, i64 %m_s_right_6_2_loc, i64 %m_s_right_5_2_loc, i64 %m_s_right_4_2_loc, i64 %m_s_right_3_2_loc, i64 %m_s_right_2_2_loc, i64 %m_s_right_1_2_loc, i64 %m_s_right_276_loc, i64 %m_c_right_7_2_loc, i64 %m_c_right_6_2_loc, i64 %m_c_right_5_2_loc, i64 %m_c_right_4_2_loc, i64 %m_c_right_3_2_loc, i64 %m_c_right_2_2_loc, i64 %m_c_right_1_2_loc, i64 %m_c_right_263_loc" [C:/Vitis_Libraries/quantitative_finance/L1/tests/pca/../../../../solver/L2/include/hw/MatrixDecomposition/gesvdj.hpp:961]   --->   Operation 155 'call' 'call_ln961' <Predicate = true> <Delay = 0.00> <CoreType = "Generic">   --->   Core 0 '' <Latency = 0> <II = 1> <Delay = 1.00> <Generic> <Opcode : >

State 19 <SV = 9> <Delay = 0.00>
ST_19 : Operation 156 [1/1] (0.00ns)   --->   "%m_s_right_7_2_loc_load = load i64 %m_s_right_7_2_loc"   --->   Operation 156 'load' 'm_s_right_7_2_loc_load' <Predicate = true> <Delay = 0.00>
ST_19 : Operation 157 [1/1] (0.00ns)   --->   "%m_s_right_6_2_loc_load = load i64 %m_s_right_6_2_loc"   --->   Operation 157 'load' 'm_s_right_6_2_loc_load' <Predicate = true> <Delay = 0.00>
ST_19 : Operation 158 [1/1] (0.00ns)   --->   "%m_s_right_5_2_loc_load = load i64 %m_s_right_5_2_loc"   --->   Operation 158 'load' 'm_s_right_5_2_loc_load' <Predicate = true> <Delay = 0.00>
ST_19 : Operation 159 [1/1] (0.00ns)   --->   "%m_s_right_4_2_loc_load = load i64 %m_s_right_4_2_loc"   --->   Operation 159 'load' 'm_s_right_4_2_loc_load' <Predicate = true> <Delay = 0.00>
ST_19 : Operation 160 [1/1] (0.00ns)   --->   "%m_s_right_3_2_loc_load = load i64 %m_s_right_3_2_loc"   --->   Operation 160 'load' 'm_s_right_3_2_loc_load' <Predicate = true> <Delay = 0.00>
ST_19 : Operation 161 [1/1] (0.00ns)   --->   "%m_s_right_2_2_loc_load = load i64 %m_s_right_2_2_loc"   --->   Operation 161 'load' 'm_s_right_2_2_loc_load' <Predicate = true> <Delay = 0.00>
ST_19 : Operation 162 [1/1] (0.00ns)   --->   "%m_s_right_1_2_loc_load = load i64 %m_s_right_1_2_loc"   --->   Operation 162 'load' 'm_s_right_1_2_loc_load' <Predicate = true> <Delay = 0.00>
ST_19 : Operation 163 [1/1] (0.00ns)   --->   "%m_s_right_276_loc_load = load i64 %m_s_right_276_loc"   --->   Operation 163 'load' 'm_s_right_276_loc_load' <Predicate = true> <Delay = 0.00>
ST_19 : Operation 164 [1/1] (0.00ns)   --->   "%m_c_right_7_2_loc_load = load i64 %m_c_right_7_2_loc"   --->   Operation 164 'load' 'm_c_right_7_2_loc_load' <Predicate = true> <Delay = 0.00>
ST_19 : Operation 165 [1/1] (0.00ns)   --->   "%m_c_right_6_2_loc_load = load i64 %m_c_right_6_2_loc"   --->   Operation 165 'load' 'm_c_right_6_2_loc_load' <Predicate = true> <Delay = 0.00>
ST_19 : Operation 166 [1/1] (0.00ns)   --->   "%m_c_right_5_2_loc_load = load i64 %m_c_right_5_2_loc"   --->   Operation 166 'load' 'm_c_right_5_2_loc_load' <Predicate = true> <Delay = 0.00>
ST_19 : Operation 167 [1/1] (0.00ns)   --->   "%m_c_right_4_2_loc_load = load i64 %m_c_right_4_2_loc"   --->   Operation 167 'load' 'm_c_right_4_2_loc_load' <Predicate = true> <Delay = 0.00>
ST_19 : Operation 168 [1/1] (0.00ns)   --->   "%m_c_right_3_2_loc_load = load i64 %m_c_right_3_2_loc"   --->   Operation 168 'load' 'm_c_right_3_2_loc_load' <Predicate = true> <Delay = 0.00>
ST_19 : Operation 169 [1/1] (0.00ns)   --->   "%m_c_right_2_2_loc_load = load i64 %m_c_right_2_2_loc"   --->   Operation 169 'load' 'm_c_right_2_2_loc_load' <Predicate = true> <Delay = 0.00>
ST_19 : Operation 170 [1/1] (0.00ns)   --->   "%m_c_right_1_2_loc_load = load i64 %m_c_right_1_2_loc"   --->   Operation 170 'load' 'm_c_right_1_2_loc_load' <Predicate = true> <Delay = 0.00>
ST_19 : Operation 171 [1/1] (0.00ns)   --->   "%m_c_right_263_loc_load = load i64 %m_c_right_263_loc"   --->   Operation 171 'load' 'm_c_right_263_loc_load' <Predicate = true> <Delay = 0.00>
ST_19 : Operation 172 [2/2] (0.00ns)   --->   "%call_ln1054 = call void @funcDataflow<double, 16, 1, 16>8, i4 %i_3, i32 %Order, i64 %m_c_right_263_loc_load, i64 %m_c_right_1_2_loc_load, i64 %m_c_right_2_2_loc_load, i64 %m_c_right_3_2_loc_load, i64 %m_c_right_4_2_loc_load, i64 %m_c_right_5_2_loc_load, i64 %m_c_right_6_2_loc_load, i64 %m_c_right_7_2_loc_load, i64 %m_s_right_276_loc_load, i64 %m_s_right_1_2_loc_load, i64 %m_s_right_2_2_loc_load, i64 %m_s_right_3_2_loc_load, i64 %m_s_right_4_2_loc_load, i64 %m_s_right_5_2_loc_load, i64 %m_s_right_6_2_loc_load, i64 %m_s_right_7_2_loc_load, i64 %dataA, i64 %dataU_out, i32 %rank_1" [C:/Vitis_Libraries/quantitative_finance/L1/tests/pca/../../../../solver/L2/include/hw/MatrixDecomposition/gesvdj.hpp:1054]   --->   Operation 172 'call' 'call_ln1054' <Predicate = true> <Delay = 0.00> <CoreType = "Generic">   --->   Core 0 '' <Latency = 0> <II = 1> <Delay = 1.00> <Generic> <Opcode : >
ST_19 : Operation 173 [1/1] (0.00ns)   --->   "%store_ln0 = store i64 %m_s_right_7_2_loc_load, i64 %m_s_right_7_086"   --->   Operation 173 'store' 'store_ln0' <Predicate = true> <Delay = 0.00>
ST_19 : Operation 174 [1/1] (0.00ns)   --->   "%store_ln0 = store i64 %m_s_right_6_2_loc_load, i64 %m_s_right_6_085"   --->   Operation 174 'store' 'store_ln0' <Predicate = true> <Delay = 0.00>
ST_19 : Operation 175 [1/1] (0.00ns)   --->   "%store_ln0 = store i64 %m_s_right_5_2_loc_load, i64 %m_s_right_5_084"   --->   Operation 175 'store' 'store_ln0' <Predicate = true> <Delay = 0.00>
ST_19 : Operation 176 [1/1] (0.00ns)   --->   "%store_ln0 = store i64 %m_s_right_4_2_loc_load, i64 %m_s_right_4_083"   --->   Operation 176 'store' 'store_ln0' <Predicate = true> <Delay = 0.00>
ST_19 : Operation 177 [1/1] (0.00ns)   --->   "%store_ln0 = store i64 %m_s_right_3_2_loc_load, i64 %m_s_right_3_082"   --->   Operation 177 'store' 'store_ln0' <Predicate = true> <Delay = 0.00>
ST_19 : Operation 178 [1/1] (0.00ns)   --->   "%store_ln0 = store i64 %m_s_right_2_2_loc_load, i64 %m_s_right_2_081"   --->   Operation 178 'store' 'store_ln0' <Predicate = true> <Delay = 0.00>
ST_19 : Operation 179 [1/1] (0.00ns)   --->   "%store_ln0 = store i64 %m_s_right_1_2_loc_load, i64 %m_s_right_1_080"   --->   Operation 179 'store' 'store_ln0' <Predicate = true> <Delay = 0.00>
ST_19 : Operation 180 [1/1] (0.00ns)   --->   "%store_ln0 = store i64 %m_s_right_276_loc_load, i64 %m_s_right_074"   --->   Operation 180 'store' 'store_ln0' <Predicate = true> <Delay = 0.00>
ST_19 : Operation 181 [1/1] (0.00ns)   --->   "%store_ln0 = store i64 %m_c_right_7_2_loc_load, i64 %m_c_right_7_073"   --->   Operation 181 'store' 'store_ln0' <Predicate = true> <Delay = 0.00>
ST_19 : Operation 182 [1/1] (0.00ns)   --->   "%store_ln0 = store i64 %m_c_right_6_2_loc_load, i64 %m_c_right_6_072"   --->   Operation 182 'store' 'store_ln0' <Predicate = true> <Delay = 0.00>
ST_19 : Operation 183 [1/1] (0.00ns)   --->   "%store_ln0 = store i64 %m_c_right_5_2_loc_load, i64 %m_c_right_5_071"   --->   Operation 183 'store' 'store_ln0' <Predicate = true> <Delay = 0.00>
ST_19 : Operation 184 [1/1] (0.00ns)   --->   "%store_ln0 = store i64 %m_c_right_4_2_loc_load, i64 %m_c_right_4_070"   --->   Operation 184 'store' 'store_ln0' <Predicate = true> <Delay = 0.00>
ST_19 : Operation 185 [1/1] (0.00ns)   --->   "%store_ln0 = store i64 %m_c_right_3_2_loc_load, i64 %m_c_right_3_069"   --->   Operation 185 'store' 'store_ln0' <Predicate = true> <Delay = 0.00>
ST_19 : Operation 186 [1/1] (0.00ns)   --->   "%store_ln0 = store i64 %m_c_right_2_2_loc_load, i64 %m_c_right_2_068"   --->   Operation 186 'store' 'store_ln0' <Predicate = true> <Delay = 0.00>
ST_19 : Operation 187 [1/1] (0.00ns)   --->   "%store_ln0 = store i64 %m_c_right_1_2_loc_load, i64 %m_c_right_1_067"   --->   Operation 187 'store' 'store_ln0' <Predicate = true> <Delay = 0.00>
ST_19 : Operation 188 [1/1] (0.00ns)   --->   "%store_ln0 = store i64 %m_c_right_263_loc_load, i64 %m_c_right_061"   --->   Operation 188 'store' 'store_ln0' <Predicate = true> <Delay = 0.00>

State 20 <SV = 10> <Delay = 0.38>
ST_20 : Operation 189 [1/2] (0.00ns)   --->   "%call_ln1054 = call void @funcDataflow<double, 16, 1, 16>8, i4 %i_3, i32 %Order, i64 %m_c_right_263_loc_load, i64 %m_c_right_1_2_loc_load, i64 %m_c_right_2_2_loc_load, i64 %m_c_right_3_2_loc_load, i64 %m_c_right_4_2_loc_load, i64 %m_c_right_5_2_loc_load, i64 %m_c_right_6_2_loc_load, i64 %m_c_right_7_2_loc_load, i64 %m_s_right_276_loc_load, i64 %m_s_right_1_2_loc_load, i64 %m_s_right_2_2_loc_load, i64 %m_s_right_3_2_loc_load, i64 %m_s_right_4_2_loc_load, i64 %m_s_right_5_2_loc_load, i64 %m_s_right_6_2_loc_load, i64 %m_s_right_7_2_loc_load, i64 %dataA, i64 %dataU_out, i32 %rank_1" [C:/Vitis_Libraries/quantitative_finance/L1/tests/pca/../../../../solver/L2/include/hw/MatrixDecomposition/gesvdj.hpp:1054]   --->   Operation 189 'call' 'call_ln1054' <Predicate = true> <Delay = 0.00> <CoreType = "Generic">   --->   Core 0 '' <Latency = 0> <II = 1> <Delay = 1.00> <Generic> <Opcode : >
ST_20 : Operation 190 [1/1] (0.38ns)   --->   "%br_ln1056 = br void %for.inc107" [C:/Vitis_Libraries/quantitative_finance/L1/tests/pca/../../../../solver/L2/include/hw/MatrixDecomposition/gesvdj.hpp:1056]   --->   Operation 190 'br' 'br_ln1056' <Predicate = true> <Delay = 0.38>

State 21 <SV = 11> <Delay = 0.00>
ST_21 : Operation 191 [1/1] (0.00ns)   --->   "%finished_1 = phi i1 0, void %for.body38.preheader, i1 %finished, void %VITIS_LOOP_1005_1.split"   --->   Operation 191 'phi' 'finished_1' <Predicate = true> <Delay = 0.00>
ST_21 : Operation 192 [1/1] (0.00ns)   --->   "%br_ln1002 = br void %VITIS_LOOP_1005_1" [C:/Vitis_Libraries/quantitative_finance/L1/tests/pca/../../../../solver/L2/include/hw/MatrixDecomposition/gesvdj.hpp:1002]   --->   Operation 192 'br' 'br_ln1002' <Predicate = true> <Delay = 0.00>


============================================================
+ Verbose Summary: Timing violations
============================================================
Target clock period: 3.333ns, clock uncertainty: 0.900ns.

 <State 1>: 1.987ns
The critical path consists of the following:
	wire read operation ('lda_read') on port 'lda' [5]  (0.000 ns)
	'add' operation 32 bit ('rank', C:/Vitis_Libraries/quantitative_finance/L1/tests/pca/../../../../solver/L2/include/hw/MatrixDecomposition/gesvdj.hpp:962) [30]  (0.880 ns)
	'select' operation 32 bit ('rank', C:/Vitis_Libraries/quantitative_finance/L1/tests/pca/../../../../solver/L2/include/hw/MatrixDecomposition/gesvdj.hpp:961) [31]  (0.227 ns)
	'add' operation 32 bit ('dim_1', C:/Vitis_Libraries/quantitative_finance/L1/tests/pca/../../../../solver/L2/include/hw/MatrixDecomposition/gesvdj.hpp:138->C:/Vitis_Libraries/quantitative_finance/L1/tests/pca/../../../../solver/L2/include/hw/MatrixDecomposition/gesvdj.hpp:966) [33]  (0.880 ns)

 <State 2>: 2.076ns
The critical path consists of the following:
	'call' operation 0 bit ('call_ln961', C:/Vitis_Libraries/quantitative_finance/L1/tests/pca/../../../../solver/L2/include/hw/MatrixDecomposition/gesvdj.hpp:961) to 'Jacobi_svd<double, 16, 1, 16>_Pipeline_VITIS_LOOP_142_1' [36]  (2.076 ns)

 <State 3>: 1.754ns
The critical path consists of the following:
	'add' operation 32 bit ('sub44_i', C:/Vitis_Libraries/quantitative_finance/L1/tests/pca/../../../../solver/L2/include/hw/MatrixDecomposition/gesvdj.hpp:961) [38]  (0.880 ns)
	'icmp' operation 1 bit ('icmp', C:/Vitis_Libraries/quantitative_finance/L1/tests/pca/../../../../solver/L2/include/hw/MatrixDecomposition/gesvdj.hpp:961) [40]  (0.874 ns)

 <State 4>: 1.981ns
The critical path consists of the following:
	'sub' operation 32 bit ('p_neg', C:/Vitis_Libraries/quantitative_finance/L1/tests/pca/../../../../solver/L2/include/hw/MatrixDecomposition/gesvdj.hpp:961) [94]  (0.880 ns)
	'sub' operation 32 bit ('p_neg_t', C:/Vitis_Libraries/quantitative_finance/L1/tests/pca/../../../../solver/L2/include/hw/MatrixDecomposition/gesvdj.hpp:961) [97]  (0.874 ns)
	'select' operation 32 bit ('div', C:/Vitis_Libraries/quantitative_finance/L1/tests/pca/../../../../solver/L2/include/hw/MatrixDecomposition/gesvdj.hpp:961) [98]  (0.227 ns)

 <State 5>: 0.000ns
The critical path consists of the following:

 <State 6>: 1.196ns
The critical path consists of the following:
	'or' operation 4 bit ('or_ln169', C:/Vitis_Libraries/quantitative_finance/L1/tests/pca/../../../../solver/L2/include/hw/MatrixDecomposition/gesvdj.hpp:169->C:/Vitis_Libraries/quantitative_finance/L1/tests/pca/../../../../solver/L2/include/hw/MatrixDecomposition/gesvdj.hpp:966) [58]  (0.000 ns)
	'getelementptr' operation 4 bit ('b', C:/Vitis_Libraries/quantitative_finance/L1/tests/pca/../../../../solver/L2/include/hw/MatrixDecomposition/gesvdj.hpp:169->C:/Vitis_Libraries/quantitative_finance/L1/tests/pca/../../../../solver/L2/include/hw/MatrixDecomposition/gesvdj.hpp:966) [60]  (0.000 ns)
	'load' operation 32 bit ('tmpOrder_load', C:/Vitis_Libraries/quantitative_finance/L1/tests/pca/../../../../solver/L2/include/hw/MatrixDecomposition/gesvdj.hpp:120->C:/Vitis_Libraries/quantitative_finance/L1/tests/pca/../../../../solver/L2/include/hw/MatrixDecomposition/gesvdj.hpp:169->C:/Vitis_Libraries/quantitative_finance/L1/tests/pca/../../../../solver/L2/include/hw/MatrixDecomposition/gesvdj.hpp:966) on array 'tmpOrder', C:/Vitis_Libraries/quantitative_finance/L1/tests/pca/../../../../solver/L2/include/hw/MatrixDecomposition/gesvdj.hpp:134->C:/Vitis_Libraries/quantitative_finance/L1/tests/pca/../../../../solver/L2/include/hw/MatrixDecomposition/gesvdj.hpp:966 [62]  (1.196 ns)

 <State 7>: 2.392ns
The critical path consists of the following:
	'load' operation 32 bit ('tmpOrder_load', C:/Vitis_Libraries/quantitative_finance/L1/tests/pca/../../../../solver/L2/include/hw/MatrixDecomposition/gesvdj.hpp:120->C:/Vitis_Libraries/quantitative_finance/L1/tests/pca/../../../../solver/L2/include/hw/MatrixDecomposition/gesvdj.hpp:169->C:/Vitis_Libraries/quantitative_finance/L1/tests/pca/../../../../solver/L2/include/hw/MatrixDecomposition/gesvdj.hpp:966) on array 'tmpOrder', C:/Vitis_Libraries/quantitative_finance/L1/tests/pca/../../../../solver/L2/include/hw/MatrixDecomposition/gesvdj.hpp:134->C:/Vitis_Libraries/quantitative_finance/L1/tests/pca/../../../../solver/L2/include/hw/MatrixDecomposition/gesvdj.hpp:966 [62]  (1.196 ns)
	'store' operation 0 bit ('store_ln120', C:/Vitis_Libraries/quantitative_finance/L1/tests/pca/../../../../solver/L2/include/hw/MatrixDecomposition/gesvdj.hpp:120->C:/Vitis_Libraries/quantitative_finance/L1/tests/pca/../../../../solver/L2/include/hw/MatrixDecomposition/gesvdj.hpp:169->C:/Vitis_Libraries/quantitative_finance/L1/tests/pca/../../../../solver/L2/include/hw/MatrixDecomposition/gesvdj.hpp:966) of variable 'tmpOrder_load', C:/Vitis_Libraries/quantitative_finance/L1/tests/pca/../../../../solver/L2/include/hw/MatrixDecomposition/gesvdj.hpp:120->C:/Vitis_Libraries/quantitative_finance/L1/tests/pca/../../../../solver/L2/include/hw/MatrixDecomposition/gesvdj.hpp:169->C:/Vitis_Libraries/quantitative_finance/L1/tests/pca/../../../../solver/L2/include/hw/MatrixDecomposition/gesvdj.hpp:966 on array 'tmpOrder', C:/Vitis_Libraries/quantitative_finance/L1/tests/pca/../../../../solver/L2/include/hw/MatrixDecomposition/gesvdj.hpp:134->C:/Vitis_Libraries/quantitative_finance/L1/tests/pca/../../../../solver/L2/include/hw/MatrixDecomposition/gesvdj.hpp:966 [63]  (1.196 ns)

 <State 8>: 2.392ns
The critical path consists of the following:
	'load' operation 32 bit ('c', C:/Vitis_Libraries/quantitative_finance/L1/tests/pca/../../../../solver/L2/include/hw/MatrixDecomposition/gesvdj.hpp:119->C:/Vitis_Libraries/quantitative_finance/L1/tests/pca/../../../../solver/L2/include/hw/MatrixDecomposition/gesvdj.hpp:169->C:/Vitis_Libraries/quantitative_finance/L1/tests/pca/../../../../solver/L2/include/hw/MatrixDecomposition/gesvdj.hpp:966) on array 'tmpOrder', C:/Vitis_Libraries/quantitative_finance/L1/tests/pca/../../../../solver/L2/include/hw/MatrixDecomposition/gesvdj.hpp:134->C:/Vitis_Libraries/quantitative_finance/L1/tests/pca/../../../../solver/L2/include/hw/MatrixDecomposition/gesvdj.hpp:966 [61]  (1.196 ns)
	'store' operation 0 bit ('store_ln121', C:/Vitis_Libraries/quantitative_finance/L1/tests/pca/../../../../solver/L2/include/hw/MatrixDecomposition/gesvdj.hpp:121->C:/Vitis_Libraries/quantitative_finance/L1/tests/pca/../../../../solver/L2/include/hw/MatrixDecomposition/gesvdj.hpp:169->C:/Vitis_Libraries/quantitative_finance/L1/tests/pca/../../../../solver/L2/include/hw/MatrixDecomposition/gesvdj.hpp:966) of variable 'c', C:/Vitis_Libraries/quantitative_finance/L1/tests/pca/../../../../solver/L2/include/hw/MatrixDecomposition/gesvdj.hpp:119->C:/Vitis_Libraries/quantitative_finance/L1/tests/pca/../../../../solver/L2/include/hw/MatrixDecomposition/gesvdj.hpp:169->C:/Vitis_Libraries/quantitative_finance/L1/tests/pca/../../../../solver/L2/include/hw/MatrixDecomposition/gesvdj.hpp:966 on array 'tmpOrder', C:/Vitis_Libraries/quantitative_finance/L1/tests/pca/../../../../solver/L2/include/hw/MatrixDecomposition/gesvdj.hpp:134->C:/Vitis_Libraries/quantitative_finance/L1/tests/pca/../../../../solver/L2/include/hw/MatrixDecomposition/gesvdj.hpp:966 [64]  (1.196 ns)

 <State 9>: 1.196ns
The critical path consists of the following:
	'load' operation 32 bit ('tmp3', C:/Vitis_Libraries/quantitative_finance/L1/tests/pca/../../../../solver/L2/include/hw/MatrixDecomposition/gesvdj.hpp:170->C:/Vitis_Libraries/quantitative_finance/L1/tests/pca/../../../../solver/L2/include/hw/MatrixDecomposition/gesvdj.hpp:966) on array 'tmpOrder', C:/Vitis_Libraries/quantitative_finance/L1/tests/pca/../../../../solver/L2/include/hw/MatrixDecomposition/gesvdj.hpp:134->C:/Vitis_Libraries/quantitative_finance/L1/tests/pca/../../../../solver/L2/include/hw/MatrixDecomposition/gesvdj.hpp:966 [65]  (1.196 ns)

 <State 10>: 1.583ns
The critical path consists of the following:
	'load' operation 32 bit ('tmp3', C:/Vitis_Libraries/quantitative_finance/L1/tests/pca/../../../../solver/L2/include/hw/MatrixDecomposition/gesvdj.hpp:170->C:/Vitis_Libraries/quantitative_finance/L1/tests/pca/../../../../solver/L2/include/hw/MatrixDecomposition/gesvdj.hpp:966) on array 'tmpOrder', C:/Vitis_Libraries/quantitative_finance/L1/tests/pca/../../../../solver/L2/include/hw/MatrixDecomposition/gesvdj.hpp:134->C:/Vitis_Libraries/quantitative_finance/L1/tests/pca/../../../../solver/L2/include/hw/MatrixDecomposition/gesvdj.hpp:966 [65]  (1.196 ns)
	multiplexor before 'phi' operation 32 bit ('tmp3') with incoming values : ('tmp3', C:/Vitis_Libraries/quantitative_finance/L1/tests/pca/../../../../solver/L2/include/hw/MatrixDecomposition/gesvdj.hpp:170->C:/Vitis_Libraries/quantitative_finance/L1/tests/pca/../../../../solver/L2/include/hw/MatrixDecomposition/gesvdj.hpp:966) ('tmp3_1_loc_load') [72]  (0.387 ns)

 <State 11>: 1.267ns
The critical path consists of the following:
	'call' operation 0 bit ('call_ln170', C:/Vitis_Libraries/quantitative_finance/L1/tests/pca/../../../../solver/L2/include/hw/MatrixDecomposition/gesvdj.hpp:170->C:/Vitis_Libraries/quantitative_finance/L1/tests/pca/../../../../solver/L2/include/hw/MatrixDecomposition/gesvdj.hpp:966) to 'Jacobi_svd<double, 16, 1, 16>_Pipeline_Loop_cal' [68]  (1.267 ns)

 <State 12>: 1.267ns
The critical path consists of the following:
	'call' operation 0 bit ('call_ln170', C:/Vitis_Libraries/quantitative_finance/L1/tests/pca/../../../../solver/L2/include/hw/MatrixDecomposition/gesvdj.hpp:170->C:/Vitis_Libraries/quantitative_finance/L1/tests/pca/../../../../solver/L2/include/hw/MatrixDecomposition/gesvdj.hpp:966) to 'Jacobi_svd<double, 16, 1, 16>_Pipeline_Loop_cal' [68]  (1.267 ns)

 <State 13>: 1.583ns
The critical path consists of the following:
	'load' operation 32 bit ('tmp3_1_loc_load') on local variable 'tmp3_1_loc' [69]  (0.000 ns)
	multiplexor before 'phi' operation 32 bit ('tmp3') with incoming values : ('tmp3', C:/Vitis_Libraries/quantitative_finance/L1/tests/pca/../../../../solver/L2/include/hw/MatrixDecomposition/gesvdj.hpp:170->C:/Vitis_Libraries/quantitative_finance/L1/tests/pca/../../../../solver/L2/include/hw/MatrixDecomposition/gesvdj.hpp:966) ('tmp3_1_loc_load') [72]  (0.387 ns)
	'phi' operation 32 bit ('tmp3') with incoming values : ('tmp3', C:/Vitis_Libraries/quantitative_finance/L1/tests/pca/../../../../solver/L2/include/hw/MatrixDecomposition/gesvdj.hpp:170->C:/Vitis_Libraries/quantitative_finance/L1/tests/pca/../../../../solver/L2/include/hw/MatrixDecomposition/gesvdj.hpp:966) ('tmp3_1_loc_load') [72]  (0.000 ns)
	'store' operation 0 bit ('store_ln179', C:/Vitis_Libraries/quantitative_finance/L1/tests/pca/../../../../solver/L2/include/hw/MatrixDecomposition/gesvdj.hpp:179->C:/Vitis_Libraries/quantitative_finance/L1/tests/pca/../../../../solver/L2/include/hw/MatrixDecomposition/gesvdj.hpp:966) of variable 'tmp3' on array 'tmpOrder', C:/Vitis_Libraries/quantitative_finance/L1/tests/pca/../../../../solver/L2/include/hw/MatrixDecomposition/gesvdj.hpp:134->C:/Vitis_Libraries/quantitative_finance/L1/tests/pca/../../../../solver/L2/include/hw/MatrixDecomposition/gesvdj.hpp:966 [73]  (1.196 ns)

 <State 14>: 0.387ns
The critical path consists of the following:
	multiplexor before 'phi' operation 4 bit ('i', C:/Vitis_Libraries/quantitative_finance/L1/tests/pca/../../../../solver/L2/include/hw/MatrixDecomposition/gesvdj.hpp:1002) with incoming values : ('add_ln1002', C:/Vitis_Libraries/quantitative_finance/L1/tests/pca/../../../../solver/L2/include/hw/MatrixDecomposition/gesvdj.hpp:1002) [105]  (0.387 ns)

 <State 15>: 2.076ns
The critical path consists of the following:
	'phi' operation 4 bit ('i', C:/Vitis_Libraries/quantitative_finance/L1/tests/pca/../../../../solver/L2/include/hw/MatrixDecomposition/gesvdj.hpp:1002) with incoming values : ('add_ln1002', C:/Vitis_Libraries/quantitative_finance/L1/tests/pca/../../../../solver/L2/include/hw/MatrixDecomposition/gesvdj.hpp:1002) [105]  (0.000 ns)
	'icmp' operation 1 bit ('cmp5', C:/Vitis_Libraries/quantitative_finance/L1/tests/pca/../../../../solver/L2/include/hw/MatrixDecomposition/gesvdj.hpp:1002) [114]  (0.880 ns)
	'call' operation 0 bit ('call_ln961', C:/Vitis_Libraries/quantitative_finance/L1/tests/pca/../../../../solver/L2/include/hw/MatrixDecomposition/gesvdj.hpp:961) to 'Jacobi_svd<double, 16, 1, 16>_Pipeline_VITIS_LOOP_1005_1' [115]  (1.196 ns)

 <State 16>: 0.000ns
The critical path consists of the following:

 <State 17>: 2.076ns
The critical path consists of the following:
	'load' operation 32 bit ('flag_loc_load') on local variable 'flag_loc' [116]  (0.000 ns)
	'icmp' operation 1 bit ('icmp_ln1028', C:/Vitis_Libraries/quantitative_finance/L1/tests/pca/../../../../solver/L2/include/hw/MatrixDecomposition/gesvdj.hpp:1028) [117]  (0.880 ns)
	'call' operation 0 bit ('call_ln961', C:/Vitis_Libraries/quantitative_finance/L1/tests/pca/../../../../solver/L2/include/hw/MatrixDecomposition/gesvdj.hpp:961) to 'Jacobi_svd<double, 16, 1, 16>_Pipeline_Loop_jacobi2x2' [136]  (1.196 ns)

 <State 18>: 0.000ns
The critical path consists of the following:

 <State 19>: 0.000ns
The critical path consists of the following:

 <State 20>: 0.387ns
The critical path consists of the following:
	multiplexor before 'phi' operation 1 bit ('finished') [172]  (0.387 ns)

 <State 21>: 0.000ns
The critical path consists of the following:


============================================================
+ Verbose Summary: Binding
============================================================
N/A
* FSMD analyzer results:
  - Output states:
 - Input state : 
  - Chain level:
	State 1
	State 2
	State 3
	State 4
	State 5
	State 6
	State 7
	State 8
	State 9
	State 10
	State 11
	State 12
	State 13
	State 14
	State 15
	State 16
	State 17
	State 18
	State 19
	State 20
	State 21


============================================================
+ Verbose Summary: Datapath Resource usage 
============================================================
N/A
