================================================================
== Design Size Report
================================================================

* Total Instructions per Compilation Phase
+---------------+-----------------------------+--------------+----------------------------------------------------------------------------------------+
| Phase         | Step                        | Instructions | Description                                                                            |
+---------------+-----------------------------+--------------+----------------------------------------------------------------------------------------+
| Compile/Link  |                             | 7,883        | After all functions are compiled and linked into a single design                       |
|               |                             |              |                                                                                        |
| Unroll/Inline |                             |              | After user unroll and inline pragmas are applied                                       |
|               | (1) unroll                  | 2,579        | user unroll pragmas are applied                                                        |
|               | (2) simplification          | 1,655        | simplification of applied user unroll pragmas                                          |
|               | (3) inline                  | 1,571        | user inline pragmas are applied                                                        |
|               | (4) simplification          | 1,505        | simplification of applied user inline pragmas                                          |
|               |                             |              |                                                                                        |
| Array/Struct  |                             |              | After user array partition and struct aggregate/disaggregate pragmas are applied       |
|               | (1) array partition         | 2,591        | user array partition pragmas are applied                                               |
|               | (2) simplification          | 2,447        | simplification of applied user array partition & struct aggregate/disaggregate pragmas |
|               | (3) aggregate/disaggregate  | 2,447        | user struct aggregate/disaggregate pragmas are applied                                 |
|               | (4) array reshape           | 2,447        | apply array reshape pragmas                                                            |
|               | (5) access patterns         | 2,465        | array access pattern optmizations                                                      |
|               |                             |              |                                                                                        |
| Performance   |                             |              | After transformations are applied to meet performance pragma targets                   |
|               | (1) loop simplification     | 2,380        | loop and instruction simplification                                                    |
|               | (2) parallelization         | 2,317        | loops are unrolled or pipelined to meet performance targets                            |
|               | (3) array partition         | 2,317        | arrays are partitioned to meet performance targets                                     |
|               | (4) simplification          | 2,317        | simplification of design after performance transformations                             |
|               |                             |              |                                                                                        |
| HW Transforms |                             |              | After hardware transfomations                                                          |
|               | (1) lowering                | 2,374        | initial conversion to HW specific instructions                                         |
|               | (2) optimizations           | 2,522        | high level synthesis optimizations                                                     |
+---------------+-----------------------------+--------------+----------------------------------------------------------------------------------------+

* Instructions per Function for each Compilation Phase
+------------------------------------------+--------------------+-----------------+----------------+----------------+----------------+----------------+
| Function                                 | Location           | Compile/Link    | Unroll/Inline  | Array/Struct   | Performance    | HW Transforms  |
+------------------------------------------+--------------------+-----------------+----------------+----------------+----------------+----------------+
| + dut                                    | dut.cpp:31         | 7,883           | 1,505          | 2,465          | 2,317          | 2,522          |
|  + PCA                                   | pca.hpp:261        | 7,811           |                |                |                |                |
|   + covCoreMatrix<double, 15, 80...      | covariance.hpp:361 |  603            |                |                |                |                |
|    + aveImpl<double, 15, 80, 1, 2...     | covariance.hpp:274 |  307            |                |                |                |                |
|       addTree16<double>                  | covariance.hpp:77  |   64            |                |                |                |                |
|    + covCoreWrapper<double, 15, 8...     | covariance.hpp:264 |  293            |                |                |                |                |
|       covCorePart1<double, 15, 80,...    | covariance.hpp:185 |  182            |                |                |                |                |
|       covCorePart2<double, 15, 2, ...    | covariance.hpp:241 |   79            |                |                |                |                |
|   + implement                            | pca.hpp:167        | 7,130           |                |                |                |                |
|    + syevj<double, 15, 1>                | syevj.hpp:49       | 6,810           |                |                |                |                |
|     + gesvdj_2D<double, 16, 1, 16>...    | gesvdj.hpp:1075    | 6,642           |                |                |                |                |
|      + Jacobi_svd<double, 16, 1, 16...   | gesvdj.hpp:933     | 6,605           |                |                |                |                |
|       + GenBlockMat<16, false>           | gesvdj.hpp:129     |  109            |                |                |                |                |
|          swapTwo<int>                    | gesvdj.hpp:118     |    5            |                |                |                |                |
|       + abs                              | math_helper.hpp:38 |  962            |                |                |                |                |
|        + abs                             | absdouble.cpp:6    |  960            |                |                |                |                |
|         + generic_fabs<double>           | hls_fabs.h:12      |  958            |                |                |                |                |
|          + generic_copysign<double>      | hls_copysign.h:10  |  956            |                |                |                |                |
|             fp_struct                    | x_hls_utils.h:456  |  640 (2 calls)  |                |                |                |                |
|           + to_ieee                      | x_hls_utils.h:509  |  298            |                |                |                |                |
|            + to_double                   | x_hls_utils.h:494  |  296            |                |                |                |                |
|               data                       | x_hls_utils.h:475  |  278            |                |                |                |                |
|       + jacobi_rotation_2x2<double, ...  | gesvdj.hpp:43      | 1,353           |                |                |                |                |
|        + sqrt                            | math_helper.hpp:82 |   12 (3 calls)  |                |                |                |                |
|           sqrt                           | sqrtdouble.cpp:6   |    6 (3 calls)  |                |                |                |                |
|       + funcDataflow<double, 16, 1, ...  | gesvdj.hpp:856     | 3,982           |                |                |                |                |
|          unrollRow<double, 16, 1, 16>... | gesvdj.hpp:540     | 2,234 (2 calls) |                |                |                |                |
|          unrollCol<double, 16, 1, 16>... | gesvdj.hpp:212     | 1,117           |                |                |                |                |
|    + nsort<unsigned int>                 | pca.hpp:113        |  125            |                |                |                |                |
|       max                                | limits:1677        |    1            |                |                |                |                |
|       shiftBuffer<double, 3>             | pca.hpp:93         |   17            |                |                |                |                |
|       shiftBuffer<unsigned int, 3>...    | pca.hpp:93         |   17            |                |                |                |                |
|      filterMat<unsigned int>             | pca.hpp:155        |   33            |                |                |                |                |
|  + getLoadingsMatrix                     | pca.hpp:336        |   63            |                |                |                |                |
|     sqrt                                 | sqrtdouble.cpp:6   |    2            |                |                |                |                |
|    aveImpl<double, 15, 80, 1, 2...       | covariance.hpp:274 |                 |  201           |  185           |  183           |  198           |
|  + covCoreWrapper<double, 15, 8...       | covariance.hpp:264 |                 |  224           |  204           |  201           |  322           |
|     covCorePart1<double, 15, 80,...      | covariance.hpp:185 |                 |  106           |   93           |   91           |  106           |
|     covCorePart2<double, 15, 2, ...      | covariance.hpp:241 |                 |  103           |  102           |  101           |  201           |
|  + implement                             | pca.hpp:167        |                 |  994           | 1,989          | 1,848          | 1,899          |
|   + gesvdj_2D<double, 16, 1, 16>...      | gesvdj.hpp:1075    |                 |  724           | 1,654          | 1,520          | 1,524          |
|    + Jacobi_svd<double, 16, 1, 16...     | gesvdj.hpp:933     |                 |  707           | 1,635          | 1,501          | 1,497          |
|       jacobi_rotation_2x2<double, ...    | gesvdj.hpp:43      |                 |   94           |  760 (8 calls) |  712 (8 calls) |  720 (8 calls) |
|     + funcDataflow<double, 16, 1, ...    | gesvdj.hpp:856     |                 |  414           |  535           |  503           |  532           |
|        unrollRow<double, 16, 1, 16>...   | gesvdj.hpp:540     |                 |  244 (2 calls) |  278 (2 calls) |  278 (2 calls) |  292 (2 calls) |
|        unrollCol<double, 16, 1, 16>...   | gesvdj.hpp:212     |                 |  125           |  142           |  142           |  149           |
+------------------------------------------+--------------------+-----------------+----------------+----------------+----------------+----------------+

* Design Size Message Settings
+---------------------------------------------+--------+------------------------------------------------------------------+
| Message Setting                             | Value  | Description                                                      |
+---------------------------------------------+--------+------------------------------------------------------------------+
| config_compile -design_size_maximum_warning | 100000 | Show a warning when total design instructions exceeds this value |
+---------------------------------------------+--------+------------------------------------------------------------------+


