

================================================================
== Vitis HLS Report for 'implement_Pipeline_PCA_filtermat_loop_VITIS_LOOP_160_1'
================================================================
* Date:           Wed May  8 02:27:20 2024

* Version:        2023.2 (Build 4023990 on Oct 11 2023)
* Project:        Principal_Component_Analysis.prj
* Solution:       sol (Vivado IP Flow Target)
* Product family: virtexuplus
* Target device:  xcu250-figd2104-2L-e


================================================================
== Performance Estimates
================================================================
+ Timing: 
    * Summary: 
    +--------+---------+----------+------------+
    |  Clock |  Target | Estimated| Uncertainty|
    +--------+---------+----------+------------+
    |ap_clk  |  3.33 ns|  2.277 ns|     0.90 ns|
    +--------+---------+----------+------------+

+ Latency: 
    * Summary: 
    +---------+---------+----------+----------+-----+-----+---------+
    |  Latency (cycles) |  Latency (absolute) |  Interval | Pipeline|
    |   min   |   max   |    min   |    max   | min | max |   Type  |
    +---------+---------+----------+----------+-----+-----+---------+
    |        ?|        ?|         ?|         ?|    ?|    ?|       no|
    +---------+---------+----------+----------+-----+-----+---------+

    + Detail: 
        * Instance: 
        N/A

        * Loop: 
        +---------------------------------------+---------+---------+----------+-----------+-----------+------+----------+
        |                                       |  Latency (cycles) | Iteration|  Initiation Interval  | Trip |          |
        |               Loop Name               |   min   |   max   |  Latency |  achieved |   target  | Count| Pipelined|
        +---------------------------------------+---------+---------+----------+-----------+-----------+------+----------+
        |- PCA_filtermat_loop_VITIS_LOOP_160_1  |        ?|        ?|        37|          1|          1|     ?|       yes|
        +---------------------------------------+---------+---------+----------+-----------+-----------+------+----------+



================================================================
== Utilization Estimates
================================================================
* Summary: 
+---------------------+---------+-------+---------+---------+------+
|         Name        | BRAM_18K|  DSP  |    FF   |   LUT   | URAM |
+---------------------+---------+-------+---------+---------+------+
|DSP                  |        -|      1|        -|        -|     -|
|Expression           |        -|      -|        0|      363|     -|
|FIFO                 |        -|      -|        -|        -|     -|
|Instance             |        -|      -|     2283|     1752|     -|
|Memory               |        -|      -|        -|        -|     -|
|Multiplexer          |        -|      -|        -|       72|     -|
|Register             |        -|      -|      672|      192|     -|
+---------------------+---------+-------+---------+---------+------+
|Total                |        0|      1|     2955|     2379|     0|
+---------------------+---------+-------+---------+---------+------+
|Available SLR        |     1344|   3072|   864000|   432000|   320|
+---------------------+---------+-------+---------+---------+------+
|Utilization SLR (%)  |        0|     ~0|       ~0|       ~0|     0|
+---------------------+---------+-------+---------+---------+------+
|Available            |     5376|  12288|  3456000|  1728000|  1280|
+---------------------+---------+-------+---------+---------+------+
|Utilization (%)      |        0|     ~0|       ~0|       ~0|     0|
+---------------------+---------+-------+---------+---------+------+

+ Detail: 
    * Instance: 
    +---------------------------+----------------------+---------+----+------+------+-----+
    |          Instance         |        Module        | BRAM_18K| DSP|  FF  |  LUT | URAM|
    +---------------------------+----------------------+---------+----+------+------+-----+
    |sparsemux_7_2_8_1_1_U260   |sparsemux_7_2_8_1_1   |        0|   0|     0|    14|    0|
    |urem_32ns_3ns_2_36_1_U259  |urem_32ns_3ns_2_36_1  |        0|   0|  2283|  1738|    0|
    +---------------------------+----------------------+---------+----+------+------+-----+
    |Total                      |                      |        0|   0|  2283|  1752|    0|
    +---------------------------+----------------------+---------+----+------+------+-----+

    * DSP: 
    +---------------------------------+----------------------------+--------------+
    |             Instance            |           Module           |  Expression  |
    +---------------------------------+----------------------------+--------------+
    |mac_muladd_8s_8s_8ns_8_4_1_U261  |mac_muladd_8s_8s_8ns_8_4_1  |  i0 + i1 * i2|
    +---------------------------------+----------------------------+--------------+

    * Memory: 
    N/A

    * FIFO: 
    N/A

    * Expression: 
    +--------------------------+----------+----+---+----+------------+------------+
    |       Variable Name      | Operation| DSP| FF| LUT| Bitwidth P0| Bitwidth P1|
    +--------------------------+----------+----+---+----+------------+------------+
    |add_ln158_fu_212_p2       |         +|   0|  0|  41|          34|           1|
    |add_ln160_1_fu_294_p2     |         +|   0|  0|   9|           2|           1|
    |add_ln160_fu_300_p2       |         +|   0|  0|  39|          32|           2|
    |i_fu_355_p2               |         +|   0|  0|  39|          32|           1|
    |index_3_fu_288_p2         |         +|   0|  0|  39|          32|           1|
    |sub_ln156_fu_397_p2       |         -|   0|  0|  10|           3|           2|
    |icmp_ln158_fu_207_p2      |      icmp|   0|  0|  41|          34|          34|
    |icmp_ln160_fu_230_p2      |      icmp|   0|  0|   9|           2|           2|
    |select_ln156_1_fu_236_p3  |    select|   0|  0|   2|           1|           1|
    |select_ln156_2_fu_244_p3  |    select|   0|  0|  32|           1|          32|
    |select_ln156_3_fu_268_p3  |    select|   0|  0|   2|           1|           2|
    |select_ln156_fu_403_p3    |    select|   0|  0|   2|           1|           2|
    |select_ln158_1_fu_252_p3  |    select|   0|  0|  32|           1|          32|
    |select_ln158_fu_361_p3    |    select|   0|  0|  32|           1|          32|
    |ap_enable_pp0             |       xor|   0|  0|   2|           1|           2|
    |grp_fu_282_p0             |       xor|   0|  0|  32|          32|          32|
    +--------------------------+----------+----+---+----+------------+------------+
    |Total                     |          |   0|  0| 363|         210|         179|
    +--------------------------+----------+----+---+----+------------+------------+

    * Multiplexer: 
    +-------------------------+----+-----------+-----+-----------+
    |           Name          | LUT| Input Size| Bits| Total Bits|
    +-------------------------+----+-----------+-----+-----------+
    |ap_done_int              |   9|          2|    1|          2|
    |ap_enable_reg_pp0_iter1  |   9|          2|    1|          2|
    |ap_enable_reg_pp0_iter2  |   9|          2|    1|          2|
    |i_2_fu_84                |   9|          2|   32|         64|
    |index_1_fu_68            |   9|          2|   32|         64|
    |index_fu_80              |   9|          2|   32|         64|
    |indvar_flatten14_fu_88   |   9|          2|   34|         68|
    |j_fu_72                  |   9|          2|    2|          4|
    +-------------------------+----+-----------+-----+-----------+
    |Total                    |  72|         16|  135|        270|
    +-------------------------+----+-----------+-----+-----------+

    * Register: 
    +-----------------------------------+----+----+-----+-----------+
    |                Name               | FF | LUT| Bits| Const Bits|
    +-----------------------------------+----+----+-----+-----------+
    |add_ln1601_fu_76                   |  32|   0|   32|          0|
    |ap_CS_fsm                          |   1|   0|    1|          0|
    |ap_done_reg                        |   1|   0|    1|          0|
    |ap_enable_reg_pp0_iter1            |   1|   0|    1|          0|
    |ap_enable_reg_pp0_iter10           |   1|   0|    1|          0|
    |ap_enable_reg_pp0_iter11           |   1|   0|    1|          0|
    |ap_enable_reg_pp0_iter12           |   1|   0|    1|          0|
    |ap_enable_reg_pp0_iter13           |   1|   0|    1|          0|
    |ap_enable_reg_pp0_iter14           |   1|   0|    1|          0|
    |ap_enable_reg_pp0_iter15           |   1|   0|    1|          0|
    |ap_enable_reg_pp0_iter16           |   1|   0|    1|          0|
    |ap_enable_reg_pp0_iter17           |   1|   0|    1|          0|
    |ap_enable_reg_pp0_iter18           |   1|   0|    1|          0|
    |ap_enable_reg_pp0_iter19           |   1|   0|    1|          0|
    |ap_enable_reg_pp0_iter2            |   1|   0|    1|          0|
    |ap_enable_reg_pp0_iter20           |   1|   0|    1|          0|
    |ap_enable_reg_pp0_iter21           |   1|   0|    1|          0|
    |ap_enable_reg_pp0_iter22           |   1|   0|    1|          0|
    |ap_enable_reg_pp0_iter23           |   1|   0|    1|          0|
    |ap_enable_reg_pp0_iter24           |   1|   0|    1|          0|
    |ap_enable_reg_pp0_iter25           |   1|   0|    1|          0|
    |ap_enable_reg_pp0_iter26           |   1|   0|    1|          0|
    |ap_enable_reg_pp0_iter27           |   1|   0|    1|          0|
    |ap_enable_reg_pp0_iter28           |   1|   0|    1|          0|
    |ap_enable_reg_pp0_iter29           |   1|   0|    1|          0|
    |ap_enable_reg_pp0_iter3            |   1|   0|    1|          0|
    |ap_enable_reg_pp0_iter30           |   1|   0|    1|          0|
    |ap_enable_reg_pp0_iter31           |   1|   0|    1|          0|
    |ap_enable_reg_pp0_iter32           |   1|   0|    1|          0|
    |ap_enable_reg_pp0_iter33           |   1|   0|    1|          0|
    |ap_enable_reg_pp0_iter34           |   1|   0|    1|          0|
    |ap_enable_reg_pp0_iter35           |   1|   0|    1|          0|
    |ap_enable_reg_pp0_iter36           |   1|   0|    1|          0|
    |ap_enable_reg_pp0_iter37           |   1|   0|    1|          0|
    |ap_enable_reg_pp0_iter4            |   1|   0|    1|          0|
    |ap_enable_reg_pp0_iter5            |   1|   0|    1|          0|
    |ap_enable_reg_pp0_iter6            |   1|   0|    1|          0|
    |ap_enable_reg_pp0_iter7            |   1|   0|    1|          0|
    |ap_enable_reg_pp0_iter8            |   1|   0|    1|          0|
    |ap_enable_reg_pp0_iter9            |   1|   0|    1|          0|
    |ap_loop_exit_ready_pp0_iter10_reg  |   1|   0|    1|          0|
    |ap_loop_exit_ready_pp0_iter11_reg  |   1|   0|    1|          0|
    |ap_loop_exit_ready_pp0_iter12_reg  |   1|   0|    1|          0|
    |ap_loop_exit_ready_pp0_iter13_reg  |   1|   0|    1|          0|
    |ap_loop_exit_ready_pp0_iter14_reg  |   1|   0|    1|          0|
    |ap_loop_exit_ready_pp0_iter15_reg  |   1|   0|    1|          0|
    |ap_loop_exit_ready_pp0_iter16_reg  |   1|   0|    1|          0|
    |ap_loop_exit_ready_pp0_iter17_reg  |   1|   0|    1|          0|
    |ap_loop_exit_ready_pp0_iter18_reg  |   1|   0|    1|          0|
    |ap_loop_exit_ready_pp0_iter19_reg  |   1|   0|    1|          0|
    |ap_loop_exit_ready_pp0_iter20_reg  |   1|   0|    1|          0|
    |ap_loop_exit_ready_pp0_iter21_reg  |   1|   0|    1|          0|
    |ap_loop_exit_ready_pp0_iter22_reg  |   1|   0|    1|          0|
    |ap_loop_exit_ready_pp0_iter23_reg  |   1|   0|    1|          0|
    |ap_loop_exit_ready_pp0_iter24_reg  |   1|   0|    1|          0|
    |ap_loop_exit_ready_pp0_iter25_reg  |   1|   0|    1|          0|
    |ap_loop_exit_ready_pp0_iter26_reg  |   1|   0|    1|          0|
    |ap_loop_exit_ready_pp0_iter27_reg  |   1|   0|    1|          0|
    |ap_loop_exit_ready_pp0_iter28_reg  |   1|   0|    1|          0|
    |ap_loop_exit_ready_pp0_iter29_reg  |   1|   0|    1|          0|
    |ap_loop_exit_ready_pp0_iter2_reg   |   1|   0|    1|          0|
    |ap_loop_exit_ready_pp0_iter30_reg  |   1|   0|    1|          0|
    |ap_loop_exit_ready_pp0_iter31_reg  |   1|   0|    1|          0|
    |ap_loop_exit_ready_pp0_iter32_reg  |   1|   0|    1|          0|
    |ap_loop_exit_ready_pp0_iter33_reg  |   1|   0|    1|          0|
    |ap_loop_exit_ready_pp0_iter34_reg  |   1|   0|    1|          0|
    |ap_loop_exit_ready_pp0_iter35_reg  |   1|   0|    1|          0|
    |ap_loop_exit_ready_pp0_iter36_reg  |   1|   0|    1|          0|
    |ap_loop_exit_ready_pp0_iter3_reg   |   1|   0|    1|          0|
    |ap_loop_exit_ready_pp0_iter4_reg   |   1|   0|    1|          0|
    |ap_loop_exit_ready_pp0_iter5_reg   |   1|   0|    1|          0|
    |ap_loop_exit_ready_pp0_iter6_reg   |   1|   0|    1|          0|
    |ap_loop_exit_ready_pp0_iter7_reg   |   1|   0|    1|          0|
    |ap_loop_exit_ready_pp0_iter8_reg   |   1|   0|    1|          0|
    |ap_loop_exit_ready_pp0_iter9_reg   |   1|   0|    1|          0|
    |i_2_fu_84                          |  32|   0|   32|          0|
    |icmp_ln160_reg_492                 |   1|   0|    1|          0|
    |index_1_fu_68                      |  32|   0|   32|          0|
    |index_fu_80                        |  32|   0|   32|          0|
    |indvar_flatten14_fu_88             |  34|   0|   34|          0|
    |j_fu_72                            |   2|   0|    2|          0|
    |pcVecs_1_addr_reg_527              |   4|   0|    4|          0|
    |pcVecs_2_addr_reg_532              |   4|   0|    4|          0|
    |pcVecs_addr_reg_522                |   4|   0|    4|          0|
    |select_ln156_1_reg_497             |   2|   0|    2|          0|
    |select_ln156_2_reg_502             |  32|   0|   32|          0|
    |select_ln156_reg_547               |   2|   0|    2|          0|
    |tmp_5_reg_507                      |   1|   0|    1|          0|
    |icmp_ln160_reg_492                 |  64|  32|    1|          0|
    |pcVecs_1_addr_reg_527              |  64|  32|    4|          0|
    |pcVecs_2_addr_reg_532              |  64|  32|    4|          0|
    |pcVecs_addr_reg_522                |  64|  32|    4|          0|
    |select_ln156_1_reg_497             |  64|  32|    2|          0|
    |tmp_5_reg_507                      |  64|  32|    1|          0|
    +-----------------------------------+----+----+-----+-----------+
    |Total                              | 672| 192|  304|          0|
    +-----------------------------------+----+----+-----+-----------+



================================================================
== Interface
================================================================
* Summary: 
+--------------------+-----+-----+------------+--------------------------------------------------------+--------------+
|      RTL Ports     | Dir | Bits|  Protocol  |                      Source Object                     |    C Type    |
+--------------------+-----+-----+------------+--------------------------------------------------------+--------------+
|ap_clk              |   in|    1|  ap_ctrl_hs|  implement_Pipeline_PCA_filtermat_loop_VITIS_LOOP_160_1|  return value|
|ap_rst              |   in|    1|  ap_ctrl_hs|  implement_Pipeline_PCA_filtermat_loop_VITIS_LOOP_160_1|  return value|
|ap_start            |   in|    1|  ap_ctrl_hs|  implement_Pipeline_PCA_filtermat_loop_VITIS_LOOP_160_1|  return value|
|ap_done             |  out|    1|  ap_ctrl_hs|  implement_Pipeline_PCA_filtermat_loop_VITIS_LOOP_160_1|  return value|
|ap_idle             |  out|    1|  ap_ctrl_hs|  implement_Pipeline_PCA_filtermat_loop_VITIS_LOOP_160_1|  return value|
|ap_ready            |  out|    1|  ap_ctrl_hs|  implement_Pipeline_PCA_filtermat_loop_VITIS_LOOP_160_1|  return value|
|grp_fu_721_p_din0   |  out|   32|  ap_ctrl_hs|  implement_Pipeline_PCA_filtermat_loop_VITIS_LOOP_160_1|  return value|
|grp_fu_721_p_din1   |  out|   34|  ap_ctrl_hs|  implement_Pipeline_PCA_filtermat_loop_VITIS_LOOP_160_1|  return value|
|grp_fu_721_p_dout0  |   in|   65|  ap_ctrl_hs|  implement_Pipeline_PCA_filtermat_loop_VITIS_LOOP_160_1|  return value|
|grp_fu_721_p_ce     |  out|    1|  ap_ctrl_hs|  implement_Pipeline_PCA_filtermat_loop_VITIS_LOOP_160_1|  return value|
|sub_ln158           |   in|   34|     ap_none|                                               sub_ln158|        scalar|
|empty               |   in|    8|     ap_none|                                                   empty|        scalar|
|pcVecs_2_address0   |  out|    4|   ap_memory|                                                pcVecs_2|         array|
|pcVecs_2_ce0        |  out|    1|   ap_memory|                                                pcVecs_2|         array|
|pcVecs_2_we0        |  out|    1|   ap_memory|                                                pcVecs_2|         array|
|pcVecs_2_d0         |  out|   64|   ap_memory|                                                pcVecs_2|         array|
|pcVecs_1_address0   |  out|    4|   ap_memory|                                                pcVecs_1|         array|
|pcVecs_1_ce0        |  out|    1|   ap_memory|                                                pcVecs_1|         array|
|pcVecs_1_we0        |  out|    1|   ap_memory|                                                pcVecs_1|         array|
|pcVecs_1_d0         |  out|   64|   ap_memory|                                                pcVecs_1|         array|
|pcVecs_address0     |  out|    4|   ap_memory|                                                  pcVecs|         array|
|pcVecs_ce0          |  out|    1|   ap_memory|                                                  pcVecs|         array|
|pcVecs_we0          |  out|    1|   ap_memory|                                                  pcVecs|         array|
|pcVecs_d0           |  out|   64|   ap_memory|                                                  pcVecs|         array|
|eigIndexes          |   in|    8|     ap_none|                                              eigIndexes|        scalar|
|eigIndexes_1        |   in|    8|     ap_none|                                            eigIndexes_1|        scalar|
|eigIndexes_2        |   in|    8|     ap_none|                                            eigIndexes_2|        scalar|
|eigVecs_address0    |  out|    8|   ap_memory|                                                 eigVecs|         array|
|eigVecs_ce0         |  out|    1|   ap_memory|                                                 eigVecs|         array|
|eigVecs_q0          |   in|   64|   ap_memory|                                                 eigVecs|         array|
+--------------------+-----+-----+------------+--------------------------------------------------------+--------------+

