

================================================================
== Vitis HLS Report for 'Jacobi_svd_double_16_1_16_s'
================================================================
* Date:           Wed May  8 02:27:18 2024

* Version:        2023.2 (Build 4023990 on Oct 11 2023)
* Project:        Principal_Component_Analysis.prj
* Solution:       sol (Vivado IP Flow Target)
* Product family: virtexuplus
* Target device:  xcu250-figd2104-2L-e


================================================================
== Performance Estimates
================================================================
+ Timing: 
    * Summary: 
    +--------+---------+----------+------------+
    |  Clock |  Target | Estimated| Uncertainty|
    +--------+---------+----------+------------+
    |ap_clk  |  3.33 ns|  2.541 ns|     0.90 ns|
    +--------+---------+----------+------------+

+ Latency: 
    * Summary: 
    +---------+---------+-----------+----------+-------+--------+---------+
    |  Latency (cycles) |  Latency (absolute)  |    Interval    | Pipeline|
    |   min   |   max   |    min    |    max   |  min  |   max  |   Type  |
    +---------+---------+-----------+----------+-------+--------+---------+
    |    13670|   414744|  45.562 us|  1.382 ms|  13670|  414744|       no|
    +---------+---------+-----------+----------+-------+--------+---------+

    + Detail: 
        * Instance: 
        +-----------------------------------------------------------------+------------------------------------------------------+---------+---------+-----------+-----------+-----+-----+---------+
        |                                                                 |                                                      |  Latency (cycles) |   Latency (absolute)  |  Interval | Pipeline|
        |                             Instance                            |                        Module                        |   min   |   max   |    min    |    max    | min | max |   Type  |
        +-----------------------------------------------------------------+------------------------------------------------------+---------+---------+-----------+-----------+-----+-----+---------+
        |grp_Jacobi_svd_double_16_1_16_Pipeline_VITIS_LOOP_142_1_fu_313   |Jacobi_svd_double_16_1_16_Pipeline_VITIS_LOOP_142_1   |      514|      514|   1.713 us|   1.713 us|  514|  514|       no|
        |grp_Jacobi_svd_double_16_1_16_Pipeline_Loop_precal_fu_320        |Jacobi_svd_double_16_1_16_Pipeline_Loop_precal        |       11|       11|  36.663 ns|  36.663 ns|   11|   11|       no|
        |grp_Jacobi_svd_double_16_1_16_Pipeline_Loop_cal_fu_328           |Jacobi_svd_double_16_1_16_Pipeline_Loop_cal           |      512|      512|   1.706 us|   1.706 us|  512|  512|       no|
        |grp_Jacobi_svd_double_16_1_16_Pipeline_VITIS_LOOP_1005_1_fu_336  |Jacobi_svd_double_16_1_16_Pipeline_VITIS_LOOP_1005_1  |       15|       15|  49.995 ns|  49.995 ns|   15|   15|       no|
        |grp_Jacobi_svd_double_16_1_16_Pipeline_Loop_jacobi2x2_fu_348     |Jacobi_svd_double_16_1_16_Pipeline_Loop_jacobi2x2     |      154|      154|   0.513 us|   0.513 us|  154|  154|       no|
        |grp_funcDataflow_double_16_1_16_8_fu_390                         |funcDataflow_double_16_1_16_8                         |      612|      612|   2.040 us|   2.040 us|  612|  612|       no|
        +-----------------------------------------------------------------+------------------------------------------------------+---------+---------+-----------+-----------+-----+-----+---------+

        * Loop: 
        +--------------------+---------+---------+-------------+-----------+-----------+------+----------+
        |                    |  Latency (cycles) |  Iteration  |  Initiation Interval  | Trip |          |
        |      Loop Name     |   min   |   max   |   Latency   |  achieved |   target  | Count| Pipelined|
        +--------------------+---------+---------+-------------+-----------+-----------+------+----------+
        |- Loop_even         |     9709|   272363|     19 ~ 533|          -|          -|   511|        no|
        |- While_Loop        |     3443|   141863|  287 ~ 11822|          -|          -|    12|        no|
        | + Loop_innerWhile  |      285|    11820|     19 ~ 788|          -|          -|    15|        no|
        +--------------------+---------+---------+-------------+-----------+-----------+------+----------+



================================================================
== Utilization Estimates
================================================================
* Summary: 
+---------------------+---------+-------+---------+---------+------+
|         Name        | BRAM_18K|  DSP  |    FF   |   LUT   | URAM |
+---------------------+---------+-------+---------+---------+------+
|DSP                  |        -|      -|        -|        -|     -|
|Expression           |        -|      -|        0|      480|     -|
|FIFO                 |        -|      -|        -|        -|     -|
|Instance             |        0|     40|    30224|    10580|     0|
|Memory               |        2|      -|        0|        0|     -|
|Multiplexer          |        -|      -|        -|      527|     -|
|Register             |        -|      -|     1389|        -|     -|
+---------------------+---------+-------+---------+---------+------+
|Total                |        2|     40|    31613|    11587|     0|
+---------------------+---------+-------+---------+---------+------+
|Available SLR        |     1344|   3072|   864000|   432000|   320|
+---------------------+---------+-------+---------+---------+------+
|Utilization SLR (%)  |       ~0|      1|        3|        2|     0|
+---------------------+---------+-------+---------+---------+------+
|Available            |     5376|  12288|  3456000|  1728000|  1280|
+---------------------+---------+-------+---------+---------+------+
|Utilization (%)      |       ~0|     ~0|       ~0|       ~0|     0|
+---------------------+---------+-------+---------+---------+------+

+ Detail: 
    * Instance: 
    +-----------------------------------------------------------------+------------------------------------------------------+---------+----+-------+------+-----+
    |                             Instance                            |                        Module                        | BRAM_18K| DSP|   FF  |  LUT | URAM|
    +-----------------------------------------------------------------+------------------------------------------------------+---------+----+-------+------+-----+
    |grp_Jacobi_svd_double_16_1_16_Pipeline_Loop_cal_fu_328           |Jacobi_svd_double_16_1_16_Pipeline_Loop_cal           |        0|   0|     70|   124|    0|
    |grp_Jacobi_svd_double_16_1_16_Pipeline_Loop_jacobi2x2_fu_348     |Jacobi_svd_double_16_1_16_Pipeline_Loop_jacobi2x2     |        0|  24|  23866|  4907|    0|
    |grp_Jacobi_svd_double_16_1_16_Pipeline_Loop_precal_fu_320        |Jacobi_svd_double_16_1_16_Pipeline_Loop_precal        |        0|   0|     86|   168|    0|
    |grp_Jacobi_svd_double_16_1_16_Pipeline_VITIS_LOOP_1005_1_fu_336  |Jacobi_svd_double_16_1_16_Pipeline_VITIS_LOOP_1005_1  |        0|   0|    256|   340|    0|
    |grp_Jacobi_svd_double_16_1_16_Pipeline_VITIS_LOOP_142_1_fu_313   |Jacobi_svd_double_16_1_16_Pipeline_VITIS_LOOP_142_1   |        0|   0|     33|   143|    0|
    |grp_funcDataflow_double_16_1_16_8_fu_390                         |funcDataflow_double_16_1_16_8                         |        0|  16|   5913|  4898|    0|
    +-----------------------------------------------------------------+------------------------------------------------------+---------+----+-------+------+-----+
    |Total                                                            |                                                      |        0|  40|  30224| 10580|    0|
    +-----------------------------------------------------------------+------------------------------------------------------+---------+----+-------+------+-----+

    * DSP: 
    N/A

    * Memory: 
    +------------+--------------------------------------------------------+---------+---+----+-----+------+-----+------+-------------+
    |   Memory   |                         Module                         | BRAM_18K| FF| LUT| URAM| Words| Bits| Banks| W*Bits*Banks|
    +------------+--------------------------------------------------------+---------+---+----+-----+------+-----+------+-------------+
    |Order_U     |Jacobi_svd_double_16_1_16_s_Order_RAM_T2P_BRAM_1R1W     |        1|  0|   0|    0|   256|   32|     1|         8192|
    |tmpOrder_U  |Jacobi_svd_double_16_1_16_s_tmpOrder_RAM_T2P_BRAM_1R1W  |        1|  0|   0|    0|    16|   32|     1|          512|
    +------------+--------------------------------------------------------+---------+---+----+-----+------+-----+------+-------------+
    |Total       |                                                        |        2|  0|   0|    0|   272|   64|     2|         8704|
    +------------+--------------------------------------------------------+---------+---+----+-----+------+-----+------+-------------+

    * FIFO: 
    N/A

    * Expression: 
    +-----------------------+----------+----+---+----+------------+------------+
    |     Variable Name     | Operation| DSP| FF| LUT| Bitwidth P0| Bitwidth P1|
    +-----------------------+----------+----+---+----+------------+------------+
    |add_ln1002_fu_589_p2   |         +|   0|  0|  12|           4|           1|
    |add_ln148_fu_498_p2    |         +|   0|  0|  38|          31|           1|
    |dim_1_fu_436_p2        |         +|   0|  0|  39|          32|           2|
    |rank_fu_422_p2         |         +|   0|  0|  39|          32|           1|
    |sub44_i_fu_460_p2      |         +|   0|  0|  39|          32|           3|
    |p_neg_fu_521_p2        |         -|   0|  0|  39|           1|          32|
    |p_neg_t_fu_540_p2      |         -|   0|  0|  39|           1|          32|
    |cmp5_fu_599_p2         |      icmp|   0|  0|  39|          32|          32|
    |icmp_fu_475_p2         |      icmp|   0|  0|  38|          31|           1|
    |icmp_ln1002_fu_583_p2  |      icmp|   0|  0|  12|           4|           2|
    |icmp_ln1028_fu_608_p2  |      icmp|   0|  0|  39|          32|           1|
    |icmp_ln148_fu_493_p2   |      icmp|   0|  0|  39|          32|          32|
    |or_ln169_fu_553_p2     |        or|   0|  0|   4|           4|           1|
    |div_fu_546_p3          |    select|   0|  0|  32|           1|          32|
    |rank_1_fu_428_p3       |    select|   0|  0|  32|           1|          32|
    +-----------------------+----------+----+---+----+------------+------------+
    |Total                  |          |   0|  0| 480|         270|         205|
    +-----------------------+----------+----+---+----+------------+------------+

    * Multiplexer: 
    +-----------------------------------------+-----+-----------+-----+-----------+
    |                   Name                  | LUT | Input Size| Bits| Total Bits|
    +-----------------------------------------+-----+-----------+-----+-----------+
    |Order_address0                           |   26|          5|    8|         40|
    |Order_address1                           |   20|          4|    8|         32|
    |Order_ce0                                |   26|          5|    1|          5|
    |Order_ce1                                |   20|          4|    1|          4|
    |Order_we0                                |    9|          2|    1|          2|
    |Order_we1                                |    9|          2|    1|          2|
    |ap_NS_fsm                                |  107|         22|    1|         22|
    |ap_phi_mux_tmp3_0_lcssa_i_phi_fu_268_p4  |    9|          2|   32|         64|
    |dataA_address0                           |   20|          4|    8|         32|
    |dataA_address1                           |   14|          3|    8|         24|
    |dataA_ce0                                |   20|          4|    1|          4|
    |dataA_ce1                                |   14|          3|    1|          3|
    |dataA_we0                                |    9|          2|    1|          2|
    |dataA_we1                                |    9|          2|    1|          2|
    |finished_1_reg_299                       |    9|          2|    1|          2|
    |finished_reg_287                         |    9|          2|    1|          2|
    |grp_fu_1227_ce                           |    9|          2|    1|          2|
    |grp_fu_1231_ce                           |    9|          2|    1|          2|
    |grp_fu_1235_ce                           |    9|          2|    1|          2|
    |i_2_fu_84                                |    9|          2|   31|         62|
    |i_3_reg_275                              |    9|          2|    4|          8|
    |tmp3_0_lcssa_i_reg_265                   |    9|          2|   32|         64|
    |tmpOrder_address0                        |   43|          8|    4|         32|
    |tmpOrder_address1                        |   14|          3|    4|         12|
    |tmpOrder_ce0                             |   26|          5|    1|          5|
    |tmpOrder_ce1                             |   14|          3|    1|          3|
    |tmpOrder_d0                              |   26|          5|   32|        160|
    |tmpOrder_we0                             |   20|          4|    1|          4|
    +-----------------------------------------+-----+-----------+-----+-----------+
    |Total                                    |  527|        108|  188|        598|
    +-----------------------------------------+-----+-----------+-----+-----------+

    * Register: 
    +------------------------------------------------------------------------------+----+----+-----+-----------+
    |                                     Name                                     | FF | LUT| Bits| Const Bits|
    +------------------------------------------------------------------------------+----+----+-----+-----------+
    |add_ln1002_reg_1118                                                           |   4|   0|    4|          0|
    |add_ln148_reg_987                                                             |  31|   0|   31|          0|
    |ap_CS_fsm                                                                     |  21|   0|   21|          0|
    |cmp5_reg_1123                                                                 |   1|   0|    1|          0|
    |dim_1_reg_946                                                                 |  32|   0|   32|          0|
    |div_reg_1093                                                                  |  32|   0|   32|          0|
    |finished_1_reg_299                                                            |   1|   0|    1|          0|
    |finished_reg_287                                                              |   1|   0|    1|          0|
    |grp_Jacobi_svd_double_16_1_16_Pipeline_Loop_cal_fu_328_ap_start_reg           |   1|   0|    1|          0|
    |grp_Jacobi_svd_double_16_1_16_Pipeline_Loop_jacobi2x2_fu_348_ap_start_reg     |   1|   0|    1|          0|
    |grp_Jacobi_svd_double_16_1_16_Pipeline_Loop_precal_fu_320_ap_start_reg        |   1|   0|    1|          0|
    |grp_Jacobi_svd_double_16_1_16_Pipeline_VITIS_LOOP_1005_1_fu_336_ap_start_reg  |   1|   0|    1|          0|
    |grp_Jacobi_svd_double_16_1_16_Pipeline_VITIS_LOOP_142_1_fu_313_ap_start_reg   |   1|   0|    1|          0|
    |grp_funcDataflow_double_16_1_16_8_fu_390_ap_start_reg                         |   1|   0|    1|          0|
    |i_2_fu_84                                                                     |  31|   0|   31|          0|
    |i_3_reg_275                                                                   |   4|   0|    4|          0|
    |icmp_reg_974                                                                  |   1|   0|    1|          0|
    |lshr_ln_reg_953                                                               |  31|   0|   31|          0|
    |m_c_right_061_fu_168                                                          |  64|   0|   64|          0|
    |m_c_right_1_067_fu_172                                                        |  64|   0|   64|          0|
    |m_c_right_2_068_fu_176                                                        |  64|   0|   64|          0|
    |m_c_right_3_069_fu_180                                                        |  64|   0|   64|          0|
    |m_c_right_4_070_fu_184                                                        |  64|   0|   64|          0|
    |m_c_right_5_071_fu_188                                                        |  64|   0|   64|          0|
    |m_c_right_6_072_fu_192                                                        |  64|   0|   64|          0|
    |m_c_right_7_073_fu_196                                                        |  64|   0|   64|          0|
    |m_s_right_074_fu_200                                                          |  64|   0|   64|          0|
    |m_s_right_1_080_fu_204                                                        |  64|   0|   64|          0|
    |m_s_right_2_081_fu_208                                                        |  64|   0|   64|          0|
    |m_s_right_3_082_fu_212                                                        |  64|   0|   64|          0|
    |m_s_right_4_083_fu_216                                                        |  64|   0|   64|          0|
    |m_s_right_5_084_fu_220                                                        |  64|   0|   64|          0|
    |m_s_right_6_085_fu_224                                                        |  64|   0|   64|          0|
    |m_s_right_7_086_fu_228                                                        |  64|   0|   64|          0|
    |rank_1_reg_937                                                                |  32|   0|   32|          0|
    |sub44_i_reg_969                                                               |  32|   0|   32|          0|
    |tmp3_0_lcssa_i_reg_265                                                        |  32|   0|   32|          0|
    |tmp3_reg_1109                                                                 |  32|   0|   32|          0|
    |tmpOrder_addr_2_reg_1099                                                      |   3|   0|    4|          1|
    |tmp_s_reg_992                                                                 |   3|   0|    3|          0|
    |trunc_ln148_reg_978                                                           |   4|   0|    4|          0|
    |zext_ln140_reg_959                                                            |  31|   0|   32|          1|
    +------------------------------------------------------------------------------+----+----+-----+-----------+
    |Total                                                                         |1389|   0| 1391|          2|
    +------------------------------------------------------------------------------+----+----+-----+-----------+



================================================================
== Interface
================================================================
* Summary: 
+---------------------+-----+-----+------------+-------------------------------+--------------+
|      RTL Ports      | Dir | Bits|  Protocol  |         Source Object         |    C Type    |
+---------------------+-----+-----+------------+-------------------------------+--------------+
|ap_clk               |   in|    1|  ap_ctrl_hs|  Jacobi_svd<double, 16, 1, 16>|  return value|
|ap_rst               |   in|    1|  ap_ctrl_hs|  Jacobi_svd<double, 16, 1, 16>|  return value|
|ap_start             |   in|    1|  ap_ctrl_hs|  Jacobi_svd<double, 16, 1, 16>|  return value|
|ap_done              |  out|    1|  ap_ctrl_hs|  Jacobi_svd<double, 16, 1, 16>|  return value|
|ap_idle              |  out|    1|  ap_ctrl_hs|  Jacobi_svd<double, 16, 1, 16>|  return value|
|ap_ready             |  out|    1|  ap_ctrl_hs|  Jacobi_svd<double, 16, 1, 16>|  return value|
|grp_fu_267_p_din0    |  out|   64|  ap_ctrl_hs|  Jacobi_svd<double, 16, 1, 16>|  return value|
|grp_fu_267_p_din1    |  out|   64|  ap_ctrl_hs|  Jacobi_svd<double, 16, 1, 16>|  return value|
|grp_fu_267_p_opcode  |  out|    5|  ap_ctrl_hs|  Jacobi_svd<double, 16, 1, 16>|  return value|
|grp_fu_267_p_dout0   |   in|    1|  ap_ctrl_hs|  Jacobi_svd<double, 16, 1, 16>|  return value|
|grp_fu_267_p_ce      |  out|    1|  ap_ctrl_hs|  Jacobi_svd<double, 16, 1, 16>|  return value|
|grp_fu_271_p_din0    |  out|   64|  ap_ctrl_hs|  Jacobi_svd<double, 16, 1, 16>|  return value|
|grp_fu_271_p_din1    |  out|   64|  ap_ctrl_hs|  Jacobi_svd<double, 16, 1, 16>|  return value|
|grp_fu_271_p_dout0   |   in|   64|  ap_ctrl_hs|  Jacobi_svd<double, 16, 1, 16>|  return value|
|grp_fu_271_p_ce      |  out|    1|  ap_ctrl_hs|  Jacobi_svd<double, 16, 1, 16>|  return value|
|grp_fu_275_p_din0    |  out|   64|  ap_ctrl_hs|  Jacobi_svd<double, 16, 1, 16>|  return value|
|grp_fu_275_p_din1    |  out|   64|  ap_ctrl_hs|  Jacobi_svd<double, 16, 1, 16>|  return value|
|grp_fu_275_p_dout0   |   in|   64|  ap_ctrl_hs|  Jacobi_svd<double, 16, 1, 16>|  return value|
|grp_fu_275_p_ce      |  out|    1|  ap_ctrl_hs|  Jacobi_svd<double, 16, 1, 16>|  return value|
|dataA_address0       |  out|    8|   ap_memory|                          dataA|         array|
|dataA_ce0            |  out|    1|   ap_memory|                          dataA|         array|
|dataA_we0            |  out|    1|   ap_memory|                          dataA|         array|
|dataA_d0             |  out|   64|   ap_memory|                          dataA|         array|
|dataA_q0             |   in|   64|   ap_memory|                          dataA|         array|
|dataA_address1       |  out|    8|   ap_memory|                          dataA|         array|
|dataA_ce1            |  out|    1|   ap_memory|                          dataA|         array|
|dataA_we1            |  out|    1|   ap_memory|                          dataA|         array|
|dataA_d1             |  out|   64|   ap_memory|                          dataA|         array|
|dataA_q1             |   in|   64|   ap_memory|                          dataA|         array|
|dataU_out_address0   |  out|    8|   ap_memory|                      dataU_out|         array|
|dataU_out_ce0        |  out|    1|   ap_memory|                      dataU_out|         array|
|dataU_out_we0        |  out|    1|   ap_memory|                      dataU_out|         array|
|dataU_out_d0         |  out|   64|   ap_memory|                      dataU_out|         array|
|dataU_out_q0         |   in|   64|   ap_memory|                      dataU_out|         array|
|dataU_out_address1   |  out|    8|   ap_memory|                      dataU_out|         array|
|dataU_out_ce1        |  out|    1|   ap_memory|                      dataU_out|         array|
|dataU_out_we1        |  out|    1|   ap_memory|                      dataU_out|         array|
|dataU_out_d1         |  out|   64|   ap_memory|                      dataU_out|         array|
|dataU_out_q1         |   in|   64|   ap_memory|                      dataU_out|         array|
|lda                  |   in|   32|     ap_none|                            lda|        scalar|
+---------------------+-----+-----+------------+-------------------------------+--------------+

