================================================================
== Vivado Place & Route Results
================================================================
+ General Information:
    * Date:            Tue Apr 30 23:31:38 -0400 2024
    * Version:         2023.2 (Build 4023990 on Oct 11 2023)
    * Project:         Principal_Component_Analysis.prj
    * Solution:        sol (Vivado IP Flow Target)
    * Product family:  virtexuplus
    * Target device:   xcu250-figd2104-2L-e


================================================================
== Run Constraints & Options
================================================================
+ Design Constraints & Options:
    * Place & Route target clock:  3.333 ns
    * C-Synthesis target clock:    3.333 ns
    * C-Synthesis uncertainty:     27%

+ RTL Synthesis Options:
    * config_export -vivado_synth_strategy:     default
    * config_export -vivado_synth_design_args:  -directive sdx_optimization_effort_high

+ Place & Route Options:
    * config_export -vivado_impl_strategy:  default
    * config_export -vivado_phys_opt:       none

+ Reporting Options:
    * config_export -vivado_report_level:      2
    * config_export -vivado_max_timing_paths:  10


================================================================
== Place & Route Resource Summary
================================================================
LUT:              44205
FF:               53332
DSP:              98
BRAM:             19
URAM:             2
SRL:              2363


================================================================
== Place & Route Timing Summary
================================================================
* Timing was met
+----------------+-------------+
| Timing         | Period (ns) |
+----------------+-------------+
| Target         | 3.333       |
| Post-Synthesis | 2.666       |
| Post-Route     | 3.152       |
+----------------+-------------+


================================================================
== Place & Route Resources
================================================================
+------------------------------------------------------------------------------------+-------+-------+-----+------+------+-----+--------+------+---------+----------+--------+
| Name                                                                               | LUT   | FF    | DSP | BRAM | URAM | SRL | Pragma | Impl | Latency | Variable | Source |
+------------------------------------------------------------------------------------+-------+-------+-----+------+------+-----+--------+------+---------+----------+--------+
| inst                                                                               | 44205 | 53332 | 98  | 19   | 2    |     |        |      |         |          |        |
|   (inst)                                                                           | 34    | 533   |     |      |      |     |        |      |         |          |        |
|   covMatrix_U                                                                      |       |       |     | 2    |      |     |        |      |         |          |        |
|   dmul_64ns_64ns_64_8_max_dsp_1_U332                                               | 163   | 388   | 8   |      |      |     |        |      |         |          |        |
|   dmul_64ns_64ns_64_8_max_dsp_1_U333                                               | 164   | 324   | 8   |      |      |     |        |      |         |          |        |
|   dsqrt_64ns_64ns_64_30_no_dsp_0_U328                                              | 1713  | 1718  |     |      |      |     |        |      |         |          |        |
|   dsqrt_64ns_64ns_64_30_no_dsp_0_U329                                              | 1713  | 1718  |     |      |      |     |        |      |         |          |        |
|     (dsqrt_64ns_64ns_64_30_no_dsp_0_U329)                                          |       | 64    |     |      |      |     |        |      |         |          |        |
|   dsqrt_64ns_64ns_64_30_no_dsp_0_U330                                              | 1713  | 1718  |     |      |      |     |        |      |         |          |        |
|     (dsqrt_64ns_64ns_64_30_no_dsp_0_U330)                                          |       | 64    |     |      |      |     |        |      |         |          |        |
|   grp_aveImpl_double_15_80_1_2_16_s_fu_119                                         | 7118  | 8546  | 6   |      |      |     |        |      |         |          |        |
|     (grp_aveImpl_double_15_80_1_2_16_s_fu_119)                                     | 121   | 3378  |     |      |      |     |        |      |         |          |        |
|     dadd_64ns_64ns_64_8_full_dsp_1_U24                                             | 1399  | 621   | 3   |      |      |     |        |      |         |          |        |
|     dadddsub_64ns_64ns_64_8_full_dsp_1_U23                                         | 1343  | 622   | 3   |      |      |     |        |      |         |          |        |
|     ddiv_64ns_64ns_64_31_no_dsp_1_U25                                              | 3045  | 2467  |     |      |      |     |        |      |         |          |        |
|     grp_aveImpl_double_15_80_1_2_16_Pipeline_VITIS_LOOP_283_1_fu_368               | 20    | 7     |     |      |      |     |        |      |         |          |        |
|       (grp_aveImpl_double_15_80_1_2_16_Pipeline_VITIS_LOOP_283_1_fu_368)           |       | 5     |     |      |      |     |        |      |         |          |        |
|     grp_aveImpl_double_15_80_1_2_16_Pipeline_loop_a1_fu_376                        | 436   | 690   |     |      |      |     |        |      |         |          |        |
|       (grp_aveImpl_double_15_80_1_2_16_Pipeline_loop_a1_fu_376)                    | 350   | 688   |     |      |      |     |        |      |         |          |        |
|     grp_aveImpl_double_15_80_1_2_16_Pipeline_loop_a2_fu_389                        | 435   | 317   |     |      |      |     |        |      |         |          |        |
|       (grp_aveImpl_double_15_80_1_2_16_Pipeline_loop_a2_fu_389)                    | 347   | 315   |     |      |      |     |        |      |         |          |        |
|     sitodp_32ns_64_5_no_dsp_1_U26                                                  | 191   | 188   |     |      |      |     |        |      |         |          |        |
|       (sitodp_32ns_64_5_no_dsp_1_U26)                                              | 22    | 76    |     |      |      |     |        |      |         |          |        |
|     values_1_U                                                                     | 69    | 128   |     |      |      |     |        |      |         |          |        |
|     values_U                                                                       | 64    | 128   |     |      |      |     |        |      |         |          |        |
|   grp_covCoreWrapper_double_15_80_1_2_16_s_fu_129                                  | 9498  | 13577 | 25  |      |      |     |        |      |         |          |        |
|     cols_c_U                                                                       | 38    | 69    |     |      |      |     |        |      |         |          |        |
|     covCorePart1_double_15_80_1_2_16_U0                                            | 1579  | 2426  | 11  |      |      |     |        |      |         |          |        |
|       (covCorePart1_double_15_80_1_2_16_U0)                                        | 126   | 276   |     |      |      |     |        |      |         |          |        |
|         dadd_64ns_64ns_64_8_full_dsp_1_U37                                         | 736   | 692   | 3   |      |      |     |        |      |         |          |        |
|         dmul_64ns_64ns_64_8_max_dsp_1_U38                                          | 260   | 388   | 8   |      |      |     |        |      |         |          |        |
|         flow_control_loop_pipe_sequential_init_U                                   | 123   | 2     |     |      |      |     |        |      |         |          |        |
|       values2_1_U                                                                  | 40    | 64    |     |      |      |     |        |      |         |          |        |
|       values2_U                                                                    | 40    | 64    |     |      |      |     |        |      |         |          |        |
|     covCorePart2_double_15_2_16_U0                                                 | 7705  | 10831 | 14  |      |      |     |        |      |         |          |        |
|       (covCorePart2_double_15_2_16_U0)                                             | 43    | 344   |     |      |      |     |        |      |         |          |        |
|       ddiv_64ns_64ns_64_31_no_dsp_1_U72                                            | 3046  | 2467  |     |      |      |     |        |      |         |          |        |
|       grp_covCorePart2_double_15_2_16_Pipeline_VITIS_LOOP_245_2_fu_80              | 4449  | 7876  | 14  |      |      |     |        |      |         |          |        |
|         (grp_covCorePart2_double_15_2_16_Pipeline_VITIS_LOOP_245_2_fu_80)          | 1156  | 6109  |     |      |      |     |        |      |         |          |        |
|         dadd_64ns_64ns_64_8_full_dsp_1_U61                                         | 1521  | 685   | 3   |      |      |     |        |      |         |          |        |
|         dadd_64ns_64ns_64_8_full_dsp_1_U62                                         | 1533  | 691   | 3   |      |      |     |        |      |         |          |        |
|         dmul_64ns_64ns_64_8_max_dsp_1_U63                                          | 229   | 389   | 8   |      |      |     |        |      |         |          |        |
|         flow_control_loop_pipe_sequential_init_U                                   | 25    | 2     |     |      |      |     |        |      |         |          |        |
|       sitodp_32ns_64_5_no_dsp_1_U73                                                | 168   | 144   |     |      |      |     |        |      |         |          |        |
|         (sitodp_32ns_64_5_no_dsp_1_U73)                                            |       | 32    |     |      |      |     |        |      |         |          |        |
|     rows_c_U                                                                       | 38    | 69    |     |      |      |     |        |      |         |          |        |
|     start_for_covCorePart2_double_15_2_16_U0_U                                     | 3     | 4     |     |      |      |     |        |      |         |          |        |
|     values2Strm_1_U                                                                | 69    | 89    |     |      |      |     |        |      |         |          |        |
|     values2Strm_U                                                                  | 70    | 89    |     |      |      |     |        |      |         |          |        |
|   grp_dut_Pipeline_VITIS_LOOP_277_1_VITIS_LOOP_278_2_fu_138                        | 88    | 136   | 1   |      |      |     |        |      |         |          |        |
|     (grp_dut_Pipeline_VITIS_LOOP_277_1_VITIS_LOOP_278_2_fu_138)                    | 81    | 134   |     |      |      |     |        |      |         |          |        |
|     flow_control_loop_pipe_sequential_init_U                                       | 3     | 2     |     |      |      |     |        |      |         |          |        |
|     mac_muladd_8s_8s_8ns_8_4_1_U88                                                 | 4     |       | 1   |      |      |     |        |      |         |          |        |
|   grp_dut_Pipeline_VITIS_LOOP_350_2_VITIS_LOOP_351_3_fu_156                        | 177   | 131   |     |      |      |     |        |      |         |          |        |
|     (grp_dut_Pipeline_VITIS_LOOP_350_2_VITIS_LOOP_351_3_fu_156)                    | 109   | 129   |     |      |      |     |        |      |         |          |        |
|     flow_control_loop_pipe_sequential_init_U                                       | 4     | 2     |     |      |      |     |        |      |         |          |        |
|     sparsemux_7_2_64_1_1_U319                                                      | 64    |       |     |      |      |     |        |      |         |          |        |
|   grp_implement_fu_147                                                             | 21650 | 24381 | 46  | 11   | 2    |     |        |      |         |          |        |
|     (grp_implement_fu_147)                                                         | 90    | 684   |     |      |      |     |        |      |         |          |        |
|     dSortedBuf_U                                                                   | 65    |       |     | 4    |      |     |        |      |         |          |        |
|     dataA_2D_U                                                                     |       |       |     |      | 1    |     |        |      |         |          |        |
|     dataU_2D_U                                                                     | 65    |       |     |      | 1    |     |        |      |         |          |        |
|     dcmp_64ns_64ns_1_2_no_dsp_1_U302                                               | 85    | 130   |     |      |      |     |        |      |         |          |        |
|       (dcmp_64ns_64ns_1_2_no_dsp_1_U302)                                           | 1     | 130   |     |      |      |     |        |      |         |          |        |
|     eigVals_U                                                                      | 32    | 64    |     |      |      |     |        |      |         |          |        |
|     eigVecs_U                                                                      |       |       |     | 2    |      |     |        |      |         |          |        |
|     grp_gesvdj_2D_double_16_1_16_s_fu_280                                          | 18362 | 21065 | 40  | 4    |      |     |        |      |         |          |        |
|       (grp_gesvdj_2D_double_16_1_16_s_fu_280)                                      | 37    | 54    |     |      |      |     |        |      |         |          |        |
|         Order_U                                                                    | 20    |       |     | 2    |      |     |        |      |         |          |        |
|         grp_Jacobi_svd_double_16_1_16_Pipeline_Loop_cal_fu_328                     | 135   | 70    |     |      |      |     |        |      |         |          |        |
|           (grp_Jacobi_svd_double_16_1_16_Pipeline_Loop_cal_fu_328)                 | 34    | 68    |     |      |      |     |        |      |         |          |        |
|         grp_Jacobi_svd_double_16_1_16_Pipeline_Loop_jacobi2x2_fu_348               | 13865 | 14328 | 24  |      |      |     |        |      |         |          |        |
|           (grp_Jacobi_svd_double_16_1_16_Pipeline_Loop_jacobi2x2_fu_348)           | 321   | 1392  |     |      |      |     |        |      |         |          |        |
|             dadd_64ns_64ns_64_6_no_dsp_0_U121                                      | 657   | 482   |     |      |      |     |        |      |         |          |        |
|             dadd_64ns_64ns_64_6_no_dsp_0_U122                                      | 657   | 534   |     |      |      |     |        |      |         |          |        |
|             dcmp_64ns_64ns_1_2_no_dsp_1_U128                                       | 52    | 65    |     |      |      |     |        |      |         |          |        |
|               (dcmp_64ns_64ns_1_2_no_dsp_1_U128)                                   | 17    | 65    |     |      |      |     |        |      |         |          |        |
|             dcmp_64ns_64ns_1_2_no_dsp_1_U129                                       | 53    | 65    |     |      |      |     |        |      |         |          |        |
|               (dcmp_64ns_64ns_1_2_no_dsp_1_U129)                                   | 18    | 65    |     |      |      |     |        |      |         |          |        |
|             dcmp_64ns_64ns_1_2_no_dsp_1_U130                                       | 66    | 65    |     |      |      |     |        |      |         |          |        |
|               (dcmp_64ns_64ns_1_2_no_dsp_1_U130)                                   | 27    | 65    |     |      |      |     |        |      |         |          |        |
|             dcmp_64ns_64ns_1_2_no_dsp_1_U131                                       | 48    | 1     |     |      |      |     |        |      |         |          |        |
|               (dcmp_64ns_64ns_1_2_no_dsp_1_U131)                                   |       | 1     |     |      |      |     |        |      |         |          |        |
|             dcmp_64ns_64ns_1_2_no_dsp_1_U132                                       | 49    | 1     |     |      |      |     |        |      |         |          |        |
|               (dcmp_64ns_64ns_1_2_no_dsp_1_U132)                                   |       | 1     |     |      |      |     |        |      |         |          |        |
|             dcmp_64ns_64ns_1_2_no_dsp_1_U133                                       | 70    | 1     |     |      |      |     |        |      |         |          |        |
|               (dcmp_64ns_64ns_1_2_no_dsp_1_U133)                                   |       | 1     |     |      |      |     |        |      |         |          |        |
|             dcmp_64ns_64ns_1_2_no_dsp_1_U134                                       | 70    | 1     |     |      |      |     |        |      |         |          |        |
|               (dcmp_64ns_64ns_1_2_no_dsp_1_U134)                                   |       | 1     |     |      |      |     |        |      |         |          |        |
|             ddiv_64ns_64ns_64_31_no_dsp_1_U127                                     | 3240  | 3227  |     |      |      |     |        |      |         |          |        |
|             dmul_64ns_64ns_64_8_max_dsp_1_U124                                     | 189   | 313   | 8   |      |      |     |        |      |         |          |        |
|             dmul_64ns_64ns_64_8_max_dsp_1_U125                                     | 165   | 313   | 8   |      |      |     |        |      |         |          |        |
|             dmul_64ns_64ns_64_8_max_dsp_1_U126                                     | 195   | 381   | 8   |      |      |     |        |      |         |          |        |
|             dsqrt_64ns_64ns_64_30_no_dsp_0_U135                                    | 1742  | 1766  |     |      |      |     |        |      |         |          |        |
|             dsqrt_64ns_64ns_64_30_no_dsp_0_U136                                    | 1742  | 1768  |     |      |      |     |        |      |         |          |        |
|             dsqrt_64ns_64ns_64_30_no_dsp_0_U137                                    | 1744  | 1797  |     |      |      |     |        |      |         |          |        |
|             dsub_64ns_64ns_64_6_no_dsp_0_U120                                      | 664   | 558   |     |      |      |     |        |      |         |          |        |
|             dsub_64ns_64ns_64_6_no_dsp_0_U123                                      | 587   | 436   |     |      |      |     |        |      |         |          |        |
|         grp_Jacobi_svd_double_16_1_16_Pipeline_Loop_precal_fu_320                  | 30    | 80    |     |      |      |     |        |      |         |          |        |
|           (grp_Jacobi_svd_double_16_1_16_Pipeline_Loop_precal_fu_320)              | 15    | 78    |     |      |      |     |        |      |         |          |        |
|           flow_control_loop_pipe_sequential_init_U                                 | 15    | 2     |     |      |      |     |        |      |         |          |        |
|         grp_Jacobi_svd_double_16_1_16_Pipeline_VITIS_LOOP_1005_1_fu_336            | 83    | 90    |     |      |      |     |        |      |         |          |        |
|           (grp_Jacobi_svd_double_16_1_16_Pipeline_VITIS_LOOP_1005_1_fu_336)        | 68    | 88    |     |      |      |     |        |      |         |          |        |
|           flow_control_loop_pipe_sequential_init_U                                 | 15    | 2     |     |      |      |     |        |      |         |          |        |
|         grp_Jacobi_svd_double_16_1_16_Pipeline_VITIS_LOOP_142_1_fu_313             | 106   | 33    |     |      |      |     |        |      |         |          |        |
|           (grp_Jacobi_svd_double_16_1_16_Pipeline_VITIS_LOOP_142_1_fu_313)         |       | 31    |     |      |      |     |        |      |         |          |        |
|           flow_control_loop_pipe_sequential_init_U                                 | 106   | 2     |     |      |      |     |        |      |         |          |        |
|         grp_funcDataflow_double_16_1_16_8_fu_390                                   | 3746  | 4959  | 16  |      |      |     |        |      |         |          |        |
|           (grp_funcDataflow_double_16_1_16_8_fu_390)                               | 27    | 49    |     |      |      |     |        |      |         |          |        |
|           Order1_1_U                                                               | 139   | 64    |     |      |      |     |        |      |         |          |        |
|           Order1_2_U                                                               | 78    | 64    |     |      |      |     |        |      |         |          |        |
|           Order1_U                                                                 | 47    | 64    |     |      |      |     |        |      |         |          |        |
|           grp_unrollCol_double_16_1_16_10_fu_412                                   | 1500  | 1833  |     |      |      |     |        |      |         |          |        |
|             (grp_unrollCol_double_16_1_16_10_fu_412)                               | 588   | 1353  |     |      |      |     |        |      |         |          |        |
|             dadd_64ns_64ns_64_6_no_dsp_0_U188                                      | 884   | 478   |     |      |      |     |        |      |         |          |        |
|             flow_control_loop_pipe_sequential_init_U                               | 28    | 2     |     |      |      |     |        |      |         |          |        |
|           grp_unrollRow_double_16_1_16_9_fu_401                                    | 1699  | 2501  | 16  |      |      |     |        |      |         |          |        |
|             (grp_unrollRow_double_16_1_16_9_fu_401)                                | 210   | 1373  |     |      |      |     |        |      |         |          |        |
|             dadd_64ns_64ns_64_6_no_dsp_0_U180                                      | 885   | 478   |     |      |      |     |        |      |         |          |        |
|             dmul_64ns_64ns_64_8_max_dsp_1_U181                                     | 292   | 324   | 8   |      |      |     |        |      |         |          |        |
|             dmul_64ns_64ns_64_8_max_dsp_1_U182                                     | 293   | 324   | 8   |      |      |     |        |      |         |          |        |
|             flow_control_loop_pipe_sequential_init_U                               | 21    | 2     |     |      |      |     |        |      |         |          |        |
|           m_c_right1_1_U                                                           | 65    | 64    |     |      |      |     |        |      |         |          |        |
|           m_c_right1_2_U                                                           | 32    | 64    |     |      |      |     |        |      |         |          |        |
|           m_c_right1_U                                                             | 32    | 64    |     |      |      |     |        |      |         |          |        |
|           m_s_right1_1_U                                                           | 65    | 64    |     |      |      |     |        |      |         |          |        |
|           m_s_right1_2_U                                                           | 34    | 64    |     |      |      |     |        |      |         |          |        |
|           m_s_right1_U                                                             | 34    | 64    |     |      |      |     |        |      |         |          |        |
|           sparsemux_17_3_64_1_1_U196                                               |       |       |     |      |      |     |        |      |         |          |        |
|           sparsemux_17_3_64_1_1_U197                                               |       |       |     |      |      |     |        |      |         |          |        |
|         tmpOrder_U                                                                 | 70    |       |     | 2    |      |     |        |      |         |          |        |
|       sitodp_32ns_64_5_no_dsp_1_U232                                               | 68    | 98    |     |      |      |     |        |      |         |          |        |
|         (sitodp_32ns_64_5_no_dsp_1_U232)                                           | 32    | 39    |     |      |      |     |        |      |         |          |        |
|     grp_implement_Pipeline_Loop_init_A_VITIS_LOOP_91_1_fu_267                      | 148   | 63    |     |      |      |     |        |      |         |          |        |
|       (grp_implement_Pipeline_Loop_init_A_VITIS_LOOP_91_1_fu_267)                  | 118   | 61    |     |      |      |     |        |      |         |          |        |
|       flow_control_loop_pipe_sequential_init_U                                     | 30    | 2     |     |      |      |     |        |      |         |          |        |
|       mul_8s_5ns_8_1_1_U95                                                         |       |       |     |      |      |     |        |      |         |          |        |
|     grp_implement_Pipeline_Loop_postcal_VITIS_LOOP_113_2_fu_287                    | 113   | 114   | 1   |      |      |     |        |      |         |          |        |
|       (grp_implement_Pipeline_Loop_postcal_VITIS_LOOP_113_2_fu_287)                | 67    | 112   |     |      |      |     |        |      |         |          |        |
|       flow_control_loop_pipe_sequential_init_U                                     | 46    | 2     |     |      |      |     |        |      |         |          |        |
|       mac_muladd_8s_5ns_5ns_8_4_1_U239                                             |       |       | 1   |      |      |     |        |      |         |          |        |
|     grp_implement_Pipeline_NSort_shift_buf_Loop12_fu_314                           | 16    | 7     |     |      |      |     |        |      |         |          |        |
|       (grp_implement_Pipeline_NSort_shift_buf_Loop12_fu_314)                       | 3     | 5     |     |      |      |     |        |      |         |          |        |
|       flow_control_loop_pipe_sequential_init_U                                     | 13    | 2     |     |      |      |     |        |      |         |          |        |
|     grp_implement_Pipeline_NSort_shift_buf_Loop_fu_308                             | 10    | 7     |     |      |      |     |        |      |         |          |        |
|       (grp_implement_Pipeline_NSort_shift_buf_Loop_fu_308)                         |       | 5     |     |      |      |     |        |      |         |          |        |
|       flow_control_loop_pipe_sequential_init_U                                     | 10    | 2     |     |      |      |     |        |      |         |          |        |
|     grp_implement_Pipeline_PCA_Sign_Normalization_Loop_VITIS_LOOP_214_1_fu_335     | 1252  | 955   |     |      |      |     |        |      |         |          |        |
|       (grp_implement_Pipeline_PCA_Sign_Normalization_Loop_VITIS_LOOP_214_1_fu_335) | 455   | 453   |     |      |      |     |        |      |         |          |        |
|       flow_control_loop_pipe_sequential_init_U                                     | 4     | 2     |     |      |      |     |        |      |         |          |        |
|       signFlip_U                                                                   | 4     | 1     |     |      |      |     |        |      |         |          |        |
|       sparsemux_7_2_64_1_1_U277                                                    | 64    |       |     |      |      |     |        |      |         |          |        |
|       urem_32ns_3ns_2_36_1_U276                                                    | 725   | 499   |     |      |      |     |        |      |         |          |        |
|         (urem_32ns_3ns_2_36_1_U276)                                                | 1     | 2     |     |      |      |     |        |      |         |          |        |
|     grp_implement_Pipeline_PCA_filtermat_loop_VITIS_LOOP_160_1_fu_320              | 915   | 688   | 1   |      |      |     |        |      |         |          |        |
|       (grp_implement_Pipeline_PCA_filtermat_loop_VITIS_LOOP_160_1_fu_320)          | 161   | 187   |     |      |      |     |        |      |         |          |        |
|       flow_control_loop_pipe_sequential_init_U                                     | 3     | 2     |     |      |      |     |        |      |         |          |        |
|       mac_muladd_8s_8s_8ns_8_4_1_U261                                              | 5     |       | 1   |      |      |     |        |      |         |          |        |
|       sparsemux_7_2_8_1_1_U260                                                     | 8     |       |     |      |      |     |        |      |         |          |        |
|       urem_32ns_3ns_2_36_1_U259                                                    | 738   | 499   |     |      |      |     |        |      |         |          |        |
|         (urem_32ns_3ns_2_36_1_U259)                                                | 1     | 2     |     |      |      |     |        |      |         |          |        |
|     grp_implement_Pipeline_VITIS_LOOP_125_1_fu_297                                 | 84    | 86    |     |      |      |     |        |      |         |          |        |
|     grp_implement_Pipeline_VITIS_LOOP_238_2_fu_349                                 | 72    | 4     |     |      |      |     |        |      |         |          |        |
|       (grp_implement_Pipeline_VITIS_LOOP_238_2_fu_349)                             |       | 2     |     |      |      |     |        |      |         |          |        |
|       flow_control_loop_pipe_sequential_init_U                                     | 72    | 2     |     |      |      |     |        |      |         |          |        |
|     grp_implement_Pipeline_VITIS_LOOP_244_4_fu_360                                 | 123   | 112   |     |      |      |     |        |      |         |          |        |
|       (grp_implement_Pipeline_VITIS_LOOP_244_4_fu_360)                             | 101   | 110   |     |      |      |     |        |      |         |          |        |
|       flow_control_loop_pipe_sequential_init_U                                     | 22    | 2     |     |      |      |     |        |      |         |          |        |
|     iSortedBuf_U                                                                   | 8     |       |     | 1    |      |     |        |      |         |          |        |
|     mul_32ns_34ns_65_2_1_U305                                                      | 23    | 18    | 4   |      |      |     |        |      |         |          |        |
|     pcVecsNorm_1_U                                                                 | 32    | 64    |     |      |      |     |        |      |         |          |        |
|     pcVecsNorm_2_U                                                                 | 32    | 64    |     |      |      |     |        |      |         |          |        |
|     pcVecsNorm_U                                                                   | 32    | 64    |     |      |      |     |        |      |         |          |        |
|     pcVecs_1_U                                                                     | 32    | 64    |     |      |      |     |        |      |         |          |        |
|     pcVecs_2_U                                                                     | 33    | 64    |     |      |      |     |        |      |         |          |        |
|     pcVecs_U                                                                       | 32    | 64    |     |      |      |     |        |      |         |          |        |
|   mul_32ns_32ns_64_2_1_U331                                                        | 47    | 34    | 4   |      |      |     |        |      |         |          |        |
|   pca_m_pcVals_1_U                                                                 | 64    | 128   |     |      |      |     |        |      |         |          |        |
|   pca_m_pcVecs_U                                                                   | 64    |       |     | 4    |      |     |        |      |         |          |        |
|   standarisedData_U                                                                |       |       |     | 2    |      |     |        |      |         |          |        |
+------------------------------------------------------------------------------------+-------+-------+-----+------+------+-----+--------+------+---------+----------+--------+


================================================================
== Place & Route Fail Fast
================================================================
+-----------------------------------------------------------+-----------+--------+--------+
| Criteria                                                  | Guideline | Actual | Status |
+-----------------------------------------------------------+-----------+--------+--------+
| LUT                                                       | 70%       | 2.56%  | OK     |
| FD                                                        | 50%       | 1.54%  | OK     |
| LUTRAM+SRL                                                | 25%       | 0.41%  | OK     |
| CARRY8                                                    | 25%       | 1.71%  | OK     |
| MUXF7                                                     | 15%       | 0.02%  | OK     |
| DSP                                                       | 80%       | 0.80%  | OK     |
| RAMB/FIFO                                                 | 80%       | 0.35%  | OK     |
| URAM                                                      | 80%       | 0.16%  | OK     |
| DSP+RAMB+URAM (Avg)                                       | 70%       | 0.44%  | OK     |
| BUFGCE* + BUFGCTRL                                        | 24        | 0      | OK     |
| DONT_TOUCH (cells/nets)                                   | 0         | 0      | OK     |
| MARK_DEBUG (nets)                                         | 0         | 0      | OK     |
| Control Sets                                              | 32400     | 486    | OK     |
| Average Fanout for modules > 100k cells                   | 4         | 1.78   | OK     |
| Max Average Fanout for modules > 100k cells               | 4         | 1.78   | OK     |
| Non-FD high fanout nets > 10k loads                       | 0         | 0      | OK     |
+-----------------------------------------------------------+-----------+--------+--------+
| TIMING-6 (No common primary clock between related clocks) | 0         | 0      | OK     |
| TIMING-7 (No common node between related clocks)          | 0         | 0      | OK     |
| TIMING-8 (No common period between related clocks)        | 0         | 0      | OK     |
| TIMING-14 (LUT on the clock tree)                         | 0         | 0      | OK     |
| TIMING-35 (No common node in paths with the same clock)   | 0         | 0      | OK     |
+-----------------------------------------------------------+-----------+--------+--------+
| Number of paths above max LUT budgeting (0.300ns)         | 0         | 0      | OK     |
| Number of paths above max Net budgeting (0.208ns)         | 0         | 0      | OK     |
+-----------------------------------------------------------+-----------+--------+--------+


================================================================
== Place & Route Timing Paths
================================================================
* Timing was met
+-------+-------+----------------------------------------------------+-------------------------------------------------------------------------------------------------------------------------------------------------------------------------------------------------------+--------------+------------+----------------+----------------+--------------+
| Path  | SLACK | STARTPOINT PIN                                     | ENDPOINT PIN                                                                                                                                                                                          | LOGIC LEVELS | MAX FANOUT | DATAPATH DELAY | DATAPATH LOGIC | DATAPATH NET |
|       |       |                                                    |                                                                                                                                                                                                       |              |            |                |          DELAY |        DELAY |
+-------+-------+----------------------------------------------------+-------------------------------------------------------------------------------------------------------------------------------------------------------------------------------------------------------+--------------+------------+----------------+----------------+--------------+
| Path1 | 0.181 | ap_CS_fsm_reg[40]/C                                | grp_dut_Pipeline_VITIS_LOOP_350_2_VITIS_LOOP_351_3_fu_156_ap_start_reg_reg/D                                                                                                                          |            1 |        229 |          3.132 |          0.222 |        2.910 |
| Path2 | 0.183 | grp_implement_fu_147/dataA_2D_U/ram_reg_uram_0/CLK | grp_implement_fu_147/grp_gesvdj_2D_double_16_1_16_s_fu_280/grp_Jacobi_svd_double_16_1_16_s_fu_85/grp_funcDataflow_double_16_1_16_8_fu_390/grp_unrollRow_double_16_1_16_9_fu_401/m10_reg_681_reg[62]/D |            1 |          6 |          3.078 |          2.127 |        0.951 |
| Path3 | 0.210 | grp_implement_fu_147/dataA_2D_U/ram_reg_uram_0/CLK | grp_implement_fu_147/grp_gesvdj_2D_double_16_1_16_s_fu_280/grp_Jacobi_svd_double_16_1_16_s_fu_85/grp_funcDataflow_double_16_1_16_8_fu_390/grp_unrollRow_double_16_1_16_9_fu_401/m10_reg_681_reg[10]/D |            1 |          6 |          3.049 |          2.019 |        1.030 |
| Path4 | 0.214 | grp_implement_fu_147/dataA_2D_U/ram_reg_uram_0/CLK | grp_implement_fu_147/grp_gesvdj_2D_double_16_1_16_s_fu_280/grp_Jacobi_svd_double_16_1_16_s_fu_85/grp_funcDataflow_double_16_1_16_8_fu_390/grp_unrollRow_double_16_1_16_9_fu_401/m11_reg_702_reg[30]/D |            1 |          6 |          3.046 |          2.006 |        1.040 |
| Path5 | 0.216 | grp_implement_fu_147/dataA_2D_U/ram_reg_uram_0/CLK | grp_implement_fu_147/grp_gesvdj_2D_double_16_1_16_s_fu_280/grp_Jacobi_svd_double_16_1_16_s_fu_85/grp_funcDataflow_double_16_1_16_8_fu_390/grp_unrollRow_double_16_1_16_9_fu_401/m10_reg_681_reg[51]/D |            1 |          6 |          3.044 |          2.109 |        0.935 |
+-------+-------+----------------------------------------------------+-------------------------------------------------------------------------------------------------------------------------------------------------------------------------------------------------------+--------------+------------+----------------+----------------+--------------+

    +--------------------------------------------------------------------------------------------------------------------------------------+-------------------+
    | Path1 Cells                                                                                                                          | Primitive Type    |
    +--------------------------------------------------------------------------------------------------------------------------------------+-------------------+
    | ap_CS_fsm_reg[40]                                                                                                                    | REGISTER.SDR.FDRE |
    | grp_dut_Pipeline_VITIS_LOOP_350_2_VITIS_LOOP_351_3_fu_156/grp_dut_Pipeline_VITIS_LOOP_350_2_VITIS_LOOP_351_3_fu_156_ap_start_reg_i_1 | CLB.LUT.LUT4      |
    | grp_dut_Pipeline_VITIS_LOOP_350_2_VITIS_LOOP_351_3_fu_156_ap_start_reg_reg                                                           | REGISTER.SDR.FDRE |
    +--------------------------------------------------------------------------------------------------------------------------------------+-------------------+

    +-----------------------------------------------------------------------------------------------------------------------------------------------------------------------------------------------------+-----------------------+
    | Path2 Cells                                                                                                                                                                                         | Primitive Type        |
    +-----------------------------------------------------------------------------------------------------------------------------------------------------------------------------------------------------+-----------------------+
    | grp_implement_fu_147/dataA_2D_U/ram_reg_uram_0                                                                                                                                                      | BLOCKRAM.URAM.URAM288 |
    | grp_implement_fu_147/dataU_2D_U/m10_reg_681[62]_i_1                                                                                                                                                 | CLB.LUT.LUT3          |
    | grp_implement_fu_147/grp_gesvdj_2D_double_16_1_16_s_fu_280/grp_Jacobi_svd_double_16_1_16_s_fu_85/grp_funcDataflow_double_16_1_16_8_fu_390/grp_unrollRow_double_16_1_16_9_fu_401/m10_reg_681_reg[62] | REGISTER.SDR.FDRE     |
    +-----------------------------------------------------------------------------------------------------------------------------------------------------------------------------------------------------+-----------------------+

    +-----------------------------------------------------------------------------------------------------------------------------------------------------------------------------------------------------+-----------------------+
    | Path3 Cells                                                                                                                                                                                         | Primitive Type        |
    +-----------------------------------------------------------------------------------------------------------------------------------------------------------------------------------------------------+-----------------------+
    | grp_implement_fu_147/dataA_2D_U/ram_reg_uram_0                                                                                                                                                      | BLOCKRAM.URAM.URAM288 |
    | grp_implement_fu_147/dataU_2D_U/m10_reg_681[10]_i_1                                                                                                                                                 | CLB.LUT.LUT3          |
    | grp_implement_fu_147/grp_gesvdj_2D_double_16_1_16_s_fu_280/grp_Jacobi_svd_double_16_1_16_s_fu_85/grp_funcDataflow_double_16_1_16_8_fu_390/grp_unrollRow_double_16_1_16_9_fu_401/m10_reg_681_reg[10] | REGISTER.SDR.FDRE     |
    +-----------------------------------------------------------------------------------------------------------------------------------------------------------------------------------------------------+-----------------------+

    +-----------------------------------------------------------------------------------------------------------------------------------------------------------------------------------------------------+-----------------------+
    | Path4 Cells                                                                                                                                                                                         | Primitive Type        |
    +-----------------------------------------------------------------------------------------------------------------------------------------------------------------------------------------------------+-----------------------+
    | grp_implement_fu_147/dataA_2D_U/ram_reg_uram_0                                                                                                                                                      | BLOCKRAM.URAM.URAM288 |
    | grp_implement_fu_147/dataU_2D_U/m10_reg_681[30]_i_1                                                                                                                                                 | CLB.LUT.LUT3          |
    | grp_implement_fu_147/grp_gesvdj_2D_double_16_1_16_s_fu_280/grp_Jacobi_svd_double_16_1_16_s_fu_85/grp_funcDataflow_double_16_1_16_8_fu_390/grp_unrollRow_double_16_1_16_9_fu_401/m11_reg_702_reg[30] | REGISTER.SDR.FDRE     |
    +-----------------------------------------------------------------------------------------------------------------------------------------------------------------------------------------------------+-----------------------+

    +-----------------------------------------------------------------------------------------------------------------------------------------------------------------------------------------------------+-----------------------+
    | Path5 Cells                                                                                                                                                                                         | Primitive Type        |
    +-----------------------------------------------------------------------------------------------------------------------------------------------------------------------------------------------------+-----------------------+
    | grp_implement_fu_147/dataA_2D_U/ram_reg_uram_0                                                                                                                                                      | BLOCKRAM.URAM.URAM288 |
    | grp_implement_fu_147/dataU_2D_U/m10_reg_681[51]_i_1                                                                                                                                                 | CLB.LUT.LUT3          |
    | grp_implement_fu_147/grp_gesvdj_2D_double_16_1_16_s_fu_280/grp_Jacobi_svd_double_16_1_16_s_fu_85/grp_funcDataflow_double_16_1_16_8_fu_390/grp_unrollRow_double_16_1_16_9_fu_401/m10_reg_681_reg[51] | REGISTER.SDR.FDRE     |
    +-----------------------------------------------------------------------------------------------------------------------------------------------------------------------------------------------------+-----------------------+


================================================================
== Place & Route Vivado Reports
================================================================
+--------------------------+-------------------------------------------------------------+
| Report Type              | Report Location                                             |
+--------------------------+-------------------------------------------------------------+
| design_analysis          | impl/verilog/report/dut_design_analysis_routed.rpt          |
| failfast                 | impl/verilog/report/dut_failfast_routed.rpt                 |
| status                   | impl/verilog/report/dut_status_routed.rpt                   |
| timing                   | impl/verilog/report/dut_timing_routed.rpt                   |
| timing_paths             | impl/verilog/report/dut_timing_paths_routed.rpt             |
| utilization              | impl/verilog/report/dut_utilization_routed.rpt              |
| utilization_hierarchical | impl/verilog/report/dut_utilization_hierarchical_routed.rpt |
+--------------------------+-------------------------------------------------------------+


