

================================================================
== Vitis HLS Report for 'dut'
================================================================
* Date:           Sun May  5 21:31:04 2024

* Version:        2023.2 (Build 4023990 on Oct 11 2023)
* Project:        Principal_Component_Analysis.prj
* Solution:       sol (Vivado IP Flow Target)
* Product family: virtexuplus
* Target device:  xcu250-figd2104-2L-e


================================================================
== Performance Estimates
================================================================
+ Timing: 
    * Summary: 
    +--------+---------+----------+------------+
    |  Clock |  Target | Estimated| Uncertainty|
    +--------+---------+----------+------------+
    |ap_clk  |  3.33 ns|  3.237 ns|     0.90 ns|
    +--------+---------+----------+------------+

+ Latency: 
    * Summary: 
    +---------+---------+----------+----------+-----+-----+---------+
    |  Latency (cycles) |  Latency (absolute) |  Interval | Pipeline|
    |   min   |   max   |    min   |    max   | min | max |   Type  |
    +---------+---------+----------+----------+-----+-----+---------+
    |        ?|        ?|         ?|         ?|    ?|    ?|       no|
    +---------+---------+----------+----------+-----+-----+---------+

    + Detail: 
        * Instance: 
        +-----------------------------------------------------------+------------------------------------------------+---------+---------+-----------+-----------+-------+-------+----------+
        |                                                           |                                                |  Latency (cycles) |   Latency (absolute)  |    Interval   | Pipeline |
        |                          Instance                         |                     Module                     |   min   |   max   |    min    |    max    |  min  |  max  |   Type   |
        +-----------------------------------------------------------+------------------------------------------------+---------+---------+-----------+-----------+-------+-------+----------+
        |grp_aveImpl_double_15_80_1_2_16_s_fu_197                   |aveImpl_double_15_80_1_2_16_s                   |     4794|     4794|  15.978 us|  15.978 us|   4794|   4794|        no|
        |grp_covCoreWrapper_double_15_80_1_2_16_s_fu_207            |covCoreWrapper_double_15_80_1_2_16_s            |    40981|    40981|   0.137 ms|   0.137 ms|  40982|  40982|  dataflow|
        |grp_dut_Pipeline_VITIS_LOOP_277_1_VITIS_LOOP_278_2_fu_216  |dut_Pipeline_VITIS_LOOP_277_1_VITIS_LOOP_278_2  |        ?|        ?|          ?|          ?|      ?|      ?|        no|
        |grp_implement_fu_225                                       |implement                                       |        ?|        ?|          ?|          ?|      ?|      ?|        no|
        |grp_dut_Pipeline_VITIS_LOOP_350_2_VITIS_LOOP_351_3_fu_236  |dut_Pipeline_VITIS_LOOP_350_2_VITIS_LOOP_351_3  |        ?|        ?|          ?|          ?|      ?|      ?|        no|
        |grp_dut_Pipeline_VITIS_LOOP_321_1_fu_253                   |dut_Pipeline_VITIS_LOOP_321_1                   |        ?|        ?|          ?|          ?|      ?|      ?|        no|
        +-----------------------------------------------------------+------------------------------------------------+---------+---------+-----------+-----------+-------+-------+----------+

        * Loop: 
        N/A



================================================================
== Utilization Estimates
================================================================
* Summary: 
+---------------------+---------+-------+---------+---------+------+
|         Name        | BRAM_18K|  DSP  |    FF   |   LUT   | URAM |
+---------------------+---------+-------+---------+---------+------+
|DSP                  |        -|      -|        -|        -|     -|
|Expression           |        -|      -|        0|       86|     -|
|FIFO                 |        -|      -|        -|        -|     -|
|Instance             |        4|    106|    63974|    33968|     2|
|Memory               |        4|      -|      320|      325|     0|
|Multiplexer          |        -|      -|        -|      802|     -|
|Register             |        -|      -|      545|        -|     -|
+---------------------+---------+-------+---------+---------+------+
|Total                |        8|    106|    64839|    35181|     2|
+---------------------+---------+-------+---------+---------+------+
|Available SLR        |     1344|   3072|   864000|   432000|   320|
+---------------------+---------+-------+---------+---------+------+
|Utilization SLR (%)  |       ~0|      3|        7|        8|    ~0|
+---------------------+---------+-------+---------+---------+------+
|Available            |     5376|  12288|  3456000|  1728000|  1280|
+---------------------+---------+-------+---------+---------+------+
|Utilization (%)      |       ~0|     ~0|        1|        2|    ~0|
+---------------------+---------+-------+---------+---------+------+

+ Detail: 
    * Instance: 
    +-----------------------------------------------------------+------------------------------------------------+---------+----+-------+-------+-----+
    |                          Instance                         |                     Module                     | BRAM_18K| DSP|   FF  |  LUT  | URAM|
    +-----------------------------------------------------------+------------------------------------------------+---------+----+-------+-------+-----+
    |grp_aveImpl_double_15_80_1_2_16_s_fu_197                   |aveImpl_double_15_80_1_2_16_s                   |        0|   6|   6390|   3792|    0|
    |grp_covCoreWrapper_double_15_80_1_2_16_s_fu_207            |covCoreWrapper_double_15_80_1_2_16_s            |        0|  25|  11994|   6264|    0|
    |dmul_64ns_64ns_64_8_max_dsp_1_U350                         |dmul_64ns_64ns_64_8_max_dsp_1                   |        0|   8|    388|    127|    0|
    |dmul_64ns_64ns_64_8_max_dsp_1_U351                         |dmul_64ns_64ns_64_8_max_dsp_1                   |        0|   8|    388|    127|    0|
    |dsqrt_64ns_64ns_64_30_no_dsp_0_U346                        |dsqrt_64ns_64ns_64_30_no_dsp_0                  |        0|   0|      0|      0|    0|
    |dsqrt_64ns_64ns_64_30_no_dsp_0_U347                        |dsqrt_64ns_64ns_64_30_no_dsp_0                  |        0|   0|      0|      0|    0|
    |dsqrt_64ns_64ns_64_30_no_dsp_0_U348                        |dsqrt_64ns_64ns_64_30_no_dsp_0                  |        0|   0|      0|      0|    0|
    |grp_dut_Pipeline_VITIS_LOOP_277_1_VITIS_LOOP_278_2_fu_216  |dut_Pipeline_VITIS_LOOP_277_1_VITIS_LOOP_278_2  |        0|   1|    168|    417|    0|
    |grp_dut_Pipeline_VITIS_LOOP_321_1_fu_253                   |dut_Pipeline_VITIS_LOOP_321_1                   |        0|   8|    672|    371|    0|
    |grp_dut_Pipeline_VITIS_LOOP_350_2_VITIS_LOOP_351_3_fu_236  |dut_Pipeline_VITIS_LOOP_350_2_VITIS_LOOP_351_3  |        0|   0|   3103|   2309|    0|
    |grp_implement_fu_225                                       |implement                                       |        4|  42|  40533|  20459|    2|
    |mul_32ns_32ns_64_2_1_U349                                  |mul_32ns_32ns_64_2_1                            |        0|   4|    165|     49|    0|
    |mul_32ns_34ns_65_2_1_U352                                  |mul_32ns_34ns_65_2_1                            |        0|   4|    173|     53|    0|
    +-----------------------------------------------------------+------------------------------------------------+---------+----+-------+-------+-----+
    |Total                                                      |                                                |        4| 106|  63974|  33968|    2|
    +-----------------------------------------------------------+------------------------------------------------+---------+----+-------+-------+-----+

    * DSP: 
    N/A

    * Memory: 
    +-------------------+-------------------------------+---------+----+----+-----+------+-----+------+-------------+
    |       Memory      |             Module            | BRAM_18K| FF | LUT| URAM| Words| Bits| Banks| W*Bits*Banks|
    +-------------------+-------------------------------+---------+----+----+-----+------+-----+------+-------------+
    |pca_m_pcVals_0_U   |pca_m_pcVals_0_RAM_AUTO_1R1W   |        0|  64|  65|    0|     3|   64|     1|          192|
    |pca_m_pcVals_1_U   |pca_m_pcVals_0_RAM_AUTO_1R1W   |        0|  64|  65|    0|     3|   64|     1|          192|
    |pca_m_pcVecs_U     |pca_m_pcVecs_RAM_AUTO_1R1W     |        0|  64|  65|    0|    30|   64|     1|         1920|
    |pca_m_pcVecs_3_U   |pca_m_pcVecs_RAM_AUTO_1R1W     |        0|  64|  65|    0|    30|   64|     1|         1920|
    |pca_m_pcVecs_4_U   |pca_m_pcVecs_RAM_AUTO_1R1W     |        0|  64|  65|    0|    30|   64|     1|         1920|
    |standarisedData_U  |standarisedData_RAM_AUTO_1R1W  |        2|   0|   0|    0|   225|   64|     1|        14400|
    |covMatrix_U        |standarisedData_RAM_AUTO_1R1W  |        2|   0|   0|    0|   225|   64|     1|        14400|
    +-------------------+-------------------------------+---------+----+----+-----+------+-----+------+-------------+
    |Total              |                               |        4| 320| 325|    0|   546|  448|     7|        34944|
    +-------------------+-------------------------------+---------+----+----+-----+------+-----+------+-------------+

    * FIFO: 
    N/A

    * Expression: 
    +------------------------------------------------------------------+----------+----+---+----+------------+------------+
    |                           Variable Name                          | Operation| DSP| FF| LUT| Bitwidth P0| Bitwidth P1|
    +------------------------------------------------------------------+----------+----+---+----+------------+------------+
    |sub_ln350_fu_313_p2                                               |         -|   0|  0|  41|          34|          34|
    |ap_block_state44_on_subcall_done                                  |       and|   0|  0|   2|           1|           1|
    |icmp_ln277_fu_298_p2                                              |      icmp|   0|  0|  39|          32|           1|
    |ap_sync_grp_covCoreWrapper_double_15_80_1_2_16_s_fu_207_ap_done   |        or|   0|  0|   2|           1|           1|
    |ap_sync_grp_covCoreWrapper_double_15_80_1_2_16_s_fu_207_ap_ready  |        or|   0|  0|   2|           1|           1|
    +------------------------------------------------------------------+----------+----+---+----+------------+------------+
    |Total                                                             |          |   0|  0|  86|          69|          38|
    +------------------------------------------------------------------+----------+----+---+----+------------+------------+

    * Multiplexer: 
    +--------------------------+-----+-----------+-----+-----------+
    |           Name           | LUT | Input Size| Bits| Total Bits|
    +--------------------------+-----+-----------+-----+-----------+
    |ap_NS_fsm                 |  205|         47|    1|         47|
    |covMatrix_address0        |   14|          3|    8|         24|
    |covMatrix_ce0             |   14|          3|    1|          3|
    |covMatrix_we0             |    9|          2|    1|          2|
    |grp_fu_439_ce             |   20|          4|    1|          4|
    |grp_fu_439_p0             |   20|          4|   64|        256|
    |grp_fu_439_p1             |   20|          4|   64|        256|
    |grp_fu_443_ce             |   14|          3|    1|          3|
    |grp_fu_443_p0             |   14|          3|   64|        192|
    |grp_fu_443_p1             |   14|          3|   64|        192|
    |grp_fu_447_ce             |   20|          4|    1|          4|
    |grp_fu_447_p0             |   20|          4|   32|        128|
    |grp_fu_447_p1             |   20|          4|   34|        136|
    |input_r_address0          |   14|          3|   11|         33|
    |input_r_address1          |   14|          3|   11|         33|
    |input_r_ce0               |   14|          3|    1|          3|
    |input_r_ce1               |   14|          3|    1|          3|
    |input_r_we0               |    9|          2|    1|          2|
    |input_r_we1               |    9|          2|    1|          2|
    |pca_m_pcVals_0_address0   |   20|          4|    2|          8|
    |pca_m_pcVals_0_ce0        |   14|          3|    1|          3|
    |pca_m_pcVals_0_we0        |    9|          2|    1|          2|
    |pca_m_pcVals_1_address0   |   20|          4|    2|          8|
    |pca_m_pcVals_1_ce0        |   14|          3|    1|          3|
    |pca_m_pcVals_1_we0        |    9|          2|    1|          2|
    |pca_m_pcVecs_3_address0   |   20|          4|    5|         20|
    |pca_m_pcVecs_3_ce0        |   20|          4|    1|          4|
    |pca_m_pcVecs_3_ce1        |    9|          2|    1|          2|
    |pca_m_pcVecs_3_we0        |    9|          2|    1|          2|
    |pca_m_pcVecs_3_we1        |    9|          2|    1|          2|
    |pca_m_pcVecs_4_address0   |   20|          4|    5|         20|
    |pca_m_pcVecs_4_ce0        |   20|          4|    1|          4|
    |pca_m_pcVecs_4_ce1        |    9|          2|    1|          2|
    |pca_m_pcVecs_4_we0        |    9|          2|    1|          2|
    |pca_m_pcVecs_4_we1        |    9|          2|    1|          2|
    |pca_m_pcVecs_address0     |   20|          4|    5|         20|
    |pca_m_pcVecs_ce0          |   20|          4|    1|          4|
    |pca_m_pcVecs_ce1          |    9|          2|    1|          2|
    |pca_m_pcVecs_we0          |    9|          2|    1|          2|
    |pca_m_pcVecs_we1          |    9|          2|    1|          2|
    |standarisedData_address0  |   14|          3|    8|         24|
    |standarisedData_ce0       |   14|          3|    1|          3|
    |standarisedData_we0       |    9|          2|    1|          2|
    +--------------------------+-----+-----------+-----+-----------+
    |Total                     |  802|        172|  407|       1468|
    +--------------------------+-----+-----------+-----+-----------+

    * Register: 
    +------------------------------------------------------------------------+----+----+-----+-----------+
    |                                  Name                                  | FF | LUT| Bits| Const Bits|
    +------------------------------------------------------------------------+----+----+-----+-----------+
    |ap_CS_fsm                                                               |  46|   0|   46|          0|
    |ap_sync_reg_grp_covCoreWrapper_double_15_80_1_2_16_s_fu_207_ap_done     |   1|   0|    1|          0|
    |ap_sync_reg_grp_covCoreWrapper_double_15_80_1_2_16_s_fu_207_ap_ready    |   1|   0|    1|          0|
    |grp_aveImpl_double_15_80_1_2_16_s_fu_197_ap_start_reg                   |   1|   0|    1|          0|
    |grp_covCoreWrapper_double_15_80_1_2_16_s_fu_207_ap_start_reg            |   1|   0|    1|          0|
    |grp_dut_Pipeline_VITIS_LOOP_277_1_VITIS_LOOP_278_2_fu_216_ap_start_reg  |   1|   0|    1|          0|
    |grp_dut_Pipeline_VITIS_LOOP_321_1_fu_253_ap_start_reg                   |   1|   0|    1|          0|
    |grp_dut_Pipeline_VITIS_LOOP_350_2_VITIS_LOOP_351_3_fu_236_ap_start_reg  |   1|   0|    1|          0|
    |grp_implement_fu_225_ap_start_reg                                       |   1|   0|    1|          0|
    |icmp_ln277_reg_400                                                      |   1|   0|    1|          0|
    |mul_ln31_reg_365                                                        |  64|   0|   64|          0|
    |pca_m_pcVals_1_load_1_reg_390                                           |  64|   0|   64|          0|
    |pca_m_pcVals_1_load_2_reg_395                                           |  64|   0|   64|          0|
    |pca_m_pcVals_1_load_reg_375                                             |  64|   0|   64|          0|
    |sqrtVals_1_reg_409                                                      |  64|   0|   64|          0|
    |sqrtVals_2_reg_414                                                      |  64|   0|   64|          0|
    |sqrtVals_reg_404                                                        |  64|   0|   64|          0|
    |sub_ln350_reg_419                                                       |  34|   0|   34|          0|
    |trunc_ln31_reg_354                                                      |   8|   0|    8|          0|
    +------------------------------------------------------------------------+----+----+-----+-----------+
    |Total                                                                   | 545|   0|  545|          0|
    +------------------------------------------------------------------------+----+----+-----+-----------+



================================================================
== Interface
================================================================
* Summary: 
+----------------------------------+-----+-----+------------+---------------------------+--------------+
|             RTL Ports            | Dir | Bits|  Protocol  |       Source Object       |    C Type    |
+----------------------------------+-----+-----+------------+---------------------------+--------------+
|ap_clk                            |   in|    1|  ap_ctrl_hs|                        dut|  return value|
|ap_rst                            |   in|    1|  ap_ctrl_hs|                        dut|  return value|
|ap_start                          |   in|    1|  ap_ctrl_hs|                        dut|  return value|
|ap_done                           |  out|    1|  ap_ctrl_hs|                        dut|  return value|
|ap_idle                           |  out|    1|  ap_ctrl_hs|                        dut|  return value|
|ap_ready                          |  out|    1|  ap_ctrl_hs|                        dut|  return value|
|rows                              |   in|   32|     ap_none|                       rows|        scalar|
|cols                              |   in|   32|     ap_none|                       cols|        scalar|
|input_r_address0                  |  out|   11|   ap_memory|                    input_r|         array|
|input_r_ce0                       |  out|    1|   ap_memory|                    input_r|         array|
|input_r_we0                       |  out|    1|   ap_memory|                    input_r|         array|
|input_r_d0                        |  out|   64|   ap_memory|                    input_r|         array|
|input_r_q0                        |   in|   64|   ap_memory|                    input_r|         array|
|input_r_address1                  |  out|   11|   ap_memory|                    input_r|         array|
|input_r_ce1                       |  out|    1|   ap_memory|                    input_r|         array|
|input_r_we1                       |  out|    1|   ap_memory|                    input_r|         array|
|input_r_d1                        |  out|   64|   ap_memory|                    input_r|         array|
|input_r_q1                        |   in|   64|   ap_memory|                    input_r|         array|
|outputComponents_0_address0       |  out|    4|   ap_memory|         outputComponents_0|         array|
|outputComponents_0_ce0            |  out|    1|   ap_memory|         outputComponents_0|         array|
|outputComponents_0_we0            |  out|    1|   ap_memory|         outputComponents_0|         array|
|outputComponents_0_d0             |  out|   64|   ap_memory|         outputComponents_0|         array|
|outputComponents_1_address0       |  out|    4|   ap_memory|         outputComponents_1|         array|
|outputComponents_1_ce0            |  out|    1|   ap_memory|         outputComponents_1|         array|
|outputComponents_1_we0            |  out|    1|   ap_memory|         outputComponents_1|         array|
|outputComponents_1_d0             |  out|   64|   ap_memory|         outputComponents_1|         array|
|outputComponents_2_address0       |  out|    4|   ap_memory|         outputComponents_2|         array|
|outputComponents_2_ce0            |  out|    1|   ap_memory|         outputComponents_2|         array|
|outputComponents_2_we0            |  out|    1|   ap_memory|         outputComponents_2|         array|
|outputComponents_2_d0             |  out|   64|   ap_memory|         outputComponents_2|         array|
|outputExplainedVariance_0         |  out|   64|      ap_vld|  outputExplainedVariance_0|       pointer|
|outputExplainedVariance_0_ap_vld  |  out|    1|      ap_vld|  outputExplainedVariance_0|       pointer|
|outputExplainedVariance_1         |  out|   64|      ap_vld|  outputExplainedVariance_1|       pointer|
|outputExplainedVariance_1_ap_vld  |  out|    1|      ap_vld|  outputExplainedVariance_1|       pointer|
|outputExplainedVariance_2         |  out|   64|      ap_vld|  outputExplainedVariance_2|       pointer|
|outputExplainedVariance_2_ap_vld  |  out|    1|      ap_vld|  outputExplainedVariance_2|       pointer|
|outputLoadings_0_address0         |  out|    4|   ap_memory|           outputLoadings_0|         array|
|outputLoadings_0_ce0              |  out|    1|   ap_memory|           outputLoadings_0|         array|
|outputLoadings_0_we0              |  out|    1|   ap_memory|           outputLoadings_0|         array|
|outputLoadings_0_d0               |  out|   64|   ap_memory|           outputLoadings_0|         array|
|outputLoadings_1_address0         |  out|    4|   ap_memory|           outputLoadings_1|         array|
|outputLoadings_1_ce0              |  out|    1|   ap_memory|           outputLoadings_1|         array|
|outputLoadings_1_we0              |  out|    1|   ap_memory|           outputLoadings_1|         array|
|outputLoadings_1_d0               |  out|   64|   ap_memory|           outputLoadings_1|         array|
|outputLoadings_2_address0         |  out|    4|   ap_memory|           outputLoadings_2|         array|
|outputLoadings_2_ce0              |  out|    1|   ap_memory|           outputLoadings_2|         array|
|outputLoadings_2_we0              |  out|    1|   ap_memory|           outputLoadings_2|         array|
|outputLoadings_2_d0               |  out|   64|   ap_memory|           outputLoadings_2|         array|
+----------------------------------+-----+-----+------------+---------------------------+--------------+

