

================================================================
== Vitis HLS Report for 'implement_Pipeline_VITIS_LOOP_244_4'
================================================================
* Date:           Sun May  5 21:31:02 2024

* Version:        2023.2 (Build 4023990 on Oct 11 2023)
* Project:        Principal_Component_Analysis.prj
* Solution:       sol (Vivado IP Flow Target)
* Product family: virtexuplus
* Target device:  xcu250-figd2104-2L-e


================================================================
== Performance Estimates
================================================================
+ Timing: 
    * Summary: 
    +--------+---------+----------+------------+
    |  Clock |  Target | Estimated| Uncertainty|
    +--------+---------+----------+------------+
    |ap_clk  |  3.33 ns|  2.374 ns|     0.90 ns|
    +--------+---------+----------+------------+

+ Latency: 
    * Summary: 
    +---------+---------+----------+----------+-----+-----+---------+
    |  Latency (cycles) |  Latency (absolute) |  Interval | Pipeline|
    |   min   |   max   |    min   |    max   | min | max |   Type  |
    +---------+---------+----------+----------+-----+-----+---------+
    |        ?|        ?|         ?|         ?|    ?|    ?|       no|
    +---------+---------+----------+----------+-----+-----+---------+

    + Detail: 
        * Instance: 
        N/A

        * Loop: 
        +--------------------+---------+---------+----------+-----------+-----------+------+----------+
        |                    |  Latency (cycles) | Iteration|  Initiation Interval  | Trip |          |
        |      Loop Name     |   min   |   max   |  Latency |  achieved |   target  | Count| Pipelined|
        +--------------------+---------+---------+----------+-----------+-----------+------+----------+
        |- VITIS_LOOP_244_4  |        ?|        ?|         2|          1|          1|     ?|       yes|
        +--------------------+---------+---------+----------+-----------+-----------+------+----------+



================================================================
== Utilization Estimates
================================================================
* Summary: 
+---------------------+---------+-------+---------+---------+------+
|         Name        | BRAM_18K|  DSP  |    FF   |   LUT   | URAM |
+---------------------+---------+-------+---------+---------+------+
|DSP                  |        -|      -|        -|        -|     -|
|Expression           |        -|      -|        0|      274|     -|
|FIFO                 |        -|      -|        -|        -|     -|
|Instance             |        -|      -|        0|       14|     -|
|Memory               |        -|      -|        -|        -|     -|
|Multiplexer          |        -|      -|        -|       54|     -|
|Register             |        -|      -|      155|        -|     -|
+---------------------+---------+-------+---------+---------+------+
|Total                |        0|      0|      155|      342|     0|
+---------------------+---------+-------+---------+---------+------+
|Available SLR        |     1344|   3072|   864000|   432000|   320|
+---------------------+---------+-------+---------+---------+------+
|Utilization SLR (%)  |        0|      0|       ~0|       ~0|     0|
+---------------------+---------+-------+---------+---------+------+
|Available            |     5376|  12288|  3456000|  1728000|  1280|
+---------------------+---------+-------+---------+---------+------+
|Utilization (%)      |        0|      0|       ~0|       ~0|     0|
+---------------------+---------+-------+---------+---------+------+

+ Detail: 
    * Instance: 
    +---------------------------+----------------------+---------+----+---+----+-----+
    |          Instance         |        Module        | BRAM_18K| DSP| FF| LUT| URAM|
    +---------------------------+----------------------+---------+----+---+----+-----+
    |sparsemux_7_2_64_1_1_U296  |sparsemux_7_2_64_1_1  |        0|   0|  0|  14|    0|
    +---------------------------+----------------------+---------+----+---+----+-----+
    |Total                      |                      |        0|   0|  0|  14|    0|
    +---------------------------+----------------------+---------+----+---+----+-----+

    * DSP: 
    N/A

    * Memory: 
    N/A

    * FIFO: 
    N/A

    * Expression: 
    +------------------------+----------+----+---+----+------------+------------+
    |      Variable Name     | Operation| DSP| FF| LUT| Bitwidth P0| Bitwidth P1|
    +------------------------+----------+----+---+----+------------+------------+
    |add_ln244_1_fu_224_p2   |         +|   0|  0|  72|          65|          33|
    |add_ln244_2_fu_264_p2   |         +|   0|  0|  39|          32|           1|
    |add_ln244_fu_215_p2     |         +|   0|  0|  39|          32|           1|
    |add_ln247_fu_299_p2     |         +|   0|  0|  12|           5|           4|
    |icmp_ln244_1_fu_270_p2  |      icmp|   0|  0|  39|          32|           2|
    |icmp_ln244_fu_210_p2    |      icmp|   0|  0|  39|          32|          32|
    |select_ln244_fu_276_p3  |    select|   0|  0|  32|           1|          32|
    |ap_enable_pp0           |       xor|   0|  0|   2|           1|           2|
    +------------------------+----------+----+---+----+------------+------------+
    |Total                   |          |   0|  0| 274|         200|         107|
    +------------------------+----------+----+---+----+------------+------------+

    * Multiplexer: 
    +-------------------------+----+-----------+-----+-----------+
    |           Name          | LUT| Input Size| Bits| Total Bits|
    +-------------------------+----+-----------+-----+-----------+
    |ap_done_int              |   9|          2|    1|          2|
    |ap_enable_reg_pp0_iter1  |   9|          2|    1|          2|
    |ap_enable_reg_pp0_iter2  |   9|          2|    1|          2|
    |i_fu_68                  |   9|          2|   32|         64|
    |phi_mul_fu_64            |   9|          2|   65|        130|
    |phi_urem_fu_60           |   9|          2|   32|         64|
    +-------------------------+----+-----------+-----+-----------+
    |Total                    |  54|         12|  132|        264|
    +-------------------------+----+-----------+-----+-----------+

    * Register: 
    +------------------------------+----+----+-----+-----------+
    |             Name             | FF | LUT| Bits| Const Bits|
    +------------------------------+----+----+-----+-----------+
    |ap_CS_fsm                     |   1|   0|    1|          0|
    |ap_done_reg                   |   1|   0|    1|          0|
    |ap_enable_reg_pp0_iter1       |   1|   0|    1|          0|
    |ap_enable_reg_pp0_iter2       |   1|   0|    1|          0|
    |i_fu_68                       |  32|   0|   32|          0|
    |phi_mul_fu_64                 |  65|   0|   65|          0|
    |phi_urem_fu_60                |  32|   0|   32|          0|
    |this_m_pcVecs_0_addr_reg_370  |   5|   0|    5|          0|
    |this_m_pcVecs_1_addr_reg_375  |   5|   0|    5|          0|
    |this_m_pcVecs_2_addr_reg_380  |   5|   0|    5|          0|
    |trunc_ln244_reg_385           |   2|   0|    2|          0|
    |udiv_ln2_cast_reg_365         |   5|   0|    5|          0|
    +------------------------------+----+----+-----+-----------+
    |Total                         | 155|   0|  155|          0|
    +------------------------------+----+----+-----+-----------+



================================================================
== Interface
================================================================
* Summary: 
+--------------------------+-----+-----+------------+-------------------------------------+--------------+
|         RTL Ports        | Dir | Bits|  Protocol  |            Source Object            |    C Type    |
+--------------------------+-----+-----+------------+-------------------------------------+--------------+
|ap_clk                    |   in|    1|  ap_ctrl_hs|  implement_Pipeline_VITIS_LOOP_244_4|  return value|
|ap_rst                    |   in|    1|  ap_ctrl_hs|  implement_Pipeline_VITIS_LOOP_244_4|  return value|
|ap_start                  |   in|    1|  ap_ctrl_hs|  implement_Pipeline_VITIS_LOOP_244_4|  return value|
|ap_done                   |  out|    1|  ap_ctrl_hs|  implement_Pipeline_VITIS_LOOP_244_4|  return value|
|ap_idle                   |  out|    1|  ap_ctrl_hs|  implement_Pipeline_VITIS_LOOP_244_4|  return value|
|ap_ready                  |  out|    1|  ap_ctrl_hs|  implement_Pipeline_VITIS_LOOP_244_4|  return value|
|mul56                     |   in|   32|     ap_none|                                mul56|        scalar|
|this_m_pcVecs_0_address0  |  out|    5|   ap_memory|                      this_m_pcVecs_0|         array|
|this_m_pcVecs_0_ce0       |  out|    1|   ap_memory|                      this_m_pcVecs_0|         array|
|this_m_pcVecs_0_we0       |  out|    1|   ap_memory|                      this_m_pcVecs_0|         array|
|this_m_pcVecs_0_d0        |  out|   64|   ap_memory|                      this_m_pcVecs_0|         array|
|this_m_pcVecs_0_address1  |  out|    5|   ap_memory|                      this_m_pcVecs_0|         array|
|this_m_pcVecs_0_ce1       |  out|    1|   ap_memory|                      this_m_pcVecs_0|         array|
|this_m_pcVecs_0_we1       |  out|    1|   ap_memory|                      this_m_pcVecs_0|         array|
|this_m_pcVecs_0_d1        |  out|   64|   ap_memory|                      this_m_pcVecs_0|         array|
|this_m_pcVecs_1_address0  |  out|    5|   ap_memory|                      this_m_pcVecs_1|         array|
|this_m_pcVecs_1_ce0       |  out|    1|   ap_memory|                      this_m_pcVecs_1|         array|
|this_m_pcVecs_1_we0       |  out|    1|   ap_memory|                      this_m_pcVecs_1|         array|
|this_m_pcVecs_1_d0        |  out|   64|   ap_memory|                      this_m_pcVecs_1|         array|
|this_m_pcVecs_1_address1  |  out|    5|   ap_memory|                      this_m_pcVecs_1|         array|
|this_m_pcVecs_1_ce1       |  out|    1|   ap_memory|                      this_m_pcVecs_1|         array|
|this_m_pcVecs_1_we1       |  out|    1|   ap_memory|                      this_m_pcVecs_1|         array|
|this_m_pcVecs_1_d1        |  out|   64|   ap_memory|                      this_m_pcVecs_1|         array|
|this_m_pcVecs_2_address0  |  out|    5|   ap_memory|                      this_m_pcVecs_2|         array|
|this_m_pcVecs_2_ce0       |  out|    1|   ap_memory|                      this_m_pcVecs_2|         array|
|this_m_pcVecs_2_we0       |  out|    1|   ap_memory|                      this_m_pcVecs_2|         array|
|this_m_pcVecs_2_d0        |  out|   64|   ap_memory|                      this_m_pcVecs_2|         array|
|this_m_pcVecs_2_address1  |  out|    5|   ap_memory|                      this_m_pcVecs_2|         array|
|this_m_pcVecs_2_ce1       |  out|    1|   ap_memory|                      this_m_pcVecs_2|         array|
|this_m_pcVecs_2_we1       |  out|    1|   ap_memory|                      this_m_pcVecs_2|         array|
|this_m_pcVecs_2_d1        |  out|   64|   ap_memory|                      this_m_pcVecs_2|         array|
|pcVecsNorm_address0       |  out|    4|   ap_memory|                           pcVecsNorm|         array|
|pcVecsNorm_ce0            |  out|    1|   ap_memory|                           pcVecsNorm|         array|
|pcVecsNorm_q0             |   in|   64|   ap_memory|                           pcVecsNorm|         array|
|pcVecsNorm_1_address0     |  out|    4|   ap_memory|                         pcVecsNorm_1|         array|
|pcVecsNorm_1_ce0          |  out|    1|   ap_memory|                         pcVecsNorm_1|         array|
|pcVecsNorm_1_q0           |   in|   64|   ap_memory|                         pcVecsNorm_1|         array|
|pcVecsNorm_2_address0     |  out|    4|   ap_memory|                         pcVecsNorm_2|         array|
|pcVecsNorm_2_ce0          |  out|    1|   ap_memory|                         pcVecsNorm_2|         array|
|pcVecsNorm_2_q0           |   in|   64|   ap_memory|                         pcVecsNorm_2|         array|
+--------------------------+-----+-----+------------+-------------------------------------+--------------+

