

================================================================
== Vitis HLS Report for 'dut'
================================================================
* Date:           Wed May  8 02:27:10 2024

* Version:        2023.2 (Build 4023990 on Oct 11 2023)
* Project:        Principal_Component_Analysis.prj
* Solution:       sol (Vivado IP Flow Target)
* Product family: virtexuplus
* Target device:  xcu250-figd2104-2L-e


================================================================
== Performance Estimates
================================================================
+ Timing: 
    * Summary: 
    +--------+---------+----------+------------+
    |  Clock |  Target | Estimated| Uncertainty|
    +--------+---------+----------+------------+
    |ap_clk  |  3.33 ns|  3.237 ns|     0.90 ns|
    +--------+---------+----------+------------+

+ Latency: 
    * Summary: 
    +---------+---------+----------+----------+-----+-----+---------+
    |  Latency (cycles) |  Latency (absolute) |  Interval | Pipeline|
    |   min   |   max   |    min   |    max   | min | max |   Type  |
    +---------+---------+----------+----------+-----+-----+---------+
    |        ?|        ?|         ?|         ?|    ?|    ?|       no|
    +---------+---------+----------+----------+-----+-----+---------+

    + Detail: 
        * Instance: 
        N/A

        * Loop: 
        N/A

============================================================
+ Verbose Summary: Synthesis Manager
============================================================
InlineROM: 1
ExposeGlobal: 0
============================================================
+ Verbose Summary: CDFG Model
============================================================
IsTopModel: 1
ResetActiveHigh: 1
IsCombinational: 0
IsDatapathOnly: 0
HasWiredReturn: 1
HasMFsm: 0
HasVarLatency: 1
IsPipeline: 0
IsRtlPipelined: 0
IsInstanceOverlapped: 0
IsDontTouch: 0
HasImplIP: 0
IsGatedGlobalClock: 0


============================================================
+ Verbose Summary: Schedule
============================================================
* Number of FSM states : 42
* Pipeline : 0
* Dataflow Pipeline: 0

* FSM state transitions: 
1 --> 2 
2 --> 3 
3 --> 4 
4 --> 5 
5 --> 6 
6 --> 7 
7 --> 8 
8 --> 9 
9 --> 10 
10 --> 11 
11 --> 12 
12 --> 13 
13 --> 14 
14 --> 15 
15 --> 16 
16 --> 17 
17 --> 18 
18 --> 19 
19 --> 20 
20 --> 21 
21 --> 22 
22 --> 23 
23 --> 24 
24 --> 25 
25 --> 26 
26 --> 27 
27 --> 28 
28 --> 29 
29 --> 30 
30 --> 31 
31 --> 32 
32 --> 33 
33 --> 34 
34 --> 35 
35 --> 36 
36 --> 37 
37 --> 38 
38 --> 39 
39 --> 40 
40 --> 41 
41 --> 42 
42 --> 

* FSM state operations: 

State 1 <SV = 0> <Delay = 2.21>
ST_1 : Operation 43 [1/1] (0.00ns)   --->   "%cols_read = read i32 @_ssdm_op_Read.ap_auto.i32, i32 %cols" [dut.cpp:31]   --->   Operation 43 'read' 'cols_read' <Predicate = true> <Delay = 0.00>
ST_1 : Operation 44 [1/1] (0.00ns)   --->   "%rows_read = read i32 @_ssdm_op_Read.ap_auto.i32, i32 %rows" [dut.cpp:31]   --->   Operation 44 'read' 'rows_read' <Predicate = true> <Delay = 0.00>
ST_1 : Operation 45 [1/1] (0.00ns)   --->   "%trunc_ln31 = trunc i32 %rows_read" [dut.cpp:31]   --->   Operation 45 'trunc' 'trunc_ln31' <Predicate = true> <Delay = 0.00>
ST_1 : Operation 46 [1/1] (0.00ns)   --->   "%standarisedData = alloca i64 1" [C:/Vitis_Libraries/quantitative_finance/L1/tests/pca/../../../L1/include/xf_fintech\pca.hpp:268->dut.cpp:36]   --->   Operation 46 'alloca' 'standarisedData' <Predicate = true> <Delay = 0.00>
ST_1 : Operation 47 [1/1] (0.00ns)   --->   "%covMatrix = alloca i64 1" [C:/Vitis_Libraries/quantitative_finance/L1/tests/pca/../../../L1/include/xf_fintech\pca.hpp:273->dut.cpp:36]   --->   Operation 47 'alloca' 'covMatrix' <Predicate = true> <Delay = 0.00>
ST_1 : Operation 48 [1/1] (0.00ns)   --->   "%pca_m_pcVals_0 = alloca i64 1" [dut.cpp:36]   --->   Operation 48 'alloca' 'pca_m_pcVals_0' <Predicate = true> <Delay = 0.00>
ST_1 : Operation 49 [1/1] (0.00ns)   --->   "%pca_m_pcVals_1 = alloca i64 1" [dut.cpp:36]   --->   Operation 49 'alloca' 'pca_m_pcVals_1' <Predicate = true> <Delay = 0.00> <CoreInst = "RAM">   --->   Core 83 'RAM' <Latency = 1> <II = 1> <Delay = 0.71> <Storage> <Opcode : 'load' 'store'> <Ports = 2> <Width = 64> <Depth = 3> <RAM>
ST_1 : Operation 50 [1/1] (0.00ns)   --->   "%pca_m_pcVecs = alloca i64 1" [dut.cpp:36]   --->   Operation 50 'alloca' 'pca_m_pcVecs' <Predicate = true> <Delay = 0.00>
ST_1 : Operation 51 [2/2] (2.21ns)   --->   "%call_ln363 = call void @aveImpl<double, 15, 80, 1, 2, 16>, i32 %rows_read, i32 %cols_read, i64 %input_r" [C:/Vitis_Libraries/quantitative_finance/L1/tests/pca/../../../L1/include/xf_fintech/covariance.hpp:363->C:/Vitis_Libraries/quantitative_finance/L1/tests/pca/../../../L1/include/xf_fintech\pca.hpp:276->dut.cpp:36]   --->   Operation 51 'call' 'call_ln363' <Predicate = true> <Delay = 2.21> <CoreType = "Generic">   --->   Core 0 '' <Latency = 0> <II = 1> <Delay = 1.00> <Generic> <Opcode : >

State 2 <SV = 1> <Delay = 0.00>
ST_2 : Operation 52 [1/2] (0.00ns)   --->   "%call_ln363 = call void @aveImpl<double, 15, 80, 1, 2, 16>, i32 %rows_read, i32 %cols_read, i64 %input_r" [C:/Vitis_Libraries/quantitative_finance/L1/tests/pca/../../../L1/include/xf_fintech/covariance.hpp:363->C:/Vitis_Libraries/quantitative_finance/L1/tests/pca/../../../L1/include/xf_fintech\pca.hpp:276->dut.cpp:36]   --->   Operation 52 'call' 'call_ln363' <Predicate = true> <Delay = 0.00> <CoreType = "Generic">   --->   Core 0 '' <Latency = 0> <II = 1> <Delay = 1.00> <Generic> <Opcode : >

State 3 <SV = 2> <Delay = 2.29>
ST_3 : Operation 53 [2/2] (1.21ns)   --->   "%call_ln364 = call void @covCoreWrapper<double, 15, 80, 1, 2, 16>, i32 %rows_read, i32 %cols_read, i64 %input_r, i64 %covMatrix" [C:/Vitis_Libraries/quantitative_finance/L1/tests/pca/../../../L1/include/xf_fintech/covariance.hpp:364->C:/Vitis_Libraries/quantitative_finance/L1/tests/pca/../../../L1/include/xf_fintech\pca.hpp:276->dut.cpp:36]   --->   Operation 53 'call' 'call_ln364' <Predicate = true> <Delay = 1.21> <CoreType = "Generic">   --->   Core 0 '' <Latency = 0> <II = 1> <Delay = 1.00> <Generic> <Opcode : >
ST_3 : Operation 54 [1/1] (0.00ns)   --->   "%zext_ln31 = zext i32 %rows_read" [dut.cpp:31]   --->   Operation 54 'zext' 'zext_ln31' <Predicate = true> <Delay = 0.00>
ST_3 : Operation 55 [2/2] (2.29ns)   --->   "%mul_ln31 = mul i64 %zext_ln31, i64 %zext_ln31" [dut.cpp:31]   --->   Operation 55 'mul' 'mul_ln31' <Predicate = true> <Delay = 2.29> <CoreInst = "Multiplier">   --->   Core 3 'Multiplier' <Latency = 1> <II = 1> <Delay = 2.29> <FuncUnit> <Opcode : 'mul'> <InPorts = 2> <OutPorts = 1>

State 4 <SV = 3> <Delay = 2.29>
ST_4 : Operation 56 [1/2] (0.00ns)   --->   "%call_ln364 = call void @covCoreWrapper<double, 15, 80, 1, 2, 16>, i32 %rows_read, i32 %cols_read, i64 %input_r, i64 %covMatrix" [C:/Vitis_Libraries/quantitative_finance/L1/tests/pca/../../../L1/include/xf_fintech/covariance.hpp:364->C:/Vitis_Libraries/quantitative_finance/L1/tests/pca/../../../L1/include/xf_fintech\pca.hpp:276->dut.cpp:36]   --->   Operation 56 'call' 'call_ln364' <Predicate = true> <Delay = 0.00> <CoreType = "Generic">   --->   Core 0 '' <Latency = 0> <II = 1> <Delay = 1.00> <Generic> <Opcode : >
ST_4 : Operation 57 [1/2] (2.29ns)   --->   "%mul_ln31 = mul i64 %zext_ln31, i64 %zext_ln31" [dut.cpp:31]   --->   Operation 57 'mul' 'mul_ln31' <Predicate = true> <Delay = 2.29> <CoreInst = "Multiplier">   --->   Core 3 'Multiplier' <Latency = 1> <II = 1> <Delay = 2.29> <FuncUnit> <Opcode : 'mul'> <InPorts = 2> <OutPorts = 1>

State 5 <SV = 4> <Delay = 0.00>
ST_5 : Operation 58 [2/2] (0.00ns)   --->   "%call_ln31 = call void @dut_Pipeline_VITIS_LOOP_277_1_VITIS_LOOP_278_2, i64 %mul_ln31, i32 %rows_read, i8 %trunc_ln31, i64 %covMatrix, i64 %standarisedData" [dut.cpp:31]   --->   Operation 58 'call' 'call_ln31' <Predicate = true> <Delay = 0.00> <CoreType = "Generic">   --->   Core 0 '' <Latency = 0> <II = 1> <Delay = 1.00> <Generic> <Opcode : >

State 6 <SV = 5> <Delay = 0.00>
ST_6 : Operation 59 [1/2] (0.00ns)   --->   "%call_ln31 = call void @dut_Pipeline_VITIS_LOOP_277_1_VITIS_LOOP_278_2, i64 %mul_ln31, i32 %rows_read, i8 %trunc_ln31, i64 %covMatrix, i64 %standarisedData" [dut.cpp:31]   --->   Operation 59 'call' 'call_ln31' <Predicate = true> <Delay = 0.00> <CoreType = "Generic">   --->   Core 0 '' <Latency = 0> <II = 1> <Delay = 1.00> <Generic> <Opcode : >

State 7 <SV = 6> <Delay = 1.00>
ST_7 : Operation 60 [2/2] (1.00ns)   --->   "%call_ln298 = call void @implement, i64 %pca_m_pcVals_0, i64 %pca_m_pcVals_1, i64 %pca_m_pcVecs, i32 %rows_read, i64 %standarisedData" [C:/Vitis_Libraries/quantitative_finance/L1/tests/pca/../../../L1/include/xf_fintech\pca.hpp:298->dut.cpp:36]   --->   Operation 60 'call' 'call_ln298' <Predicate = true> <Delay = 1.00> <CoreType = "Generic">   --->   Core 0 '' <Latency = 0> <II = 1> <Delay = 1.00> <Generic> <Opcode : >

State 8 <SV = 7> <Delay = 0.00>
ST_8 : Operation 61 [1/2] (0.00ns)   --->   "%call_ln298 = call void @implement, i64 %pca_m_pcVals_0, i64 %pca_m_pcVals_1, i64 %pca_m_pcVecs, i32 %rows_read, i64 %standarisedData" [C:/Vitis_Libraries/quantitative_finance/L1/tests/pca/../../../L1/include/xf_fintech\pca.hpp:298->dut.cpp:36]   --->   Operation 61 'call' 'call_ln298' <Predicate = true> <Delay = 0.00> <CoreType = "Generic">   --->   Core 0 '' <Latency = 0> <II = 1> <Delay = 1.00> <Generic> <Opcode : >

State 9 <SV = 8> <Delay = 0.71>
ST_9 : Operation 62 [1/1] (0.00ns)   --->   "%pca_m_pcVals_1_addr = getelementptr i64 %pca_m_pcVals_1, i64 0, i64 0" [C:/Vitis_Libraries/quantitative_finance/L1/tests/pca/../../../L1/include/xf_fintech\pca.hpp:343->dut.cpp:37]   --->   Operation 62 'getelementptr' 'pca_m_pcVals_1_addr' <Predicate = true> <Delay = 0.00>
ST_9 : Operation 63 [2/2] (0.71ns)   --->   "%pca_m_pcVals_1_load = load i2 %pca_m_pcVals_1_addr" [C:/Vitis_Libraries/quantitative_finance/L1/tests/pca/../../../L1/include/xf_fintech\pca.hpp:343->dut.cpp:37]   --->   Operation 63 'load' 'pca_m_pcVals_1_load' <Predicate = true> <Delay = 0.71> <CoreInst = "RAM">   --->   Core 83 'RAM' <Latency = 1> <II = 1> <Delay = 0.71> <Storage> <Opcode : 'load' 'store'> <Ports = 2> <Width = 64> <Depth = 3> <RAM>

State 10 <SV = 9> <Delay = 0.71>
ST_10 : Operation 64 [1/2] (0.71ns)   --->   "%pca_m_pcVals_1_load = load i2 %pca_m_pcVals_1_addr" [C:/Vitis_Libraries/quantitative_finance/L1/tests/pca/../../../L1/include/xf_fintech\pca.hpp:343->dut.cpp:37]   --->   Operation 64 'load' 'pca_m_pcVals_1_load' <Predicate = true> <Delay = 0.71> <CoreInst = "RAM">   --->   Core 83 'RAM' <Latency = 1> <II = 1> <Delay = 0.71> <Storage> <Opcode : 'load' 'store'> <Ports = 2> <Width = 64> <Depth = 3> <RAM>
ST_10 : Operation 65 [1/1] (0.00ns)   --->   "%pca_m_pcVals_1_addr_1 = getelementptr i64 %pca_m_pcVals_1, i64 0, i64 1" [C:/Vitis_Libraries/quantitative_finance/L1/tests/pca/../../../L1/include/xf_fintech\pca.hpp:343->dut.cpp:37]   --->   Operation 65 'getelementptr' 'pca_m_pcVals_1_addr_1' <Predicate = true> <Delay = 0.00>
ST_10 : Operation 66 [2/2] (0.71ns)   --->   "%pca_m_pcVals_1_load_1 = load i2 %pca_m_pcVals_1_addr_1" [C:/Vitis_Libraries/quantitative_finance/L1/tests/pca/../../../L1/include/xf_fintech\pca.hpp:343->dut.cpp:37]   --->   Operation 66 'load' 'pca_m_pcVals_1_load_1' <Predicate = true> <Delay = 0.71> <CoreInst = "RAM">   --->   Core 83 'RAM' <Latency = 1> <II = 1> <Delay = 0.71> <Storage> <Opcode : 'load' 'store'> <Ports = 2> <Width = 64> <Depth = 3> <RAM>
ST_10 : Operation 67 [1/1] (0.00ns)   --->   "%pca_m_pcVals_1_addr_2 = getelementptr i64 %pca_m_pcVals_1, i64 0, i64 2" [C:/Vitis_Libraries/quantitative_finance/L1/tests/pca/../../../L1/include/xf_fintech\pca.hpp:343->dut.cpp:37]   --->   Operation 67 'getelementptr' 'pca_m_pcVals_1_addr_2' <Predicate = true> <Delay = 0.00>
ST_10 : Operation 68 [2/2] (0.71ns)   --->   "%pca_m_pcVals_1_load_2 = load i2 %pca_m_pcVals_1_addr_2" [C:/Vitis_Libraries/quantitative_finance/L1/tests/pca/../../../L1/include/xf_fintech\pca.hpp:343->dut.cpp:37]   --->   Operation 68 'load' 'pca_m_pcVals_1_load_2' <Predicate = true> <Delay = 0.71> <CoreInst = "RAM">   --->   Core 83 'RAM' <Latency = 1> <II = 1> <Delay = 0.71> <Storage> <Opcode : 'load' 'store'> <Ports = 2> <Width = 64> <Depth = 3> <RAM>

State 11 <SV = 10> <Delay = 0.71>
ST_11 : Operation 69 [1/2] (0.71ns)   --->   "%pca_m_pcVals_1_load_1 = load i2 %pca_m_pcVals_1_addr_1" [C:/Vitis_Libraries/quantitative_finance/L1/tests/pca/../../../L1/include/xf_fintech\pca.hpp:343->dut.cpp:37]   --->   Operation 69 'load' 'pca_m_pcVals_1_load_1' <Predicate = true> <Delay = 0.71> <CoreInst = "RAM">   --->   Core 83 'RAM' <Latency = 1> <II = 1> <Delay = 0.71> <Storage> <Opcode : 'load' 'store'> <Ports = 2> <Width = 64> <Depth = 3> <RAM>
ST_11 : Operation 70 [1/2] (0.71ns)   --->   "%pca_m_pcVals_1_load_2 = load i2 %pca_m_pcVals_1_addr_2" [C:/Vitis_Libraries/quantitative_finance/L1/tests/pca/../../../L1/include/xf_fintech\pca.hpp:343->dut.cpp:37]   --->   Operation 70 'load' 'pca_m_pcVals_1_load_2' <Predicate = true> <Delay = 0.71> <CoreInst = "RAM">   --->   Core 83 'RAM' <Latency = 1> <II = 1> <Delay = 0.71> <Storage> <Opcode : 'load' 'store'> <Ports = 2> <Width = 64> <Depth = 3> <RAM>

State 12 <SV = 11> <Delay = 2.05>
ST_12 : Operation 71 [30/30] (2.05ns)   --->   "%sqrtVals = dsqrt i64 @llvm.sqrt.f64, i64 %pca_m_pcVals_1_load" [C:\scratch\2023.2\hls_product\689\2023.2\src\shared\hls\clib\hlsmath\src\c++\sqrtdouble.cpp:8->C:/Vitis_Libraries/quantitative_finance/L1/tests/pca/../../../L1/include/xf_fintech\pca.hpp:343->dut.cpp:37]   --->   Operation 71 'dsqrt' 'sqrtVals' <Predicate = true> <Delay = 2.05> <CoreInst = "DSqrt">   --->   Core 52 'DSqrt' <Latency = 29> <II = 1> <Delay = 2.05> <FuncUnit> <Opcode : 'dsqrt'> <InPorts = 1> <OutPorts = 1>
ST_12 : Operation 72 [30/30] (2.05ns)   --->   "%sqrtVals_1 = dsqrt i64 @llvm.sqrt.f64, i64 %pca_m_pcVals_1_load_1" [C:\scratch\2023.2\hls_product\689\2023.2\src\shared\hls\clib\hlsmath\src\c++\sqrtdouble.cpp:8->C:/Vitis_Libraries/quantitative_finance/L1/tests/pca/../../../L1/include/xf_fintech\pca.hpp:343->dut.cpp:37]   --->   Operation 72 'dsqrt' 'sqrtVals_1' <Predicate = true> <Delay = 2.05> <CoreInst = "DSqrt">   --->   Core 52 'DSqrt' <Latency = 29> <II = 1> <Delay = 2.05> <FuncUnit> <Opcode : 'dsqrt'> <InPorts = 1> <OutPorts = 1>
ST_12 : Operation 73 [30/30] (2.05ns)   --->   "%sqrtVals_2 = dsqrt i64 @llvm.sqrt.f64, i64 %pca_m_pcVals_1_load_2" [C:\scratch\2023.2\hls_product\689\2023.2\src\shared\hls\clib\hlsmath\src\c++\sqrtdouble.cpp:8->C:/Vitis_Libraries/quantitative_finance/L1/tests/pca/../../../L1/include/xf_fintech\pca.hpp:343->dut.cpp:37]   --->   Operation 73 'dsqrt' 'sqrtVals_2' <Predicate = true> <Delay = 2.05> <CoreInst = "DSqrt">   --->   Core 52 'DSqrt' <Latency = 29> <II = 1> <Delay = 2.05> <FuncUnit> <Opcode : 'dsqrt'> <InPorts = 1> <OutPorts = 1>

State 13 <SV = 12> <Delay = 2.05>
ST_13 : Operation 74 [29/30] (2.05ns)   --->   "%sqrtVals = dsqrt i64 @llvm.sqrt.f64, i64 %pca_m_pcVals_1_load" [C:\scratch\2023.2\hls_product\689\2023.2\src\shared\hls\clib\hlsmath\src\c++\sqrtdouble.cpp:8->C:/Vitis_Libraries/quantitative_finance/L1/tests/pca/../../../L1/include/xf_fintech\pca.hpp:343->dut.cpp:37]   --->   Operation 74 'dsqrt' 'sqrtVals' <Predicate = true> <Delay = 2.05> <CoreInst = "DSqrt">   --->   Core 52 'DSqrt' <Latency = 29> <II = 1> <Delay = 2.05> <FuncUnit> <Opcode : 'dsqrt'> <InPorts = 1> <OutPorts = 1>
ST_13 : Operation 75 [29/30] (2.05ns)   --->   "%sqrtVals_1 = dsqrt i64 @llvm.sqrt.f64, i64 %pca_m_pcVals_1_load_1" [C:\scratch\2023.2\hls_product\689\2023.2\src\shared\hls\clib\hlsmath\src\c++\sqrtdouble.cpp:8->C:/Vitis_Libraries/quantitative_finance/L1/tests/pca/../../../L1/include/xf_fintech\pca.hpp:343->dut.cpp:37]   --->   Operation 75 'dsqrt' 'sqrtVals_1' <Predicate = true> <Delay = 2.05> <CoreInst = "DSqrt">   --->   Core 52 'DSqrt' <Latency = 29> <II = 1> <Delay = 2.05> <FuncUnit> <Opcode : 'dsqrt'> <InPorts = 1> <OutPorts = 1>
ST_13 : Operation 76 [29/30] (2.05ns)   --->   "%sqrtVals_2 = dsqrt i64 @llvm.sqrt.f64, i64 %pca_m_pcVals_1_load_2" [C:\scratch\2023.2\hls_product\689\2023.2\src\shared\hls\clib\hlsmath\src\c++\sqrtdouble.cpp:8->C:/Vitis_Libraries/quantitative_finance/L1/tests/pca/../../../L1/include/xf_fintech\pca.hpp:343->dut.cpp:37]   --->   Operation 76 'dsqrt' 'sqrtVals_2' <Predicate = true> <Delay = 2.05> <CoreInst = "DSqrt">   --->   Core 52 'DSqrt' <Latency = 29> <II = 1> <Delay = 2.05> <FuncUnit> <Opcode : 'dsqrt'> <InPorts = 1> <OutPorts = 1>

State 14 <SV = 13> <Delay = 2.05>
ST_14 : Operation 77 [28/30] (2.05ns)   --->   "%sqrtVals = dsqrt i64 @llvm.sqrt.f64, i64 %pca_m_pcVals_1_load" [C:\scratch\2023.2\hls_product\689\2023.2\src\shared\hls\clib\hlsmath\src\c++\sqrtdouble.cpp:8->C:/Vitis_Libraries/quantitative_finance/L1/tests/pca/../../../L1/include/xf_fintech\pca.hpp:343->dut.cpp:37]   --->   Operation 77 'dsqrt' 'sqrtVals' <Predicate = true> <Delay = 2.05> <CoreInst = "DSqrt">   --->   Core 52 'DSqrt' <Latency = 29> <II = 1> <Delay = 2.05> <FuncUnit> <Opcode : 'dsqrt'> <InPorts = 1> <OutPorts = 1>
ST_14 : Operation 78 [28/30] (2.05ns)   --->   "%sqrtVals_1 = dsqrt i64 @llvm.sqrt.f64, i64 %pca_m_pcVals_1_load_1" [C:\scratch\2023.2\hls_product\689\2023.2\src\shared\hls\clib\hlsmath\src\c++\sqrtdouble.cpp:8->C:/Vitis_Libraries/quantitative_finance/L1/tests/pca/../../../L1/include/xf_fintech\pca.hpp:343->dut.cpp:37]   --->   Operation 78 'dsqrt' 'sqrtVals_1' <Predicate = true> <Delay = 2.05> <CoreInst = "DSqrt">   --->   Core 52 'DSqrt' <Latency = 29> <II = 1> <Delay = 2.05> <FuncUnit> <Opcode : 'dsqrt'> <InPorts = 1> <OutPorts = 1>
ST_14 : Operation 79 [28/30] (2.05ns)   --->   "%sqrtVals_2 = dsqrt i64 @llvm.sqrt.f64, i64 %pca_m_pcVals_1_load_2" [C:\scratch\2023.2\hls_product\689\2023.2\src\shared\hls\clib\hlsmath\src\c++\sqrtdouble.cpp:8->C:/Vitis_Libraries/quantitative_finance/L1/tests/pca/../../../L1/include/xf_fintech\pca.hpp:343->dut.cpp:37]   --->   Operation 79 'dsqrt' 'sqrtVals_2' <Predicate = true> <Delay = 2.05> <CoreInst = "DSqrt">   --->   Core 52 'DSqrt' <Latency = 29> <II = 1> <Delay = 2.05> <FuncUnit> <Opcode : 'dsqrt'> <InPorts = 1> <OutPorts = 1>

State 15 <SV = 14> <Delay = 2.05>
ST_15 : Operation 80 [27/30] (2.05ns)   --->   "%sqrtVals = dsqrt i64 @llvm.sqrt.f64, i64 %pca_m_pcVals_1_load" [C:\scratch\2023.2\hls_product\689\2023.2\src\shared\hls\clib\hlsmath\src\c++\sqrtdouble.cpp:8->C:/Vitis_Libraries/quantitative_finance/L1/tests/pca/../../../L1/include/xf_fintech\pca.hpp:343->dut.cpp:37]   --->   Operation 80 'dsqrt' 'sqrtVals' <Predicate = true> <Delay = 2.05> <CoreInst = "DSqrt">   --->   Core 52 'DSqrt' <Latency = 29> <II = 1> <Delay = 2.05> <FuncUnit> <Opcode : 'dsqrt'> <InPorts = 1> <OutPorts = 1>
ST_15 : Operation 81 [27/30] (2.05ns)   --->   "%sqrtVals_1 = dsqrt i64 @llvm.sqrt.f64, i64 %pca_m_pcVals_1_load_1" [C:\scratch\2023.2\hls_product\689\2023.2\src\shared\hls\clib\hlsmath\src\c++\sqrtdouble.cpp:8->C:/Vitis_Libraries/quantitative_finance/L1/tests/pca/../../../L1/include/xf_fintech\pca.hpp:343->dut.cpp:37]   --->   Operation 81 'dsqrt' 'sqrtVals_1' <Predicate = true> <Delay = 2.05> <CoreInst = "DSqrt">   --->   Core 52 'DSqrt' <Latency = 29> <II = 1> <Delay = 2.05> <FuncUnit> <Opcode : 'dsqrt'> <InPorts = 1> <OutPorts = 1>
ST_15 : Operation 82 [27/30] (2.05ns)   --->   "%sqrtVals_2 = dsqrt i64 @llvm.sqrt.f64, i64 %pca_m_pcVals_1_load_2" [C:\scratch\2023.2\hls_product\689\2023.2\src\shared\hls\clib\hlsmath\src\c++\sqrtdouble.cpp:8->C:/Vitis_Libraries/quantitative_finance/L1/tests/pca/../../../L1/include/xf_fintech\pca.hpp:343->dut.cpp:37]   --->   Operation 82 'dsqrt' 'sqrtVals_2' <Predicate = true> <Delay = 2.05> <CoreInst = "DSqrt">   --->   Core 52 'DSqrt' <Latency = 29> <II = 1> <Delay = 2.05> <FuncUnit> <Opcode : 'dsqrt'> <InPorts = 1> <OutPorts = 1>

State 16 <SV = 15> <Delay = 2.05>
ST_16 : Operation 83 [26/30] (2.05ns)   --->   "%sqrtVals = dsqrt i64 @llvm.sqrt.f64, i64 %pca_m_pcVals_1_load" [C:\scratch\2023.2\hls_product\689\2023.2\src\shared\hls\clib\hlsmath\src\c++\sqrtdouble.cpp:8->C:/Vitis_Libraries/quantitative_finance/L1/tests/pca/../../../L1/include/xf_fintech\pca.hpp:343->dut.cpp:37]   --->   Operation 83 'dsqrt' 'sqrtVals' <Predicate = true> <Delay = 2.05> <CoreInst = "DSqrt">   --->   Core 52 'DSqrt' <Latency = 29> <II = 1> <Delay = 2.05> <FuncUnit> <Opcode : 'dsqrt'> <InPorts = 1> <OutPorts = 1>
ST_16 : Operation 84 [26/30] (2.05ns)   --->   "%sqrtVals_1 = dsqrt i64 @llvm.sqrt.f64, i64 %pca_m_pcVals_1_load_1" [C:\scratch\2023.2\hls_product\689\2023.2\src\shared\hls\clib\hlsmath\src\c++\sqrtdouble.cpp:8->C:/Vitis_Libraries/quantitative_finance/L1/tests/pca/../../../L1/include/xf_fintech\pca.hpp:343->dut.cpp:37]   --->   Operation 84 'dsqrt' 'sqrtVals_1' <Predicate = true> <Delay = 2.05> <CoreInst = "DSqrt">   --->   Core 52 'DSqrt' <Latency = 29> <II = 1> <Delay = 2.05> <FuncUnit> <Opcode : 'dsqrt'> <InPorts = 1> <OutPorts = 1>
ST_16 : Operation 85 [26/30] (2.05ns)   --->   "%sqrtVals_2 = dsqrt i64 @llvm.sqrt.f64, i64 %pca_m_pcVals_1_load_2" [C:\scratch\2023.2\hls_product\689\2023.2\src\shared\hls\clib\hlsmath\src\c++\sqrtdouble.cpp:8->C:/Vitis_Libraries/quantitative_finance/L1/tests/pca/../../../L1/include/xf_fintech\pca.hpp:343->dut.cpp:37]   --->   Operation 85 'dsqrt' 'sqrtVals_2' <Predicate = true> <Delay = 2.05> <CoreInst = "DSqrt">   --->   Core 52 'DSqrt' <Latency = 29> <II = 1> <Delay = 2.05> <FuncUnit> <Opcode : 'dsqrt'> <InPorts = 1> <OutPorts = 1>

State 17 <SV = 16> <Delay = 2.05>
ST_17 : Operation 86 [25/30] (2.05ns)   --->   "%sqrtVals = dsqrt i64 @llvm.sqrt.f64, i64 %pca_m_pcVals_1_load" [C:\scratch\2023.2\hls_product\689\2023.2\src\shared\hls\clib\hlsmath\src\c++\sqrtdouble.cpp:8->C:/Vitis_Libraries/quantitative_finance/L1/tests/pca/../../../L1/include/xf_fintech\pca.hpp:343->dut.cpp:37]   --->   Operation 86 'dsqrt' 'sqrtVals' <Predicate = true> <Delay = 2.05> <CoreInst = "DSqrt">   --->   Core 52 'DSqrt' <Latency = 29> <II = 1> <Delay = 2.05> <FuncUnit> <Opcode : 'dsqrt'> <InPorts = 1> <OutPorts = 1>
ST_17 : Operation 87 [25/30] (2.05ns)   --->   "%sqrtVals_1 = dsqrt i64 @llvm.sqrt.f64, i64 %pca_m_pcVals_1_load_1" [C:\scratch\2023.2\hls_product\689\2023.2\src\shared\hls\clib\hlsmath\src\c++\sqrtdouble.cpp:8->C:/Vitis_Libraries/quantitative_finance/L1/tests/pca/../../../L1/include/xf_fintech\pca.hpp:343->dut.cpp:37]   --->   Operation 87 'dsqrt' 'sqrtVals_1' <Predicate = true> <Delay = 2.05> <CoreInst = "DSqrt">   --->   Core 52 'DSqrt' <Latency = 29> <II = 1> <Delay = 2.05> <FuncUnit> <Opcode : 'dsqrt'> <InPorts = 1> <OutPorts = 1>
ST_17 : Operation 88 [25/30] (2.05ns)   --->   "%sqrtVals_2 = dsqrt i64 @llvm.sqrt.f64, i64 %pca_m_pcVals_1_load_2" [C:\scratch\2023.2\hls_product\689\2023.2\src\shared\hls\clib\hlsmath\src\c++\sqrtdouble.cpp:8->C:/Vitis_Libraries/quantitative_finance/L1/tests/pca/../../../L1/include/xf_fintech\pca.hpp:343->dut.cpp:37]   --->   Operation 88 'dsqrt' 'sqrtVals_2' <Predicate = true> <Delay = 2.05> <CoreInst = "DSqrt">   --->   Core 52 'DSqrt' <Latency = 29> <II = 1> <Delay = 2.05> <FuncUnit> <Opcode : 'dsqrt'> <InPorts = 1> <OutPorts = 1>

State 18 <SV = 17> <Delay = 2.05>
ST_18 : Operation 89 [24/30] (2.05ns)   --->   "%sqrtVals = dsqrt i64 @llvm.sqrt.f64, i64 %pca_m_pcVals_1_load" [C:\scratch\2023.2\hls_product\689\2023.2\src\shared\hls\clib\hlsmath\src\c++\sqrtdouble.cpp:8->C:/Vitis_Libraries/quantitative_finance/L1/tests/pca/../../../L1/include/xf_fintech\pca.hpp:343->dut.cpp:37]   --->   Operation 89 'dsqrt' 'sqrtVals' <Predicate = true> <Delay = 2.05> <CoreInst = "DSqrt">   --->   Core 52 'DSqrt' <Latency = 29> <II = 1> <Delay = 2.05> <FuncUnit> <Opcode : 'dsqrt'> <InPorts = 1> <OutPorts = 1>
ST_18 : Operation 90 [24/30] (2.05ns)   --->   "%sqrtVals_1 = dsqrt i64 @llvm.sqrt.f64, i64 %pca_m_pcVals_1_load_1" [C:\scratch\2023.2\hls_product\689\2023.2\src\shared\hls\clib\hlsmath\src\c++\sqrtdouble.cpp:8->C:/Vitis_Libraries/quantitative_finance/L1/tests/pca/../../../L1/include/xf_fintech\pca.hpp:343->dut.cpp:37]   --->   Operation 90 'dsqrt' 'sqrtVals_1' <Predicate = true> <Delay = 2.05> <CoreInst = "DSqrt">   --->   Core 52 'DSqrt' <Latency = 29> <II = 1> <Delay = 2.05> <FuncUnit> <Opcode : 'dsqrt'> <InPorts = 1> <OutPorts = 1>
ST_18 : Operation 91 [24/30] (2.05ns)   --->   "%sqrtVals_2 = dsqrt i64 @llvm.sqrt.f64, i64 %pca_m_pcVals_1_load_2" [C:\scratch\2023.2\hls_product\689\2023.2\src\shared\hls\clib\hlsmath\src\c++\sqrtdouble.cpp:8->C:/Vitis_Libraries/quantitative_finance/L1/tests/pca/../../../L1/include/xf_fintech\pca.hpp:343->dut.cpp:37]   --->   Operation 91 'dsqrt' 'sqrtVals_2' <Predicate = true> <Delay = 2.05> <CoreInst = "DSqrt">   --->   Core 52 'DSqrt' <Latency = 29> <II = 1> <Delay = 2.05> <FuncUnit> <Opcode : 'dsqrt'> <InPorts = 1> <OutPorts = 1>

State 19 <SV = 18> <Delay = 2.05>
ST_19 : Operation 92 [23/30] (2.05ns)   --->   "%sqrtVals = dsqrt i64 @llvm.sqrt.f64, i64 %pca_m_pcVals_1_load" [C:\scratch\2023.2\hls_product\689\2023.2\src\shared\hls\clib\hlsmath\src\c++\sqrtdouble.cpp:8->C:/Vitis_Libraries/quantitative_finance/L1/tests/pca/../../../L1/include/xf_fintech\pca.hpp:343->dut.cpp:37]   --->   Operation 92 'dsqrt' 'sqrtVals' <Predicate = true> <Delay = 2.05> <CoreInst = "DSqrt">   --->   Core 52 'DSqrt' <Latency = 29> <II = 1> <Delay = 2.05> <FuncUnit> <Opcode : 'dsqrt'> <InPorts = 1> <OutPorts = 1>
ST_19 : Operation 93 [23/30] (2.05ns)   --->   "%sqrtVals_1 = dsqrt i64 @llvm.sqrt.f64, i64 %pca_m_pcVals_1_load_1" [C:\scratch\2023.2\hls_product\689\2023.2\src\shared\hls\clib\hlsmath\src\c++\sqrtdouble.cpp:8->C:/Vitis_Libraries/quantitative_finance/L1/tests/pca/../../../L1/include/xf_fintech\pca.hpp:343->dut.cpp:37]   --->   Operation 93 'dsqrt' 'sqrtVals_1' <Predicate = true> <Delay = 2.05> <CoreInst = "DSqrt">   --->   Core 52 'DSqrt' <Latency = 29> <II = 1> <Delay = 2.05> <FuncUnit> <Opcode : 'dsqrt'> <InPorts = 1> <OutPorts = 1>
ST_19 : Operation 94 [23/30] (2.05ns)   --->   "%sqrtVals_2 = dsqrt i64 @llvm.sqrt.f64, i64 %pca_m_pcVals_1_load_2" [C:\scratch\2023.2\hls_product\689\2023.2\src\shared\hls\clib\hlsmath\src\c++\sqrtdouble.cpp:8->C:/Vitis_Libraries/quantitative_finance/L1/tests/pca/../../../L1/include/xf_fintech\pca.hpp:343->dut.cpp:37]   --->   Operation 94 'dsqrt' 'sqrtVals_2' <Predicate = true> <Delay = 2.05> <CoreInst = "DSqrt">   --->   Core 52 'DSqrt' <Latency = 29> <II = 1> <Delay = 2.05> <FuncUnit> <Opcode : 'dsqrt'> <InPorts = 1> <OutPorts = 1>

State 20 <SV = 19> <Delay = 2.05>
ST_20 : Operation 95 [22/30] (2.05ns)   --->   "%sqrtVals = dsqrt i64 @llvm.sqrt.f64, i64 %pca_m_pcVals_1_load" [C:\scratch\2023.2\hls_product\689\2023.2\src\shared\hls\clib\hlsmath\src\c++\sqrtdouble.cpp:8->C:/Vitis_Libraries/quantitative_finance/L1/tests/pca/../../../L1/include/xf_fintech\pca.hpp:343->dut.cpp:37]   --->   Operation 95 'dsqrt' 'sqrtVals' <Predicate = true> <Delay = 2.05> <CoreInst = "DSqrt">   --->   Core 52 'DSqrt' <Latency = 29> <II = 1> <Delay = 2.05> <FuncUnit> <Opcode : 'dsqrt'> <InPorts = 1> <OutPorts = 1>
ST_20 : Operation 96 [22/30] (2.05ns)   --->   "%sqrtVals_1 = dsqrt i64 @llvm.sqrt.f64, i64 %pca_m_pcVals_1_load_1" [C:\scratch\2023.2\hls_product\689\2023.2\src\shared\hls\clib\hlsmath\src\c++\sqrtdouble.cpp:8->C:/Vitis_Libraries/quantitative_finance/L1/tests/pca/../../../L1/include/xf_fintech\pca.hpp:343->dut.cpp:37]   --->   Operation 96 'dsqrt' 'sqrtVals_1' <Predicate = true> <Delay = 2.05> <CoreInst = "DSqrt">   --->   Core 52 'DSqrt' <Latency = 29> <II = 1> <Delay = 2.05> <FuncUnit> <Opcode : 'dsqrt'> <InPorts = 1> <OutPorts = 1>
ST_20 : Operation 97 [22/30] (2.05ns)   --->   "%sqrtVals_2 = dsqrt i64 @llvm.sqrt.f64, i64 %pca_m_pcVals_1_load_2" [C:\scratch\2023.2\hls_product\689\2023.2\src\shared\hls\clib\hlsmath\src\c++\sqrtdouble.cpp:8->C:/Vitis_Libraries/quantitative_finance/L1/tests/pca/../../../L1/include/xf_fintech\pca.hpp:343->dut.cpp:37]   --->   Operation 97 'dsqrt' 'sqrtVals_2' <Predicate = true> <Delay = 2.05> <CoreInst = "DSqrt">   --->   Core 52 'DSqrt' <Latency = 29> <II = 1> <Delay = 2.05> <FuncUnit> <Opcode : 'dsqrt'> <InPorts = 1> <OutPorts = 1>

State 21 <SV = 20> <Delay = 2.05>
ST_21 : Operation 98 [21/30] (2.05ns)   --->   "%sqrtVals = dsqrt i64 @llvm.sqrt.f64, i64 %pca_m_pcVals_1_load" [C:\scratch\2023.2\hls_product\689\2023.2\src\shared\hls\clib\hlsmath\src\c++\sqrtdouble.cpp:8->C:/Vitis_Libraries/quantitative_finance/L1/tests/pca/../../../L1/include/xf_fintech\pca.hpp:343->dut.cpp:37]   --->   Operation 98 'dsqrt' 'sqrtVals' <Predicate = true> <Delay = 2.05> <CoreInst = "DSqrt">   --->   Core 52 'DSqrt' <Latency = 29> <II = 1> <Delay = 2.05> <FuncUnit> <Opcode : 'dsqrt'> <InPorts = 1> <OutPorts = 1>
ST_21 : Operation 99 [21/30] (2.05ns)   --->   "%sqrtVals_1 = dsqrt i64 @llvm.sqrt.f64, i64 %pca_m_pcVals_1_load_1" [C:\scratch\2023.2\hls_product\689\2023.2\src\shared\hls\clib\hlsmath\src\c++\sqrtdouble.cpp:8->C:/Vitis_Libraries/quantitative_finance/L1/tests/pca/../../../L1/include/xf_fintech\pca.hpp:343->dut.cpp:37]   --->   Operation 99 'dsqrt' 'sqrtVals_1' <Predicate = true> <Delay = 2.05> <CoreInst = "DSqrt">   --->   Core 52 'DSqrt' <Latency = 29> <II = 1> <Delay = 2.05> <FuncUnit> <Opcode : 'dsqrt'> <InPorts = 1> <OutPorts = 1>
ST_21 : Operation 100 [21/30] (2.05ns)   --->   "%sqrtVals_2 = dsqrt i64 @llvm.sqrt.f64, i64 %pca_m_pcVals_1_load_2" [C:\scratch\2023.2\hls_product\689\2023.2\src\shared\hls\clib\hlsmath\src\c++\sqrtdouble.cpp:8->C:/Vitis_Libraries/quantitative_finance/L1/tests/pca/../../../L1/include/xf_fintech\pca.hpp:343->dut.cpp:37]   --->   Operation 100 'dsqrt' 'sqrtVals_2' <Predicate = true> <Delay = 2.05> <CoreInst = "DSqrt">   --->   Core 52 'DSqrt' <Latency = 29> <II = 1> <Delay = 2.05> <FuncUnit> <Opcode : 'dsqrt'> <InPorts = 1> <OutPorts = 1>

State 22 <SV = 21> <Delay = 2.05>
ST_22 : Operation 101 [20/30] (2.05ns)   --->   "%sqrtVals = dsqrt i64 @llvm.sqrt.f64, i64 %pca_m_pcVals_1_load" [C:\scratch\2023.2\hls_product\689\2023.2\src\shared\hls\clib\hlsmath\src\c++\sqrtdouble.cpp:8->C:/Vitis_Libraries/quantitative_finance/L1/tests/pca/../../../L1/include/xf_fintech\pca.hpp:343->dut.cpp:37]   --->   Operation 101 'dsqrt' 'sqrtVals' <Predicate = true> <Delay = 2.05> <CoreInst = "DSqrt">   --->   Core 52 'DSqrt' <Latency = 29> <II = 1> <Delay = 2.05> <FuncUnit> <Opcode : 'dsqrt'> <InPorts = 1> <OutPorts = 1>
ST_22 : Operation 102 [20/30] (2.05ns)   --->   "%sqrtVals_1 = dsqrt i64 @llvm.sqrt.f64, i64 %pca_m_pcVals_1_load_1" [C:\scratch\2023.2\hls_product\689\2023.2\src\shared\hls\clib\hlsmath\src\c++\sqrtdouble.cpp:8->C:/Vitis_Libraries/quantitative_finance/L1/tests/pca/../../../L1/include/xf_fintech\pca.hpp:343->dut.cpp:37]   --->   Operation 102 'dsqrt' 'sqrtVals_1' <Predicate = true> <Delay = 2.05> <CoreInst = "DSqrt">   --->   Core 52 'DSqrt' <Latency = 29> <II = 1> <Delay = 2.05> <FuncUnit> <Opcode : 'dsqrt'> <InPorts = 1> <OutPorts = 1>
ST_22 : Operation 103 [20/30] (2.05ns)   --->   "%sqrtVals_2 = dsqrt i64 @llvm.sqrt.f64, i64 %pca_m_pcVals_1_load_2" [C:\scratch\2023.2\hls_product\689\2023.2\src\shared\hls\clib\hlsmath\src\c++\sqrtdouble.cpp:8->C:/Vitis_Libraries/quantitative_finance/L1/tests/pca/../../../L1/include/xf_fintech\pca.hpp:343->dut.cpp:37]   --->   Operation 103 'dsqrt' 'sqrtVals_2' <Predicate = true> <Delay = 2.05> <CoreInst = "DSqrt">   --->   Core 52 'DSqrt' <Latency = 29> <II = 1> <Delay = 2.05> <FuncUnit> <Opcode : 'dsqrt'> <InPorts = 1> <OutPorts = 1>

State 23 <SV = 22> <Delay = 2.05>
ST_23 : Operation 104 [19/30] (2.05ns)   --->   "%sqrtVals = dsqrt i64 @llvm.sqrt.f64, i64 %pca_m_pcVals_1_load" [C:\scratch\2023.2\hls_product\689\2023.2\src\shared\hls\clib\hlsmath\src\c++\sqrtdouble.cpp:8->C:/Vitis_Libraries/quantitative_finance/L1/tests/pca/../../../L1/include/xf_fintech\pca.hpp:343->dut.cpp:37]   --->   Operation 104 'dsqrt' 'sqrtVals' <Predicate = true> <Delay = 2.05> <CoreInst = "DSqrt">   --->   Core 52 'DSqrt' <Latency = 29> <II = 1> <Delay = 2.05> <FuncUnit> <Opcode : 'dsqrt'> <InPorts = 1> <OutPorts = 1>
ST_23 : Operation 105 [19/30] (2.05ns)   --->   "%sqrtVals_1 = dsqrt i64 @llvm.sqrt.f64, i64 %pca_m_pcVals_1_load_1" [C:\scratch\2023.2\hls_product\689\2023.2\src\shared\hls\clib\hlsmath\src\c++\sqrtdouble.cpp:8->C:/Vitis_Libraries/quantitative_finance/L1/tests/pca/../../../L1/include/xf_fintech\pca.hpp:343->dut.cpp:37]   --->   Operation 105 'dsqrt' 'sqrtVals_1' <Predicate = true> <Delay = 2.05> <CoreInst = "DSqrt">   --->   Core 52 'DSqrt' <Latency = 29> <II = 1> <Delay = 2.05> <FuncUnit> <Opcode : 'dsqrt'> <InPorts = 1> <OutPorts = 1>
ST_23 : Operation 106 [19/30] (2.05ns)   --->   "%sqrtVals_2 = dsqrt i64 @llvm.sqrt.f64, i64 %pca_m_pcVals_1_load_2" [C:\scratch\2023.2\hls_product\689\2023.2\src\shared\hls\clib\hlsmath\src\c++\sqrtdouble.cpp:8->C:/Vitis_Libraries/quantitative_finance/L1/tests/pca/../../../L1/include/xf_fintech\pca.hpp:343->dut.cpp:37]   --->   Operation 106 'dsqrt' 'sqrtVals_2' <Predicate = true> <Delay = 2.05> <CoreInst = "DSqrt">   --->   Core 52 'DSqrt' <Latency = 29> <II = 1> <Delay = 2.05> <FuncUnit> <Opcode : 'dsqrt'> <InPorts = 1> <OutPorts = 1>

State 24 <SV = 23> <Delay = 2.05>
ST_24 : Operation 107 [18/30] (2.05ns)   --->   "%sqrtVals = dsqrt i64 @llvm.sqrt.f64, i64 %pca_m_pcVals_1_load" [C:\scratch\2023.2\hls_product\689\2023.2\src\shared\hls\clib\hlsmath\src\c++\sqrtdouble.cpp:8->C:/Vitis_Libraries/quantitative_finance/L1/tests/pca/../../../L1/include/xf_fintech\pca.hpp:343->dut.cpp:37]   --->   Operation 107 'dsqrt' 'sqrtVals' <Predicate = true> <Delay = 2.05> <CoreInst = "DSqrt">   --->   Core 52 'DSqrt' <Latency = 29> <II = 1> <Delay = 2.05> <FuncUnit> <Opcode : 'dsqrt'> <InPorts = 1> <OutPorts = 1>
ST_24 : Operation 108 [18/30] (2.05ns)   --->   "%sqrtVals_1 = dsqrt i64 @llvm.sqrt.f64, i64 %pca_m_pcVals_1_load_1" [C:\scratch\2023.2\hls_product\689\2023.2\src\shared\hls\clib\hlsmath\src\c++\sqrtdouble.cpp:8->C:/Vitis_Libraries/quantitative_finance/L1/tests/pca/../../../L1/include/xf_fintech\pca.hpp:343->dut.cpp:37]   --->   Operation 108 'dsqrt' 'sqrtVals_1' <Predicate = true> <Delay = 2.05> <CoreInst = "DSqrt">   --->   Core 52 'DSqrt' <Latency = 29> <II = 1> <Delay = 2.05> <FuncUnit> <Opcode : 'dsqrt'> <InPorts = 1> <OutPorts = 1>
ST_24 : Operation 109 [18/30] (2.05ns)   --->   "%sqrtVals_2 = dsqrt i64 @llvm.sqrt.f64, i64 %pca_m_pcVals_1_load_2" [C:\scratch\2023.2\hls_product\689\2023.2\src\shared\hls\clib\hlsmath\src\c++\sqrtdouble.cpp:8->C:/Vitis_Libraries/quantitative_finance/L1/tests/pca/../../../L1/include/xf_fintech\pca.hpp:343->dut.cpp:37]   --->   Operation 109 'dsqrt' 'sqrtVals_2' <Predicate = true> <Delay = 2.05> <CoreInst = "DSqrt">   --->   Core 52 'DSqrt' <Latency = 29> <II = 1> <Delay = 2.05> <FuncUnit> <Opcode : 'dsqrt'> <InPorts = 1> <OutPorts = 1>

State 25 <SV = 24> <Delay = 2.05>
ST_25 : Operation 110 [17/30] (2.05ns)   --->   "%sqrtVals = dsqrt i64 @llvm.sqrt.f64, i64 %pca_m_pcVals_1_load" [C:\scratch\2023.2\hls_product\689\2023.2\src\shared\hls\clib\hlsmath\src\c++\sqrtdouble.cpp:8->C:/Vitis_Libraries/quantitative_finance/L1/tests/pca/../../../L1/include/xf_fintech\pca.hpp:343->dut.cpp:37]   --->   Operation 110 'dsqrt' 'sqrtVals' <Predicate = true> <Delay = 2.05> <CoreInst = "DSqrt">   --->   Core 52 'DSqrt' <Latency = 29> <II = 1> <Delay = 2.05> <FuncUnit> <Opcode : 'dsqrt'> <InPorts = 1> <OutPorts = 1>
ST_25 : Operation 111 [17/30] (2.05ns)   --->   "%sqrtVals_1 = dsqrt i64 @llvm.sqrt.f64, i64 %pca_m_pcVals_1_load_1" [C:\scratch\2023.2\hls_product\689\2023.2\src\shared\hls\clib\hlsmath\src\c++\sqrtdouble.cpp:8->C:/Vitis_Libraries/quantitative_finance/L1/tests/pca/../../../L1/include/xf_fintech\pca.hpp:343->dut.cpp:37]   --->   Operation 111 'dsqrt' 'sqrtVals_1' <Predicate = true> <Delay = 2.05> <CoreInst = "DSqrt">   --->   Core 52 'DSqrt' <Latency = 29> <II = 1> <Delay = 2.05> <FuncUnit> <Opcode : 'dsqrt'> <InPorts = 1> <OutPorts = 1>
ST_25 : Operation 112 [17/30] (2.05ns)   --->   "%sqrtVals_2 = dsqrt i64 @llvm.sqrt.f64, i64 %pca_m_pcVals_1_load_2" [C:\scratch\2023.2\hls_product\689\2023.2\src\shared\hls\clib\hlsmath\src\c++\sqrtdouble.cpp:8->C:/Vitis_Libraries/quantitative_finance/L1/tests/pca/../../../L1/include/xf_fintech\pca.hpp:343->dut.cpp:37]   --->   Operation 112 'dsqrt' 'sqrtVals_2' <Predicate = true> <Delay = 2.05> <CoreInst = "DSqrt">   --->   Core 52 'DSqrt' <Latency = 29> <II = 1> <Delay = 2.05> <FuncUnit> <Opcode : 'dsqrt'> <InPorts = 1> <OutPorts = 1>

State 26 <SV = 25> <Delay = 2.05>
ST_26 : Operation 113 [16/30] (2.05ns)   --->   "%sqrtVals = dsqrt i64 @llvm.sqrt.f64, i64 %pca_m_pcVals_1_load" [C:\scratch\2023.2\hls_product\689\2023.2\src\shared\hls\clib\hlsmath\src\c++\sqrtdouble.cpp:8->C:/Vitis_Libraries/quantitative_finance/L1/tests/pca/../../../L1/include/xf_fintech\pca.hpp:343->dut.cpp:37]   --->   Operation 113 'dsqrt' 'sqrtVals' <Predicate = true> <Delay = 2.05> <CoreInst = "DSqrt">   --->   Core 52 'DSqrt' <Latency = 29> <II = 1> <Delay = 2.05> <FuncUnit> <Opcode : 'dsqrt'> <InPorts = 1> <OutPorts = 1>
ST_26 : Operation 114 [16/30] (2.05ns)   --->   "%sqrtVals_1 = dsqrt i64 @llvm.sqrt.f64, i64 %pca_m_pcVals_1_load_1" [C:\scratch\2023.2\hls_product\689\2023.2\src\shared\hls\clib\hlsmath\src\c++\sqrtdouble.cpp:8->C:/Vitis_Libraries/quantitative_finance/L1/tests/pca/../../../L1/include/xf_fintech\pca.hpp:343->dut.cpp:37]   --->   Operation 114 'dsqrt' 'sqrtVals_1' <Predicate = true> <Delay = 2.05> <CoreInst = "DSqrt">   --->   Core 52 'DSqrt' <Latency = 29> <II = 1> <Delay = 2.05> <FuncUnit> <Opcode : 'dsqrt'> <InPorts = 1> <OutPorts = 1>
ST_26 : Operation 115 [16/30] (2.05ns)   --->   "%sqrtVals_2 = dsqrt i64 @llvm.sqrt.f64, i64 %pca_m_pcVals_1_load_2" [C:\scratch\2023.2\hls_product\689\2023.2\src\shared\hls\clib\hlsmath\src\c++\sqrtdouble.cpp:8->C:/Vitis_Libraries/quantitative_finance/L1/tests/pca/../../../L1/include/xf_fintech\pca.hpp:343->dut.cpp:37]   --->   Operation 115 'dsqrt' 'sqrtVals_2' <Predicate = true> <Delay = 2.05> <CoreInst = "DSqrt">   --->   Core 52 'DSqrt' <Latency = 29> <II = 1> <Delay = 2.05> <FuncUnit> <Opcode : 'dsqrt'> <InPorts = 1> <OutPorts = 1>

State 27 <SV = 26> <Delay = 2.05>
ST_27 : Operation 116 [15/30] (2.05ns)   --->   "%sqrtVals = dsqrt i64 @llvm.sqrt.f64, i64 %pca_m_pcVals_1_load" [C:\scratch\2023.2\hls_product\689\2023.2\src\shared\hls\clib\hlsmath\src\c++\sqrtdouble.cpp:8->C:/Vitis_Libraries/quantitative_finance/L1/tests/pca/../../../L1/include/xf_fintech\pca.hpp:343->dut.cpp:37]   --->   Operation 116 'dsqrt' 'sqrtVals' <Predicate = true> <Delay = 2.05> <CoreInst = "DSqrt">   --->   Core 52 'DSqrt' <Latency = 29> <II = 1> <Delay = 2.05> <FuncUnit> <Opcode : 'dsqrt'> <InPorts = 1> <OutPorts = 1>
ST_27 : Operation 117 [15/30] (2.05ns)   --->   "%sqrtVals_1 = dsqrt i64 @llvm.sqrt.f64, i64 %pca_m_pcVals_1_load_1" [C:\scratch\2023.2\hls_product\689\2023.2\src\shared\hls\clib\hlsmath\src\c++\sqrtdouble.cpp:8->C:/Vitis_Libraries/quantitative_finance/L1/tests/pca/../../../L1/include/xf_fintech\pca.hpp:343->dut.cpp:37]   --->   Operation 117 'dsqrt' 'sqrtVals_1' <Predicate = true> <Delay = 2.05> <CoreInst = "DSqrt">   --->   Core 52 'DSqrt' <Latency = 29> <II = 1> <Delay = 2.05> <FuncUnit> <Opcode : 'dsqrt'> <InPorts = 1> <OutPorts = 1>
ST_27 : Operation 118 [15/30] (2.05ns)   --->   "%sqrtVals_2 = dsqrt i64 @llvm.sqrt.f64, i64 %pca_m_pcVals_1_load_2" [C:\scratch\2023.2\hls_product\689\2023.2\src\shared\hls\clib\hlsmath\src\c++\sqrtdouble.cpp:8->C:/Vitis_Libraries/quantitative_finance/L1/tests/pca/../../../L1/include/xf_fintech\pca.hpp:343->dut.cpp:37]   --->   Operation 118 'dsqrt' 'sqrtVals_2' <Predicate = true> <Delay = 2.05> <CoreInst = "DSqrt">   --->   Core 52 'DSqrt' <Latency = 29> <II = 1> <Delay = 2.05> <FuncUnit> <Opcode : 'dsqrt'> <InPorts = 1> <OutPorts = 1>

State 28 <SV = 27> <Delay = 2.05>
ST_28 : Operation 119 [14/30] (2.05ns)   --->   "%sqrtVals = dsqrt i64 @llvm.sqrt.f64, i64 %pca_m_pcVals_1_load" [C:\scratch\2023.2\hls_product\689\2023.2\src\shared\hls\clib\hlsmath\src\c++\sqrtdouble.cpp:8->C:/Vitis_Libraries/quantitative_finance/L1/tests/pca/../../../L1/include/xf_fintech\pca.hpp:343->dut.cpp:37]   --->   Operation 119 'dsqrt' 'sqrtVals' <Predicate = true> <Delay = 2.05> <CoreInst = "DSqrt">   --->   Core 52 'DSqrt' <Latency = 29> <II = 1> <Delay = 2.05> <FuncUnit> <Opcode : 'dsqrt'> <InPorts = 1> <OutPorts = 1>
ST_28 : Operation 120 [14/30] (2.05ns)   --->   "%sqrtVals_1 = dsqrt i64 @llvm.sqrt.f64, i64 %pca_m_pcVals_1_load_1" [C:\scratch\2023.2\hls_product\689\2023.2\src\shared\hls\clib\hlsmath\src\c++\sqrtdouble.cpp:8->C:/Vitis_Libraries/quantitative_finance/L1/tests/pca/../../../L1/include/xf_fintech\pca.hpp:343->dut.cpp:37]   --->   Operation 120 'dsqrt' 'sqrtVals_1' <Predicate = true> <Delay = 2.05> <CoreInst = "DSqrt">   --->   Core 52 'DSqrt' <Latency = 29> <II = 1> <Delay = 2.05> <FuncUnit> <Opcode : 'dsqrt'> <InPorts = 1> <OutPorts = 1>
ST_28 : Operation 121 [14/30] (2.05ns)   --->   "%sqrtVals_2 = dsqrt i64 @llvm.sqrt.f64, i64 %pca_m_pcVals_1_load_2" [C:\scratch\2023.2\hls_product\689\2023.2\src\shared\hls\clib\hlsmath\src\c++\sqrtdouble.cpp:8->C:/Vitis_Libraries/quantitative_finance/L1/tests/pca/../../../L1/include/xf_fintech\pca.hpp:343->dut.cpp:37]   --->   Operation 121 'dsqrt' 'sqrtVals_2' <Predicate = true> <Delay = 2.05> <CoreInst = "DSqrt">   --->   Core 52 'DSqrt' <Latency = 29> <II = 1> <Delay = 2.05> <FuncUnit> <Opcode : 'dsqrt'> <InPorts = 1> <OutPorts = 1>

State 29 <SV = 28> <Delay = 2.05>
ST_29 : Operation 122 [13/30] (2.05ns)   --->   "%sqrtVals = dsqrt i64 @llvm.sqrt.f64, i64 %pca_m_pcVals_1_load" [C:\scratch\2023.2\hls_product\689\2023.2\src\shared\hls\clib\hlsmath\src\c++\sqrtdouble.cpp:8->C:/Vitis_Libraries/quantitative_finance/L1/tests/pca/../../../L1/include/xf_fintech\pca.hpp:343->dut.cpp:37]   --->   Operation 122 'dsqrt' 'sqrtVals' <Predicate = true> <Delay = 2.05> <CoreInst = "DSqrt">   --->   Core 52 'DSqrt' <Latency = 29> <II = 1> <Delay = 2.05> <FuncUnit> <Opcode : 'dsqrt'> <InPorts = 1> <OutPorts = 1>
ST_29 : Operation 123 [13/30] (2.05ns)   --->   "%sqrtVals_1 = dsqrt i64 @llvm.sqrt.f64, i64 %pca_m_pcVals_1_load_1" [C:\scratch\2023.2\hls_product\689\2023.2\src\shared\hls\clib\hlsmath\src\c++\sqrtdouble.cpp:8->C:/Vitis_Libraries/quantitative_finance/L1/tests/pca/../../../L1/include/xf_fintech\pca.hpp:343->dut.cpp:37]   --->   Operation 123 'dsqrt' 'sqrtVals_1' <Predicate = true> <Delay = 2.05> <CoreInst = "DSqrt">   --->   Core 52 'DSqrt' <Latency = 29> <II = 1> <Delay = 2.05> <FuncUnit> <Opcode : 'dsqrt'> <InPorts = 1> <OutPorts = 1>
ST_29 : Operation 124 [13/30] (2.05ns)   --->   "%sqrtVals_2 = dsqrt i64 @llvm.sqrt.f64, i64 %pca_m_pcVals_1_load_2" [C:\scratch\2023.2\hls_product\689\2023.2\src\shared\hls\clib\hlsmath\src\c++\sqrtdouble.cpp:8->C:/Vitis_Libraries/quantitative_finance/L1/tests/pca/../../../L1/include/xf_fintech\pca.hpp:343->dut.cpp:37]   --->   Operation 124 'dsqrt' 'sqrtVals_2' <Predicate = true> <Delay = 2.05> <CoreInst = "DSqrt">   --->   Core 52 'DSqrt' <Latency = 29> <II = 1> <Delay = 2.05> <FuncUnit> <Opcode : 'dsqrt'> <InPorts = 1> <OutPorts = 1>

State 30 <SV = 29> <Delay = 2.05>
ST_30 : Operation 125 [12/30] (2.05ns)   --->   "%sqrtVals = dsqrt i64 @llvm.sqrt.f64, i64 %pca_m_pcVals_1_load" [C:\scratch\2023.2\hls_product\689\2023.2\src\shared\hls\clib\hlsmath\src\c++\sqrtdouble.cpp:8->C:/Vitis_Libraries/quantitative_finance/L1/tests/pca/../../../L1/include/xf_fintech\pca.hpp:343->dut.cpp:37]   --->   Operation 125 'dsqrt' 'sqrtVals' <Predicate = true> <Delay = 2.05> <CoreInst = "DSqrt">   --->   Core 52 'DSqrt' <Latency = 29> <II = 1> <Delay = 2.05> <FuncUnit> <Opcode : 'dsqrt'> <InPorts = 1> <OutPorts = 1>
ST_30 : Operation 126 [12/30] (2.05ns)   --->   "%sqrtVals_1 = dsqrt i64 @llvm.sqrt.f64, i64 %pca_m_pcVals_1_load_1" [C:\scratch\2023.2\hls_product\689\2023.2\src\shared\hls\clib\hlsmath\src\c++\sqrtdouble.cpp:8->C:/Vitis_Libraries/quantitative_finance/L1/tests/pca/../../../L1/include/xf_fintech\pca.hpp:343->dut.cpp:37]   --->   Operation 126 'dsqrt' 'sqrtVals_1' <Predicate = true> <Delay = 2.05> <CoreInst = "DSqrt">   --->   Core 52 'DSqrt' <Latency = 29> <II = 1> <Delay = 2.05> <FuncUnit> <Opcode : 'dsqrt'> <InPorts = 1> <OutPorts = 1>
ST_30 : Operation 127 [12/30] (2.05ns)   --->   "%sqrtVals_2 = dsqrt i64 @llvm.sqrt.f64, i64 %pca_m_pcVals_1_load_2" [C:\scratch\2023.2\hls_product\689\2023.2\src\shared\hls\clib\hlsmath\src\c++\sqrtdouble.cpp:8->C:/Vitis_Libraries/quantitative_finance/L1/tests/pca/../../../L1/include/xf_fintech\pca.hpp:343->dut.cpp:37]   --->   Operation 127 'dsqrt' 'sqrtVals_2' <Predicate = true> <Delay = 2.05> <CoreInst = "DSqrt">   --->   Core 52 'DSqrt' <Latency = 29> <II = 1> <Delay = 2.05> <FuncUnit> <Opcode : 'dsqrt'> <InPorts = 1> <OutPorts = 1>

State 31 <SV = 30> <Delay = 2.05>
ST_31 : Operation 128 [11/30] (2.05ns)   --->   "%sqrtVals = dsqrt i64 @llvm.sqrt.f64, i64 %pca_m_pcVals_1_load" [C:\scratch\2023.2\hls_product\689\2023.2\src\shared\hls\clib\hlsmath\src\c++\sqrtdouble.cpp:8->C:/Vitis_Libraries/quantitative_finance/L1/tests/pca/../../../L1/include/xf_fintech\pca.hpp:343->dut.cpp:37]   --->   Operation 128 'dsqrt' 'sqrtVals' <Predicate = true> <Delay = 2.05> <CoreInst = "DSqrt">   --->   Core 52 'DSqrt' <Latency = 29> <II = 1> <Delay = 2.05> <FuncUnit> <Opcode : 'dsqrt'> <InPorts = 1> <OutPorts = 1>
ST_31 : Operation 129 [11/30] (2.05ns)   --->   "%sqrtVals_1 = dsqrt i64 @llvm.sqrt.f64, i64 %pca_m_pcVals_1_load_1" [C:\scratch\2023.2\hls_product\689\2023.2\src\shared\hls\clib\hlsmath\src\c++\sqrtdouble.cpp:8->C:/Vitis_Libraries/quantitative_finance/L1/tests/pca/../../../L1/include/xf_fintech\pca.hpp:343->dut.cpp:37]   --->   Operation 129 'dsqrt' 'sqrtVals_1' <Predicate = true> <Delay = 2.05> <CoreInst = "DSqrt">   --->   Core 52 'DSqrt' <Latency = 29> <II = 1> <Delay = 2.05> <FuncUnit> <Opcode : 'dsqrt'> <InPorts = 1> <OutPorts = 1>
ST_31 : Operation 130 [11/30] (2.05ns)   --->   "%sqrtVals_2 = dsqrt i64 @llvm.sqrt.f64, i64 %pca_m_pcVals_1_load_2" [C:\scratch\2023.2\hls_product\689\2023.2\src\shared\hls\clib\hlsmath\src\c++\sqrtdouble.cpp:8->C:/Vitis_Libraries/quantitative_finance/L1/tests/pca/../../../L1/include/xf_fintech\pca.hpp:343->dut.cpp:37]   --->   Operation 130 'dsqrt' 'sqrtVals_2' <Predicate = true> <Delay = 2.05> <CoreInst = "DSqrt">   --->   Core 52 'DSqrt' <Latency = 29> <II = 1> <Delay = 2.05> <FuncUnit> <Opcode : 'dsqrt'> <InPorts = 1> <OutPorts = 1>

State 32 <SV = 31> <Delay = 2.05>
ST_32 : Operation 131 [10/30] (2.05ns)   --->   "%sqrtVals = dsqrt i64 @llvm.sqrt.f64, i64 %pca_m_pcVals_1_load" [C:\scratch\2023.2\hls_product\689\2023.2\src\shared\hls\clib\hlsmath\src\c++\sqrtdouble.cpp:8->C:/Vitis_Libraries/quantitative_finance/L1/tests/pca/../../../L1/include/xf_fintech\pca.hpp:343->dut.cpp:37]   --->   Operation 131 'dsqrt' 'sqrtVals' <Predicate = true> <Delay = 2.05> <CoreInst = "DSqrt">   --->   Core 52 'DSqrt' <Latency = 29> <II = 1> <Delay = 2.05> <FuncUnit> <Opcode : 'dsqrt'> <InPorts = 1> <OutPorts = 1>
ST_32 : Operation 132 [10/30] (2.05ns)   --->   "%sqrtVals_1 = dsqrt i64 @llvm.sqrt.f64, i64 %pca_m_pcVals_1_load_1" [C:\scratch\2023.2\hls_product\689\2023.2\src\shared\hls\clib\hlsmath\src\c++\sqrtdouble.cpp:8->C:/Vitis_Libraries/quantitative_finance/L1/tests/pca/../../../L1/include/xf_fintech\pca.hpp:343->dut.cpp:37]   --->   Operation 132 'dsqrt' 'sqrtVals_1' <Predicate = true> <Delay = 2.05> <CoreInst = "DSqrt">   --->   Core 52 'DSqrt' <Latency = 29> <II = 1> <Delay = 2.05> <FuncUnit> <Opcode : 'dsqrt'> <InPorts = 1> <OutPorts = 1>
ST_32 : Operation 133 [10/30] (2.05ns)   --->   "%sqrtVals_2 = dsqrt i64 @llvm.sqrt.f64, i64 %pca_m_pcVals_1_load_2" [C:\scratch\2023.2\hls_product\689\2023.2\src\shared\hls\clib\hlsmath\src\c++\sqrtdouble.cpp:8->C:/Vitis_Libraries/quantitative_finance/L1/tests/pca/../../../L1/include/xf_fintech\pca.hpp:343->dut.cpp:37]   --->   Operation 133 'dsqrt' 'sqrtVals_2' <Predicate = true> <Delay = 2.05> <CoreInst = "DSqrt">   --->   Core 52 'DSqrt' <Latency = 29> <II = 1> <Delay = 2.05> <FuncUnit> <Opcode : 'dsqrt'> <InPorts = 1> <OutPorts = 1>

State 33 <SV = 32> <Delay = 2.05>
ST_33 : Operation 134 [9/30] (2.05ns)   --->   "%sqrtVals = dsqrt i64 @llvm.sqrt.f64, i64 %pca_m_pcVals_1_load" [C:\scratch\2023.2\hls_product\689\2023.2\src\shared\hls\clib\hlsmath\src\c++\sqrtdouble.cpp:8->C:/Vitis_Libraries/quantitative_finance/L1/tests/pca/../../../L1/include/xf_fintech\pca.hpp:343->dut.cpp:37]   --->   Operation 134 'dsqrt' 'sqrtVals' <Predicate = true> <Delay = 2.05> <CoreInst = "DSqrt">   --->   Core 52 'DSqrt' <Latency = 29> <II = 1> <Delay = 2.05> <FuncUnit> <Opcode : 'dsqrt'> <InPorts = 1> <OutPorts = 1>
ST_33 : Operation 135 [9/30] (2.05ns)   --->   "%sqrtVals_1 = dsqrt i64 @llvm.sqrt.f64, i64 %pca_m_pcVals_1_load_1" [C:\scratch\2023.2\hls_product\689\2023.2\src\shared\hls\clib\hlsmath\src\c++\sqrtdouble.cpp:8->C:/Vitis_Libraries/quantitative_finance/L1/tests/pca/../../../L1/include/xf_fintech\pca.hpp:343->dut.cpp:37]   --->   Operation 135 'dsqrt' 'sqrtVals_1' <Predicate = true> <Delay = 2.05> <CoreInst = "DSqrt">   --->   Core 52 'DSqrt' <Latency = 29> <II = 1> <Delay = 2.05> <FuncUnit> <Opcode : 'dsqrt'> <InPorts = 1> <OutPorts = 1>
ST_33 : Operation 136 [9/30] (2.05ns)   --->   "%sqrtVals_2 = dsqrt i64 @llvm.sqrt.f64, i64 %pca_m_pcVals_1_load_2" [C:\scratch\2023.2\hls_product\689\2023.2\src\shared\hls\clib\hlsmath\src\c++\sqrtdouble.cpp:8->C:/Vitis_Libraries/quantitative_finance/L1/tests/pca/../../../L1/include/xf_fintech\pca.hpp:343->dut.cpp:37]   --->   Operation 136 'dsqrt' 'sqrtVals_2' <Predicate = true> <Delay = 2.05> <CoreInst = "DSqrt">   --->   Core 52 'DSqrt' <Latency = 29> <II = 1> <Delay = 2.05> <FuncUnit> <Opcode : 'dsqrt'> <InPorts = 1> <OutPorts = 1>

State 34 <SV = 33> <Delay = 2.05>
ST_34 : Operation 137 [8/30] (2.05ns)   --->   "%sqrtVals = dsqrt i64 @llvm.sqrt.f64, i64 %pca_m_pcVals_1_load" [C:\scratch\2023.2\hls_product\689\2023.2\src\shared\hls\clib\hlsmath\src\c++\sqrtdouble.cpp:8->C:/Vitis_Libraries/quantitative_finance/L1/tests/pca/../../../L1/include/xf_fintech\pca.hpp:343->dut.cpp:37]   --->   Operation 137 'dsqrt' 'sqrtVals' <Predicate = true> <Delay = 2.05> <CoreInst = "DSqrt">   --->   Core 52 'DSqrt' <Latency = 29> <II = 1> <Delay = 2.05> <FuncUnit> <Opcode : 'dsqrt'> <InPorts = 1> <OutPorts = 1>
ST_34 : Operation 138 [8/30] (2.05ns)   --->   "%sqrtVals_1 = dsqrt i64 @llvm.sqrt.f64, i64 %pca_m_pcVals_1_load_1" [C:\scratch\2023.2\hls_product\689\2023.2\src\shared\hls\clib\hlsmath\src\c++\sqrtdouble.cpp:8->C:/Vitis_Libraries/quantitative_finance/L1/tests/pca/../../../L1/include/xf_fintech\pca.hpp:343->dut.cpp:37]   --->   Operation 138 'dsqrt' 'sqrtVals_1' <Predicate = true> <Delay = 2.05> <CoreInst = "DSqrt">   --->   Core 52 'DSqrt' <Latency = 29> <II = 1> <Delay = 2.05> <FuncUnit> <Opcode : 'dsqrt'> <InPorts = 1> <OutPorts = 1>
ST_34 : Operation 139 [8/30] (2.05ns)   --->   "%sqrtVals_2 = dsqrt i64 @llvm.sqrt.f64, i64 %pca_m_pcVals_1_load_2" [C:\scratch\2023.2\hls_product\689\2023.2\src\shared\hls\clib\hlsmath\src\c++\sqrtdouble.cpp:8->C:/Vitis_Libraries/quantitative_finance/L1/tests/pca/../../../L1/include/xf_fintech\pca.hpp:343->dut.cpp:37]   --->   Operation 139 'dsqrt' 'sqrtVals_2' <Predicate = true> <Delay = 2.05> <CoreInst = "DSqrt">   --->   Core 52 'DSqrt' <Latency = 29> <II = 1> <Delay = 2.05> <FuncUnit> <Opcode : 'dsqrt'> <InPorts = 1> <OutPorts = 1>

State 35 <SV = 34> <Delay = 2.05>
ST_35 : Operation 140 [7/30] (2.05ns)   --->   "%sqrtVals = dsqrt i64 @llvm.sqrt.f64, i64 %pca_m_pcVals_1_load" [C:\scratch\2023.2\hls_product\689\2023.2\src\shared\hls\clib\hlsmath\src\c++\sqrtdouble.cpp:8->C:/Vitis_Libraries/quantitative_finance/L1/tests/pca/../../../L1/include/xf_fintech\pca.hpp:343->dut.cpp:37]   --->   Operation 140 'dsqrt' 'sqrtVals' <Predicate = true> <Delay = 2.05> <CoreInst = "DSqrt">   --->   Core 52 'DSqrt' <Latency = 29> <II = 1> <Delay = 2.05> <FuncUnit> <Opcode : 'dsqrt'> <InPorts = 1> <OutPorts = 1>
ST_35 : Operation 141 [7/30] (2.05ns)   --->   "%sqrtVals_1 = dsqrt i64 @llvm.sqrt.f64, i64 %pca_m_pcVals_1_load_1" [C:\scratch\2023.2\hls_product\689\2023.2\src\shared\hls\clib\hlsmath\src\c++\sqrtdouble.cpp:8->C:/Vitis_Libraries/quantitative_finance/L1/tests/pca/../../../L1/include/xf_fintech\pca.hpp:343->dut.cpp:37]   --->   Operation 141 'dsqrt' 'sqrtVals_1' <Predicate = true> <Delay = 2.05> <CoreInst = "DSqrt">   --->   Core 52 'DSqrt' <Latency = 29> <II = 1> <Delay = 2.05> <FuncUnit> <Opcode : 'dsqrt'> <InPorts = 1> <OutPorts = 1>
ST_35 : Operation 142 [7/30] (2.05ns)   --->   "%sqrtVals_2 = dsqrt i64 @llvm.sqrt.f64, i64 %pca_m_pcVals_1_load_2" [C:\scratch\2023.2\hls_product\689\2023.2\src\shared\hls\clib\hlsmath\src\c++\sqrtdouble.cpp:8->C:/Vitis_Libraries/quantitative_finance/L1/tests/pca/../../../L1/include/xf_fintech\pca.hpp:343->dut.cpp:37]   --->   Operation 142 'dsqrt' 'sqrtVals_2' <Predicate = true> <Delay = 2.05> <CoreInst = "DSqrt">   --->   Core 52 'DSqrt' <Latency = 29> <II = 1> <Delay = 2.05> <FuncUnit> <Opcode : 'dsqrt'> <InPorts = 1> <OutPorts = 1>

State 36 <SV = 35> <Delay = 2.05>
ST_36 : Operation 143 [6/30] (2.05ns)   --->   "%sqrtVals = dsqrt i64 @llvm.sqrt.f64, i64 %pca_m_pcVals_1_load" [C:\scratch\2023.2\hls_product\689\2023.2\src\shared\hls\clib\hlsmath\src\c++\sqrtdouble.cpp:8->C:/Vitis_Libraries/quantitative_finance/L1/tests/pca/../../../L1/include/xf_fintech\pca.hpp:343->dut.cpp:37]   --->   Operation 143 'dsqrt' 'sqrtVals' <Predicate = true> <Delay = 2.05> <CoreInst = "DSqrt">   --->   Core 52 'DSqrt' <Latency = 29> <II = 1> <Delay = 2.05> <FuncUnit> <Opcode : 'dsqrt'> <InPorts = 1> <OutPorts = 1>
ST_36 : Operation 144 [6/30] (2.05ns)   --->   "%sqrtVals_1 = dsqrt i64 @llvm.sqrt.f64, i64 %pca_m_pcVals_1_load_1" [C:\scratch\2023.2\hls_product\689\2023.2\src\shared\hls\clib\hlsmath\src\c++\sqrtdouble.cpp:8->C:/Vitis_Libraries/quantitative_finance/L1/tests/pca/../../../L1/include/xf_fintech\pca.hpp:343->dut.cpp:37]   --->   Operation 144 'dsqrt' 'sqrtVals_1' <Predicate = true> <Delay = 2.05> <CoreInst = "DSqrt">   --->   Core 52 'DSqrt' <Latency = 29> <II = 1> <Delay = 2.05> <FuncUnit> <Opcode : 'dsqrt'> <InPorts = 1> <OutPorts = 1>
ST_36 : Operation 145 [6/30] (2.05ns)   --->   "%sqrtVals_2 = dsqrt i64 @llvm.sqrt.f64, i64 %pca_m_pcVals_1_load_2" [C:\scratch\2023.2\hls_product\689\2023.2\src\shared\hls\clib\hlsmath\src\c++\sqrtdouble.cpp:8->C:/Vitis_Libraries/quantitative_finance/L1/tests/pca/../../../L1/include/xf_fintech\pca.hpp:343->dut.cpp:37]   --->   Operation 145 'dsqrt' 'sqrtVals_2' <Predicate = true> <Delay = 2.05> <CoreInst = "DSqrt">   --->   Core 52 'DSqrt' <Latency = 29> <II = 1> <Delay = 2.05> <FuncUnit> <Opcode : 'dsqrt'> <InPorts = 1> <OutPorts = 1>

State 37 <SV = 36> <Delay = 2.05>
ST_37 : Operation 146 [5/30] (2.05ns)   --->   "%sqrtVals = dsqrt i64 @llvm.sqrt.f64, i64 %pca_m_pcVals_1_load" [C:\scratch\2023.2\hls_product\689\2023.2\src\shared\hls\clib\hlsmath\src\c++\sqrtdouble.cpp:8->C:/Vitis_Libraries/quantitative_finance/L1/tests/pca/../../../L1/include/xf_fintech\pca.hpp:343->dut.cpp:37]   --->   Operation 146 'dsqrt' 'sqrtVals' <Predicate = true> <Delay = 2.05> <CoreInst = "DSqrt">   --->   Core 52 'DSqrt' <Latency = 29> <II = 1> <Delay = 2.05> <FuncUnit> <Opcode : 'dsqrt'> <InPorts = 1> <OutPorts = 1>
ST_37 : Operation 147 [5/30] (2.05ns)   --->   "%sqrtVals_1 = dsqrt i64 @llvm.sqrt.f64, i64 %pca_m_pcVals_1_load_1" [C:\scratch\2023.2\hls_product\689\2023.2\src\shared\hls\clib\hlsmath\src\c++\sqrtdouble.cpp:8->C:/Vitis_Libraries/quantitative_finance/L1/tests/pca/../../../L1/include/xf_fintech\pca.hpp:343->dut.cpp:37]   --->   Operation 147 'dsqrt' 'sqrtVals_1' <Predicate = true> <Delay = 2.05> <CoreInst = "DSqrt">   --->   Core 52 'DSqrt' <Latency = 29> <II = 1> <Delay = 2.05> <FuncUnit> <Opcode : 'dsqrt'> <InPorts = 1> <OutPorts = 1>
ST_37 : Operation 148 [5/30] (2.05ns)   --->   "%sqrtVals_2 = dsqrt i64 @llvm.sqrt.f64, i64 %pca_m_pcVals_1_load_2" [C:\scratch\2023.2\hls_product\689\2023.2\src\shared\hls\clib\hlsmath\src\c++\sqrtdouble.cpp:8->C:/Vitis_Libraries/quantitative_finance/L1/tests/pca/../../../L1/include/xf_fintech\pca.hpp:343->dut.cpp:37]   --->   Operation 148 'dsqrt' 'sqrtVals_2' <Predicate = true> <Delay = 2.05> <CoreInst = "DSqrt">   --->   Core 52 'DSqrt' <Latency = 29> <II = 1> <Delay = 2.05> <FuncUnit> <Opcode : 'dsqrt'> <InPorts = 1> <OutPorts = 1>

State 38 <SV = 37> <Delay = 2.05>
ST_38 : Operation 149 [4/30] (2.05ns)   --->   "%sqrtVals = dsqrt i64 @llvm.sqrt.f64, i64 %pca_m_pcVals_1_load" [C:\scratch\2023.2\hls_product\689\2023.2\src\shared\hls\clib\hlsmath\src\c++\sqrtdouble.cpp:8->C:/Vitis_Libraries/quantitative_finance/L1/tests/pca/../../../L1/include/xf_fintech\pca.hpp:343->dut.cpp:37]   --->   Operation 149 'dsqrt' 'sqrtVals' <Predicate = true> <Delay = 2.05> <CoreInst = "DSqrt">   --->   Core 52 'DSqrt' <Latency = 29> <II = 1> <Delay = 2.05> <FuncUnit> <Opcode : 'dsqrt'> <InPorts = 1> <OutPorts = 1>
ST_38 : Operation 150 [4/30] (2.05ns)   --->   "%sqrtVals_1 = dsqrt i64 @llvm.sqrt.f64, i64 %pca_m_pcVals_1_load_1" [C:\scratch\2023.2\hls_product\689\2023.2\src\shared\hls\clib\hlsmath\src\c++\sqrtdouble.cpp:8->C:/Vitis_Libraries/quantitative_finance/L1/tests/pca/../../../L1/include/xf_fintech\pca.hpp:343->dut.cpp:37]   --->   Operation 150 'dsqrt' 'sqrtVals_1' <Predicate = true> <Delay = 2.05> <CoreInst = "DSqrt">   --->   Core 52 'DSqrt' <Latency = 29> <II = 1> <Delay = 2.05> <FuncUnit> <Opcode : 'dsqrt'> <InPorts = 1> <OutPorts = 1>
ST_38 : Operation 151 [4/30] (2.05ns)   --->   "%sqrtVals_2 = dsqrt i64 @llvm.sqrt.f64, i64 %pca_m_pcVals_1_load_2" [C:\scratch\2023.2\hls_product\689\2023.2\src\shared\hls\clib\hlsmath\src\c++\sqrtdouble.cpp:8->C:/Vitis_Libraries/quantitative_finance/L1/tests/pca/../../../L1/include/xf_fintech\pca.hpp:343->dut.cpp:37]   --->   Operation 151 'dsqrt' 'sqrtVals_2' <Predicate = true> <Delay = 2.05> <CoreInst = "DSqrt">   --->   Core 52 'DSqrt' <Latency = 29> <II = 1> <Delay = 2.05> <FuncUnit> <Opcode : 'dsqrt'> <InPorts = 1> <OutPorts = 1>

State 39 <SV = 38> <Delay = 2.05>
ST_39 : Operation 152 [3/30] (2.05ns)   --->   "%sqrtVals = dsqrt i64 @llvm.sqrt.f64, i64 %pca_m_pcVals_1_load" [C:\scratch\2023.2\hls_product\689\2023.2\src\shared\hls\clib\hlsmath\src\c++\sqrtdouble.cpp:8->C:/Vitis_Libraries/quantitative_finance/L1/tests/pca/../../../L1/include/xf_fintech\pca.hpp:343->dut.cpp:37]   --->   Operation 152 'dsqrt' 'sqrtVals' <Predicate = true> <Delay = 2.05> <CoreInst = "DSqrt">   --->   Core 52 'DSqrt' <Latency = 29> <II = 1> <Delay = 2.05> <FuncUnit> <Opcode : 'dsqrt'> <InPorts = 1> <OutPorts = 1>
ST_39 : Operation 153 [3/30] (2.05ns)   --->   "%sqrtVals_1 = dsqrt i64 @llvm.sqrt.f64, i64 %pca_m_pcVals_1_load_1" [C:\scratch\2023.2\hls_product\689\2023.2\src\shared\hls\clib\hlsmath\src\c++\sqrtdouble.cpp:8->C:/Vitis_Libraries/quantitative_finance/L1/tests/pca/../../../L1/include/xf_fintech\pca.hpp:343->dut.cpp:37]   --->   Operation 153 'dsqrt' 'sqrtVals_1' <Predicate = true> <Delay = 2.05> <CoreInst = "DSqrt">   --->   Core 52 'DSqrt' <Latency = 29> <II = 1> <Delay = 2.05> <FuncUnit> <Opcode : 'dsqrt'> <InPorts = 1> <OutPorts = 1>
ST_39 : Operation 154 [3/30] (2.05ns)   --->   "%sqrtVals_2 = dsqrt i64 @llvm.sqrt.f64, i64 %pca_m_pcVals_1_load_2" [C:\scratch\2023.2\hls_product\689\2023.2\src\shared\hls\clib\hlsmath\src\c++\sqrtdouble.cpp:8->C:/Vitis_Libraries/quantitative_finance/L1/tests/pca/../../../L1/include/xf_fintech\pca.hpp:343->dut.cpp:37]   --->   Operation 154 'dsqrt' 'sqrtVals_2' <Predicate = true> <Delay = 2.05> <CoreInst = "DSqrt">   --->   Core 52 'DSqrt' <Latency = 29> <II = 1> <Delay = 2.05> <FuncUnit> <Opcode : 'dsqrt'> <InPorts = 1> <OutPorts = 1>

State 40 <SV = 39> <Delay = 2.05>
ST_40 : Operation 155 [2/30] (2.05ns)   --->   "%sqrtVals = dsqrt i64 @llvm.sqrt.f64, i64 %pca_m_pcVals_1_load" [C:\scratch\2023.2\hls_product\689\2023.2\src\shared\hls\clib\hlsmath\src\c++\sqrtdouble.cpp:8->C:/Vitis_Libraries/quantitative_finance/L1/tests/pca/../../../L1/include/xf_fintech\pca.hpp:343->dut.cpp:37]   --->   Operation 155 'dsqrt' 'sqrtVals' <Predicate = true> <Delay = 2.05> <CoreInst = "DSqrt">   --->   Core 52 'DSqrt' <Latency = 29> <II = 1> <Delay = 2.05> <FuncUnit> <Opcode : 'dsqrt'> <InPorts = 1> <OutPorts = 1>
ST_40 : Operation 156 [2/30] (2.05ns)   --->   "%sqrtVals_1 = dsqrt i64 @llvm.sqrt.f64, i64 %pca_m_pcVals_1_load_1" [C:\scratch\2023.2\hls_product\689\2023.2\src\shared\hls\clib\hlsmath\src\c++\sqrtdouble.cpp:8->C:/Vitis_Libraries/quantitative_finance/L1/tests/pca/../../../L1/include/xf_fintech\pca.hpp:343->dut.cpp:37]   --->   Operation 156 'dsqrt' 'sqrtVals_1' <Predicate = true> <Delay = 2.05> <CoreInst = "DSqrt">   --->   Core 52 'DSqrt' <Latency = 29> <II = 1> <Delay = 2.05> <FuncUnit> <Opcode : 'dsqrt'> <InPorts = 1> <OutPorts = 1>
ST_40 : Operation 157 [2/30] (2.05ns)   --->   "%sqrtVals_2 = dsqrt i64 @llvm.sqrt.f64, i64 %pca_m_pcVals_1_load_2" [C:\scratch\2023.2\hls_product\689\2023.2\src\shared\hls\clib\hlsmath\src\c++\sqrtdouble.cpp:8->C:/Vitis_Libraries/quantitative_finance/L1/tests/pca/../../../L1/include/xf_fintech\pca.hpp:343->dut.cpp:37]   --->   Operation 157 'dsqrt' 'sqrtVals_2' <Predicate = true> <Delay = 2.05> <CoreInst = "DSqrt">   --->   Core 52 'DSqrt' <Latency = 29> <II = 1> <Delay = 2.05> <FuncUnit> <Opcode : 'dsqrt'> <InPorts = 1> <OutPorts = 1>

State 41 <SV = 40> <Delay = 2.05>
ST_41 : Operation 158 [1/30] (2.05ns)   --->   "%sqrtVals = dsqrt i64 @llvm.sqrt.f64, i64 %pca_m_pcVals_1_load" [C:\scratch\2023.2\hls_product\689\2023.2\src\shared\hls\clib\hlsmath\src\c++\sqrtdouble.cpp:8->C:/Vitis_Libraries/quantitative_finance/L1/tests/pca/../../../L1/include/xf_fintech\pca.hpp:343->dut.cpp:37]   --->   Operation 158 'dsqrt' 'sqrtVals' <Predicate = true> <Delay = 2.05> <CoreInst = "DSqrt">   --->   Core 52 'DSqrt' <Latency = 29> <II = 1> <Delay = 2.05> <FuncUnit> <Opcode : 'dsqrt'> <InPorts = 1> <OutPorts = 1>
ST_41 : Operation 159 [1/30] (2.05ns)   --->   "%sqrtVals_1 = dsqrt i64 @llvm.sqrt.f64, i64 %pca_m_pcVals_1_load_1" [C:\scratch\2023.2\hls_product\689\2023.2\src\shared\hls\clib\hlsmath\src\c++\sqrtdouble.cpp:8->C:/Vitis_Libraries/quantitative_finance/L1/tests/pca/../../../L1/include/xf_fintech\pca.hpp:343->dut.cpp:37]   --->   Operation 159 'dsqrt' 'sqrtVals_1' <Predicate = true> <Delay = 2.05> <CoreInst = "DSqrt">   --->   Core 52 'DSqrt' <Latency = 29> <II = 1> <Delay = 2.05> <FuncUnit> <Opcode : 'dsqrt'> <InPorts = 1> <OutPorts = 1>
ST_41 : Operation 160 [1/30] (2.05ns)   --->   "%sqrtVals_2 = dsqrt i64 @llvm.sqrt.f64, i64 %pca_m_pcVals_1_load_2" [C:\scratch\2023.2\hls_product\689\2023.2\src\shared\hls\clib\hlsmath\src\c++\sqrtdouble.cpp:8->C:/Vitis_Libraries/quantitative_finance/L1/tests/pca/../../../L1/include/xf_fintech\pca.hpp:343->dut.cpp:37]   --->   Operation 160 'dsqrt' 'sqrtVals_2' <Predicate = true> <Delay = 2.05> <CoreInst = "DSqrt">   --->   Core 52 'DSqrt' <Latency = 29> <II = 1> <Delay = 2.05> <FuncUnit> <Opcode : 'dsqrt'> <InPorts = 1> <OutPorts = 1>
ST_41 : Operation 161 [1/1] (0.00ns)   --->   "%zext_ln298 = zext i32 %rows_read" [C:/Vitis_Libraries/quantitative_finance/L1/tests/pca/../../../L1/include/xf_fintech\pca.hpp:298->dut.cpp:36]   --->   Operation 161 'zext' 'zext_ln298' <Predicate = true> <Delay = 0.00>
ST_41 : Operation 162 [1/1] (0.00ns)   --->   "%p_shl2 = bitconcatenate i34 @_ssdm_op_BitConcatenate.i34.i32.i2, i32 %rows_read, i2 0" [C:/Vitis_Libraries/quantitative_finance/L1/tests/pca/../../../L1/include/xf_fintech\pca.hpp:298->dut.cpp:36]   --->   Operation 162 'bitconcatenate' 'p_shl2' <Predicate = true> <Delay = 0.00>
ST_41 : Operation 163 [1/1] (0.90ns)   --->   "%sub_ln298 = sub i34 %p_shl2, i34 %zext_ln298" [C:/Vitis_Libraries/quantitative_finance/L1/tests/pca/../../../L1/include/xf_fintech\pca.hpp:298->dut.cpp:36]   --->   Operation 163 'sub' 'sub_ln298' <Predicate = true> <Delay = 0.90> <CoreInst = "Adder">   --->   Core 1 'Adder' <Latency = 0> <II = 1> <Delay = 0.90> <FuncUnit> <Opcode : 'add' 'sub'> <InPorts = 2> <OutPorts = 1>
ST_41 : Operation 164 [2/2] (0.00ns)   --->   "%call_ln298 = call void @dut_Pipeline_VITIS_LOOP_350_2_VITIS_LOOP_351_3, i34 %sub_ln298, i64 %outputLoadings_2, i64 %outputLoadings_0, i64 %outputLoadings_1, i64 %sqrtVals, i64 %sqrtVals_1, i64 %sqrtVals_2, i64 %pca_m_pcVecs" [C:/Vitis_Libraries/quantitative_finance/L1/tests/pca/../../../L1/include/xf_fintech\pca.hpp:298->dut.cpp:36]   --->   Operation 164 'call' 'call_ln298' <Predicate = true> <Delay = 0.00> <CoreType = "Generic">   --->   Core 0 '' <Latency = 0> <II = 1> <Delay = 1.00> <Generic> <Opcode : >

State 42 <SV = 41> <Delay = 0.00>
ST_42 : Operation 165 [1/1] (0.00ns)   --->   "%spectopmodule_ln31 = spectopmodule void @_ssdm_op_SpecTopModule, void @empty_28" [dut.cpp:31]   --->   Operation 165 'spectopmodule' 'spectopmodule_ln31' <Predicate = true> <Delay = 0.00>
ST_42 : Operation 166 [1/1] (0.00ns)   --->   "%specbitsmap_ln0 = specbitsmap void @_ssdm_op_SpecBitsMap, i32 %rows"   --->   Operation 166 'specbitsmap' 'specbitsmap_ln0' <Predicate = true> <Delay = 0.00>
ST_42 : Operation 167 [1/1] (0.00ns)   --->   "%specinterface_ln0 = specinterface void @_ssdm_op_SpecInterface, i32 %rows, void @empty_11, i32 0, i32 0, void @empty_12, i32 0, i32 0, void @empty_12, void @empty_12, void @empty_12, i32 0, i32 0, i32 0, i32 0, void @empty_12, void @empty_12, i32 4294967295, i32 0"   --->   Operation 167 'specinterface' 'specinterface_ln0' <Predicate = true> <Delay = 0.00>
ST_42 : Operation 168 [1/1] (0.00ns)   --->   "%specbitsmap_ln0 = specbitsmap void @_ssdm_op_SpecBitsMap, i32 %cols"   --->   Operation 168 'specbitsmap' 'specbitsmap_ln0' <Predicate = true> <Delay = 0.00>
ST_42 : Operation 169 [1/1] (0.00ns)   --->   "%specinterface_ln0 = specinterface void @_ssdm_op_SpecInterface, i32 %cols, void @empty_11, i32 0, i32 0, void @empty_12, i32 0, i32 0, void @empty_12, void @empty_12, void @empty_12, i32 0, i32 0, i32 0, i32 0, void @empty_12, void @empty_12, i32 4294967295, i32 0"   --->   Operation 169 'specinterface' 'specinterface_ln0' <Predicate = true> <Delay = 0.00>
ST_42 : Operation 170 [1/1] (0.00ns)   --->   "%specinterface_ln0 = specinterface void @_ssdm_op_SpecInterface, i64 %input_r, void @empty_13, i32 0, i32 0, void @empty_12, i32 4294967295, i32 0, void @empty_12, void @empty_12, void @empty_12, i32 0, i32 0, i32 0, i32 0, void @empty_12, void @empty_12, i32 4294967295, i32 0"   --->   Operation 170 'specinterface' 'specinterface_ln0' <Predicate = true> <Delay = 0.00>
ST_42 : Operation 171 [1/1] (0.00ns)   --->   "%specbitsmap_ln0 = specbitsmap void @_ssdm_op_SpecBitsMap, i64 %input_r"   --->   Operation 171 'specbitsmap' 'specbitsmap_ln0' <Predicate = true> <Delay = 0.00>
ST_42 : Operation 172 [1/1] (0.00ns)   --->   "%specinterface_ln0 = specinterface void @_ssdm_op_SpecInterface, i64 %outputLoadings_0, void @empty_13, i32 0, i32 0, void @empty_12, i32 4294967295, i32 0, void @empty_12, void @empty_12, void @empty_12, i32 0, i32 0, i32 0, i32 0, void @empty_12, void @empty_12, i32 4294967295, i32 0"   --->   Operation 172 'specinterface' 'specinterface_ln0' <Predicate = true> <Delay = 0.00>
ST_42 : Operation 173 [1/1] (0.00ns)   --->   "%specbitsmap_ln0 = specbitsmap void @_ssdm_op_SpecBitsMap, i64 %outputLoadings_0"   --->   Operation 173 'specbitsmap' 'specbitsmap_ln0' <Predicate = true> <Delay = 0.00>
ST_42 : Operation 174 [1/1] (0.00ns)   --->   "%specinterface_ln0 = specinterface void @_ssdm_op_SpecInterface, i64 %outputLoadings_1, void @empty_13, i32 0, i32 0, void @empty_12, i32 4294967295, i32 0, void @empty_12, void @empty_12, void @empty_12, i32 0, i32 0, i32 0, i32 0, void @empty_12, void @empty_12, i32 4294967295, i32 0"   --->   Operation 174 'specinterface' 'specinterface_ln0' <Predicate = true> <Delay = 0.00>
ST_42 : Operation 175 [1/1] (0.00ns)   --->   "%specbitsmap_ln0 = specbitsmap void @_ssdm_op_SpecBitsMap, i64 %outputLoadings_1"   --->   Operation 175 'specbitsmap' 'specbitsmap_ln0' <Predicate = true> <Delay = 0.00>
ST_42 : Operation 176 [1/1] (0.00ns)   --->   "%specinterface_ln0 = specinterface void @_ssdm_op_SpecInterface, i64 %outputLoadings_2, void @empty_13, i32 0, i32 0, void @empty_12, i32 4294967295, i32 0, void @empty_12, void @empty_12, void @empty_12, i32 0, i32 0, i32 0, i32 0, void @empty_12, void @empty_12, i32 4294967295, i32 0"   --->   Operation 176 'specinterface' 'specinterface_ln0' <Predicate = true> <Delay = 0.00>
ST_42 : Operation 177 [1/1] (0.00ns)   --->   "%specbitsmap_ln0 = specbitsmap void @_ssdm_op_SpecBitsMap, i64 %outputLoadings_2"   --->   Operation 177 'specbitsmap' 'specbitsmap_ln0' <Predicate = true> <Delay = 0.00>
ST_42 : Operation 178 [1/2] (0.00ns)   --->   "%call_ln298 = call void @dut_Pipeline_VITIS_LOOP_350_2_VITIS_LOOP_351_3, i34 %sub_ln298, i64 %outputLoadings_2, i64 %outputLoadings_0, i64 %outputLoadings_1, i64 %sqrtVals, i64 %sqrtVals_1, i64 %sqrtVals_2, i64 %pca_m_pcVecs" [C:/Vitis_Libraries/quantitative_finance/L1/tests/pca/../../../L1/include/xf_fintech\pca.hpp:298->dut.cpp:36]   --->   Operation 178 'call' 'call_ln298' <Predicate = true> <Delay = 0.00> <CoreType = "Generic">   --->   Core 0 '' <Latency = 0> <II = 1> <Delay = 1.00> <Generic> <Opcode : >
ST_42 : Operation 179 [1/1] (0.00ns)   --->   "%ret_ln38 = ret" [dut.cpp:38]   --->   Operation 179 'ret' 'ret_ln38' <Predicate = true> <Delay = 0.00>


============================================================
+ Verbose Summary: Timing violations
============================================================
Target clock period: 3.333ns, clock uncertainty: 0.900ns.

 <State 1>: 2.217ns
The critical path consists of the following:
	wire read operation ('cols_read', dut.cpp:31) on port 'cols' (dut.cpp:31) [7]  (0.000 ns)
	'call' operation 0 bit ('call_ln363', C:/Vitis_Libraries/quantitative_finance/L1/tests/pca/../../../L1/include/xf_fintech/covariance.hpp:363->C:/Vitis_Libraries/quantitative_finance/L1/tests/pca/../../../L1/include/xf_fintech\pca.hpp:276->dut.cpp:36) to 'aveImpl<double, 15, 80, 1, 2, 16>' [28]  (2.217 ns)

 <State 2>: 0.000ns
The critical path consists of the following:

 <State 3>: 2.291ns
The critical path consists of the following:
	'mul' operation 64 bit ('mul_ln31', dut.cpp:31) [31]  (2.291 ns)

 <State 4>: 2.291ns
The critical path consists of the following:
	'mul' operation 64 bit ('mul_ln31', dut.cpp:31) [31]  (2.291 ns)

 <State 5>: 0.000ns
The critical path consists of the following:

 <State 6>: 0.000ns
The critical path consists of the following:

 <State 7>: 1.002ns
The critical path consists of the following:
	'call' operation 0 bit ('call_ln298', C:/Vitis_Libraries/quantitative_finance/L1/tests/pca/../../../L1/include/xf_fintech\pca.hpp:298->dut.cpp:36) to 'implement' [33]  (1.002 ns)

 <State 8>: 0.000ns
The critical path consists of the following:

 <State 9>: 0.714ns
The critical path consists of the following:
	'getelementptr' operation 2 bit ('pca_m_pcVals_1_addr', C:/Vitis_Libraries/quantitative_finance/L1/tests/pca/../../../L1/include/xf_fintech\pca.hpp:343->dut.cpp:37) [34]  (0.000 ns)
	'load' operation 64 bit ('x', C:/Vitis_Libraries/quantitative_finance/L1/tests/pca/../../../L1/include/xf_fintech\pca.hpp:343->dut.cpp:37) on array 'pca.m_pcVals[1]', dut.cpp:36 [35]  (0.714 ns)

 <State 10>: 0.714ns
The critical path consists of the following:
	'load' operation 64 bit ('x', C:/Vitis_Libraries/quantitative_finance/L1/tests/pca/../../../L1/include/xf_fintech\pca.hpp:343->dut.cpp:37) on array 'pca.m_pcVals[1]', dut.cpp:36 [35]  (0.714 ns)

 <State 11>: 0.714ns
The critical path consists of the following:
	'load' operation 64 bit ('x', C:/Vitis_Libraries/quantitative_finance/L1/tests/pca/../../../L1/include/xf_fintech\pca.hpp:343->dut.cpp:37) on array 'pca.m_pcVals[1]', dut.cpp:36 [38]  (0.714 ns)

 <State 12>: 2.053ns
The critical path consists of the following:
	'dsqrt' operation 64 bit ('sqrtVals', C:\scratch\2023.2\hls_product\689\2023.2\src\shared\hls\clib\hlsmath\src\c++\sqrtdouble.cpp:8->C:/Vitis_Libraries/quantitative_finance/L1/tests/pca/../../../L1/include/xf_fintech\pca.hpp:343->dut.cpp:37) [36]  (2.053 ns)

 <State 13>: 2.053ns
The critical path consists of the following:
	'dsqrt' operation 64 bit ('sqrtVals', C:\scratch\2023.2\hls_product\689\2023.2\src\shared\hls\clib\hlsmath\src\c++\sqrtdouble.cpp:8->C:/Vitis_Libraries/quantitative_finance/L1/tests/pca/../../../L1/include/xf_fintech\pca.hpp:343->dut.cpp:37) [36]  (2.053 ns)

 <State 14>: 2.053ns
The critical path consists of the following:
	'dsqrt' operation 64 bit ('sqrtVals', C:\scratch\2023.2\hls_product\689\2023.2\src\shared\hls\clib\hlsmath\src\c++\sqrtdouble.cpp:8->C:/Vitis_Libraries/quantitative_finance/L1/tests/pca/../../../L1/include/xf_fintech\pca.hpp:343->dut.cpp:37) [36]  (2.053 ns)

 <State 15>: 2.053ns
The critical path consists of the following:
	'dsqrt' operation 64 bit ('sqrtVals', C:\scratch\2023.2\hls_product\689\2023.2\src\shared\hls\clib\hlsmath\src\c++\sqrtdouble.cpp:8->C:/Vitis_Libraries/quantitative_finance/L1/tests/pca/../../../L1/include/xf_fintech\pca.hpp:343->dut.cpp:37) [36]  (2.053 ns)

 <State 16>: 2.053ns
The critical path consists of the following:
	'dsqrt' operation 64 bit ('sqrtVals', C:\scratch\2023.2\hls_product\689\2023.2\src\shared\hls\clib\hlsmath\src\c++\sqrtdouble.cpp:8->C:/Vitis_Libraries/quantitative_finance/L1/tests/pca/../../../L1/include/xf_fintech\pca.hpp:343->dut.cpp:37) [36]  (2.053 ns)

 <State 17>: 2.053ns
The critical path consists of the following:
	'dsqrt' operation 64 bit ('sqrtVals', C:\scratch\2023.2\hls_product\689\2023.2\src\shared\hls\clib\hlsmath\src\c++\sqrtdouble.cpp:8->C:/Vitis_Libraries/quantitative_finance/L1/tests/pca/../../../L1/include/xf_fintech\pca.hpp:343->dut.cpp:37) [36]  (2.053 ns)

 <State 18>: 2.053ns
The critical path consists of the following:
	'dsqrt' operation 64 bit ('sqrtVals', C:\scratch\2023.2\hls_product\689\2023.2\src\shared\hls\clib\hlsmath\src\c++\sqrtdouble.cpp:8->C:/Vitis_Libraries/quantitative_finance/L1/tests/pca/../../../L1/include/xf_fintech\pca.hpp:343->dut.cpp:37) [36]  (2.053 ns)

 <State 19>: 2.053ns
The critical path consists of the following:
	'dsqrt' operation 64 bit ('sqrtVals', C:\scratch\2023.2\hls_product\689\2023.2\src\shared\hls\clib\hlsmath\src\c++\sqrtdouble.cpp:8->C:/Vitis_Libraries/quantitative_finance/L1/tests/pca/../../../L1/include/xf_fintech\pca.hpp:343->dut.cpp:37) [36]  (2.053 ns)

 <State 20>: 2.053ns
The critical path consists of the following:
	'dsqrt' operation 64 bit ('sqrtVals', C:\scratch\2023.2\hls_product\689\2023.2\src\shared\hls\clib\hlsmath\src\c++\sqrtdouble.cpp:8->C:/Vitis_Libraries/quantitative_finance/L1/tests/pca/../../../L1/include/xf_fintech\pca.hpp:343->dut.cpp:37) [36]  (2.053 ns)

 <State 21>: 2.053ns
The critical path consists of the following:
	'dsqrt' operation 64 bit ('sqrtVals', C:\scratch\2023.2\hls_product\689\2023.2\src\shared\hls\clib\hlsmath\src\c++\sqrtdouble.cpp:8->C:/Vitis_Libraries/quantitative_finance/L1/tests/pca/../../../L1/include/xf_fintech\pca.hpp:343->dut.cpp:37) [36]  (2.053 ns)

 <State 22>: 2.053ns
The critical path consists of the following:
	'dsqrt' operation 64 bit ('sqrtVals', C:\scratch\2023.2\hls_product\689\2023.2\src\shared\hls\clib\hlsmath\src\c++\sqrtdouble.cpp:8->C:/Vitis_Libraries/quantitative_finance/L1/tests/pca/../../../L1/include/xf_fintech\pca.hpp:343->dut.cpp:37) [36]  (2.053 ns)

 <State 23>: 2.053ns
The critical path consists of the following:
	'dsqrt' operation 64 bit ('sqrtVals', C:\scratch\2023.2\hls_product\689\2023.2\src\shared\hls\clib\hlsmath\src\c++\sqrtdouble.cpp:8->C:/Vitis_Libraries/quantitative_finance/L1/tests/pca/../../../L1/include/xf_fintech\pca.hpp:343->dut.cpp:37) [36]  (2.053 ns)

 <State 24>: 2.053ns
The critical path consists of the following:
	'dsqrt' operation 64 bit ('sqrtVals', C:\scratch\2023.2\hls_product\689\2023.2\src\shared\hls\clib\hlsmath\src\c++\sqrtdouble.cpp:8->C:/Vitis_Libraries/quantitative_finance/L1/tests/pca/../../../L1/include/xf_fintech\pca.hpp:343->dut.cpp:37) [36]  (2.053 ns)

 <State 25>: 2.053ns
The critical path consists of the following:
	'dsqrt' operation 64 bit ('sqrtVals', C:\scratch\2023.2\hls_product\689\2023.2\src\shared\hls\clib\hlsmath\src\c++\sqrtdouble.cpp:8->C:/Vitis_Libraries/quantitative_finance/L1/tests/pca/../../../L1/include/xf_fintech\pca.hpp:343->dut.cpp:37) [36]  (2.053 ns)

 <State 26>: 2.053ns
The critical path consists of the following:
	'dsqrt' operation 64 bit ('sqrtVals', C:\scratch\2023.2\hls_product\689\2023.2\src\shared\hls\clib\hlsmath\src\c++\sqrtdouble.cpp:8->C:/Vitis_Libraries/quantitative_finance/L1/tests/pca/../../../L1/include/xf_fintech\pca.hpp:343->dut.cpp:37) [36]  (2.053 ns)

 <State 27>: 2.053ns
The critical path consists of the following:
	'dsqrt' operation 64 bit ('sqrtVals', C:\scratch\2023.2\hls_product\689\2023.2\src\shared\hls\clib\hlsmath\src\c++\sqrtdouble.cpp:8->C:/Vitis_Libraries/quantitative_finance/L1/tests/pca/../../../L1/include/xf_fintech\pca.hpp:343->dut.cpp:37) [36]  (2.053 ns)

 <State 28>: 2.053ns
The critical path consists of the following:
	'dsqrt' operation 64 bit ('sqrtVals', C:\scratch\2023.2\hls_product\689\2023.2\src\shared\hls\clib\hlsmath\src\c++\sqrtdouble.cpp:8->C:/Vitis_Libraries/quantitative_finance/L1/tests/pca/../../../L1/include/xf_fintech\pca.hpp:343->dut.cpp:37) [36]  (2.053 ns)

 <State 29>: 2.053ns
The critical path consists of the following:
	'dsqrt' operation 64 bit ('sqrtVals', C:\scratch\2023.2\hls_product\689\2023.2\src\shared\hls\clib\hlsmath\src\c++\sqrtdouble.cpp:8->C:/Vitis_Libraries/quantitative_finance/L1/tests/pca/../../../L1/include/xf_fintech\pca.hpp:343->dut.cpp:37) [36]  (2.053 ns)

 <State 30>: 2.053ns
The critical path consists of the following:
	'dsqrt' operation 64 bit ('sqrtVals', C:\scratch\2023.2\hls_product\689\2023.2\src\shared\hls\clib\hlsmath\src\c++\sqrtdouble.cpp:8->C:/Vitis_Libraries/quantitative_finance/L1/tests/pca/../../../L1/include/xf_fintech\pca.hpp:343->dut.cpp:37) [36]  (2.053 ns)

 <State 31>: 2.053ns
The critical path consists of the following:
	'dsqrt' operation 64 bit ('sqrtVals', C:\scratch\2023.2\hls_product\689\2023.2\src\shared\hls\clib\hlsmath\src\c++\sqrtdouble.cpp:8->C:/Vitis_Libraries/quantitative_finance/L1/tests/pca/../../../L1/include/xf_fintech\pca.hpp:343->dut.cpp:37) [36]  (2.053 ns)

 <State 32>: 2.053ns
The critical path consists of the following:
	'dsqrt' operation 64 bit ('sqrtVals', C:\scratch\2023.2\hls_product\689\2023.2\src\shared\hls\clib\hlsmath\src\c++\sqrtdouble.cpp:8->C:/Vitis_Libraries/quantitative_finance/L1/tests/pca/../../../L1/include/xf_fintech\pca.hpp:343->dut.cpp:37) [36]  (2.053 ns)

 <State 33>: 2.053ns
The critical path consists of the following:
	'dsqrt' operation 64 bit ('sqrtVals', C:\scratch\2023.2\hls_product\689\2023.2\src\shared\hls\clib\hlsmath\src\c++\sqrtdouble.cpp:8->C:/Vitis_Libraries/quantitative_finance/L1/tests/pca/../../../L1/include/xf_fintech\pca.hpp:343->dut.cpp:37) [36]  (2.053 ns)

 <State 34>: 2.053ns
The critical path consists of the following:
	'dsqrt' operation 64 bit ('sqrtVals', C:\scratch\2023.2\hls_product\689\2023.2\src\shared\hls\clib\hlsmath\src\c++\sqrtdouble.cpp:8->C:/Vitis_Libraries/quantitative_finance/L1/tests/pca/../../../L1/include/xf_fintech\pca.hpp:343->dut.cpp:37) [36]  (2.053 ns)

 <State 35>: 2.053ns
The critical path consists of the following:
	'dsqrt' operation 64 bit ('sqrtVals', C:\scratch\2023.2\hls_product\689\2023.2\src\shared\hls\clib\hlsmath\src\c++\sqrtdouble.cpp:8->C:/Vitis_Libraries/quantitative_finance/L1/tests/pca/../../../L1/include/xf_fintech\pca.hpp:343->dut.cpp:37) [36]  (2.053 ns)

 <State 36>: 2.053ns
The critical path consists of the following:
	'dsqrt' operation 64 bit ('sqrtVals', C:\scratch\2023.2\hls_product\689\2023.2\src\shared\hls\clib\hlsmath\src\c++\sqrtdouble.cpp:8->C:/Vitis_Libraries/quantitative_finance/L1/tests/pca/../../../L1/include/xf_fintech\pca.hpp:343->dut.cpp:37) [36]  (2.053 ns)

 <State 37>: 2.053ns
The critical path consists of the following:
	'dsqrt' operation 64 bit ('sqrtVals', C:\scratch\2023.2\hls_product\689\2023.2\src\shared\hls\clib\hlsmath\src\c++\sqrtdouble.cpp:8->C:/Vitis_Libraries/quantitative_finance/L1/tests/pca/../../../L1/include/xf_fintech\pca.hpp:343->dut.cpp:37) [36]  (2.053 ns)

 <State 38>: 2.053ns
The critical path consists of the following:
	'dsqrt' operation 64 bit ('sqrtVals', C:\scratch\2023.2\hls_product\689\2023.2\src\shared\hls\clib\hlsmath\src\c++\sqrtdouble.cpp:8->C:/Vitis_Libraries/quantitative_finance/L1/tests/pca/../../../L1/include/xf_fintech\pca.hpp:343->dut.cpp:37) [36]  (2.053 ns)

 <State 39>: 2.053ns
The critical path consists of the following:
	'dsqrt' operation 64 bit ('sqrtVals', C:\scratch\2023.2\hls_product\689\2023.2\src\shared\hls\clib\hlsmath\src\c++\sqrtdouble.cpp:8->C:/Vitis_Libraries/quantitative_finance/L1/tests/pca/../../../L1/include/xf_fintech\pca.hpp:343->dut.cpp:37) [36]  (2.053 ns)

 <State 40>: 2.053ns
The critical path consists of the following:
	'dsqrt' operation 64 bit ('sqrtVals', C:\scratch\2023.2\hls_product\689\2023.2\src\shared\hls\clib\hlsmath\src\c++\sqrtdouble.cpp:8->C:/Vitis_Libraries/quantitative_finance/L1/tests/pca/../../../L1/include/xf_fintech\pca.hpp:343->dut.cpp:37) [36]  (2.053 ns)

 <State 41>: 2.053ns
The critical path consists of the following:
	'dsqrt' operation 64 bit ('sqrtVals', C:\scratch\2023.2\hls_product\689\2023.2\src\shared\hls\clib\hlsmath\src\c++\sqrtdouble.cpp:8->C:/Vitis_Libraries/quantitative_finance/L1/tests/pca/../../../L1/include/xf_fintech\pca.hpp:343->dut.cpp:37) [36]  (2.053 ns)

 <State 42>: 0.000ns
The critical path consists of the following:


============================================================
+ Verbose Summary: Binding
============================================================
N/A
* FSMD analyzer results:
  - Output states:
 - Input state : 
  - Chain level:
	State 1
	State 2
	State 3
	State 4
	State 5
	State 6
	State 7
	State 8
	State 9
	State 10
	State 11
	State 12
	State 13
	State 14
	State 15
	State 16
	State 17
	State 18
	State 19
	State 20
	State 21
	State 22
	State 23
	State 24
	State 25
	State 26
	State 27
	State 28
	State 29
	State 30
	State 31
	State 32
	State 33
	State 34
	State 35
	State 36
	State 37
	State 38
	State 39
	State 40
	State 41
	State 42


============================================================
+ Verbose Summary: Datapath Resource usage 
============================================================
N/A
